[9.663s] Invoking command in '/home/raspi-earth/project_ws/src/launch_project': PYTHONPATH=/home/raspi-earth/project_ws/build/launch_project/prefix_override:/usr/lib/python3/dist-packages/colcon_core/task/python/colcon_distutils_commands:/home/raspi-earth/project_ws/install/launch_project/lib/python3.11/site-packages:${PYTHONPATH} /usr/bin/python3 -W ignore:setup.py install is deprecated -W ignore:easy_install command is deprecated setup.py egg_info --egg-base ../../build/launch_project build --build-base /home/raspi-earth/project_ws/build/launch_project/build install --record /home/raspi-earth/project_ws/build/launch_project/install.log --single-version-externally-managed install_data
[12.483s] running egg_info
[12.603s] writing ../../build/launch_project/launch_project.egg-info/PKG-INFO
[12.613s] writing dependency_links to ../../build/launch_project/launch_project.egg-info/dependency_links.txt
[12.613s] writing requirements to ../../build/launch_project/launch_project.egg-info/requires.txt
[12.613s] writing top-level names to ../../build/launch_project/launch_project.egg-info/top_level.txt
[12.934s] reading manifest file '../../build/launch_project/launch_project.egg-info/SOURCES.txt'
[12.936s] adding license file 'LICENSE'
[12.944s] writing manifest file '../../build/launch_project/launch_project.egg-info/SOURCES.txt'
[12.948s] running build
[12.952s] running build_py
[12.952s] running install
[12.981s] running install_lib
[13.123s] running install_data
[13.123s] running install_egg_info
[13.265s] removing '/home/raspi-earth/project_ws/install/launch_project/lib/python3.11/site-packages/launch_project-0.0.0-py3.11.egg-info' (and everything under it)
[13.271s] Copying ../../build/launch_project/launch_project.egg-info to /home/raspi-earth/project_ws/install/launch_project/lib/python3.11/site-packages/launch_project-0.0.0-py3.11.egg-info
[13.282s] running install_scripts
[13.744s] writing list of installed files to '/home/raspi-earth/project_ws/build/launch_project/install.log'
[13.954s] Invoked command in '/home/raspi-earth/project_ws/src/launch_project' returned '0': PYTHONPATH=/home/raspi-earth/project_ws/build/launch_project/prefix_override:/usr/lib/python3/dist-packages/colcon_core/task/python/colcon_distutils_commands:/home/raspi-earth/project_ws/install/launch_project/lib/python3.11/site-packages:${PYTHONPATH} /usr/bin/python3 -W ignore:setup.py install is deprecated -W ignore:easy_install command is deprecated setup.py egg_info --egg-base ../../build/launch_project build --build-base /home/raspi-earth/project_ws/build/launch_project/build install --record /home/raspi-earth/project_ws/build/launch_project/install.log --single-version-externally-managed install_data
