[0.314s] DEBUG:colcon:Command line arguments: ['/usr/bin/colcon', 'build']
[0.314s] DEBUG:colcon:Parsed command line arguments: Namespace(log_base=None, log_level=None, verb_name='build', build_base='build', install_base='install', merge_install=False, symlink_install=False, test_result_base=None, continue_on_error=False, executor='parallel', parallel_workers=4, event_handlers=None, ignore_user_meta=False, metas=['./colcon.meta'], base_paths=['.'], packages_ignore=None, packages_ignore_regex=None, paths=None, packages_up_to=None, packages_up_to_regex=None, packages_above=None, packages_above_and_dependencies=None, packages_above_depth=None, packages_select_by_dep=None, packages_skip_by_dep=None, packages_skip_up_to=None, packages_select_build_failed=False, packages_skip_build_finished=False, packages_select_test_failures=False, packages_skip_test_passed=False, packages_select=None, packages_skip=None, packages_select_regex=None, packages_skip_regex=None, packages_start=None, packages_end=None, cmake_args=None, cmake_target=None, cmake_target_skip_unavailable=False, cmake_clean_cache=False, cmake_clean_first=False, cmake_force_configure=False, ament_cmake_args=None, catkin_cmake_args=None, catkin_skip_building_tests=False, verb_parser=<colcon_defaults.argument_parser.defaults.DefaultArgumentsDecorator object at 0x7fff1985eb10>, verb_extension=<colcon_core.verb.build.BuildVerb object at 0x7fff197d8410>, main=<bound method BuildVerb.main of <colcon_core.verb.build.BuildVerb object at 0x7fff197d8410>>)
[0.734s] Level 1:colcon.colcon_core.package_discovery:discover_packages(colcon_meta) check parameters
[0.734s] Level 1:colcon.colcon_core.package_discovery:discover_packages(recursive) check parameters
[0.734s] Level 1:colcon.colcon_core.package_discovery:discover_packages(ignore) check parameters
[0.735s] Level 1:colcon.colcon_core.package_discovery:discover_packages(path) check parameters
[0.735s] Level 1:colcon.colcon_core.package_discovery:discover_packages(colcon_meta) discover
[0.735s] Level 1:colcon.colcon_core.package_discovery:discover_packages(recursive) discover
[0.735s] INFO:colcon.colcon_core.package_discovery:Crawling recursively for packages in '/home/raspi-earth/project_ws'
[0.735s] Level 1:colcon.colcon_core.package_identification:_identify(.) by extensions ['ignore', 'ignore_ament_install']
[0.735s] Level 1:colcon.colcon_core.package_identification:_identify(.) by extension 'ignore'
[0.735s] Level 1:colcon.colcon_core.package_identification:_identify(.) by extension 'ignore_ament_install'
[0.735s] Level 1:colcon.colcon_core.package_identification:_identify(.) by extensions ['colcon_pkg']
[0.735s] Level 1:colcon.colcon_core.package_identification:_identify(.) by extension 'colcon_pkg'
[0.735s] Level 1:colcon.colcon_core.package_identification:_identify(.) by extensions ['colcon_meta']
[0.735s] Level 1:colcon.colcon_core.package_identification:_identify(.) by extension 'colcon_meta'
[0.735s] Level 1:colcon.colcon_core.package_identification:_identify(.) by extensions ['ros']
[0.735s] Level 1:colcon.colcon_core.package_identification:_identify(.) by extension 'ros'
[0.763s] Level 1:colcon.colcon_core.package_identification:_identify(.) by extensions ['cmake', 'python']
[0.763s] Level 1:colcon.colcon_core.package_identification:_identify(.) by extension 'cmake'
[0.763s] Level 1:colcon.colcon_core.package_identification:_identify(.) by extension 'python'
[0.763s] Level 1:colcon.colcon_core.package_identification:_identify(.) by extensions ['python_setup_py']
[0.763s] Level 1:colcon.colcon_core.package_identification:_identify(.) by extension 'python_setup_py'
[0.763s] Level 1:colcon.colcon_core.package_identification:_identify(build) by extensions ['ignore', 'ignore_ament_install']
[0.763s] Level 1:colcon.colcon_core.package_identification:_identify(build) by extension 'ignore'
[0.763s] Level 1:colcon.colcon_core.package_identification:_identify(build) ignored
[0.764s] Level 1:colcon.colcon_core.package_identification:_identify(install) by extensions ['ignore', 'ignore_ament_install']
[0.764s] Level 1:colcon.colcon_core.package_identification:_identify(install) by extension 'ignore'
[0.764s] Level 1:colcon.colcon_core.package_identification:_identify(install) ignored
[0.764s] Level 1:colcon.colcon_core.package_identification:_identify(log) by extensions ['ignore', 'ignore_ament_install']
[0.764s] Level 1:colcon.colcon_core.package_identification:_identify(log) by extension 'ignore'
[0.764s] Level 1:colcon.colcon_core.package_identification:_identify(log) ignored
[0.764s] Level 1:colcon.colcon_core.package_identification:_identify(src) by extensions ['ignore', 'ignore_ament_install']
[0.764s] Level 1:colcon.colcon_core.package_identification:_identify(src) by extension 'ignore'
[0.764s] Level 1:colcon.colcon_core.package_identification:_identify(src) by extension 'ignore_ament_install'
[0.764s] Level 1:colcon.colcon_core.package_identification:_identify(src) by extensions ['colcon_pkg']
[0.764s] Level 1:colcon.colcon_core.package_identification:_identify(src) by extension 'colcon_pkg'
[0.764s] Level 1:colcon.colcon_core.package_identification:_identify(src) by extensions ['colcon_meta']
[0.764s] Level 1:colcon.colcon_core.package_identification:_identify(src) by extension 'colcon_meta'
[0.764s] Level 1:colcon.colcon_core.package_identification:_identify(src) by extensions ['ros']
[0.764s] Level 1:colcon.colcon_core.package_identification:_identify(src) by extension 'ros'
[0.765s] Level 1:colcon.colcon_core.package_identification:_identify(src) by extensions ['cmake', 'python']
[0.765s] Level 1:colcon.colcon_core.package_identification:_identify(src) by extension 'cmake'
[0.765s] Level 1:colcon.colcon_core.package_identification:_identify(src) by extension 'python'
[0.765s] Level 1:colcon.colcon_core.package_identification:_identify(src) by extensions ['python_setup_py']
[0.765s] Level 1:colcon.colcon_core.package_identification:_identify(src) by extension 'python_setup_py'
[0.765s] Level 1:colcon.colcon_core.package_identification:_identify(src/encoder_unit) by extensions ['ignore', 'ignore_ament_install']
[0.765s] Level 1:colcon.colcon_core.package_identification:_identify(src/encoder_unit) by extension 'ignore'
[0.765s] Level 1:colcon.colcon_core.package_identification:_identify(src/encoder_unit) by extension 'ignore_ament_install'
[0.765s] Level 1:colcon.colcon_core.package_identification:_identify(src/encoder_unit) by extensions ['colcon_pkg']
[0.765s] Level 1:colcon.colcon_core.package_identification:_identify(src/encoder_unit) by extension 'colcon_pkg'
[0.765s] Level 1:colcon.colcon_core.package_identification:_identify(src/encoder_unit) by extensions ['colcon_meta']
[0.765s] Level 1:colcon.colcon_core.package_identification:_identify(src/encoder_unit) by extension 'colcon_meta'
[0.765s] Level 1:colcon.colcon_core.package_identification:_identify(src/encoder_unit) by extensions ['ros']
[0.765s] Level 1:colcon.colcon_core.package_identification:_identify(src/encoder_unit) by extension 'ros'
[0.770s] DEBUG:colcon.colcon_core.package_identification:Package 'src/encoder_unit' with type 'ros.ament_python' and name 'encoder_unit'
[0.770s] Level 1:colcon.colcon_core.package_identification:_identify(src/launch_project) by extensions ['ignore', 'ignore_ament_install']
[0.770s] Level 1:colcon.colcon_core.package_identification:_identify(src/launch_project) by extension 'ignore'
[0.771s] Level 1:colcon.colcon_core.package_identification:_identify(src/launch_project) by extension 'ignore_ament_install'
[0.771s] Level 1:colcon.colcon_core.package_identification:_identify(src/launch_project) by extensions ['colcon_pkg']
[0.771s] Level 1:colcon.colcon_core.package_identification:_identify(src/launch_project) by extension 'colcon_pkg'
[0.771s] Level 1:colcon.colcon_core.package_identification:_identify(src/launch_project) by extensions ['colcon_meta']
[0.771s] Level 1:colcon.colcon_core.package_identification:_identify(src/launch_project) by extension 'colcon_meta'
[0.771s] Level 1:colcon.colcon_core.package_identification:_identify(src/launch_project) by extensions ['ros']
[0.771s] Level 1:colcon.colcon_core.package_identification:_identify(src/launch_project) by extension 'ros'
[0.772s] DEBUG:colcon.colcon_core.package_identification:Package 'src/launch_project' with type 'ros.ament_python' and name 'launch_project'
[0.772s] Level 1:colcon.colcon_core.package_identification:_identify(src/motor_control) by extensions ['ignore', 'ignore_ament_install']
[0.772s] Level 1:colcon.colcon_core.package_identification:_identify(src/motor_control) by extension 'ignore'
[0.772s] Level 1:colcon.colcon_core.package_identification:_identify(src/motor_control) by extension 'ignore_ament_install'
[0.772s] Level 1:colcon.colcon_core.package_identification:_identify(src/motor_control) by extensions ['colcon_pkg']
[0.772s] Level 1:colcon.colcon_core.package_identification:_identify(src/motor_control) by extension 'colcon_pkg'
[0.772s] Level 1:colcon.colcon_core.package_identification:_identify(src/motor_control) by extensions ['colcon_meta']
[0.772s] Level 1:colcon.colcon_core.package_identification:_identify(src/motor_control) by extension 'colcon_meta'
[0.772s] Level 1:colcon.colcon_core.package_identification:_identify(src/motor_control) by extensions ['ros']
[0.772s] Level 1:colcon.colcon_core.package_identification:_identify(src/motor_control) by extension 'ros'
[0.773s] DEBUG:colcon.colcon_core.package_identification:Package 'src/motor_control' with type 'ros.ament_python' and name 'motor_control'
[0.774s] Level 1:colcon.colcon_core.package_identification:_identify(src/processor_unit) by extensions ['ignore', 'ignore_ament_install']
[0.774s] Level 1:colcon.colcon_core.package_identification:_identify(src/processor_unit) by extension 'ignore'
[0.774s] Level 1:colcon.colcon_core.package_identification:_identify(src/processor_unit) by extension 'ignore_ament_install'
[0.774s] Level 1:colcon.colcon_core.package_identification:_identify(src/processor_unit) by extensions ['colcon_pkg']
[0.774s] Level 1:colcon.colcon_core.package_identification:_identify(src/processor_unit) by extension 'colcon_pkg'
[0.774s] Level 1:colcon.colcon_core.package_identification:_identify(src/processor_unit) by extensions ['colcon_meta']
[0.774s] Level 1:colcon.colcon_core.package_identification:_identify(src/processor_unit) by extension 'colcon_meta'
[0.774s] Level 1:colcon.colcon_core.package_identification:_identify(src/processor_unit) by extensions ['ros']
[0.774s] Level 1:colcon.colcon_core.package_identification:_identify(src/processor_unit) by extension 'ros'
[0.775s] DEBUG:colcon.colcon_core.package_identification:Package 'src/processor_unit' with type 'ros.ament_python' and name 'processor_unit'
[0.775s] Level 1:colcon.colcon_core.package_discovery:discover_packages(recursive) using defaults
[0.775s] Level 1:colcon.colcon_core.package_discovery:discover_packages(ignore) discover
[0.775s] Level 1:colcon.colcon_core.package_discovery:discover_packages(ignore) using defaults
[0.775s] Level 1:colcon.colcon_core.package_discovery:discover_packages(path) discover
[0.775s] Level 1:colcon.colcon_core.package_discovery:discover_packages(path) using defaults
[0.825s] Level 5:colcon.colcon_core.verb:set package 'encoder_unit' build argument 'cmake_args' from command line to 'None'
[0.825s] Level 5:colcon.colcon_core.verb:set package 'encoder_unit' build argument 'cmake_target' from command line to 'None'
[0.825s] Level 5:colcon.colcon_core.verb:set package 'encoder_unit' build argument 'cmake_target_skip_unavailable' from command line to 'False'
[0.825s] Level 5:colcon.colcon_core.verb:set package 'encoder_unit' build argument 'cmake_clean_cache' from command line to 'False'
[0.825s] Level 5:colcon.colcon_core.verb:set package 'encoder_unit' build argument 'cmake_clean_first' from command line to 'False'
[0.825s] Level 5:colcon.colcon_core.verb:set package 'encoder_unit' build argument 'cmake_force_configure' from command line to 'False'
[0.825s] Level 5:colcon.colcon_core.verb:set package 'encoder_unit' build argument 'ament_cmake_args' from command line to 'None'
[0.825s] Level 5:colcon.colcon_core.verb:set package 'encoder_unit' build argument 'catkin_cmake_args' from command line to 'None'
[0.825s] Level 5:colcon.colcon_core.verb:set package 'encoder_unit' build argument 'catkin_skip_building_tests' from command line to 'False'
[0.825s] DEBUG:colcon.colcon_core.verb:Building package 'encoder_unit' with the following arguments: {'ament_cmake_args': None, 'build_base': '/home/raspi-earth/project_ws/build/encoder_unit', 'catkin_cmake_args': None, 'catkin_skip_building_tests': False, 'cmake_args': None, 'cmake_clean_cache': False, 'cmake_clean_first': False, 'cmake_force_configure': False, 'cmake_target': None, 'cmake_target_skip_unavailable': False, 'install_base': '/home/raspi-earth/project_ws/install/encoder_unit', 'merge_install': False, 'path': '/home/raspi-earth/project_ws/src/encoder_unit', 'symlink_install': False, 'test_result_base': None}
[0.825s] Level 5:colcon.colcon_core.verb:set package 'launch_project' build argument 'cmake_args' from command line to 'None'
[0.825s] Level 5:colcon.colcon_core.verb:set package 'launch_project' build argument 'cmake_target' from command line to 'None'
[0.825s] Level 5:colcon.colcon_core.verb:set package 'launch_project' build argument 'cmake_target_skip_unavailable' from command line to 'False'
[0.825s] Level 5:colcon.colcon_core.verb:set package 'launch_project' build argument 'cmake_clean_cache' from command line to 'False'
[0.825s] Level 5:colcon.colcon_core.verb:set package 'launch_project' build argument 'cmake_clean_first' from command line to 'False'
[0.825s] Level 5:colcon.colcon_core.verb:set package 'launch_project' build argument 'cmake_force_configure' from command line to 'False'
[0.825s] Level 5:colcon.colcon_core.verb:set package 'launch_project' build argument 'ament_cmake_args' from command line to 'None'
[0.825s] Level 5:colcon.colcon_core.verb:set package 'launch_project' build argument 'catkin_cmake_args' from command line to 'None'
[0.825s] Level 5:colcon.colcon_core.verb:set package 'launch_project' build argument 'catkin_skip_building_tests' from command line to 'False'
[0.825s] DEBUG:colcon.colcon_core.verb:Building package 'launch_project' with the following arguments: {'ament_cmake_args': None, 'build_base': '/home/raspi-earth/project_ws/build/launch_project', 'catkin_cmake_args': None, 'catkin_skip_building_tests': False, 'cmake_args': None, 'cmake_clean_cache': False, 'cmake_clean_first': False, 'cmake_force_configure': False, 'cmake_target': None, 'cmake_target_skip_unavailable': False, 'install_base': '/home/raspi-earth/project_ws/install/launch_project', 'merge_install': False, 'path': '/home/raspi-earth/project_ws/src/launch_project', 'symlink_install': False, 'test_result_base': None}
[0.826s] Level 5:colcon.colcon_core.verb:set package 'motor_control' build argument 'cmake_args' from command line to 'None'
[0.826s] Level 5:colcon.colcon_core.verb:set package 'motor_control' build argument 'cmake_target' from command line to 'None'
[0.826s] Level 5:colcon.colcon_core.verb:set package 'motor_control' build argument 'cmake_target_skip_unavailable' from command line to 'False'
[0.826s] Level 5:colcon.colcon_core.verb:set package 'motor_control' build argument 'cmake_clean_cache' from command line to 'False'
[0.826s] Level 5:colcon.colcon_core.verb:set package 'motor_control' build argument 'cmake_clean_first' from command line to 'False'
[0.826s] Level 5:colcon.colcon_core.verb:set package 'motor_control' build argument 'cmake_force_configure' from command line to 'False'
[0.826s] Level 5:colcon.colcon_core.verb:set package 'motor_control' build argument 'ament_cmake_args' from command line to 'None'
[0.826s] Level 5:colcon.colcon_core.verb:set package 'motor_control' build argument 'catkin_cmake_args' from command line to 'None'
[0.826s] Level 5:colcon.colcon_core.verb:set package 'motor_control' build argument 'catkin_skip_building_tests' from command line to 'False'
[0.826s] DEBUG:colcon.colcon_core.verb:Building package 'motor_control' with the following arguments: {'ament_cmake_args': None, 'build_base': '/home/raspi-earth/project_ws/build/motor_control', 'catkin_cmake_args': None, 'catkin_skip_building_tests': False, 'cmake_args': None, 'cmake_clean_cache': False, 'cmake_clean_first': False, 'cmake_force_configure': False, 'cmake_target': None, 'cmake_target_skip_unavailable': False, 'install_base': '/home/raspi-earth/project_ws/install/motor_control', 'merge_install': False, 'path': '/home/raspi-earth/project_ws/src/motor_control', 'symlink_install': False, 'test_result_base': None}
[0.826s] Level 5:colcon.colcon_core.verb:set package 'processor_unit' build argument 'cmake_args' from command line to 'None'
[0.826s] Level 5:colcon.colcon_core.verb:set package 'processor_unit' build argument 'cmake_target' from command line to 'None'
[0.826s] Level 5:colcon.colcon_core.verb:set package 'processor_unit' build argument 'cmake_target_skip_unavailable' from command line to 'False'
[0.826s] Level 5:colcon.colcon_core.verb:set package 'processor_unit' build argument 'cmake_clean_cache' from command line to 'False'
[0.826s] Level 5:colcon.colcon_core.verb:set package 'processor_unit' build argument 'cmake_clean_first' from command line to 'False'
[0.826s] Level 5:colcon.colcon_core.verb:set package 'processor_unit' build argument 'cmake_force_configure' from command line to 'False'
[0.826s] Level 5:colcon.colcon_core.verb:set package 'processor_unit' build argument 'ament_cmake_args' from command line to 'None'
[0.826s] Level 5:colcon.colcon_core.verb:set package 'processor_unit' build argument 'catkin_cmake_args' from command line to 'None'
[0.826s] Level 5:colcon.colcon_core.verb:set package 'processor_unit' build argument 'catkin_skip_building_tests' from command line to 'False'
[0.826s] DEBUG:colcon.colcon_core.verb:Building package 'processor_unit' with the following arguments: {'ament_cmake_args': None, 'build_base': '/home/raspi-earth/project_ws/build/processor_unit', 'catkin_cmake_args': None, 'catkin_skip_building_tests': False, 'cmake_args': None, 'cmake_clean_cache': False, 'cmake_clean_first': False, 'cmake_force_configure': False, 'cmake_target': None, 'cmake_target_skip_unavailable': False, 'install_base': '/home/raspi-earth/project_ws/install/processor_unit', 'merge_install': False, 'path': '/home/raspi-earth/project_ws/src/processor_unit', 'symlink_install': False, 'test_result_base': None}
[0.827s] INFO:colcon.colcon_core.executor:Executing jobs using 'parallel' executor
[0.828s] DEBUG:colcon.colcon_parallel_executor.executor.parallel:run_until_complete
[0.828s] INFO:colcon.colcon_ros.task.ament_python.build:Building ROS package in '/home/raspi-earth/project_ws/src/encoder_unit' with build type 'ament_python'
[0.829s] Level 1:colcon.colcon_core.shell:create_environment_hook('encoder_unit', 'ament_prefix_path')
[0.844s] INFO:colcon.colcon_core.plugin_system:Skipping extension 'colcon_core.shell.bat': Not used on non-Windows systems
[0.844s] INFO:colcon.colcon_core.shell:Creating environment descriptor '/home/raspi-earth/project_ws/install/encoder_unit/share/encoder_unit/hook/ament_prefix_path.dsv'
[0.846s] INFO:colcon.colcon_core.shell:Creating environment hook '/home/raspi-earth/project_ws/install/encoder_unit/share/encoder_unit/hook/ament_prefix_path.sh'
[0.848s] DEBUG:colcon.colcon_core.shell:Skip shell extension 'dsv' for command environment
[0.899s] INFO:colcon.colcon_ros.task.ament_python.build:Building ROS package in '/home/raspi-earth/project_ws/src/launch_project' with build type 'ament_python'
[0.899s] Level 1:colcon.colcon_core.shell:create_environment_hook('launch_project', 'ament_prefix_path')
[0.899s] INFO:colcon.colcon_core.shell:Creating environment descriptor '/home/raspi-earth/project_ws/install/launch_project/share/launch_project/hook/ament_prefix_path.dsv'
[0.901s] INFO:colcon.colcon_core.shell:Creating environment hook '/home/raspi-earth/project_ws/install/launch_project/share/launch_project/hook/ament_prefix_path.sh'
[0.902s] DEBUG:colcon.colcon_core.shell:Skip shell extension 'dsv' for command environment
[0.941s] INFO:colcon.colcon_ros.task.ament_python.build:Building ROS package in '/home/raspi-earth/project_ws/src/motor_control' with build type 'ament_python'
[0.941s] Level 1:colcon.colcon_core.shell:create_environment_hook('motor_control', 'ament_prefix_path')
[0.942s] INFO:colcon.colcon_core.shell:Creating environment descriptor '/home/raspi-earth/project_ws/install/motor_control/share/motor_control/hook/ament_prefix_path.dsv'
[0.942s] INFO:colcon.colcon_core.shell:Creating environment hook '/home/raspi-earth/project_ws/install/motor_control/share/motor_control/hook/ament_prefix_path.sh'
[0.944s] DEBUG:colcon.colcon_core.shell:Skip shell extension 'dsv' for command environment
[0.966s] INFO:colcon.colcon_ros.task.ament_python.build:Building ROS package in '/home/raspi-earth/project_ws/src/processor_unit' with build type 'ament_python'
[0.966s] Level 1:colcon.colcon_core.shell:create_environment_hook('processor_unit', 'ament_prefix_path')
[0.967s] INFO:colcon.colcon_core.shell:Creating environment descriptor '/home/raspi-earth/project_ws/install/processor_unit/share/processor_unit/hook/ament_prefix_path.dsv'
[0.967s] INFO:colcon.colcon_core.shell:Creating environment hook '/home/raspi-earth/project_ws/install/processor_unit/share/processor_unit/hook/ament_prefix_path.sh'
[0.968s] DEBUG:colcon.colcon_core.shell:Skip shell extension 'dsv' for command environment
[2.080s] INFO:colcon.colcon_core.task.python.build:Building Python package in '/home/raspi-earth/project_ws/src/encoder_unit'
[2.081s] DEBUG:colcon.colcon_core.shell:Skip shell extension 'dsv' for command environment
[3.015s] INFO:colcon.colcon_core.task.python.build:Building Python package in '/home/raspi-earth/project_ws/src/launch_project'
[3.016s] DEBUG:colcon.colcon_core.shell:Skip shell extension 'dsv' for command environment
[4.209s] INFO:colcon.colcon_core.task.python.build:Building Python package in '/home/raspi-earth/project_ws/src/motor_control'
[4.210s] DEBUG:colcon.colcon_core.shell:Skip shell extension 'dsv' for command environment
[5.182s] INFO:colcon.colcon_core.task.python.build:Building Python package in '/home/raspi-earth/project_ws/src/processor_unit'
[5.183s] DEBUG:colcon.colcon_core.shell:Skip shell extension 'dsv' for command environment
[7.819s] DEBUG:colcon.colcon_core.event_handler.log_command:Invoking command in '/home/raspi-earth/project_ws/src/encoder_unit': PYTHONPATH=/home/raspi-earth/project_ws/build/encoder_unit/prefix_override:/usr/lib/python3/dist-packages/colcon_core/task/python/colcon_distutils_commands:/home/raspi-earth/project_ws/install/encoder_unit/lib/python3.11/site-packages:${PYTHONPATH} /usr/bin/python3 -W ignore:setup.py install is deprecated -W ignore:easy_install command is deprecated setup.py egg_info --egg-base ../../build/encoder_unit build --build-base /home/raspi-earth/project_ws/build/encoder_unit/build install --record /home/raspi-earth/project_ws/build/encoder_unit/install.log --single-version-externally-managed install_data
[7.868s] DEBUG:colcon.colcon_core.event_handler.log_command:Invoking command in '/home/raspi-earth/project_ws/src/launch_project': PYTHONPATH=/home/raspi-earth/project_ws/build/launch_project/prefix_override:/usr/lib/python3/dist-packages/colcon_core/task/python/colcon_distutils_commands:/home/raspi-earth/project_ws/install/launch_project/lib/python3.11/site-packages:${PYTHONPATH} /usr/bin/python3 -W ignore:setup.py install is deprecated -W ignore:easy_install command is deprecated setup.py egg_info --egg-base ../../build/launch_project build --build-base /home/raspi-earth/project_ws/build/launch_project/build install --record /home/raspi-earth/project_ws/build/launch_project/install.log --single-version-externally-managed install_data
[7.874s] DEBUG:colcon.colcon_core.event_handler.log_command:Invoking command in '/home/raspi-earth/project_ws/src/motor_control': PYTHONPATH=/home/raspi-earth/project_ws/build/motor_control/prefix_override:/usr/lib/python3/dist-packages/colcon_core/task/python/colcon_distutils_commands:/home/raspi-earth/project_ws/install/motor_control/lib/python3.11/site-packages:${PYTHONPATH} /usr/bin/python3 -W ignore:setup.py install is deprecated -W ignore:easy_install command is deprecated setup.py egg_info --egg-base ../../build/motor_control build --build-base /home/raspi-earth/project_ws/build/motor_control/build install --record /home/raspi-earth/project_ws/build/motor_control/install.log --single-version-externally-managed install_data
[8.082s] DEBUG:colcon.colcon_core.event_handler.log_command:Invoking command in '/home/raspi-earth/project_ws/src/processor_unit': PYTHONPATH=/home/raspi-earth/project_ws/build/processor_unit/prefix_override:/usr/lib/python3/dist-packages/colcon_core/task/python/colcon_distutils_commands:/home/raspi-earth/project_ws/install/processor_unit/lib/python3.11/site-packages:${PYTHONPATH} /usr/bin/python3 -W ignore:setup.py install is deprecated -W ignore:easy_install command is deprecated setup.py egg_info --egg-base ../../build/processor_unit build --build-base /home/raspi-earth/project_ws/build/processor_unit/build install --record /home/raspi-earth/project_ws/build/processor_unit/install.log --single-version-externally-managed install_data
[10.236s] DEBUG:colcon.colcon_core.event_handler.log_command:Invoked command in '/home/raspi-earth/project_ws/src/encoder_unit' returned '0': PYTHONPATH=/home/raspi-earth/project_ws/build/encoder_unit/prefix_override:/usr/lib/python3/dist-packages/colcon_core/task/python/colcon_distutils_commands:/home/raspi-earth/project_ws/install/encoder_unit/lib/python3.11/site-packages:${PYTHONPATH} /usr/bin/python3 -W ignore:setup.py install is deprecated -W ignore:easy_install command is deprecated setup.py egg_info --egg-base ../../build/encoder_unit build --build-base /home/raspi-earth/project_ws/build/encoder_unit/build install --record /home/raspi-earth/project_ws/build/encoder_unit/install.log --single-version-externally-managed install_data
[10.248s] Level 1:colcon.colcon_core.environment:checking '/home/raspi-earth/project_ws/install/encoder_unit' for CMake module files
[10.249s] Level 1:colcon.colcon_core.environment:checking '/home/raspi-earth/project_ws/install/encoder_unit' for CMake config files
[10.250s] Level 1:colcon.colcon_core.environment:checking '/home/raspi-earth/project_ws/install/encoder_unit/lib'
[10.250s] Level 1:colcon.colcon_core.environment:checking '/home/raspi-earth/project_ws/install/encoder_unit/bin'
[10.251s] Level 1:colcon.colcon_core.environment:checking '/home/raspi-earth/project_ws/install/encoder_unit/lib/pkgconfig/encoder_unit.pc'
[10.251s] Level 1:colcon.colcon_core.environment:checking '/home/raspi-earth/project_ws/install/encoder_unit/lib/python3.11/site-packages'
[10.251s] Level 1:colcon.colcon_core.shell:create_environment_hook('encoder_unit', 'pythonpath')
[10.252s] INFO:colcon.colcon_core.shell:Creating environment descriptor '/home/raspi-earth/project_ws/install/encoder_unit/share/encoder_unit/hook/pythonpath.dsv'
[10.253s] INFO:colcon.colcon_core.shell:Creating environment hook '/home/raspi-earth/project_ws/install/encoder_unit/share/encoder_unit/hook/pythonpath.sh'
[10.257s] Level 1:colcon.colcon_core.environment:checking '/home/raspi-earth/project_ws/install/encoder_unit/bin'
[10.257s] Level 1:colcon.colcon_core.environment:create_environment_scripts_only(encoder_unit)
[10.258s] INFO:colcon.colcon_core.shell:Creating package descriptor '/home/raspi-earth/project_ws/install/encoder_unit/share/encoder_unit/package.dsv'
[10.259s] INFO:colcon.colcon_core.shell:Creating package script '/home/raspi-earth/project_ws/install/encoder_unit/share/encoder_unit/package.sh'
[10.261s] INFO:colcon.colcon_core.shell:Creating package script '/home/raspi-earth/project_ws/install/encoder_unit/share/encoder_unit/package.bash'
[10.263s] INFO:colcon.colcon_core.shell:Creating package script '/home/raspi-earth/project_ws/install/encoder_unit/share/encoder_unit/package.zsh'
[10.264s] Level 1:colcon.colcon_core.environment:create_file_with_runtime_dependencies(/home/raspi-earth/project_ws/install/encoder_unit/share/colcon-core/packages/encoder_unit)
[10.294s] Level 1:colcon.colcon_core.environment:checking '/home/raspi-earth/project_ws/install/launch_project' for CMake module files
[10.294s] DEBUG:colcon.colcon_core.event_handler.log_command:Invoked command in '/home/raspi-earth/project_ws/src/launch_project' returned '0': PYTHONPATH=/home/raspi-earth/project_ws/build/launch_project/prefix_override:/usr/lib/python3/dist-packages/colcon_core/task/python/colcon_distutils_commands:/home/raspi-earth/project_ws/install/launch_project/lib/python3.11/site-packages:${PYTHONPATH} /usr/bin/python3 -W ignore:setup.py install is deprecated -W ignore:easy_install command is deprecated setup.py egg_info --egg-base ../../build/launch_project build --build-base /home/raspi-earth/project_ws/build/launch_project/build install --record /home/raspi-earth/project_ws/build/launch_project/install.log --single-version-externally-managed install_data
[10.295s] Level 1:colcon.colcon_core.environment:checking '/home/raspi-earth/project_ws/install/launch_project' for CMake config files
[10.295s] Level 1:colcon.colcon_core.environment:checking '/home/raspi-earth/project_ws/install/launch_project/lib'
[10.296s] Level 1:colcon.colcon_core.environment:checking '/home/raspi-earth/project_ws/install/launch_project/bin'
[10.296s] Level 1:colcon.colcon_core.environment:checking '/home/raspi-earth/project_ws/install/launch_project/lib/pkgconfig/launch_project.pc'
[10.296s] Level 1:colcon.colcon_core.environment:checking '/home/raspi-earth/project_ws/install/launch_project/lib/python3.11/site-packages'
[10.296s] Level 1:colcon.colcon_core.shell:create_environment_hook('launch_project', 'pythonpath')
[10.297s] INFO:colcon.colcon_core.shell:Creating environment descriptor '/home/raspi-earth/project_ws/install/launch_project/share/launch_project/hook/pythonpath.dsv'
[10.301s] INFO:colcon.colcon_core.shell:Creating environment hook '/home/raspi-earth/project_ws/install/launch_project/share/launch_project/hook/pythonpath.sh'
[10.303s] Level 1:colcon.colcon_core.environment:checking '/home/raspi-earth/project_ws/install/launch_project/bin'
[10.303s] Level 1:colcon.colcon_core.environment:create_environment_scripts_only(launch_project)
[10.304s] INFO:colcon.colcon_core.shell:Creating package descriptor '/home/raspi-earth/project_ws/install/launch_project/share/launch_project/package.dsv'
[10.306s] INFO:colcon.colcon_core.shell:Creating package script '/home/raspi-earth/project_ws/install/launch_project/share/launch_project/package.sh'
[10.307s] INFO:colcon.colcon_core.shell:Creating package script '/home/raspi-earth/project_ws/install/launch_project/share/launch_project/package.bash'
[10.308s] INFO:colcon.colcon_core.shell:Creating package script '/home/raspi-earth/project_ws/install/launch_project/share/launch_project/package.zsh'
[10.309s] Level 1:colcon.colcon_core.environment:create_file_with_runtime_dependencies(/home/raspi-earth/project_ws/install/launch_project/share/colcon-core/packages/launch_project)
[10.341s] Level 1:colcon.colcon_core.environment:checking '/home/raspi-earth/project_ws/install/motor_control' for CMake module files
[10.342s] DEBUG:colcon.colcon_core.event_handler.log_command:Invoked command in '/home/raspi-earth/project_ws/src/motor_control' returned '0': PYTHONPATH=/home/raspi-earth/project_ws/build/motor_control/prefix_override:/usr/lib/python3/dist-packages/colcon_core/task/python/colcon_distutils_commands:/home/raspi-earth/project_ws/install/motor_control/lib/python3.11/site-packages:${PYTHONPATH} /usr/bin/python3 -W ignore:setup.py install is deprecated -W ignore:easy_install command is deprecated setup.py egg_info --egg-base ../../build/motor_control build --build-base /home/raspi-earth/project_ws/build/motor_control/build install --record /home/raspi-earth/project_ws/build/motor_control/install.log --single-version-externally-managed install_data
[10.343s] Level 1:colcon.colcon_core.environment:checking '/home/raspi-earth/project_ws/install/motor_control' for CMake config files
[10.344s] Level 1:colcon.colcon_core.environment:checking '/home/raspi-earth/project_ws/install/motor_control/lib'
[10.344s] Level 1:colcon.colcon_core.environment:checking '/home/raspi-earth/project_ws/install/motor_control/bin'
[10.344s] Level 1:colcon.colcon_core.environment:checking '/home/raspi-earth/project_ws/install/motor_control/lib/pkgconfig/motor_control.pc'
[10.345s] Level 1:colcon.colcon_core.environment:checking '/home/raspi-earth/project_ws/install/motor_control/lib/python3.11/site-packages'
[10.345s] Level 1:colcon.colcon_core.shell:create_environment_hook('motor_control', 'pythonpath')
[10.346s] INFO:colcon.colcon_core.shell:Creating environment descriptor '/home/raspi-earth/project_ws/install/motor_control/share/motor_control/hook/pythonpath.dsv'
[10.347s] INFO:colcon.colcon_core.shell:Creating environment hook '/home/raspi-earth/project_ws/install/motor_control/share/motor_control/hook/pythonpath.sh'
[10.350s] Level 1:colcon.colcon_core.environment:checking '/home/raspi-earth/project_ws/install/motor_control/bin'
[10.350s] Level 1:colcon.colcon_core.environment:create_environment_scripts_only(motor_control)
[10.351s] INFO:colcon.colcon_core.shell:Creating package descriptor '/home/raspi-earth/project_ws/install/motor_control/share/motor_control/package.dsv'
[10.352s] INFO:colcon.colcon_core.shell:Creating package script '/home/raspi-earth/project_ws/install/motor_control/share/motor_control/package.sh'
[10.354s] INFO:colcon.colcon_core.shell:Creating package script '/home/raspi-earth/project_ws/install/motor_control/share/motor_control/package.bash'
[10.355s] INFO:colcon.colcon_core.shell:Creating package script '/home/raspi-earth/project_ws/install/motor_control/share/motor_control/package.zsh'
[10.356s] Level 1:colcon.colcon_core.environment:create_file_with_runtime_dependencies(/home/raspi-earth/project_ws/install/motor_control/share/colcon-core/packages/motor_control)
[10.517s] Level 1:colcon.colcon_core.environment:checking '/home/raspi-earth/project_ws/install/processor_unit' for CMake module files
[10.518s] DEBUG:colcon.colcon_core.event_handler.log_command:Invoked command in '/home/raspi-earth/project_ws/src/processor_unit' returned '0': PYTHONPATH=/home/raspi-earth/project_ws/build/processor_unit/prefix_override:/usr/lib/python3/dist-packages/colcon_core/task/python/colcon_distutils_commands:/home/raspi-earth/project_ws/install/processor_unit/lib/python3.11/site-packages:${PYTHONPATH} /usr/bin/python3 -W ignore:setup.py install is deprecated -W ignore:easy_install command is deprecated setup.py egg_info --egg-base ../../build/processor_unit build --build-base /home/raspi-earth/project_ws/build/processor_unit/build install --record /home/raspi-earth/project_ws/build/processor_unit/install.log --single-version-externally-managed install_data
[10.518s] Level 1:colcon.colcon_core.environment:checking '/home/raspi-earth/project_ws/install/processor_unit' for CMake config files
[10.519s] Level 1:colcon.colcon_core.environment:checking '/home/raspi-earth/project_ws/install/processor_unit/lib'
[10.519s] Level 1:colcon.colcon_core.environment:checking '/home/raspi-earth/project_ws/install/processor_unit/bin'
[10.519s] Level 1:colcon.colcon_core.environment:checking '/home/raspi-earth/project_ws/install/processor_unit/lib/pkgconfig/processor_unit.pc'
[10.519s] Level 1:colcon.colcon_core.environment:checking '/home/raspi-earth/project_ws/install/processor_unit/lib/python3.11/site-packages'
[10.519s] Level 1:colcon.colcon_core.shell:create_environment_hook('processor_unit', 'pythonpath')
[10.519s] INFO:colcon.colcon_core.shell:Creating environment descriptor '/home/raspi-earth/project_ws/install/processor_unit/share/processor_unit/hook/pythonpath.dsv'
[10.520s] INFO:colcon.colcon_core.shell:Creating environment hook '/home/raspi-earth/project_ws/install/processor_unit/share/processor_unit/hook/pythonpath.sh'
[10.522s] Level 1:colcon.colcon_core.environment:checking '/home/raspi-earth/project_ws/install/processor_unit/bin'
[10.522s] Level 1:colcon.colcon_core.environment:create_environment_scripts_only(processor_unit)
[10.522s] INFO:colcon.colcon_core.shell:Creating package descriptor '/home/raspi-earth/project_ws/install/processor_unit/share/processor_unit/package.dsv'
[10.522s] INFO:colcon.colcon_core.shell:Creating package script '/home/raspi-earth/project_ws/install/processor_unit/share/processor_unit/package.sh'
[10.523s] INFO:colcon.colcon_core.shell:Creating package script '/home/raspi-earth/project_ws/install/processor_unit/share/processor_unit/package.bash'
[10.524s] INFO:colcon.colcon_core.shell:Creating package script '/home/raspi-earth/project_ws/install/processor_unit/share/processor_unit/package.zsh'
[10.525s] Level 1:colcon.colcon_core.environment:create_file_with_runtime_dependencies(/home/raspi-earth/project_ws/install/processor_unit/share/colcon-core/packages/processor_unit)
[10.525s] DEBUG:colcon.colcon_parallel_executor.executor.parallel:closing loop
[10.525s] DEBUG:colcon.colcon_parallel_executor.executor.parallel:loop closed
[10.526s] DEBUG:colcon.colcon_parallel_executor.executor.parallel:run_until_complete finished with '0'
[10.526s] DEBUG:colcon.colcon_core.event_reactor:joining thread
[10.550s] INFO:colcon.colcon_core.plugin_system:Skipping extension 'colcon_notification.desktop_notification.notify_send': Could not find 'notify-send'
[10.550s] INFO:colcon.colcon_core.plugin_system:Skipping extension 'colcon_notification.desktop_notification.terminal_notifier': Not used on non-Darwin systems
[10.551s] INFO:colcon.colcon_core.plugin_system:Skipping extension 'colcon_notification.desktop_notification.win32': Not used on non-Windows systems
[10.551s] INFO:colcon.colcon_notification.desktop_notification:Sending desktop notification using 'notify2'
[10.552s] DEBUG:colcon.colcon_notification.desktop_notification.notify2:Failed to initialize notify2: org.freedesktop.DBus.Error.ServiceUnknown: The name org.freedesktop.Notifications was not provided by any .service files
[10.552s] DEBUG:colcon.colcon_core.event_reactor:joined thread
[10.553s] INFO:colcon.colcon_core.shell:Creating prefix script '/home/raspi-earth/project_ws/install/local_setup.sh'
[10.554s] INFO:colcon.colcon_core.shell:Creating prefix util module '/home/raspi-earth/project_ws/install/_local_setup_util_sh.py'
[10.557s] INFO:colcon.colcon_core.shell:Creating prefix chain script '/home/raspi-earth/project_ws/install/setup.sh'
[10.584s] INFO:colcon.colcon_core.shell:Creating prefix script '/home/raspi-earth/project_ws/install/local_setup.bash'
[10.586s] INFO:colcon.colcon_core.shell:Creating prefix chain script '/home/raspi-earth/project_ws/install/setup.bash'
[10.612s] INFO:colcon.colcon_core.shell:Creating prefix script '/home/raspi-earth/project_ws/install/local_setup.zsh'
[10.613s] INFO:colcon.colcon_core.shell:Creating prefix chain script '/home/raspi-earth/project_ws/install/setup.zsh'
