[11.115s] Invoking command in '/home/raspi-earth/project_ws/src/encoder_unit': PYTHONPATH=/home/raspi-earth/project_ws/build/encoder_unit/prefix_override:/usr/lib/python3/dist-packages/colcon_core/task/python/colcon_distutils_commands:/home/raspi-earth/project_ws/install/encoder_unit/lib/python3.11/site-packages:${PYTHONPATH} /usr/bin/python3 -W ignore:setup.py install is deprecated -W ignore:easy_install command is deprecated setup.py egg_info --egg-base ../../build/encoder_unit build --build-base /home/raspi-earth/project_ws/build/encoder_unit/build install --record /home/raspi-earth/project_ws/build/encoder_unit/install.log --single-version-externally-managed install_data
[12.981s] running egg_info
[13.026s] writing ../../build/encoder_unit/encoder_unit.egg-info/PKG-INFO
[13.027s] writing dependency_links to ../../build/encoder_unit/encoder_unit.egg-info/dependency_links.txt
[13.029s] writing entry points to ../../build/encoder_unit/encoder_unit.egg-info/entry_points.txt
[13.030s] writing requirements to ../../build/encoder_unit/encoder_unit.egg-info/requires.txt
[13.031s] writing top-level names to ../../build/encoder_unit/encoder_unit.egg-info/top_level.txt
[13.163s] reading manifest file '../../build/encoder_unit/encoder_unit.egg-info/SOURCES.txt'
[13.164s] adding license file 'LICENSE'
[13.166s] writing manifest file '../../build/encoder_unit/encoder_unit.egg-info/SOURCES.txt'
[13.166s] running build
[13.167s] running build_py
[13.168s] running install
[13.196s] running install_lib
[13.283s] running install_data
[13.283s] running install_egg_info
[13.448s] removing '/home/raspi-earth/project_ws/install/encoder_unit/lib/python3.11/site-packages/encoder_unit-0.0.0-py3.11.egg-info' (and everything under it)
[13.453s] Copying ../../build/encoder_unit/encoder_unit.egg-info to /home/raspi-earth/project_ws/install/encoder_unit/lib/python3.11/site-packages/encoder_unit-0.0.0-py3.11.egg-info
[13.453s] running install_scripts
[13.723s] Installing as5600_1 script to /home/raspi-earth/project_ws/install/encoder_unit/lib/encoder_unit
[13.724s] Installing as5600_2 script to /home/raspi-earth/project_ws/install/encoder_unit/lib/encoder_unit
[13.725s] Installing as5600_3 script to /home/raspi-earth/project_ws/install/encoder_unit/lib/encoder_unit
[13.726s] Installing as5600_4 script to /home/raspi-earth/project_ws/install/encoder_unit/lib/encoder_unit
[13.727s] Installing as5600_5 script to /home/raspi-earth/project_ws/install/encoder_unit/lib/encoder_unit
[13.728s] Installing limit script to /home/raspi-earth/project_ws/install/encoder_unit/lib/encoder_unit
[13.730s] writing list of installed files to '/home/raspi-earth/project_ws/build/encoder_unit/install.log'
[13.967s] Invoked command in '/home/raspi-earth/project_ws/src/encoder_unit' returned '0': PYTHONPATH=/home/raspi-earth/project_ws/build/encoder_unit/prefix_override:/usr/lib/python3/dist-packages/colcon_core/task/python/colcon_distutils_commands:/home/raspi-earth/project_ws/install/encoder_unit/lib/python3.11/site-packages:${PYTHONPATH} /usr/bin/python3 -W ignore:setup.py install is deprecated -W ignore:easy_install command is deprecated setup.py egg_info --egg-base ../../build/encoder_unit build --build-base /home/raspi-earth/project_ws/build/encoder_unit/build install --record /home/raspi-earth/project_ws/build/encoder_unit/install.log --single-version-externally-managed install_data
