[5.633s] Invoking command in '/home/raspi-earth/project_ws/src/encoder_unit': PYTHONPATH=/home/raspi-earth/project_ws/build/encoder_unit/prefix_override:/usr/lib/python3/dist-packages/colcon_core/task/python/colcon_distutils_commands:/home/raspi-earth/project_ws/install/encoder_unit/lib/python3.11/site-packages:${PYTHONPATH} /usr/bin/python3 -W ignore:setup.py install is deprecated -W ignore:easy_install command is deprecated setup.py egg_info --egg-base ../../build/encoder_unit build --build-base /home/raspi-earth/project_ws/build/encoder_unit/build install --record /home/raspi-earth/project_ws/build/encoder_unit/install.log --single-version-externally-managed install_data
[6.713s] running egg_info
[6.752s] writing ../../build/encoder_unit/encoder_unit.egg-info/PKG-INFO
[6.752s] writing dependency_links to ../../build/encoder_unit/encoder_unit.egg-info/dependency_links.txt
[6.754s] writing entry points to ../../build/encoder_unit/encoder_unit.egg-info/entry_points.txt
[6.754s] writing requirements to ../../build/encoder_unit/encoder_unit.egg-info/requires.txt
[6.758s] writing top-level names to ../../build/encoder_unit/encoder_unit.egg-info/top_level.txt
[6.841s] reading manifest file '../../build/encoder_unit/encoder_unit.egg-info/SOURCES.txt'
[6.842s] adding license file 'LICENSE'
[6.843s] writing manifest file '../../build/encoder_unit/encoder_unit.egg-info/SOURCES.txt'
[6.844s] running build
[6.845s] running build_py
[6.849s] running install
[6.858s] running install_lib
[6.917s] running install_data
[6.918s] running install_egg_info
[7.064s] removing '/home/raspi-earth/project_ws/install/encoder_unit/lib/python3.11/site-packages/encoder_unit-0.0.0-py3.11.egg-info' (and everything under it)
[7.066s] Copying ../../build/encoder_unit/encoder_unit.egg-info to /home/raspi-earth/project_ws/install/encoder_unit/lib/python3.11/site-packages/encoder_unit-0.0.0-py3.11.egg-info
[7.071s] running install_scripts
[7.411s] Installing as5600_1 script to /home/raspi-earth/project_ws/install/encoder_unit/lib/encoder_unit
[7.412s] Installing as5600_2 script to /home/raspi-earth/project_ws/install/encoder_unit/lib/encoder_unit
[7.413s] Installing as5600_3 script to /home/raspi-earth/project_ws/install/encoder_unit/lib/encoder_unit
[7.414s] Installing as5600_4 script to /home/raspi-earth/project_ws/install/encoder_unit/lib/encoder_unit
[7.417s] Installing as5600_5 script to /home/raspi-earth/project_ws/install/encoder_unit/lib/encoder_unit
[7.418s] Installing limit script to /home/raspi-earth/project_ws/install/encoder_unit/lib/encoder_unit
[7.418s] writing list of installed files to '/home/raspi-earth/project_ws/build/encoder_unit/install.log'
[7.587s] Invoked command in '/home/raspi-earth/project_ws/src/encoder_unit' returned '0': PYTHONPATH=/home/raspi-earth/project_ws/build/encoder_unit/prefix_override:/usr/lib/python3/dist-packages/colcon_core/task/python/colcon_distutils_commands:/home/raspi-earth/project_ws/install/encoder_unit/lib/python3.11/site-packages:${PYTHONPATH} /usr/bin/python3 -W ignore:setup.py install is deprecated -W ignore:easy_install command is deprecated setup.py egg_info --egg-base ../../build/encoder_unit build --build-base /home/raspi-earth/project_ws/build/encoder_unit/build install --record /home/raspi-earth/project_ws/build/encoder_unit/install.log --single-version-externally-managed install_data
