[7.576s] Invoking command in '/home/raspi-earth/project_ws/src/processor_unit': PYTHONPATH=/home/raspi-earth/project_ws/build/processor_unit/prefix_override:/usr/lib/python3/dist-packages/colcon_core/task/python/colcon_distutils_commands:/home/raspi-earth/project_ws/install/processor_unit/lib/python3.11/site-packages:${PYTHONPATH} /usr/bin/python3 -W ignore:setup.py install is deprecated -W ignore:easy_install command is deprecated setup.py egg_info --egg-base ../../build/processor_unit build --build-base /home/raspi-earth/project_ws/build/processor_unit/build install --record /home/raspi-earth/project_ws/build/processor_unit/install.log --single-version-externally-managed install_data
[9.037s] running egg_info
[9.121s] writing ../../build/processor_unit/processor_unit.egg-info/PKG-INFO
[9.122s] writing dependency_links to ../../build/processor_unit/processor_unit.egg-info/dependency_links.txt
[9.126s] writing entry points to ../../build/processor_unit/processor_unit.egg-info/entry_points.txt
[9.132s] writing requirements to ../../build/processor_unit/processor_unit.egg-info/requires.txt
[9.133s] writing top-level names to ../../build/processor_unit/processor_unit.egg-info/top_level.txt
[9.315s] reading manifest file '../../build/processor_unit/processor_unit.egg-info/SOURCES.txt'
[9.316s] adding license file 'LICENSE'
[9.319s] writing manifest file '../../build/processor_unit/processor_unit.egg-info/SOURCES.txt'
[9.320s] running build
[9.320s] running build_py
[9.320s] copying processor_unit/test.py -> /home/raspi-earth/project_ws/build/processor_unit/build/lib/processor_unit
[9.322s] running install
[9.342s] running install_lib
[9.385s] copying /home/raspi-earth/project_ws/build/processor_unit/build/lib/processor_unit/test.py -> /home/raspi-earth/project_ws/install/processor_unit/lib/python3.11/site-packages/processor_unit
[9.392s] byte-compiling /home/raspi-earth/project_ws/install/processor_unit/lib/python3.11/site-packages/processor_unit/test.py to test.cpython-311.pyc
[9.393s] running install_data
[9.393s] running install_egg_info
[9.530s] removing '/home/raspi-earth/project_ws/install/processor_unit/lib/python3.11/site-packages/processor_unit-0.0.0-py3.11.egg-info' (and everything under it)
[9.535s] Copying ../../build/processor_unit/processor_unit.egg-info to /home/raspi-earth/project_ws/install/processor_unit/lib/python3.11/site-packages/processor_unit-0.0.0-py3.11.egg-info
[9.537s] running install_scripts
[9.838s] Installing main_processor script to /home/raspi-earth/project_ws/install/processor_unit/lib/processor_unit
[9.838s] Installing steam_cam script to /home/raspi-earth/project_ws/install/processor_unit/lib/processor_unit
[9.839s] Installing test script to /home/raspi-earth/project_ws/install/processor_unit/lib/processor_unit
[9.840s] Installing test1 script to /home/raspi-earth/project_ws/install/processor_unit/lib/processor_unit
[9.840s] Installing uart_command_and_status_to_pi5 script to /home/raspi-earth/project_ws/install/processor_unit/lib/processor_unit
[9.841s] Installing uart_zero_two_w script to /home/raspi-earth/project_ws/install/processor_unit/lib/processor_unit
[9.842s] writing list of installed files to '/home/raspi-earth/project_ws/build/processor_unit/install.log'
[9.998s] Invoked command in '/home/raspi-earth/project_ws/src/processor_unit' returned '0': PYTHONPATH=/home/raspi-earth/project_ws/build/processor_unit/prefix_override:/usr/lib/python3/dist-packages/colcon_core/task/python/colcon_distutils_commands:/home/raspi-earth/project_ws/install/processor_unit/lib/python3.11/site-packages:${PYTHONPATH} /usr/bin/python3 -W ignore:setup.py install is deprecated -W ignore:easy_install command is deprecated setup.py egg_info --egg-base ../../build/processor_unit build --build-base /home/raspi-earth/project_ws/build/processor_unit/build install --record /home/raspi-earth/project_ws/build/processor_unit/install.log --single-version-externally-managed install_data
