[1.276s] Invoking command in '/home/erthirarat/Desktop/Senior_Project-WhitePost-Main_Arm/src/encoder_unit': PYTHONPATH=/home/erthirarat/Desktop/Senior_Project-WhitePost-Main_Arm/build/encoder_unit/prefix_override:/usr/lib/python3/dist-packages/colcon_core/task/python/colcon_distutils_commands:/home/erthirarat/Desktop/Senior_Project-WhitePost-Main_Arm/install/encoder_unit/lib/python3.10/site-packages:${PYTHONPATH} /usr/bin/python3 -W ignore:setup.py install is deprecated -W ignore:easy_install command is deprecated setup.py egg_info --egg-base ../../build/encoder_unit build --build-base /home/erthirarat/Desktop/Senior_Project-WhitePost-Main_Arm/build/encoder_unit/build install --record /home/erthirarat/Desktop/Senior_Project-WhitePost-Main_Arm/build/encoder_unit/install.log --single-version-externally-managed install_data
[1.517s] running egg_info
[1.517s] creating ../../build/encoder_unit/encoder_unit.egg-info
[1.517s] writing ../../build/encoder_unit/encoder_unit.egg-info/PKG-INFO
[1.518s] writing dependency_links to ../../build/encoder_unit/encoder_unit.egg-info/dependency_links.txt
[1.518s] writing entry points to ../../build/encoder_unit/encoder_unit.egg-info/entry_points.txt
[1.518s] writing requirements to ../../build/encoder_unit/encoder_unit.egg-info/requires.txt
[1.518s] writing top-level names to ../../build/encoder_unit/encoder_unit.egg-info/top_level.txt
[1.518s] writing manifest file '../../build/encoder_unit/encoder_unit.egg-info/SOURCES.txt'
[1.520s] reading manifest file '../../build/encoder_unit/encoder_unit.egg-info/SOURCES.txt'
[1.520s] adding license file 'LICENSE'
[1.521s] writing manifest file '../../build/encoder_unit/encoder_unit.egg-info/SOURCES.txt'
[1.521s] running build
[1.521s] running build_py
[1.521s] creating /home/erthirarat/Desktop/Senior_Project-WhitePost-Main_Arm/build/encoder_unit/build
[1.521s] creating /home/erthirarat/Desktop/Senior_Project-WhitePost-Main_Arm/build/encoder_unit/build/lib
[1.521s] creating /home/erthirarat/Desktop/Senior_Project-WhitePost-Main_Arm/build/encoder_unit/build/lib/encoder_unit
[1.521s] copying encoder_unit/as5600_1.py -> /home/erthirarat/Desktop/Senior_Project-WhitePost-Main_Arm/build/encoder_unit/build/lib/encoder_unit
[1.522s] copying encoder_unit/as5600_3.py -> /home/erthirarat/Desktop/Senior_Project-WhitePost-Main_Arm/build/encoder_unit/build/lib/encoder_unit
[1.522s] copying encoder_unit/as5600_4.py -> /home/erthirarat/Desktop/Senior_Project-WhitePost-Main_Arm/build/encoder_unit/build/lib/encoder_unit
[1.522s] copying encoder_unit/__init__.py -> /home/erthirarat/Desktop/Senior_Project-WhitePost-Main_Arm/build/encoder_unit/build/lib/encoder_unit
[1.522s] copying encoder_unit/as5600_5.py -> /home/erthirarat/Desktop/Senior_Project-WhitePost-Main_Arm/build/encoder_unit/build/lib/encoder_unit
[1.522s] copying encoder_unit/as5600_2.py -> /home/erthirarat/Desktop/Senior_Project-WhitePost-Main_Arm/build/encoder_unit/build/lib/encoder_unit
[1.522s] copying encoder_unit/limit_switch_node.py -> /home/erthirarat/Desktop/Senior_Project-WhitePost-Main_Arm/build/encoder_unit/build/lib/encoder_unit
[1.522s] running install
[1.522s] running install_lib
[1.523s] creating /home/erthirarat/Desktop/Senior_Project-WhitePost-Main_Arm/install/encoder_unit/lib/python3.10/site-packages/encoder_unit
[1.523s] copying /home/erthirarat/Desktop/Senior_Project-WhitePost-Main_Arm/build/encoder_unit/build/lib/encoder_unit/as5600_1.py -> /home/erthirarat/Desktop/Senior_Project-WhitePost-Main_Arm/install/encoder_unit/lib/python3.10/site-packages/encoder_unit
[1.523s] copying /home/erthirarat/Desktop/Senior_Project-WhitePost-Main_Arm/build/encoder_unit/build/lib/encoder_unit/as5600_3.py -> /home/erthirarat/Desktop/Senior_Project-WhitePost-Main_Arm/install/encoder_unit/lib/python3.10/site-packages/encoder_unit
[1.524s] copying /home/erthirarat/Desktop/Senior_Project-WhitePost-Main_Arm/build/encoder_unit/build/lib/encoder_unit/as5600_4.py -> /home/erthirarat/Desktop/Senior_Project-WhitePost-Main_Arm/install/encoder_unit/lib/python3.10/site-packages/encoder_unit
[1.524s] copying /home/erthirarat/Desktop/Senior_Project-WhitePost-Main_Arm/build/encoder_unit/build/lib/encoder_unit/__init__.py -> /home/erthirarat/Desktop/Senior_Project-WhitePost-Main_Arm/install/encoder_unit/lib/python3.10/site-packages/encoder_unit
[1.524s] copying /home/erthirarat/Desktop/Senior_Project-WhitePost-Main_Arm/build/encoder_unit/build/lib/encoder_unit/as5600_5.py -> /home/erthirarat/Desktop/Senior_Project-WhitePost-Main_Arm/install/encoder_unit/lib/python3.10/site-packages/encoder_unit
[1.524s] copying /home/erthirarat/Desktop/Senior_Project-WhitePost-Main_Arm/build/encoder_unit/build/lib/encoder_unit/as5600_2.py -> /home/erthirarat/Desktop/Senior_Project-WhitePost-Main_Arm/install/encoder_unit/lib/python3.10/site-packages/encoder_unit
[1.524s] copying /home/erthirarat/Desktop/Senior_Project-WhitePost-Main_Arm/build/encoder_unit/build/lib/encoder_unit/limit_switch_node.py -> /home/erthirarat/Desktop/Senior_Project-WhitePost-Main_Arm/install/encoder_unit/lib/python3.10/site-packages/encoder_unit
[1.524s] byte-compiling /home/erthirarat/Desktop/Senior_Project-WhitePost-Main_Arm/install/encoder_unit/lib/python3.10/site-packages/encoder_unit/as5600_1.py to as5600_1.cpython-310.pyc
[1.525s] byte-compiling /home/erthirarat/Desktop/Senior_Project-WhitePost-Main_Arm/install/encoder_unit/lib/python3.10/site-packages/encoder_unit/as5600_3.py to as5600_3.cpython-310.pyc
[1.525s] byte-compiling /home/erthirarat/Desktop/Senior_Project-WhitePost-Main_Arm/install/encoder_unit/lib/python3.10/site-packages/encoder_unit/as5600_4.py to as5600_4.cpython-310.pyc
[1.526s] byte-compiling /home/erthirarat/Desktop/Senior_Project-WhitePost-Main_Arm/install/encoder_unit/lib/python3.10/site-packages/encoder_unit/__init__.py to __init__.cpython-310.pyc
[1.526s] byte-compiling /home/erthirarat/Desktop/Senior_Project-WhitePost-Main_Arm/install/encoder_unit/lib/python3.10/site-packages/encoder_unit/as5600_5.py to as5600_5.cpython-310.pyc
[1.527s] byte-compiling /home/erthirarat/Desktop/Senior_Project-WhitePost-Main_Arm/install/encoder_unit/lib/python3.10/site-packages/encoder_unit/as5600_2.py to as5600_2.cpython-310.pyc
[1.527s] byte-compiling /home/erthirarat/Desktop/Senior_Project-WhitePost-Main_Arm/install/encoder_unit/lib/python3.10/site-packages/encoder_unit/limit_switch_node.py to limit_switch_node.cpython-310.pyc
[1.528s] running install_data
[1.528s] creating /home/erthirarat/Desktop/Senior_Project-WhitePost-Main_Arm/install/encoder_unit/share/ament_index
[1.528s] creating /home/erthirarat/Desktop/Senior_Project-WhitePost-Main_Arm/install/encoder_unit/share/ament_index/resource_index
[1.528s] creating /home/erthirarat/Desktop/Senior_Project-WhitePost-Main_Arm/install/encoder_unit/share/ament_index/resource_index/packages
[1.528s] copying resource/encoder_unit -> /home/erthirarat/Desktop/Senior_Project-WhitePost-Main_Arm/install/encoder_unit/share/ament_index/resource_index/packages
[1.528s] copying package.xml -> /home/erthirarat/Desktop/Senior_Project-WhitePost-Main_Arm/install/encoder_unit/share/encoder_unit
[1.529s] running install_egg_info
[1.531s] Copying ../../build/encoder_unit/encoder_unit.egg-info to /home/erthirarat/Desktop/Senior_Project-WhitePost-Main_Arm/install/encoder_unit/lib/python3.10/site-packages/encoder_unit-0.0.0-py3.10.egg-info
[1.532s] running install_scripts
[1.552s] Installing as5600_1 script to /home/erthirarat/Desktop/Senior_Project-WhitePost-Main_Arm/install/encoder_unit/lib/encoder_unit
[1.553s] Installing as5600_2 script to /home/erthirarat/Desktop/Senior_Project-WhitePost-Main_Arm/install/encoder_unit/lib/encoder_unit
[1.553s] Installing as5600_3 script to /home/erthirarat/Desktop/Senior_Project-WhitePost-Main_Arm/install/encoder_unit/lib/encoder_unit
[1.553s] Installing as5600_4 script to /home/erthirarat/Desktop/Senior_Project-WhitePost-Main_Arm/install/encoder_unit/lib/encoder_unit
[1.553s] Installing as5600_5 script to /home/erthirarat/Desktop/Senior_Project-WhitePost-Main_Arm/install/encoder_unit/lib/encoder_unit
[1.553s] Installing limit script to /home/erthirarat/Desktop/Senior_Project-WhitePost-Main_Arm/install/encoder_unit/lib/encoder_unit
[1.553s] writing list of installed files to '/home/erthirarat/Desktop/Senior_Project-WhitePost-Main_Arm/build/encoder_unit/install.log'
[1.581s] Invoked command in '/home/erthirarat/Desktop/Senior_Project-WhitePost-Main_Arm/src/encoder_unit' returned '0': PYTHONPATH=/home/erthirarat/Desktop/Senior_Project-WhitePost-Main_Arm/build/encoder_unit/prefix_override:/usr/lib/python3/dist-packages/colcon_core/task/python/colcon_distutils_commands:/home/erthirarat/Desktop/Senior_Project-WhitePost-Main_Arm/install/encoder_unit/lib/python3.10/site-packages:${PYTHONPATH} /usr/bin/python3 -W ignore:setup.py install is deprecated -W ignore:easy_install command is deprecated setup.py egg_info --egg-base ../../build/encoder_unit build --build-base /home/erthirarat/Desktop/Senior_Project-WhitePost-Main_Arm/build/encoder_unit/build install --record /home/erthirarat/Desktop/Senior_Project-WhitePost-Main_Arm/build/encoder_unit/install.log --single-version-externally-managed install_data
