[0.531s] Invoking command in '/home/erthirarat/Desktop/Senior_Project-WhitePost-Main_Arm/src/processor_unit': PYTHONPATH=/home/erthirarat/Desktop/Senior_Project-WhitePost-Main_Arm/build/processor_unit/prefix_override:/usr/lib/python3/dist-packages/colcon_core/task/python/colcon_distutils_commands:/home/erthirarat/Desktop/Senior_Project-WhitePost-Main_Arm/install/processor_unit/lib/python3.10/site-packages:${PYTHONPATH} /usr/bin/python3 -W ignore:setup.py install is deprecated -W ignore:easy_install command is deprecated setup.py egg_info --egg-base ../../build/processor_unit build --build-base /home/erthirarat/Desktop/Senior_Project-WhitePost-Main_Arm/build/processor_unit/build install --record /home/erthirarat/Desktop/Senior_Project-WhitePost-Main_Arm/build/processor_unit/install.log --single-version-externally-managed install_data
[0.750s] running egg_info
[0.751s] creating ../../build/processor_unit/processor_unit.egg-info
[0.751s] writing ../../build/processor_unit/processor_unit.egg-info/PKG-INFO
[0.751s] writing dependency_links to ../../build/processor_unit/processor_unit.egg-info/dependency_links.txt
[0.751s] writing entry points to ../../build/processor_unit/processor_unit.egg-info/entry_points.txt
[0.752s] writing requirements to ../../build/processor_unit/processor_unit.egg-info/requires.txt
[0.752s] writing top-level names to ../../build/processor_unit/processor_unit.egg-info/top_level.txt
[0.752s] writing manifest file '../../build/processor_unit/processor_unit.egg-info/SOURCES.txt'
[0.754s] reading manifest file '../../build/processor_unit/processor_unit.egg-info/SOURCES.txt'
[0.754s] adding license file 'LICENSE'
[0.755s] writing manifest file '../../build/processor_unit/processor_unit.egg-info/SOURCES.txt'
[0.756s] running build
[0.756s] running build_py
[0.756s] creating /home/erthirarat/Desktop/Senior_Project-WhitePost-Main_Arm/build/processor_unit/build
[0.756s] creating /home/erthirarat/Desktop/Senior_Project-WhitePost-Main_Arm/build/processor_unit/build/lib
[0.756s] creating /home/erthirarat/Desktop/Senior_Project-WhitePost-Main_Arm/build/processor_unit/build/lib/processor_unit
[0.756s] copying processor_unit/uart_command_and_status_to_pi5.py -> /home/erthirarat/Desktop/Senior_Project-WhitePost-Main_Arm/build/processor_unit/build/lib/processor_unit
[0.756s] copying processor_unit/camera_back.py -> /home/erthirarat/Desktop/Senior_Project-WhitePost-Main_Arm/build/processor_unit/build/lib/processor_unit
[0.756s] copying processor_unit/steam_opencv.py -> /home/erthirarat/Desktop/Senior_Project-WhitePost-Main_Arm/build/processor_unit/build/lib/processor_unit
[0.756s] copying processor_unit/uart_zero_two_w.py -> /home/erthirarat/Desktop/Senior_Project-WhitePost-Main_Arm/build/processor_unit/build/lib/processor_unit
[0.756s] copying processor_unit/esp32_bridge_node.py -> /home/erthirarat/Desktop/Senior_Project-WhitePost-Main_Arm/build/processor_unit/build/lib/processor_unit
[0.757s] copying processor_unit/main_processor.py -> /home/erthirarat/Desktop/Senior_Project-WhitePost-Main_Arm/build/processor_unit/build/lib/processor_unit
[0.757s] copying processor_unit/__init__.py -> /home/erthirarat/Desktop/Senior_Project-WhitePost-Main_Arm/build/processor_unit/build/lib/processor_unit
[0.757s] copying processor_unit/camera_front.py -> /home/erthirarat/Desktop/Senior_Project-WhitePost-Main_Arm/build/processor_unit/build/lib/processor_unit
[0.757s] running install
[0.758s] running install_lib
[0.758s] creating /home/erthirarat/Desktop/Senior_Project-WhitePost-Main_Arm/install/processor_unit/lib/python3.10/site-packages/processor_unit
[0.758s] copying /home/erthirarat/Desktop/Senior_Project-WhitePost-Main_Arm/build/processor_unit/build/lib/processor_unit/uart_command_and_status_to_pi5.py -> /home/erthirarat/Desktop/Senior_Project-WhitePost-Main_Arm/install/processor_unit/lib/python3.10/site-packages/processor_unit
[0.759s] copying /home/erthirarat/Desktop/Senior_Project-WhitePost-Main_Arm/build/processor_unit/build/lib/processor_unit/camera_back.py -> /home/erthirarat/Desktop/Senior_Project-WhitePost-Main_Arm/install/processor_unit/lib/python3.10/site-packages/processor_unit
[0.759s] copying /home/erthirarat/Desktop/Senior_Project-WhitePost-Main_Arm/build/processor_unit/build/lib/processor_unit/steam_opencv.py -> /home/erthirarat/Desktop/Senior_Project-WhitePost-Main_Arm/install/processor_unit/lib/python3.10/site-packages/processor_unit
[0.759s] copying /home/erthirarat/Desktop/Senior_Project-WhitePost-Main_Arm/build/processor_unit/build/lib/processor_unit/uart_zero_two_w.py -> /home/erthirarat/Desktop/Senior_Project-WhitePost-Main_Arm/install/processor_unit/lib/python3.10/site-packages/processor_unit
[0.759s] copying /home/erthirarat/Desktop/Senior_Project-WhitePost-Main_Arm/build/processor_unit/build/lib/processor_unit/esp32_bridge_node.py -> /home/erthirarat/Desktop/Senior_Project-WhitePost-Main_Arm/install/processor_unit/lib/python3.10/site-packages/processor_unit
[0.759s] copying /home/erthirarat/Desktop/Senior_Project-WhitePost-Main_Arm/build/processor_unit/build/lib/processor_unit/main_processor.py -> /home/erthirarat/Desktop/Senior_Project-WhitePost-Main_Arm/install/processor_unit/lib/python3.10/site-packages/processor_unit
[0.759s] copying /home/erthirarat/Desktop/Senior_Project-WhitePost-Main_Arm/build/processor_unit/build/lib/processor_unit/__init__.py -> /home/erthirarat/Desktop/Senior_Project-WhitePost-Main_Arm/install/processor_unit/lib/python3.10/site-packages/processor_unit
[0.759s] copying /home/erthirarat/Desktop/Senior_Project-WhitePost-Main_Arm/build/processor_unit/build/lib/processor_unit/camera_front.py -> /home/erthirarat/Desktop/Senior_Project-WhitePost-Main_Arm/install/processor_unit/lib/python3.10/site-packages/processor_unit
[0.760s] byte-compiling /home/erthirarat/Desktop/Senior_Project-WhitePost-Main_Arm/install/processor_unit/lib/python3.10/site-packages/processor_unit/uart_command_and_status_to_pi5.py to uart_command_and_status_to_pi5.cpython-310.pyc
[0.760s] byte-compiling /home/erthirarat/Desktop/Senior_Project-WhitePost-Main_Arm/install/processor_unit/lib/python3.10/site-packages/processor_unit/camera_back.py to camera_back.cpython-310.pyc
[0.760s] byte-compiling /home/erthirarat/Desktop/Senior_Project-WhitePost-Main_Arm/install/processor_unit/lib/python3.10/site-packages/processor_unit/steam_opencv.py to steam_opencv.cpython-310.pyc
[0.764s] byte-compiling /home/erthirarat/Desktop/Senior_Project-WhitePost-Main_Arm/install/processor_unit/lib/python3.10/site-packages/processor_unit/uart_zero_two_w.py to uart_zero_two_w.cpython-310.pyc
[0.765s] byte-compiling /home/erthirarat/Desktop/Senior_Project-WhitePost-Main_Arm/install/processor_unit/lib/python3.10/site-packages/processor_unit/esp32_bridge_node.py to esp32_bridge_node.cpython-310.pyc
[0.766s] byte-compiling /home/erthirarat/Desktop/Senior_Project-WhitePost-Main_Arm/install/processor_unit/lib/python3.10/site-packages/processor_unit/main_processor.py to main_processor.cpython-310.pyc
[0.771s] byte-compiling /home/erthirarat/Desktop/Senior_Project-WhitePost-Main_Arm/install/processor_unit/lib/python3.10/site-packages/processor_unit/__init__.py to __init__.cpython-310.pyc
[0.771s] byte-compiling /home/erthirarat/Desktop/Senior_Project-WhitePost-Main_Arm/install/processor_unit/lib/python3.10/site-packages/processor_unit/camera_front.py to camera_front.cpython-310.pyc
[0.771s] running install_data
[0.772s] creating /home/erthirarat/Desktop/Senior_Project-WhitePost-Main_Arm/install/processor_unit/share/ament_index
[0.772s] creating /home/erthirarat/Desktop/Senior_Project-WhitePost-Main_Arm/install/processor_unit/share/ament_index/resource_index
[0.772s] creating /home/erthirarat/Desktop/Senior_Project-WhitePost-Main_Arm/install/processor_unit/share/ament_index/resource_index/packages
[0.772s] copying resource/processor_unit -> /home/erthirarat/Desktop/Senior_Project-WhitePost-Main_Arm/install/processor_unit/share/ament_index/resource_index/packages
[0.772s] copying package.xml -> /home/erthirarat/Desktop/Senior_Project-WhitePost-Main_Arm/install/processor_unit/share/processor_unit
[0.772s] running install_egg_info
[0.773s] Copying ../../build/processor_unit/processor_unit.egg-info to /home/erthirarat/Desktop/Senior_Project-WhitePost-Main_Arm/install/processor_unit/lib/python3.10/site-packages/processor_unit-0.0.0-py3.10.egg-info
[0.774s] running install_scripts
[0.791s] Installing esp32_bridge_node script to /home/erthirarat/Desktop/Senior_Project-WhitePost-Main_Arm/install/processor_unit/lib/processor_unit
[0.791s] Installing main_processor script to /home/erthirarat/Desktop/Senior_Project-WhitePost-Main_Arm/install/processor_unit/lib/processor_unit
[0.791s] Installing steam_cam script to /home/erthirarat/Desktop/Senior_Project-WhitePost-Main_Arm/install/processor_unit/lib/processor_unit
[0.791s] Installing test script to /home/erthirarat/Desktop/Senior_Project-WhitePost-Main_Arm/install/processor_unit/lib/processor_unit
[0.791s] Installing test1 script to /home/erthirarat/Desktop/Senior_Project-WhitePost-Main_Arm/install/processor_unit/lib/processor_unit
[0.791s] Installing uart_command_and_status_to_pi5 script to /home/erthirarat/Desktop/Senior_Project-WhitePost-Main_Arm/install/processor_unit/lib/processor_unit
[0.791s] Installing uart_zero_two_w script to /home/erthirarat/Desktop/Senior_Project-WhitePost-Main_Arm/install/processor_unit/lib/processor_unit
[0.792s] writing list of installed files to '/home/erthirarat/Desktop/Senior_Project-WhitePost-Main_Arm/build/processor_unit/install.log'
[0.810s] Invoked command in '/home/erthirarat/Desktop/Senior_Project-WhitePost-Main_Arm/src/processor_unit' returned '0': PYTHONPATH=/home/erthirarat/Desktop/Senior_Project-WhitePost-Main_Arm/build/processor_unit/prefix_override:/usr/lib/python3/dist-packages/colcon_core/task/python/colcon_distutils_commands:/home/erthirarat/Desktop/Senior_Project-WhitePost-Main_Arm/install/processor_unit/lib/python3.10/site-packages:${PYTHONPATH} /usr/bin/python3 -W ignore:setup.py install is deprecated -W ignore:easy_install command is deprecated setup.py egg_info --egg-base ../../build/processor_unit build --build-base /home/erthirarat/Desktop/Senior_Project-WhitePost-Main_Arm/build/processor_unit/build install --record /home/erthirarat/Desktop/Senior_Project-WhitePost-Main_Arm/build/processor_unit/install.log --single-version-externally-managed install_data
