[8.583s] Invoking command in '/home/raspi-earth/project_ws/src/motor_control': PYTHONPATH=/home/raspi-earth/project_ws/build/motor_control/prefix_override:/usr/lib/python3/dist-packages/colcon_core/task/python/colcon_distutils_commands:/home/raspi-earth/project_ws/install/motor_control/lib/python3.11/site-packages:${PYTHONPATH} /usr/bin/python3 -W ignore:setup.py install is deprecated -W ignore:easy_install command is deprecated setup.py egg_info --egg-base ../../build/motor_control build --build-base /home/raspi-earth/project_ws/build/motor_control/build install --record /home/raspi-earth/project_ws/build/motor_control/install.log --single-version-externally-managed install_data
[10.850s] running egg_info
[10.937s] writing ../../build/motor_control/motor_control.egg-info/PKG-INFO
[10.938s] writing dependency_links to ../../build/motor_control/motor_control.egg-info/dependency_links.txt
[10.940s] writing entry points to ../../build/motor_control/motor_control.egg-info/entry_points.txt
[10.941s] writing requirements to ../../build/motor_control/motor_control.egg-info/requires.txt
[10.943s] writing top-level names to ../../build/motor_control/motor_control.egg-info/top_level.txt
[11.122s] reading manifest file '../../build/motor_control/motor_control.egg-info/SOURCES.txt'
[11.123s] adding license file 'LICENSE'
[11.125s] writing manifest file '../../build/motor_control/motor_control.egg-info/SOURCES.txt'
[11.125s] running build
[11.125s] running build_py
[11.126s] copying motor_control/joint1_node.py -> /home/raspi-earth/project_ws/build/motor_control/build/lib/motor_control
[11.130s] running install
[11.152s] running install_lib
[11.240s] copying /home/raspi-earth/project_ws/build/motor_control/build/lib/motor_control/joint1_node.py -> /home/raspi-earth/project_ws/install/motor_control/lib/python3.11/site-packages/motor_control
[11.248s] byte-compiling /home/raspi-earth/project_ws/install/motor_control/lib/python3.11/site-packages/motor_control/joint1_node.py to joint1_node.cpython-311.pyc
[11.256s] running install_data
[11.256s] running install_egg_info
[11.442s] removing '/home/raspi-earth/project_ws/install/motor_control/lib/python3.11/site-packages/motor_control-0.0.0-py3.11.egg-info' (and everything under it)
[11.450s] Copying ../../build/motor_control/motor_control.egg-info to /home/raspi-earth/project_ws/install/motor_control/lib/python3.11/site-packages/motor_control-0.0.0-py3.11.egg-info
[11.451s] running install_scripts
[11.824s] Installing joint1_node script to /home/raspi-earth/project_ws/install/motor_control/lib/motor_control
[11.830s] Installing joint2_node script to /home/raspi-earth/project_ws/install/motor_control/lib/motor_control
[11.830s] Installing joint3_node script to /home/raspi-earth/project_ws/install/motor_control/lib/motor_control
[11.831s] Installing servodrive script to /home/raspi-earth/project_ws/install/motor_control/lib/motor_control
[11.832s] Installing stepmotor1 script to /home/raspi-earth/project_ws/install/motor_control/lib/motor_control
[11.835s] Installing stepmotor2 script to /home/raspi-earth/project_ws/install/motor_control/lib/motor_control
[11.837s] Installing stepmotor3 script to /home/raspi-earth/project_ws/install/motor_control/lib/motor_control
[11.840s] writing list of installed files to '/home/raspi-earth/project_ws/build/motor_control/install.log'
[12.114s] Invoked command in '/home/raspi-earth/project_ws/src/motor_control' returned '0': PYTHONPATH=/home/raspi-earth/project_ws/build/motor_control/prefix_override:/usr/lib/python3/dist-packages/colcon_core/task/python/colcon_distutils_commands:/home/raspi-earth/project_ws/install/motor_control/lib/python3.11/site-packages:${PYTHONPATH} /usr/bin/python3 -W ignore:setup.py install is deprecated -W ignore:easy_install command is deprecated setup.py egg_info --egg-base ../../build/motor_control build --build-base /home/raspi-earth/project_ws/build/motor_control/build install --record /home/raspi-earth/project_ws/build/motor_control/install.log --single-version-externally-managed install_data
