[7.525s] Invoking command in '/home/raspi-earth/project_ws/src/launch_project': PYTHONPATH=/home/raspi-earth/project_ws/build/launch_project/prefix_override:/usr/lib/python3/dist-packages/colcon_core/task/python/colcon_distutils_commands:/home/raspi-earth/project_ws/install/launch_project/lib/python3.11/site-packages:${PYTHONPATH} /usr/bin/python3 -W ignore:setup.py install is deprecated -W ignore:easy_install command is deprecated setup.py egg_info --egg-base ../../build/launch_project build --build-base /home/raspi-earth/project_ws/build/launch_project/build install --record /home/raspi-earth/project_ws/build/launch_project/install.log --single-version-externally-managed install_data
[9.069s] running egg_info
[9.111s] writing ../../build/launch_project/launch_project.egg-info/PKG-INFO
[9.112s] writing dependency_links to ../../build/launch_project/launch_project.egg-info/dependency_links.txt
[9.113s] writing requirements to ../../build/launch_project/launch_project.egg-info/requires.txt
[9.114s] writing top-level names to ../../build/launch_project/launch_project.egg-info/top_level.txt
[9.261s] reading manifest file '../../build/launch_project/launch_project.egg-info/SOURCES.txt'
[9.262s] adding license file 'LICENSE'
[9.263s] writing manifest file '../../build/launch_project/launch_project.egg-info/SOURCES.txt'
[9.263s] running build
[9.264s] running build_py
[9.264s] running install
[9.277s] running install_lib
[9.335s] running install_data
[9.335s] running install_egg_info
[9.478s] removing '/home/raspi-earth/project_ws/install/launch_project/lib/python3.11/site-packages/launch_project-0.0.0-py3.11.egg-info' (and everything under it)
[9.483s] Copying ../../build/launch_project/launch_project.egg-info to /home/raspi-earth/project_ws/install/launch_project/lib/python3.11/site-packages/launch_project-0.0.0-py3.11.egg-info
[9.486s] running install_scripts
[9.743s] writing list of installed files to '/home/raspi-earth/project_ws/build/launch_project/install.log'
[9.958s] Invoked command in '/home/raspi-earth/project_ws/src/launch_project' returned '0': PYTHONPATH=/home/raspi-earth/project_ws/build/launch_project/prefix_override:/usr/lib/python3/dist-packages/colcon_core/task/python/colcon_distutils_commands:/home/raspi-earth/project_ws/install/launch_project/lib/python3.11/site-packages:${PYTHONPATH} /usr/bin/python3 -W ignore:setup.py install is deprecated -W ignore:easy_install command is deprecated setup.py egg_info --egg-base ../../build/launch_project build --build-base /home/raspi-earth/project_ws/build/launch_project/build install --record /home/raspi-earth/project_ws/build/launch_project/install.log --single-version-externally-managed install_data
