[7.981s] Invoking command in '/home/raspi-earth/project_ws/src/launch_project': PYTHONPATH=/home/raspi-earth/project_ws/build/launch_project/prefix_override:/usr/lib/python3/dist-packages/colcon_core/task/python/colcon_distutils_commands:/home/raspi-earth/project_ws/install/launch_project/lib/python3.11/site-packages:${PYTHONPATH} /usr/bin/python3 -W ignore:setup.py install is deprecated -W ignore:easy_install command is deprecated setup.py egg_info --egg-base ../../build/launch_project build --build-base /home/raspi-earth/project_ws/build/launch_project/build install --record /home/raspi-earth/project_ws/build/launch_project/install.log --single-version-externally-managed install_data
[9.452s] running egg_info
[9.501s] writing ../../build/launch_project/launch_project.egg-info/PKG-INFO
[9.503s] writing dependency_links to ../../build/launch_project/launch_project.egg-info/dependency_links.txt
[9.504s] writing requirements to ../../build/launch_project/launch_project.egg-info/requires.txt
[9.505s] writing top-level names to ../../build/launch_project/launch_project.egg-info/top_level.txt
[9.637s] reading manifest file '../../build/launch_project/launch_project.egg-info/SOURCES.txt'
[9.637s] adding license file 'LICENSE'
[9.638s] writing manifest file '../../build/launch_project/launch_project.egg-info/SOURCES.txt'
[9.648s] running build
[9.648s] running build_py
[9.648s] running install
[9.655s] running install_lib
[9.717s] running install_data
[9.718s] running install_egg_info
[9.864s] removing '/home/raspi-earth/project_ws/install/launch_project/lib/python3.11/site-packages/launch_project-0.0.0-py3.11.egg-info' (and everything under it)
[9.870s] Copying ../../build/launch_project/launch_project.egg-info to /home/raspi-earth/project_ws/install/launch_project/lib/python3.11/site-packages/launch_project-0.0.0-py3.11.egg-info
[9.870s] running install_scripts
[10.111s] writing list of installed files to '/home/raspi-earth/project_ws/build/launch_project/install.log'
[10.329s] Invoked command in '/home/raspi-earth/project_ws/src/launch_project' returned '0': PYTHONPATH=/home/raspi-earth/project_ws/build/launch_project/prefix_override:/usr/lib/python3/dist-packages/colcon_core/task/python/colcon_distutils_commands:/home/raspi-earth/project_ws/install/launch_project/lib/python3.11/site-packages:${PYTHONPATH} /usr/bin/python3 -W ignore:setup.py install is deprecated -W ignore:easy_install command is deprecated setup.py egg_info --egg-base ../../build/launch_project build --build-base /home/raspi-earth/project_ws/build/launch_project/build install --record /home/raspi-earth/project_ws/build/launch_project/install.log --single-version-externally-managed install_data
