[6.131s] Invoking command in '/home/raspi-earth/project_ws/src/processor_unit': PYTHONPATH=/home/raspi-earth/project_ws/build/processor_unit/prefix_override:/usr/lib/python3/dist-packages/colcon_core/task/python/colcon_distutils_commands:/home/raspi-earth/project_ws/install/processor_unit/lib/python3.11/site-packages:${PYTHONPATH} /usr/bin/python3 -W ignore:setup.py install is deprecated -W ignore:easy_install command is deprecated setup.py egg_info --egg-base ../../build/processor_unit build --build-base /home/raspi-earth/project_ws/build/processor_unit/build install --record /home/raspi-earth/project_ws/build/processor_unit/install.log --single-version-externally-managed install_data
[7.297s] running egg_info
[7.350s] writing ../../build/processor_unit/processor_unit.egg-info/PKG-INFO
[7.350s] writing dependency_links to ../../build/processor_unit/processor_unit.egg-info/dependency_links.txt
[7.352s] writing entry points to ../../build/processor_unit/processor_unit.egg-info/entry_points.txt
[7.353s] writing requirements to ../../build/processor_unit/processor_unit.egg-info/requires.txt
[7.354s] writing top-level names to ../../build/processor_unit/processor_unit.egg-info/top_level.txt
[7.490s] reading manifest file '../../build/processor_unit/processor_unit.egg-info/SOURCES.txt'
[7.494s] adding license file 'LICENSE'
[7.499s] writing manifest file '../../build/processor_unit/processor_unit.egg-info/SOURCES.txt'
[7.499s] running build
[7.499s] running build_py
[7.499s] copying processor_unit/camera_front.py -> /home/raspi-earth/project_ws/build/processor_unit/build/lib/processor_unit
[7.505s] running install
[7.515s] running install_lib
[7.642s] copying /home/raspi-earth/project_ws/build/processor_unit/build/lib/processor_unit/camera_front.py -> /home/raspi-earth/project_ws/install/processor_unit/lib/python3.11/site-packages/processor_unit
[7.650s] byte-compiling /home/raspi-earth/project_ws/install/processor_unit/lib/python3.11/site-packages/processor_unit/camera_front.py to camera_front.cpython-311.pyc
[7.653s] running install_data
[7.653s] running install_egg_info
[7.850s] removing '/home/raspi-earth/project_ws/install/processor_unit/lib/python3.11/site-packages/processor_unit-0.0.0-py3.11.egg-info' (and everything under it)
[7.851s] Copying ../../build/processor_unit/processor_unit.egg-info to /home/raspi-earth/project_ws/install/processor_unit/lib/python3.11/site-packages/processor_unit-0.0.0-py3.11.egg-info
[7.854s] running install_scripts
[8.074s] Installing camera_back script to /home/raspi-earth/project_ws/install/processor_unit/lib/processor_unit
[8.076s] Installing camera_front script to /home/raspi-earth/project_ws/install/processor_unit/lib/processor_unit
[8.076s] Installing esp32_bridge_node script to /home/raspi-earth/project_ws/install/processor_unit/lib/processor_unit
[8.078s] Installing force_receiver_node script to /home/raspi-earth/project_ws/install/processor_unit/lib/processor_unit
[8.078s] Installing main_processor script to /home/raspi-earth/project_ws/install/processor_unit/lib/processor_unit
[8.079s] Installing steam_cam script to /home/raspi-earth/project_ws/install/processor_unit/lib/processor_unit
[8.080s] Installing test script to /home/raspi-earth/project_ws/install/processor_unit/lib/processor_unit
[8.081s] Installing uart_command_and_status_to_pi5 script to /home/raspi-earth/project_ws/install/processor_unit/lib/processor_unit
[8.082s] Installing uart_zero_two_w script to /home/raspi-earth/project_ws/install/processor_unit/lib/processor_unit
[8.083s] writing list of installed files to '/home/raspi-earth/project_ws/build/processor_unit/install.log'
[8.215s] Invoked command in '/home/raspi-earth/project_ws/src/processor_unit' returned '0': PYTHONPATH=/home/raspi-earth/project_ws/build/processor_unit/prefix_override:/usr/lib/python3/dist-packages/colcon_core/task/python/colcon_distutils_commands:/home/raspi-earth/project_ws/install/processor_unit/lib/python3.11/site-packages:${PYTHONPATH} /usr/bin/python3 -W ignore:setup.py install is deprecated -W ignore:easy_install command is deprecated setup.py egg_info --egg-base ../../build/processor_unit build --build-base /home/raspi-earth/project_ws/build/processor_unit/build install --record /home/raspi-earth/project_ws/build/processor_unit/install.log --single-version-externally-managed install_data
