[5.695s] Invoking command in '/home/raspi-earth/project_ws/src/processor_unit': PYTHONPATH=/home/raspi-earth/project_ws/build/processor_unit/prefix_override:/usr/lib/python3/dist-packages/colcon_core/task/python/colcon_distutils_commands:/home/raspi-earth/project_ws/install/processor_unit/lib/python3.11/site-packages:${PYTHONPATH} /usr/bin/python3 -W ignore:setup.py install is deprecated -W ignore:easy_install command is deprecated setup.py egg_info --egg-base ../../build/processor_unit build --build-base /home/raspi-earth/project_ws/build/processor_unit/build install --record /home/raspi-earth/project_ws/build/processor_unit/install.log --single-version-externally-managed install_data
[6.957s] running egg_info
[6.999s] writing ../../build/processor_unit/processor_unit.egg-info/PKG-INFO
[6.999s] writing dependency_links to ../../build/processor_unit/processor_unit.egg-info/dependency_links.txt
[7.005s] writing entry points to ../../build/processor_unit/processor_unit.egg-info/entry_points.txt
[7.005s] writing requirements to ../../build/processor_unit/processor_unit.egg-info/requires.txt
[7.005s] writing top-level names to ../../build/processor_unit/processor_unit.egg-info/top_level.txt
[7.201s] reading manifest file '../../build/processor_unit/processor_unit.egg-info/SOURCES.txt'
[7.202s] adding license file 'LICENSE'
[7.203s] writing manifest file '../../build/processor_unit/processor_unit.egg-info/SOURCES.txt'
[7.204s] running build
[7.204s] running build_py
[7.206s] running install
[7.221s] running install_lib
[7.291s] running install_data
[7.292s] running install_egg_info
[7.411s] removing '/home/raspi-earth/project_ws/install/processor_unit/lib/python3.11/site-packages/processor_unit-0.0.0-py3.11.egg-info' (and everything under it)
[7.412s] Copying ../../build/processor_unit/processor_unit.egg-info to /home/raspi-earth/project_ws/install/processor_unit/lib/python3.11/site-packages/processor_unit-0.0.0-py3.11.egg-info
[7.420s] running install_scripts
[7.711s] Installing camera_back script to /home/raspi-earth/project_ws/install/processor_unit/lib/processor_unit
[7.711s] Installing camera_front script to /home/raspi-earth/project_ws/install/processor_unit/lib/processor_unit
[7.712s] Installing esp32_bridge_node script to /home/raspi-earth/project_ws/install/processor_unit/lib/processor_unit
[7.713s] Installing main_processor script to /home/raspi-earth/project_ws/install/processor_unit/lib/processor_unit
[7.714s] Installing steam_cam script to /home/raspi-earth/project_ws/install/processor_unit/lib/processor_unit
[7.715s] Installing test script to /home/raspi-earth/project_ws/install/processor_unit/lib/processor_unit
[7.718s] Installing uart_command_and_status_to_pi5 script to /home/raspi-earth/project_ws/install/processor_unit/lib/processor_unit
[7.718s] Installing uart_zero_two_w script to /home/raspi-earth/project_ws/install/processor_unit/lib/processor_unit
[7.719s] writing list of installed files to '/home/raspi-earth/project_ws/build/processor_unit/install.log'
[7.892s] Invoked command in '/home/raspi-earth/project_ws/src/processor_unit' returned '0': PYTHONPATH=/home/raspi-earth/project_ws/build/processor_unit/prefix_override:/usr/lib/python3/dist-packages/colcon_core/task/python/colcon_distutils_commands:/home/raspi-earth/project_ws/install/processor_unit/lib/python3.11/site-packages:${PYTHONPATH} /usr/bin/python3 -W ignore:setup.py install is deprecated -W ignore:easy_install command is deprecated setup.py egg_info --egg-base ../../build/processor_unit build --build-base /home/raspi-earth/project_ws/build/processor_unit/build install --record /home/raspi-earth/project_ws/build/processor_unit/install.log --single-version-externally-managed install_data
