[6.795s] Invoking command in '/home/raspi-earth/project_ws/src/motor_control': PYTHONPATH=/home/raspi-earth/project_ws/build/motor_control/prefix_override:/usr/lib/python3/dist-packages/colcon_core/task/python/colcon_distutils_commands:/home/raspi-earth/project_ws/install/motor_control/lib/python3.11/site-packages:${PYTHONPATH} /usr/bin/python3 -W ignore:setup.py install is deprecated -W ignore:easy_install command is deprecated setup.py egg_info --egg-base ../../build/motor_control build --build-base /home/raspi-earth/project_ws/build/motor_control/build install --record /home/raspi-earth/project_ws/build/motor_control/install.log --single-version-externally-managed install_data
[8.289s] running egg_info
[8.378s] writing ../../build/motor_control/motor_control.egg-info/PKG-INFO
[8.378s] writing dependency_links to ../../build/motor_control/motor_control.egg-info/dependency_links.txt
[8.379s] writing entry points to ../../build/motor_control/motor_control.egg-info/entry_points.txt
[8.380s] writing requirements to ../../build/motor_control/motor_control.egg-info/requires.txt
[8.381s] writing top-level names to ../../build/motor_control/motor_control.egg-info/top_level.txt
[8.476s] reading manifest file '../../build/motor_control/motor_control.egg-info/SOURCES.txt'
[8.477s] adding license file 'LICENSE'
[8.478s] writing manifest file '../../build/motor_control/motor_control.egg-info/SOURCES.txt'
[8.479s] running build
[8.479s] running build_py
[8.482s] running install
[8.507s] running install_lib
[8.601s] running install_data
[8.601s] running install_egg_info
[8.782s] removing '/home/raspi-earth/project_ws/install/motor_control/lib/python3.11/site-packages/motor_control-0.0.0-py3.11.egg-info' (and everything under it)
[8.782s] Copying ../../build/motor_control/motor_control.egg-info to /home/raspi-earth/project_ws/install/motor_control/lib/python3.11/site-packages/motor_control-0.0.0-py3.11.egg-info
[8.789s] running install_scripts
[9.051s] Installing joint1_node script to /home/raspi-earth/project_ws/install/motor_control/lib/motor_control
[9.059s] Installing joint2_node script to /home/raspi-earth/project_ws/install/motor_control/lib/motor_control
[9.061s] Installing joint3_node script to /home/raspi-earth/project_ws/install/motor_control/lib/motor_control
[9.062s] Installing servodrive script to /home/raspi-earth/project_ws/install/motor_control/lib/motor_control
[9.064s] Installing stepmotor1 script to /home/raspi-earth/project_ws/install/motor_control/lib/motor_control
[9.069s] Installing stepmotor2 script to /home/raspi-earth/project_ws/install/motor_control/lib/motor_control
[9.070s] Installing stepmotor3 script to /home/raspi-earth/project_ws/install/motor_control/lib/motor_control
[9.070s] writing list of installed files to '/home/raspi-earth/project_ws/build/motor_control/install.log'
[9.348s] Invoked command in '/home/raspi-earth/project_ws/src/motor_control' returned '0': PYTHONPATH=/home/raspi-earth/project_ws/build/motor_control/prefix_override:/usr/lib/python3/dist-packages/colcon_core/task/python/colcon_distutils_commands:/home/raspi-earth/project_ws/install/motor_control/lib/python3.11/site-packages:${PYTHONPATH} /usr/bin/python3 -W ignore:setup.py install is deprecated -W ignore:easy_install command is deprecated setup.py egg_info --egg-base ../../build/motor_control build --build-base /home/raspi-earth/project_ws/build/motor_control/build install --record /home/raspi-earth/project_ws/build/motor_control/install.log --single-version-externally-managed install_data
