[7.012s] Invoking command in '/home/raspi-earth/project_ws/src/processor_unit': PYTHONPATH=/home/raspi-earth/project_ws/build/processor_unit/prefix_override:/usr/lib/python3/dist-packages/colcon_core/task/python/colcon_distutils_commands:/home/raspi-earth/project_ws/install/processor_unit/lib/python3.11/site-packages:${PYTHONPATH} /usr/bin/python3 -W ignore:setup.py install is deprecated -W ignore:easy_install command is deprecated setup.py egg_info --egg-base ../../build/processor_unit build --build-base /home/raspi-earth/project_ws/build/processor_unit/build install --record /home/raspi-earth/project_ws/build/processor_unit/install.log --single-version-externally-managed install_data
[9.155s] running egg_info
[9.244s] writing ../../build/processor_unit/processor_unit.egg-info/PKG-INFO
[9.249s] writing dependency_links to ../../build/processor_unit/processor_unit.egg-info/dependency_links.txt
[9.249s] writing entry points to ../../build/processor_unit/processor_unit.egg-info/entry_points.txt
[9.250s] writing requirements to ../../build/processor_unit/processor_unit.egg-info/requires.txt
[9.251s] writing top-level names to ../../build/processor_unit/processor_unit.egg-info/top_level.txt
[9.387s] reading manifest file '../../build/processor_unit/processor_unit.egg-info/SOURCES.txt'
[9.389s] adding license file 'LICENSE'
[9.391s] writing manifest file '../../build/processor_unit/processor_unit.egg-info/SOURCES.txt'
[9.393s] running build
[9.394s] running build_py
[9.395s] copying processor_unit/camera_front.py -> /home/raspi-earth/project_ws/build/processor_unit/build/lib/processor_unit
[9.399s] copying processor_unit/camera_back.py -> /home/raspi-earth/project_ws/build/processor_unit/build/lib/processor_unit
[9.401s] copying processor_unit/steam_opencv.py -> /home/raspi-earth/project_ws/build/processor_unit/build/lib/processor_unit
[9.402s] running install
[9.424s] running install_lib
[9.493s] copying /home/raspi-earth/project_ws/build/processor_unit/build/lib/processor_unit/camera_front.py -> /home/raspi-earth/project_ws/install/processor_unit/lib/python3.11/site-packages/processor_unit
[9.494s] copying /home/raspi-earth/project_ws/build/processor_unit/build/lib/processor_unit/camera_back.py -> /home/raspi-earth/project_ws/install/processor_unit/lib/python3.11/site-packages/processor_unit
[9.495s] copying /home/raspi-earth/project_ws/build/processor_unit/build/lib/processor_unit/steam_opencv.py -> /home/raspi-earth/project_ws/install/processor_unit/lib/python3.11/site-packages/processor_unit
[9.500s] byte-compiling /home/raspi-earth/project_ws/install/processor_unit/lib/python3.11/site-packages/processor_unit/camera_front.py to camera_front.cpython-311.pyc
[9.503s] byte-compiling /home/raspi-earth/project_ws/install/processor_unit/lib/python3.11/site-packages/processor_unit/camera_back.py to camera_back.cpython-311.pyc
[9.506s] byte-compiling /home/raspi-earth/project_ws/install/processor_unit/lib/python3.11/site-packages/processor_unit/steam_opencv.py to steam_opencv.cpython-311.pyc
[9.512s] running install_data
[9.515s] running install_egg_info
[9.673s] removing '/home/raspi-earth/project_ws/install/processor_unit/lib/python3.11/site-packages/processor_unit-0.0.0-py3.11.egg-info' (and everything under it)
[9.679s] Copying ../../build/processor_unit/processor_unit.egg-info to /home/raspi-earth/project_ws/install/processor_unit/lib/python3.11/site-packages/processor_unit-0.0.0-py3.11.egg-info
[9.681s] running install_scripts
[9.970s] Installing camera_back script to /home/raspi-earth/project_ws/install/processor_unit/lib/processor_unit
[9.970s] Installing camera_front script to /home/raspi-earth/project_ws/install/processor_unit/lib/processor_unit
[9.972s] Installing esp32_bridge_node script to /home/raspi-earth/project_ws/install/processor_unit/lib/processor_unit
[9.973s] Installing force_receiver_node script to /home/raspi-earth/project_ws/install/processor_unit/lib/processor_unit
[9.973s] Installing main_processor script to /home/raspi-earth/project_ws/install/processor_unit/lib/processor_unit
[9.974s] Installing steam_cam script to /home/raspi-earth/project_ws/install/processor_unit/lib/processor_unit
[9.975s] Installing test script to /home/raspi-earth/project_ws/install/processor_unit/lib/processor_unit
[9.988s] Installing uart_command_and_status_to_pi5 script to /home/raspi-earth/project_ws/install/processor_unit/lib/processor_unit
[9.992s] Installing uart_zero_two_w script to /home/raspi-earth/project_ws/install/processor_unit/lib/processor_unit
[10.000s] writing list of installed files to '/home/raspi-earth/project_ws/build/processor_unit/install.log'
[10.311s] Invoked command in '/home/raspi-earth/project_ws/src/processor_unit' returned '0': PYTHONPATH=/home/raspi-earth/project_ws/build/processor_unit/prefix_override:/usr/lib/python3/dist-packages/colcon_core/task/python/colcon_distutils_commands:/home/raspi-earth/project_ws/install/processor_unit/lib/python3.11/site-packages:${PYTHONPATH} /usr/bin/python3 -W ignore:setup.py install is deprecated -W ignore:easy_install command is deprecated setup.py egg_info --egg-base ../../build/processor_unit build --build-base /home/raspi-earth/project_ws/build/processor_unit/build install --record /home/raspi-earth/project_ws/build/processor_unit/install.log --single-version-externally-managed install_data
