[12.965s] Invoking command in '/home/raspi-earth/project_ws/src/motor_control': PYTHONPATH=/home/raspi-earth/project_ws/build/motor_control/prefix_override:/usr/lib/python3/dist-packages/colcon_core/task/python/colcon_distutils_commands:/home/raspi-earth/project_ws/install/motor_control/lib/python3.11/site-packages:${PYTHONPATH} /usr/bin/python3 -W ignore:setup.py install is deprecated -W ignore:easy_install command is deprecated setup.py egg_info --egg-base ../../build/motor_control build --build-base /home/raspi-earth/project_ws/build/motor_control/build install --record /home/raspi-earth/project_ws/build/motor_control/install.log --single-version-externally-managed install_data
[15.988s] running egg_info
[16.152s] writing ../../build/motor_control/motor_control.egg-info/PKG-INFO
[16.153s] writing dependency_links to ../../build/motor_control/motor_control.egg-info/dependency_links.txt
[16.154s] writing entry points to ../../build/motor_control/motor_control.egg-info/entry_points.txt
[16.155s] writing requirements to ../../build/motor_control/motor_control.egg-info/requires.txt
[16.155s] writing top-level names to ../../build/motor_control/motor_control.egg-info/top_level.txt
[16.370s] reading manifest file '../../build/motor_control/motor_control.egg-info/SOURCES.txt'
[16.373s] adding license file 'LICENSE'
[16.383s] writing manifest file '../../build/motor_control/motor_control.egg-info/SOURCES.txt'
[16.384s] running build
[16.384s] running build_py
[16.384s] copying motor_control/joint1_node.py -> /home/raspi-earth/project_ws/build/motor_control/build/lib/motor_control
[16.384s] running install
[16.406s] running install_lib
[16.539s] copying /home/raspi-earth/project_ws/build/motor_control/build/lib/motor_control/joint1_node.py -> /home/raspi-earth/project_ws/install/motor_control/lib/python3.11/site-packages/motor_control
[16.562s] byte-compiling /home/raspi-earth/project_ws/install/motor_control/lib/python3.11/site-packages/motor_control/joint1_node.py to joint1_node.cpython-311.pyc
[16.592s] running install_data
[16.592s] running install_egg_info
[17.108s] removing '/home/raspi-earth/project_ws/install/motor_control/lib/python3.11/site-packages/motor_control-0.0.0-py3.11.egg-info' (and everything under it)
[17.120s] Copying ../../build/motor_control/motor_control.egg-info to /home/raspi-earth/project_ws/install/motor_control/lib/python3.11/site-packages/motor_control-0.0.0-py3.11.egg-info
[17.120s] running install_scripts
[17.586s] Installing joint1_node script to /home/raspi-earth/project_ws/install/motor_control/lib/motor_control
[17.586s] Installing joint2_node script to /home/raspi-earth/project_ws/install/motor_control/lib/motor_control
[17.586s] Installing joint3_node script to /home/raspi-earth/project_ws/install/motor_control/lib/motor_control
[17.586s] Installing servodrive script to /home/raspi-earth/project_ws/install/motor_control/lib/motor_control
[17.587s] Installing stepmotor1 script to /home/raspi-earth/project_ws/install/motor_control/lib/motor_control
[17.587s] Installing stepmotor2 script to /home/raspi-earth/project_ws/install/motor_control/lib/motor_control
[17.587s] Installing stepmotor3 script to /home/raspi-earth/project_ws/install/motor_control/lib/motor_control
[17.587s] writing list of installed files to '/home/raspi-earth/project_ws/build/motor_control/install.log'
[17.817s] Invoked command in '/home/raspi-earth/project_ws/src/motor_control' returned '0': PYTHONPATH=/home/raspi-earth/project_ws/build/motor_control/prefix_override:/usr/lib/python3/dist-packages/colcon_core/task/python/colcon_distutils_commands:/home/raspi-earth/project_ws/install/motor_control/lib/python3.11/site-packages:${PYTHONPATH} /usr/bin/python3 -W ignore:setup.py install is deprecated -W ignore:easy_install command is deprecated setup.py egg_info --egg-base ../../build/motor_control build --build-base /home/raspi-earth/project_ws/build/motor_control/build install --record /home/raspi-earth/project_ws/build/motor_control/install.log --single-version-externally-managed install_data
