[0.093s] DEBUG:colcon:Command line arguments: ['/usr/bin/colcon', 'build']
[0.093s] DEBUG:colcon:Parsed command line arguments: Namespace(log_base=None, log_level=None, verb_name='build', build_base='build', install_base='install', merge_install=False, symlink_install=False, test_result_base=None, continue_on_error=False, executor='parallel', parallel_workers=8, event_handlers=None, ignore_user_meta=False, metas=['./colcon.meta'], base_paths=['.'], packages_ignore=None, packages_ignore_regex=None, paths=None, packages_up_to=None, packages_up_to_regex=None, packages_above=None, packages_above_and_dependencies=None, packages_above_depth=None, packages_select_by_dep=None, packages_skip_by_dep=None, packages_skip_up_to=None, packages_select_build_failed=False, packages_skip_build_finished=False, packages_select_test_failures=False, packages_skip_test_passed=False, packages_select=None, packages_skip=None, packages_select_regex=None, packages_skip_regex=None, packages_start=None, packages_end=None, allow_overriding=[], cmake_args=None, cmake_target=None, cmake_target_skip_unavailable=False, cmake_clean_cache=False, cmake_clean_first=False, cmake_force_configure=False, ament_cmake_args=None, catkin_cmake_args=None, catkin_skip_building_tests=False, mixin_files=None, mixin=None, verb_parser=<colcon_mixin.mixin.mixin_argument.MixinArgumentDecorator object at 0x70d89e7e3ee0>, verb_extension=<colcon_core.verb.build.BuildVerb object at 0x70d89e7e3a30>, main=<bound method BuildVerb.main of <colcon_core.verb.build.BuildVerb object at 0x70d89e7e3a30>>, mixin_verb=('build',))
[0.241s] Level 1:colcon.colcon_core.package_discovery:discover_packages(colcon_meta) check parameters
[0.241s] Level 1:colcon.colcon_core.package_discovery:discover_packages(recursive) check parameters
[0.241s] Level 1:colcon.colcon_core.package_discovery:discover_packages(ignore) check parameters
[0.241s] Level 1:colcon.colcon_core.package_discovery:discover_packages(path) check parameters
[0.241s] Level 1:colcon.colcon_core.package_discovery:discover_packages(colcon_meta) discover
[0.241s] Level 1:colcon.colcon_core.package_discovery:discover_packages(recursive) discover
[0.241s] INFO:colcon.colcon_core.package_discovery:Crawling recursively for packages in '/home/erthirarat/Desktop/Senior_Project-WhitePost-Main_Arm'
[0.241s] Level 1:colcon.colcon_core.package_identification:_identify(.) by extensions ['ignore', 'ignore_ament_install']
[0.241s] Level 1:colcon.colcon_core.package_identification:_identify(.) by extension 'ignore'
[0.241s] Level 1:colcon.colcon_core.package_identification:_identify(.) by extension 'ignore_ament_install'
[0.241s] Level 1:colcon.colcon_core.package_identification:_identify(.) by extensions ['colcon_pkg']
[0.241s] Level 1:colcon.colcon_core.package_identification:_identify(.) by extension 'colcon_pkg'
[0.241s] Level 1:colcon.colcon_core.package_identification:_identify(.) by extensions ['colcon_meta']
[0.241s] Level 1:colcon.colcon_core.package_identification:_identify(.) by extension 'colcon_meta'
[0.241s] Level 1:colcon.colcon_core.package_identification:_identify(.) by extensions ['ros']
[0.241s] Level 1:colcon.colcon_core.package_identification:_identify(.) by extension 'ros'
[0.250s] Level 1:colcon.colcon_core.package_identification:_identify(.) by extensions ['cmake', 'python']
[0.251s] Level 1:colcon.colcon_core.package_identification:_identify(.) by extension 'cmake'
[0.251s] Level 1:colcon.colcon_core.package_identification:_identify(.) by extension 'python'
[0.251s] Level 1:colcon.colcon_core.package_identification:_identify(.) by extensions ['python_setup_py']
[0.251s] Level 1:colcon.colcon_core.package_identification:_identify(.) by extension 'python_setup_py'
[0.251s] Level 1:colcon.colcon_core.package_identification:_identify(build) by extensions ['ignore', 'ignore_ament_install']
[0.251s] Level 1:colcon.colcon_core.package_identification:_identify(build) by extension 'ignore'
[0.251s] Level 1:colcon.colcon_core.package_identification:_identify(build) ignored
[0.251s] Level 1:colcon.colcon_core.package_identification:_identify(install) by extensions ['ignore', 'ignore_ament_install']
[0.251s] Level 1:colcon.colcon_core.package_identification:_identify(install) by extension 'ignore'
[0.251s] Level 1:colcon.colcon_core.package_identification:_identify(install) ignored
[0.251s] Level 1:colcon.colcon_core.package_identification:_identify(log) by extensions ['ignore', 'ignore_ament_install']
[0.251s] Level 1:colcon.colcon_core.package_identification:_identify(log) by extension 'ignore'
[0.251s] Level 1:colcon.colcon_core.package_identification:_identify(log) ignored
[0.251s] Level 1:colcon.colcon_core.package_identification:_identify(src) by extensions ['ignore', 'ignore_ament_install']
[0.252s] Level 1:colcon.colcon_core.package_identification:_identify(src) by extension 'ignore'
[0.252s] Level 1:colcon.colcon_core.package_identification:_identify(src) by extension 'ignore_ament_install'
[0.252s] Level 1:colcon.colcon_core.package_identification:_identify(src) by extensions ['colcon_pkg']
[0.252s] Level 1:colcon.colcon_core.package_identification:_identify(src) by extension 'colcon_pkg'
[0.252s] Level 1:colcon.colcon_core.package_identification:_identify(src) by extensions ['colcon_meta']
[0.252s] Level 1:colcon.colcon_core.package_identification:_identify(src) by extension 'colcon_meta'
[0.252s] Level 1:colcon.colcon_core.package_identification:_identify(src) by extensions ['ros']
[0.252s] Level 1:colcon.colcon_core.package_identification:_identify(src) by extension 'ros'
[0.252s] Level 1:colcon.colcon_core.package_identification:_identify(src) by extensions ['cmake', 'python']
[0.252s] Level 1:colcon.colcon_core.package_identification:_identify(src) by extension 'cmake'
[0.252s] Level 1:colcon.colcon_core.package_identification:_identify(src) by extension 'python'
[0.252s] Level 1:colcon.colcon_core.package_identification:_identify(src) by extensions ['python_setup_py']
[0.252s] Level 1:colcon.colcon_core.package_identification:_identify(src) by extension 'python_setup_py'
[0.252s] Level 1:colcon.colcon_core.package_identification:_identify(src/encoder_unit) by extensions ['ignore', 'ignore_ament_install']
[0.252s] Level 1:colcon.colcon_core.package_identification:_identify(src/encoder_unit) by extension 'ignore'
[0.252s] Level 1:colcon.colcon_core.package_identification:_identify(src/encoder_unit) by extension 'ignore_ament_install'
[0.252s] Level 1:colcon.colcon_core.package_identification:_identify(src/encoder_unit) by extensions ['colcon_pkg']
[0.252s] Level 1:colcon.colcon_core.package_identification:_identify(src/encoder_unit) by extension 'colcon_pkg'
[0.252s] Level 1:colcon.colcon_core.package_identification:_identify(src/encoder_unit) by extensions ['colcon_meta']
[0.252s] Level 1:colcon.colcon_core.package_identification:_identify(src/encoder_unit) by extension 'colcon_meta'
[0.252s] Level 1:colcon.colcon_core.package_identification:_identify(src/encoder_unit) by extensions ['ros']
[0.252s] Level 1:colcon.colcon_core.package_identification:_identify(src/encoder_unit) by extension 'ros'
[0.254s] DEBUG:colcon.colcon_core.package_identification:Package 'src/encoder_unit' with type 'ros.ament_python' and name 'encoder_unit'
[0.254s] Level 1:colcon.colcon_core.package_identification:_identify(src/esp32_firmware) by extensions ['ignore', 'ignore_ament_install']
[0.254s] Level 1:colcon.colcon_core.package_identification:_identify(src/esp32_firmware) by extension 'ignore'
[0.255s] Level 1:colcon.colcon_core.package_identification:_identify(src/esp32_firmware) by extension 'ignore_ament_install'
[0.255s] Level 1:colcon.colcon_core.package_identification:_identify(src/esp32_firmware) by extensions ['colcon_pkg']
[0.255s] Level 1:colcon.colcon_core.package_identification:_identify(src/esp32_firmware) by extension 'colcon_pkg'
[0.255s] Level 1:colcon.colcon_core.package_identification:_identify(src/esp32_firmware) by extensions ['colcon_meta']
[0.255s] Level 1:colcon.colcon_core.package_identification:_identify(src/esp32_firmware) by extension 'colcon_meta'
[0.255s] Level 1:colcon.colcon_core.package_identification:_identify(src/esp32_firmware) by extensions ['ros']
[0.255s] Level 1:colcon.colcon_core.package_identification:_identify(src/esp32_firmware) by extension 'ros'
[0.255s] Level 1:colcon.colcon_core.package_identification:_identify(src/esp32_firmware) by extensions ['cmake', 'python']
[0.255s] Level 1:colcon.colcon_core.package_identification:_identify(src/esp32_firmware) by extension 'cmake'
[0.255s] Level 1:colcon.colcon_core.package_identification:_identify(src/esp32_firmware) by extension 'python'
[0.255s] Level 1:colcon.colcon_core.package_identification:_identify(src/esp32_firmware) by extensions ['python_setup_py']
[0.255s] Level 1:colcon.colcon_core.package_identification:_identify(src/esp32_firmware) by extension 'python_setup_py'
[0.255s] Level 1:colcon.colcon_core.package_identification:_identify(src/esp32_firmware/esp32_read_i2c) by extensions ['ignore', 'ignore_ament_install']
[0.255s] Level 1:colcon.colcon_core.package_identification:_identify(src/esp32_firmware/esp32_read_i2c) by extension 'ignore'
[0.255s] Level 1:colcon.colcon_core.package_identification:_identify(src/esp32_firmware/esp32_read_i2c) by extension 'ignore_ament_install'
[0.255s] Level 1:colcon.colcon_core.package_identification:_identify(src/esp32_firmware/esp32_read_i2c) by extensions ['colcon_pkg']
[0.255s] Level 1:colcon.colcon_core.package_identification:_identify(src/esp32_firmware/esp32_read_i2c) by extension 'colcon_pkg'
[0.255s] Level 1:colcon.colcon_core.package_identification:_identify(src/esp32_firmware/esp32_read_i2c) by extensions ['colcon_meta']
[0.255s] Level 1:colcon.colcon_core.package_identification:_identify(src/esp32_firmware/esp32_read_i2c) by extension 'colcon_meta'
[0.255s] Level 1:colcon.colcon_core.package_identification:_identify(src/esp32_firmware/esp32_read_i2c) by extensions ['ros']
[0.255s] Level 1:colcon.colcon_core.package_identification:_identify(src/esp32_firmware/esp32_read_i2c) by extension 'ros'
[0.256s] Level 1:colcon.colcon_core.package_identification:_identify(src/esp32_firmware/esp32_read_i2c) by extensions ['cmake', 'python']
[0.256s] Level 1:colcon.colcon_core.package_identification:_identify(src/esp32_firmware/esp32_read_i2c) by extension 'cmake'
[0.256s] Level 1:colcon.colcon_core.package_identification:_identify(src/esp32_firmware/esp32_read_i2c) by extension 'python'
[0.256s] Level 1:colcon.colcon_core.package_identification:_identify(src/esp32_firmware/esp32_read_i2c) by extensions ['python_setup_py']
[0.256s] Level 1:colcon.colcon_core.package_identification:_identify(src/esp32_firmware/esp32_read_i2c) by extension 'python_setup_py'
[0.256s] Level 1:colcon.colcon_core.package_identification:_identify(src/launch_project) by extensions ['ignore', 'ignore_ament_install']
[0.256s] Level 1:colcon.colcon_core.package_identification:_identify(src/launch_project) by extension 'ignore'
[0.256s] Level 1:colcon.colcon_core.package_identification:_identify(src/launch_project) by extension 'ignore_ament_install'
[0.256s] Level 1:colcon.colcon_core.package_identification:_identify(src/launch_project) by extensions ['colcon_pkg']
[0.256s] Level 1:colcon.colcon_core.package_identification:_identify(src/launch_project) by extension 'colcon_pkg'
[0.256s] Level 1:colcon.colcon_core.package_identification:_identify(src/launch_project) by extensions ['colcon_meta']
[0.256s] Level 1:colcon.colcon_core.package_identification:_identify(src/launch_project) by extension 'colcon_meta'
[0.256s] Level 1:colcon.colcon_core.package_identification:_identify(src/launch_project) by extensions ['ros']
[0.256s] Level 1:colcon.colcon_core.package_identification:_identify(src/launch_project) by extension 'ros'
[0.256s] DEBUG:colcon.colcon_core.package_identification:Package 'src/launch_project' with type 'ros.ament_python' and name 'launch_project'
[0.257s] Level 1:colcon.colcon_core.package_identification:_identify(src/motor_control) by extensions ['ignore', 'ignore_ament_install']
[0.257s] Level 1:colcon.colcon_core.package_identification:_identify(src/motor_control) by extension 'ignore'
[0.257s] Level 1:colcon.colcon_core.package_identification:_identify(src/motor_control) by extension 'ignore_ament_install'
[0.257s] Level 1:colcon.colcon_core.package_identification:_identify(src/motor_control) by extensions ['colcon_pkg']
[0.257s] Level 1:colcon.colcon_core.package_identification:_identify(src/motor_control) by extension 'colcon_pkg'
[0.257s] Level 1:colcon.colcon_core.package_identification:_identify(src/motor_control) by extensions ['colcon_meta']
[0.257s] Level 1:colcon.colcon_core.package_identification:_identify(src/motor_control) by extension 'colcon_meta'
[0.257s] Level 1:colcon.colcon_core.package_identification:_identify(src/motor_control) by extensions ['ros']
[0.257s] Level 1:colcon.colcon_core.package_identification:_identify(src/motor_control) by extension 'ros'
[0.257s] DEBUG:colcon.colcon_core.package_identification:Package 'src/motor_control' with type 'ros.ament_python' and name 'motor_control'
[0.258s] Level 1:colcon.colcon_core.package_identification:_identify(src/processor_unit) by extensions ['ignore', 'ignore_ament_install']
[0.258s] Level 1:colcon.colcon_core.package_identification:_identify(src/processor_unit) by extension 'ignore'
[0.258s] Level 1:colcon.colcon_core.package_identification:_identify(src/processor_unit) by extension 'ignore_ament_install'
[0.258s] Level 1:colcon.colcon_core.package_identification:_identify(src/processor_unit) by extensions ['colcon_pkg']
[0.258s] Level 1:colcon.colcon_core.package_identification:_identify(src/processor_unit) by extension 'colcon_pkg'
[0.258s] Level 1:colcon.colcon_core.package_identification:_identify(src/processor_unit) by extensions ['colcon_meta']
[0.258s] Level 1:colcon.colcon_core.package_identification:_identify(src/processor_unit) by extension 'colcon_meta'
[0.258s] Level 1:colcon.colcon_core.package_identification:_identify(src/processor_unit) by extensions ['ros']
[0.258s] Level 1:colcon.colcon_core.package_identification:_identify(src/processor_unit) by extension 'ros'
[0.258s] DEBUG:colcon.colcon_core.package_identification:Package 'src/processor_unit' with type 'ros.ament_python' and name 'processor_unit'
[0.258s] Level 1:colcon.colcon_core.package_identification:_identify(src/whitepost_description) by extensions ['ignore', 'ignore_ament_install']
[0.258s] Level 1:colcon.colcon_core.package_identification:_identify(src/whitepost_description) by extension 'ignore'
[0.259s] Level 1:colcon.colcon_core.package_identification:_identify(src/whitepost_description) by extension 'ignore_ament_install'
[0.259s] Level 1:colcon.colcon_core.package_identification:_identify(src/whitepost_description) by extensions ['colcon_pkg']
[0.259s] Level 1:colcon.colcon_core.package_identification:_identify(src/whitepost_description) by extension 'colcon_pkg'
[0.259s] Level 1:colcon.colcon_core.package_identification:_identify(src/whitepost_description) by extensions ['colcon_meta']
[0.259s] Level 1:colcon.colcon_core.package_identification:_identify(src/whitepost_description) by extension 'colcon_meta'
[0.259s] Level 1:colcon.colcon_core.package_identification:_identify(src/whitepost_description) by extensions ['ros']
[0.259s] Level 1:colcon.colcon_core.package_identification:_identify(src/whitepost_description) by extension 'ros'
[0.259s] DEBUG:colcon.colcon_core.package_identification:Package 'src/whitepost_description' with type 'ros.ament_cmake' and name 'whitepost_description'
[0.259s] Level 1:colcon.colcon_core.package_discovery:discover_packages(recursive) using defaults
[0.259s] Level 1:colcon.colcon_core.package_discovery:discover_packages(ignore) discover
[0.259s] Level 1:colcon.colcon_core.package_discovery:discover_packages(ignore) using defaults
[0.259s] Level 1:colcon.colcon_core.package_discovery:discover_packages(path) discover
[0.259s] Level 1:colcon.colcon_core.package_discovery:discover_packages(path) using defaults
[0.285s] Level 1:colcon.colcon_core.package_discovery:discover_packages(prefix_path) check parameters
[0.285s] Level 1:colcon.colcon_core.package_discovery:discover_packages(prefix_path) discover
[0.286s] DEBUG:colcon.colcon_installed_package_information.package_discovery:Found 5 installed packages in /home/erthirarat/Desktop/Senior_Project-WhitePost-Main_Arm/install
[0.288s] DEBUG:colcon.colcon_installed_package_information.package_discovery:Found 325 installed packages in /opt/ros/humble
[0.289s] Level 1:colcon.colcon_core.package_discovery:discover_packages(prefix_path) using defaults
[0.326s] Level 5:colcon.colcon_core.verb:set package 'encoder_unit' build argument 'cmake_args' from command line to 'None'
[0.326s] Level 5:colcon.colcon_core.verb:set package 'encoder_unit' build argument 'cmake_target' from command line to 'None'
[0.326s] Level 5:colcon.colcon_core.verb:set package 'encoder_unit' build argument 'cmake_target_skip_unavailable' from command line to 'False'
[0.326s] Level 5:colcon.colcon_core.verb:set package 'encoder_unit' build argument 'cmake_clean_cache' from command line to 'False'
[0.326s] Level 5:colcon.colcon_core.verb:set package 'encoder_unit' build argument 'cmake_clean_first' from command line to 'False'
[0.326s] Level 5:colcon.colcon_core.verb:set package 'encoder_unit' build argument 'cmake_force_configure' from command line to 'False'
[0.326s] Level 5:colcon.colcon_core.verb:set package 'encoder_unit' build argument 'ament_cmake_args' from command line to 'None'
[0.326s] Level 5:colcon.colcon_core.verb:set package 'encoder_unit' build argument 'catkin_cmake_args' from command line to 'None'
[0.326s] Level 5:colcon.colcon_core.verb:set package 'encoder_unit' build argument 'catkin_skip_building_tests' from command line to 'False'
[0.326s] DEBUG:colcon.colcon_core.verb:Building package 'encoder_unit' with the following arguments: {'ament_cmake_args': None, 'build_base': '/home/erthirarat/Desktop/Senior_Project-WhitePost-Main_Arm/build/encoder_unit', 'catkin_cmake_args': None, 'catkin_skip_building_tests': False, 'cmake_args': None, 'cmake_clean_cache': False, 'cmake_clean_first': False, 'cmake_force_configure': False, 'cmake_target': None, 'cmake_target_skip_unavailable': False, 'install_base': '/home/erthirarat/Desktop/Senior_Project-WhitePost-Main_Arm/install/encoder_unit', 'merge_install': False, 'path': '/home/erthirarat/Desktop/Senior_Project-WhitePost-Main_Arm/src/encoder_unit', 'symlink_install': False, 'test_result_base': None}
[0.327s] Level 5:colcon.colcon_core.verb:set package 'launch_project' build argument 'cmake_args' from command line to 'None'
[0.327s] Level 5:colcon.colcon_core.verb:set package 'launch_project' build argument 'cmake_target' from command line to 'None'
[0.327s] Level 5:colcon.colcon_core.verb:set package 'launch_project' build argument 'cmake_target_skip_unavailable' from command line to 'False'
[0.327s] Level 5:colcon.colcon_core.verb:set package 'launch_project' build argument 'cmake_clean_cache' from command line to 'False'
[0.327s] Level 5:colcon.colcon_core.verb:set package 'launch_project' build argument 'cmake_clean_first' from command line to 'False'
[0.327s] Level 5:colcon.colcon_core.verb:set package 'launch_project' build argument 'cmake_force_configure' from command line to 'False'
[0.327s] Level 5:colcon.colcon_core.verb:set package 'launch_project' build argument 'ament_cmake_args' from command line to 'None'
[0.327s] Level 5:colcon.colcon_core.verb:set package 'launch_project' build argument 'catkin_cmake_args' from command line to 'None'
[0.327s] Level 5:colcon.colcon_core.verb:set package 'launch_project' build argument 'catkin_skip_building_tests' from command line to 'False'
[0.327s] DEBUG:colcon.colcon_core.verb:Building package 'launch_project' with the following arguments: {'ament_cmake_args': None, 'build_base': '/home/erthirarat/Desktop/Senior_Project-WhitePost-Main_Arm/build/launch_project', 'catkin_cmake_args': None, 'catkin_skip_building_tests': False, 'cmake_args': None, 'cmake_clean_cache': False, 'cmake_clean_first': False, 'cmake_force_configure': False, 'cmake_target': None, 'cmake_target_skip_unavailable': False, 'install_base': '/home/erthirarat/Desktop/Senior_Project-WhitePost-Main_Arm/install/launch_project', 'merge_install': False, 'path': '/home/erthirarat/Desktop/Senior_Project-WhitePost-Main_Arm/src/launch_project', 'symlink_install': False, 'test_result_base': None}
[0.327s] Level 5:colcon.colcon_core.verb:set package 'motor_control' build argument 'cmake_args' from command line to 'None'
[0.327s] Level 5:colcon.colcon_core.verb:set package 'motor_control' build argument 'cmake_target' from command line to 'None'
[0.327s] Level 5:colcon.colcon_core.verb:set package 'motor_control' build argument 'cmake_target_skip_unavailable' from command line to 'False'
[0.327s] Level 5:colcon.colcon_core.verb:set package 'motor_control' build argument 'cmake_clean_cache' from command line to 'False'
[0.327s] Level 5:colcon.colcon_core.verb:set package 'motor_control' build argument 'cmake_clean_first' from command line to 'False'
[0.327s] Level 5:colcon.colcon_core.verb:set package 'motor_control' build argument 'cmake_force_configure' from command line to 'False'
[0.327s] Level 5:colcon.colcon_core.verb:set package 'motor_control' build argument 'ament_cmake_args' from command line to 'None'
[0.327s] Level 5:colcon.colcon_core.verb:set package 'motor_control' build argument 'catkin_cmake_args' from command line to 'None'
[0.327s] Level 5:colcon.colcon_core.verb:set package 'motor_control' build argument 'catkin_skip_building_tests' from command line to 'False'
[0.327s] DEBUG:colcon.colcon_core.verb:Building package 'motor_control' with the following arguments: {'ament_cmake_args': None, 'build_base': '/home/erthirarat/Desktop/Senior_Project-WhitePost-Main_Arm/build/motor_control', 'catkin_cmake_args': None, 'catkin_skip_building_tests': False, 'cmake_args': None, 'cmake_clean_cache': False, 'cmake_clean_first': False, 'cmake_force_configure': False, 'cmake_target': None, 'cmake_target_skip_unavailable': False, 'install_base': '/home/erthirarat/Desktop/Senior_Project-WhitePost-Main_Arm/install/motor_control', 'merge_install': False, 'path': '/home/erthirarat/Desktop/Senior_Project-WhitePost-Main_Arm/src/motor_control', 'symlink_install': False, 'test_result_base': None}
[0.328s] Level 5:colcon.colcon_core.verb:set package 'processor_unit' build argument 'cmake_args' from command line to 'None'
[0.328s] Level 5:colcon.colcon_core.verb:set package 'processor_unit' build argument 'cmake_target' from command line to 'None'
[0.328s] Level 5:colcon.colcon_core.verb:set package 'processor_unit' build argument 'cmake_target_skip_unavailable' from command line to 'False'
[0.328s] Level 5:colcon.colcon_core.verb:set package 'processor_unit' build argument 'cmake_clean_cache' from command line to 'False'
[0.328s] Level 5:colcon.colcon_core.verb:set package 'processor_unit' build argument 'cmake_clean_first' from command line to 'False'
[0.328s] Level 5:colcon.colcon_core.verb:set package 'processor_unit' build argument 'cmake_force_configure' from command line to 'False'
[0.328s] Level 5:colcon.colcon_core.verb:set package 'processor_unit' build argument 'ament_cmake_args' from command line to 'None'
[0.328s] Level 5:colcon.colcon_core.verb:set package 'processor_unit' build argument 'catkin_cmake_args' from command line to 'None'
[0.328s] Level 5:colcon.colcon_core.verb:set package 'processor_unit' build argument 'catkin_skip_building_tests' from command line to 'False'
[0.328s] DEBUG:colcon.colcon_core.verb:Building package 'processor_unit' with the following arguments: {'ament_cmake_args': None, 'build_base': '/home/erthirarat/Desktop/Senior_Project-WhitePost-Main_Arm/build/processor_unit', 'catkin_cmake_args': None, 'catkin_skip_building_tests': False, 'cmake_args': None, 'cmake_clean_cache': False, 'cmake_clean_first': False, 'cmake_force_configure': False, 'cmake_target': None, 'cmake_target_skip_unavailable': False, 'install_base': '/home/erthirarat/Desktop/Senior_Project-WhitePost-Main_Arm/install/processor_unit', 'merge_install': False, 'path': '/home/erthirarat/Desktop/Senior_Project-WhitePost-Main_Arm/src/processor_unit', 'symlink_install': False, 'test_result_base': None}
[0.328s] Level 5:colcon.colcon_core.verb:set package 'whitepost_description' build argument 'cmake_args' from command line to 'None'
[0.328s] Level 5:colcon.colcon_core.verb:set package 'whitepost_description' build argument 'cmake_target' from command line to 'None'
[0.328s] Level 5:colcon.colcon_core.verb:set package 'whitepost_description' build argument 'cmake_target_skip_unavailable' from command line to 'False'
[0.328s] Level 5:colcon.colcon_core.verb:set package 'whitepost_description' build argument 'cmake_clean_cache' from command line to 'False'
[0.328s] Level 5:colcon.colcon_core.verb:set package 'whitepost_description' build argument 'cmake_clean_first' from command line to 'False'
[0.328s] Level 5:colcon.colcon_core.verb:set package 'whitepost_description' build argument 'cmake_force_configure' from command line to 'False'
[0.328s] Level 5:colcon.colcon_core.verb:set package 'whitepost_description' build argument 'ament_cmake_args' from command line to 'None'
[0.328s] Level 5:colcon.colcon_core.verb:set package 'whitepost_description' build argument 'catkin_cmake_args' from command line to 'None'
[0.328s] Level 5:colcon.colcon_core.verb:set package 'whitepost_description' build argument 'catkin_skip_building_tests' from command line to 'False'
[0.329s] DEBUG:colcon.colcon_core.verb:Building package 'whitepost_description' with the following arguments: {'ament_cmake_args': None, 'build_base': '/home/erthirarat/Desktop/Senior_Project-WhitePost-Main_Arm/build/whitepost_description', 'catkin_cmake_args': None, 'catkin_skip_building_tests': False, 'cmake_args': None, 'cmake_clean_cache': False, 'cmake_clean_first': False, 'cmake_force_configure': False, 'cmake_target': None, 'cmake_target_skip_unavailable': False, 'install_base': '/home/erthirarat/Desktop/Senior_Project-WhitePost-Main_Arm/install/whitepost_description', 'merge_install': False, 'path': '/home/erthirarat/Desktop/Senior_Project-WhitePost-Main_Arm/src/whitepost_description', 'symlink_install': False, 'test_result_base': None}
[0.329s] INFO:colcon.colcon_core.executor:Executing jobs using 'parallel' executor
[0.329s] DEBUG:colcon.colcon_parallel_executor.executor.parallel:run_until_complete
[0.330s] INFO:colcon.colcon_ros.task.ament_python.build:Building ROS package in '/home/erthirarat/Desktop/Senior_Project-WhitePost-Main_Arm/src/encoder_unit' with build type 'ament_python'
[0.330s] Level 1:colcon.colcon_core.shell:create_environment_hook('encoder_unit', 'ament_prefix_path')
[0.331s] INFO:colcon.colcon_core.plugin_system:Skipping extension 'colcon_core.shell.bat': Not used on non-Windows systems
[0.332s] INFO:colcon.colcon_core.shell:Creating environment hook '/home/erthirarat/Desktop/Senior_Project-WhitePost-Main_Arm/install/encoder_unit/share/encoder_unit/hook/ament_prefix_path.ps1'
[0.332s] INFO:colcon.colcon_core.shell:Creating environment descriptor '/home/erthirarat/Desktop/Senior_Project-WhitePost-Main_Arm/install/encoder_unit/share/encoder_unit/hook/ament_prefix_path.dsv'
[0.333s] INFO:colcon.colcon_core.shell:Creating environment hook '/home/erthirarat/Desktop/Senior_Project-WhitePost-Main_Arm/install/encoder_unit/share/encoder_unit/hook/ament_prefix_path.sh'
[0.333s] INFO:colcon.colcon_core.shell:Skip shell extension 'powershell' for command environment: Not usable outside of PowerShell
[0.333s] DEBUG:colcon.colcon_core.shell:Skip shell extension 'dsv' for command environment
[0.336s] INFO:colcon.colcon_ros.task.ament_python.build:Building ROS package in '/home/erthirarat/Desktop/Senior_Project-WhitePost-Main_Arm/src/launch_project' with build type 'ament_python'
[0.336s] Level 1:colcon.colcon_core.shell:create_environment_hook('launch_project', 'ament_prefix_path')
[0.336s] INFO:colcon.colcon_core.shell:Creating environment hook '/home/erthirarat/Desktop/Senior_Project-WhitePost-Main_Arm/install/launch_project/share/launch_project/hook/ament_prefix_path.ps1'
[0.337s] INFO:colcon.colcon_core.shell:Creating environment descriptor '/home/erthirarat/Desktop/Senior_Project-WhitePost-Main_Arm/install/launch_project/share/launch_project/hook/ament_prefix_path.dsv'
[0.337s] INFO:colcon.colcon_core.shell:Creating environment hook '/home/erthirarat/Desktop/Senior_Project-WhitePost-Main_Arm/install/launch_project/share/launch_project/hook/ament_prefix_path.sh'
[0.337s] INFO:colcon.colcon_core.shell:Skip shell extension 'powershell' for command environment: Not usable outside of PowerShell
[0.337s] DEBUG:colcon.colcon_core.shell:Skip shell extension 'dsv' for command environment
[0.340s] INFO:colcon.colcon_ros.task.ament_python.build:Building ROS package in '/home/erthirarat/Desktop/Senior_Project-WhitePost-Main_Arm/src/motor_control' with build type 'ament_python'
[0.340s] Level 1:colcon.colcon_core.shell:create_environment_hook('motor_control', 'ament_prefix_path')
[0.340s] INFO:colcon.colcon_core.shell:Creating environment hook '/home/erthirarat/Desktop/Senior_Project-WhitePost-Main_Arm/install/motor_control/share/motor_control/hook/ament_prefix_path.ps1'
[0.341s] INFO:colcon.colcon_core.shell:Creating environment descriptor '/home/erthirarat/Desktop/Senior_Project-WhitePost-Main_Arm/install/motor_control/share/motor_control/hook/ament_prefix_path.dsv'
[0.341s] INFO:colcon.colcon_core.shell:Creating environment hook '/home/erthirarat/Desktop/Senior_Project-WhitePost-Main_Arm/install/motor_control/share/motor_control/hook/ament_prefix_path.sh'
[0.341s] INFO:colcon.colcon_core.shell:Skip shell extension 'powershell' for command environment: Not usable outside of PowerShell
[0.341s] DEBUG:colcon.colcon_core.shell:Skip shell extension 'dsv' for command environment
[0.344s] INFO:colcon.colcon_ros.task.ament_python.build:Building ROS package in '/home/erthirarat/Desktop/Senior_Project-WhitePost-Main_Arm/src/processor_unit' with build type 'ament_python'
[0.344s] Level 1:colcon.colcon_core.shell:create_environment_hook('processor_unit', 'ament_prefix_path')
[0.345s] INFO:colcon.colcon_core.shell:Creating environment hook '/home/erthirarat/Desktop/Senior_Project-WhitePost-Main_Arm/install/processor_unit/share/processor_unit/hook/ament_prefix_path.ps1'
[0.345s] INFO:colcon.colcon_core.shell:Creating environment descriptor '/home/erthirarat/Desktop/Senior_Project-WhitePost-Main_Arm/install/processor_unit/share/processor_unit/hook/ament_prefix_path.dsv'
[0.345s] INFO:colcon.colcon_core.shell:Creating environment hook '/home/erthirarat/Desktop/Senior_Project-WhitePost-Main_Arm/install/processor_unit/share/processor_unit/hook/ament_prefix_path.sh'
[0.346s] INFO:colcon.colcon_core.shell:Skip shell extension 'powershell' for command environment: Not usable outside of PowerShell
[0.346s] DEBUG:colcon.colcon_core.shell:Skip shell extension 'dsv' for command environment
[0.348s] INFO:colcon.colcon_ros.task.ament_cmake.build:Building ROS package in '/home/erthirarat/Desktop/Senior_Project-WhitePost-Main_Arm/src/whitepost_description' with build type 'ament_cmake'
[0.348s] INFO:colcon.colcon_cmake.task.cmake.build:Building CMake package in '/home/erthirarat/Desktop/Senior_Project-WhitePost-Main_Arm/src/whitepost_description'
[0.349s] INFO:colcon.colcon_core.shell:Skip shell extension 'powershell' for command environment: Not usable outside of PowerShell
[0.349s] DEBUG:colcon.colcon_core.shell:Skip shell extension 'dsv' for command environment
[0.576s] INFO:colcon.colcon_core.task.python.build:Building Python package in '/home/erthirarat/Desktop/Senior_Project-WhitePost-Main_Arm/src/encoder_unit'
[0.577s] INFO:colcon.colcon_core.shell:Skip shell extension 'powershell' for command environment: Not usable outside of PowerShell
[0.577s] DEBUG:colcon.colcon_core.shell:Skip shell extension 'dsv' for command environment
[0.803s] INFO:colcon.colcon_core.task.python.build:Building Python package in '/home/erthirarat/Desktop/Senior_Project-WhitePost-Main_Arm/src/launch_project'
[0.803s] INFO:colcon.colcon_core.shell:Skip shell extension 'powershell' for command environment: Not usable outside of PowerShell
[0.803s] DEBUG:colcon.colcon_core.shell:Skip shell extension 'dsv' for command environment
[1.025s] INFO:colcon.colcon_core.task.python.build:Building Python package in '/home/erthirarat/Desktop/Senior_Project-WhitePost-Main_Arm/src/motor_control'
[1.026s] INFO:colcon.colcon_core.shell:Skip shell extension 'powershell' for command environment: Not usable outside of PowerShell
[1.026s] DEBUG:colcon.colcon_core.shell:Skip shell extension 'dsv' for command environment
[1.239s] INFO:colcon.colcon_core.task.python.build:Building Python package in '/home/erthirarat/Desktop/Senior_Project-WhitePost-Main_Arm/src/processor_unit'
[1.239s] INFO:colcon.colcon_core.shell:Skip shell extension 'powershell' for command environment: Not usable outside of PowerShell
[1.239s] DEBUG:colcon.colcon_core.shell:Skip shell extension 'dsv' for command environment
[1.244s] DEBUG:colcon.colcon_core.event_handler.log_command:Invoking command in '/home/erthirarat/Desktop/Senior_Project-WhitePost-Main_Arm/build/whitepost_description': CMAKE_PREFIX_PATH=${CMAKE_PREFIX_PATH}:/home/erthirarat/Desktop/Senior_Project-WhitePost-Main_Arm/install/processor_unit:/home/erthirarat/Desktop/Senior_Project-WhitePost-Main_Arm/install/motor_control:/home/erthirarat/Desktop/Senior_Project-WhitePost-Main_Arm/install/launch_project:/home/erthirarat/Desktop/Senior_Project-WhitePost-Main_Arm/install/encoder_unit:/opt/ros/humble /usr/bin/cmake --build /home/erthirarat/Desktop/Senior_Project-WhitePost-Main_Arm/build/whitepost_description -- -j8 -l8
[1.275s] DEBUG:colcon.colcon_core.event_handler.log_command:Invoked command in '/home/erthirarat/Desktop/Senior_Project-WhitePost-Main_Arm/build/whitepost_description' returned '0': CMAKE_PREFIX_PATH=${CMAKE_PREFIX_PATH}:/home/erthirarat/Desktop/Senior_Project-WhitePost-Main_Arm/install/processor_unit:/home/erthirarat/Desktop/Senior_Project-WhitePost-Main_Arm/install/motor_control:/home/erthirarat/Desktop/Senior_Project-WhitePost-Main_Arm/install/launch_project:/home/erthirarat/Desktop/Senior_Project-WhitePost-Main_Arm/install/encoder_unit:/opt/ros/humble /usr/bin/cmake --build /home/erthirarat/Desktop/Senior_Project-WhitePost-Main_Arm/build/whitepost_description -- -j8 -l8
[1.284s] DEBUG:colcon.colcon_core.event_handler.log_command:Invoking command in '/home/erthirarat/Desktop/Senior_Project-WhitePost-Main_Arm/build/whitepost_description': CMAKE_PREFIX_PATH=${CMAKE_PREFIX_PATH}:/home/erthirarat/Desktop/Senior_Project-WhitePost-Main_Arm/install/processor_unit:/home/erthirarat/Desktop/Senior_Project-WhitePost-Main_Arm/install/motor_control:/home/erthirarat/Desktop/Senior_Project-WhitePost-Main_Arm/install/launch_project:/home/erthirarat/Desktop/Senior_Project-WhitePost-Main_Arm/install/encoder_unit:/opt/ros/humble /usr/bin/cmake --install /home/erthirarat/Desktop/Senior_Project-WhitePost-Main_Arm/build/whitepost_description
[1.304s] Level 1:colcon.colcon_core.environment:create_environment_scripts_only(whitepost_description)
[1.305s] DEBUG:colcon.colcon_core.event_handler.log_command:Invoked command in '/home/erthirarat/Desktop/Senior_Project-WhitePost-Main_Arm/build/whitepost_description' returned '0': CMAKE_PREFIX_PATH=${CMAKE_PREFIX_PATH}:/home/erthirarat/Desktop/Senior_Project-WhitePost-Main_Arm/install/processor_unit:/home/erthirarat/Desktop/Senior_Project-WhitePost-Main_Arm/install/motor_control:/home/erthirarat/Desktop/Senior_Project-WhitePost-Main_Arm/install/launch_project:/home/erthirarat/Desktop/Senior_Project-WhitePost-Main_Arm/install/encoder_unit:/opt/ros/humble /usr/bin/cmake --install /home/erthirarat/Desktop/Senior_Project-WhitePost-Main_Arm/build/whitepost_description
[1.308s] Level 1:colcon.colcon_core.environment:checking '/home/erthirarat/Desktop/Senior_Project-WhitePost-Main_Arm/install/whitepost_description' for CMake module files
[1.309s] Level 1:colcon.colcon_core.environment:checking '/home/erthirarat/Desktop/Senior_Project-WhitePost-Main_Arm/install/whitepost_description' for CMake config files
[1.309s] Level 1:colcon.colcon_core.shell:create_environment_hook('whitepost_description', 'cmake_prefix_path')
[1.309s] INFO:colcon.colcon_core.shell:Creating environment hook '/home/erthirarat/Desktop/Senior_Project-WhitePost-Main_Arm/install/whitepost_description/share/whitepost_description/hook/cmake_prefix_path.ps1'
[1.310s] INFO:colcon.colcon_core.shell:Creating environment descriptor '/home/erthirarat/Desktop/Senior_Project-WhitePost-Main_Arm/install/whitepost_description/share/whitepost_description/hook/cmake_prefix_path.dsv'
[1.310s] INFO:colcon.colcon_core.shell:Creating environment hook '/home/erthirarat/Desktop/Senior_Project-WhitePost-Main_Arm/install/whitepost_description/share/whitepost_description/hook/cmake_prefix_path.sh'
[1.311s] Level 1:colcon.colcon_core.environment:checking '/home/erthirarat/Desktop/Senior_Project-WhitePost-Main_Arm/install/whitepost_description/bin'
[1.311s] Level 1:colcon.colcon_core.environment:checking '/home/erthirarat/Desktop/Senior_Project-WhitePost-Main_Arm/install/whitepost_description/lib/pkgconfig/whitepost_description.pc'
[1.312s] Level 1:colcon.colcon_core.environment:checking '/home/erthirarat/Desktop/Senior_Project-WhitePost-Main_Arm/install/whitepost_description/lib/python3.10/site-packages'
[1.312s] Level 1:colcon.colcon_core.environment:checking '/home/erthirarat/Desktop/Senior_Project-WhitePost-Main_Arm/install/whitepost_description/bin'
[1.313s] INFO:colcon.colcon_core.shell:Creating package script '/home/erthirarat/Desktop/Senior_Project-WhitePost-Main_Arm/install/whitepost_description/share/whitepost_description/package.ps1'
[1.314s] INFO:colcon.colcon_core.shell:Creating package descriptor '/home/erthirarat/Desktop/Senior_Project-WhitePost-Main_Arm/install/whitepost_description/share/whitepost_description/package.dsv'
[1.315s] INFO:colcon.colcon_core.shell:Creating package script '/home/erthirarat/Desktop/Senior_Project-WhitePost-Main_Arm/install/whitepost_description/share/whitepost_description/package.sh'
[1.316s] INFO:colcon.colcon_core.shell:Creating package script '/home/erthirarat/Desktop/Senior_Project-WhitePost-Main_Arm/install/whitepost_description/share/whitepost_description/package.bash'
[1.317s] INFO:colcon.colcon_core.shell:Creating package script '/home/erthirarat/Desktop/Senior_Project-WhitePost-Main_Arm/install/whitepost_description/share/whitepost_description/package.zsh'
[1.318s] Level 1:colcon.colcon_core.environment:create_file_with_runtime_dependencies(/home/erthirarat/Desktop/Senior_Project-WhitePost-Main_Arm/install/whitepost_description/share/colcon-core/packages/whitepost_description)
[1.319s] Level 1:colcon.colcon_core.environment:create_environment_scripts_only(whitepost_description)
[1.320s] Level 1:colcon.colcon_core.environment:checking '/home/erthirarat/Desktop/Senior_Project-WhitePost-Main_Arm/install/whitepost_description' for CMake module files
[1.320s] Level 1:colcon.colcon_core.environment:checking '/home/erthirarat/Desktop/Senior_Project-WhitePost-Main_Arm/install/whitepost_description' for CMake config files
[1.321s] Level 1:colcon.colcon_core.shell:create_environment_hook('whitepost_description', 'cmake_prefix_path')
[1.321s] INFO:colcon.colcon_core.shell:Creating environment hook '/home/erthirarat/Desktop/Senior_Project-WhitePost-Main_Arm/install/whitepost_description/share/whitepost_description/hook/cmake_prefix_path.ps1'
[1.321s] INFO:colcon.colcon_core.shell:Creating environment descriptor '/home/erthirarat/Desktop/Senior_Project-WhitePost-Main_Arm/install/whitepost_description/share/whitepost_description/hook/cmake_prefix_path.dsv'
[1.322s] INFO:colcon.colcon_core.shell:Creating environment hook '/home/erthirarat/Desktop/Senior_Project-WhitePost-Main_Arm/install/whitepost_description/share/whitepost_description/hook/cmake_prefix_path.sh'
[1.323s] Level 1:colcon.colcon_core.environment:checking '/home/erthirarat/Desktop/Senior_Project-WhitePost-Main_Arm/install/whitepost_description/bin'
[1.323s] Level 1:colcon.colcon_core.environment:checking '/home/erthirarat/Desktop/Senior_Project-WhitePost-Main_Arm/install/whitepost_description/lib/pkgconfig/whitepost_description.pc'
[1.323s] Level 1:colcon.colcon_core.environment:checking '/home/erthirarat/Desktop/Senior_Project-WhitePost-Main_Arm/install/whitepost_description/lib/python3.10/site-packages'
[1.324s] Level 1:colcon.colcon_core.environment:checking '/home/erthirarat/Desktop/Senior_Project-WhitePost-Main_Arm/install/whitepost_description/bin'
[1.324s] INFO:colcon.colcon_core.shell:Creating package script '/home/erthirarat/Desktop/Senior_Project-WhitePost-Main_Arm/install/whitepost_description/share/whitepost_description/package.ps1'
[1.325s] INFO:colcon.colcon_core.shell:Creating package descriptor '/home/erthirarat/Desktop/Senior_Project-WhitePost-Main_Arm/install/whitepost_description/share/whitepost_description/package.dsv'
[1.326s] INFO:colcon.colcon_core.shell:Creating package script '/home/erthirarat/Desktop/Senior_Project-WhitePost-Main_Arm/install/whitepost_description/share/whitepost_description/package.sh'
[1.326s] INFO:colcon.colcon_core.shell:Creating package script '/home/erthirarat/Desktop/Senior_Project-WhitePost-Main_Arm/install/whitepost_description/share/whitepost_description/package.bash'
[1.327s] INFO:colcon.colcon_core.shell:Creating package script '/home/erthirarat/Desktop/Senior_Project-WhitePost-Main_Arm/install/whitepost_description/share/whitepost_description/package.zsh'
[1.327s] Level 1:colcon.colcon_core.environment:create_file_with_runtime_dependencies(/home/erthirarat/Desktop/Senior_Project-WhitePost-Main_Arm/install/whitepost_description/share/colcon-core/packages/whitepost_description)
[1.616s] DEBUG:colcon.colcon_core.event_handler.log_command:Invoking command in '/home/erthirarat/Desktop/Senior_Project-WhitePost-Main_Arm/src/launch_project': PYTHONPATH=/home/erthirarat/Desktop/Senior_Project-WhitePost-Main_Arm/build/launch_project/prefix_override:/usr/lib/python3/dist-packages/colcon_core/task/python/colcon_distutils_commands:/home/erthirarat/Desktop/Senior_Project-WhitePost-Main_Arm/install/launch_project/lib/python3.10/site-packages:${PYTHONPATH} /usr/bin/python3 -W ignore:setup.py install is deprecated -W ignore:easy_install command is deprecated setup.py egg_info --egg-base ../../build/launch_project build --build-base /home/erthirarat/Desktop/Senior_Project-WhitePost-Main_Arm/build/launch_project/build install --record /home/erthirarat/Desktop/Senior_Project-WhitePost-Main_Arm/build/launch_project/install.log --single-version-externally-managed install_data
[1.630s] DEBUG:colcon.colcon_core.event_handler.log_command:Invoking command in '/home/erthirarat/Desktop/Senior_Project-WhitePost-Main_Arm/src/motor_control': PYTHONPATH=/home/erthirarat/Desktop/Senior_Project-WhitePost-Main_Arm/build/motor_control/prefix_override:/usr/lib/python3/dist-packages/colcon_core/task/python/colcon_distutils_commands:/home/erthirarat/Desktop/Senior_Project-WhitePost-Main_Arm/install/motor_control/lib/python3.10/site-packages:${PYTHONPATH} /usr/bin/python3 -W ignore:setup.py install is deprecated -W ignore:easy_install command is deprecated setup.py egg_info --egg-base ../../build/motor_control build --build-base /home/erthirarat/Desktop/Senior_Project-WhitePost-Main_Arm/build/motor_control/build install --record /home/erthirarat/Desktop/Senior_Project-WhitePost-Main_Arm/build/motor_control/install.log --single-version-externally-managed install_data
[1.661s] DEBUG:colcon.colcon_core.event_handler.log_command:Invoking command in '/home/erthirarat/Desktop/Senior_Project-WhitePost-Main_Arm/src/processor_unit': PYTHONPATH=/home/erthirarat/Desktop/Senior_Project-WhitePost-Main_Arm/build/processor_unit/prefix_override:/usr/lib/python3/dist-packages/colcon_core/task/python/colcon_distutils_commands:/home/erthirarat/Desktop/Senior_Project-WhitePost-Main_Arm/install/processor_unit/lib/python3.10/site-packages:${PYTHONPATH} /usr/bin/python3 -W ignore:setup.py install is deprecated -W ignore:easy_install command is deprecated setup.py egg_info --egg-base ../../build/processor_unit build --build-base /home/erthirarat/Desktop/Senior_Project-WhitePost-Main_Arm/build/processor_unit/build install --record /home/erthirarat/Desktop/Senior_Project-WhitePost-Main_Arm/build/processor_unit/install.log --single-version-externally-managed install_data
[1.671s] DEBUG:colcon.colcon_core.event_handler.log_command:Invoking command in '/home/erthirarat/Desktop/Senior_Project-WhitePost-Main_Arm/src/encoder_unit': PYTHONPATH=/home/erthirarat/Desktop/Senior_Project-WhitePost-Main_Arm/build/encoder_unit/prefix_override:/usr/lib/python3/dist-packages/colcon_core/task/python/colcon_distutils_commands:/home/erthirarat/Desktop/Senior_Project-WhitePost-Main_Arm/install/encoder_unit/lib/python3.10/site-packages:${PYTHONPATH} /usr/bin/python3 -W ignore:setup.py install is deprecated -W ignore:easy_install command is deprecated setup.py egg_info --egg-base ../../build/encoder_unit build --build-base /home/erthirarat/Desktop/Senior_Project-WhitePost-Main_Arm/build/encoder_unit/build install --record /home/erthirarat/Desktop/Senior_Project-WhitePost-Main_Arm/build/encoder_unit/install.log --single-version-externally-managed install_data
[1.960s] Level 1:colcon.colcon_core.environment:checking '/home/erthirarat/Desktop/Senior_Project-WhitePost-Main_Arm/install/launch_project' for CMake module files
[1.961s] Level 1:colcon.colcon_core.environment:checking '/home/erthirarat/Desktop/Senior_Project-WhitePost-Main_Arm/install/launch_project' for CMake config files
[1.962s] Level 1:colcon.colcon_core.environment:checking '/home/erthirarat/Desktop/Senior_Project-WhitePost-Main_Arm/install/launch_project/lib'
[1.962s] Level 1:colcon.colcon_core.environment:checking '/home/erthirarat/Desktop/Senior_Project-WhitePost-Main_Arm/install/launch_project/bin'
[1.963s] Level 1:colcon.colcon_core.environment:checking '/home/erthirarat/Desktop/Senior_Project-WhitePost-Main_Arm/install/launch_project/lib/pkgconfig/launch_project.pc'
[1.963s] Level 1:colcon.colcon_core.environment:checking '/home/erthirarat/Desktop/Senior_Project-WhitePost-Main_Arm/install/launch_project/lib/python3.10/site-packages'
[1.963s] Level 1:colcon.colcon_core.shell:create_environment_hook('launch_project', 'pythonpath')
[1.963s] INFO:colcon.colcon_core.shell:Creating environment hook '/home/erthirarat/Desktop/Senior_Project-WhitePost-Main_Arm/install/launch_project/share/launch_project/hook/pythonpath.ps1'
[1.964s] DEBUG:colcon.colcon_core.event_handler.log_command:Invoked command in '/home/erthirarat/Desktop/Senior_Project-WhitePost-Main_Arm/src/launch_project' returned '0': PYTHONPATH=/home/erthirarat/Desktop/Senior_Project-WhitePost-Main_Arm/build/launch_project/prefix_override:/usr/lib/python3/dist-packages/colcon_core/task/python/colcon_distutils_commands:/home/erthirarat/Desktop/Senior_Project-WhitePost-Main_Arm/install/launch_project/lib/python3.10/site-packages:${PYTHONPATH} /usr/bin/python3 -W ignore:setup.py install is deprecated -W ignore:easy_install command is deprecated setup.py egg_info --egg-base ../../build/launch_project build --build-base /home/erthirarat/Desktop/Senior_Project-WhitePost-Main_Arm/build/launch_project/build install --record /home/erthirarat/Desktop/Senior_Project-WhitePost-Main_Arm/build/launch_project/install.log --single-version-externally-managed install_data
[1.965s] INFO:colcon.colcon_core.shell:Creating environment descriptor '/home/erthirarat/Desktop/Senior_Project-WhitePost-Main_Arm/install/launch_project/share/launch_project/hook/pythonpath.dsv'
[1.965s] INFO:colcon.colcon_core.shell:Creating environment hook '/home/erthirarat/Desktop/Senior_Project-WhitePost-Main_Arm/install/launch_project/share/launch_project/hook/pythonpath.sh'
[1.966s] Level 1:colcon.colcon_core.environment:checking '/home/erthirarat/Desktop/Senior_Project-WhitePost-Main_Arm/install/launch_project/bin'
[1.966s] Level 1:colcon.colcon_core.environment:create_environment_scripts_only(launch_project)
[1.967s] INFO:colcon.colcon_core.shell:Creating package script '/home/erthirarat/Desktop/Senior_Project-WhitePost-Main_Arm/install/launch_project/share/launch_project/package.ps1'
[1.968s] INFO:colcon.colcon_core.shell:Creating package descriptor '/home/erthirarat/Desktop/Senior_Project-WhitePost-Main_Arm/install/launch_project/share/launch_project/package.dsv'
[1.968s] INFO:colcon.colcon_core.shell:Creating package script '/home/erthirarat/Desktop/Senior_Project-WhitePost-Main_Arm/install/launch_project/share/launch_project/package.sh'
[1.969s] INFO:colcon.colcon_core.shell:Creating package script '/home/erthirarat/Desktop/Senior_Project-WhitePost-Main_Arm/install/launch_project/share/launch_project/package.bash'
[1.970s] INFO:colcon.colcon_core.shell:Creating package script '/home/erthirarat/Desktop/Senior_Project-WhitePost-Main_Arm/install/launch_project/share/launch_project/package.zsh'
[1.970s] Level 1:colcon.colcon_core.environment:create_file_with_runtime_dependencies(/home/erthirarat/Desktop/Senior_Project-WhitePost-Main_Arm/install/launch_project/share/colcon-core/packages/launch_project)
[1.977s] Level 1:colcon.colcon_core.environment:checking '/home/erthirarat/Desktop/Senior_Project-WhitePost-Main_Arm/install/motor_control' for CMake module files
[1.978s] DEBUG:colcon.colcon_core.event_handler.log_command:Invoked command in '/home/erthirarat/Desktop/Senior_Project-WhitePost-Main_Arm/src/motor_control' returned '0': PYTHONPATH=/home/erthirarat/Desktop/Senior_Project-WhitePost-Main_Arm/build/motor_control/prefix_override:/usr/lib/python3/dist-packages/colcon_core/task/python/colcon_distutils_commands:/home/erthirarat/Desktop/Senior_Project-WhitePost-Main_Arm/install/motor_control/lib/python3.10/site-packages:${PYTHONPATH} /usr/bin/python3 -W ignore:setup.py install is deprecated -W ignore:easy_install command is deprecated setup.py egg_info --egg-base ../../build/motor_control build --build-base /home/erthirarat/Desktop/Senior_Project-WhitePost-Main_Arm/build/motor_control/build install --record /home/erthirarat/Desktop/Senior_Project-WhitePost-Main_Arm/build/motor_control/install.log --single-version-externally-managed install_data
[1.978s] Level 1:colcon.colcon_core.environment:checking '/home/erthirarat/Desktop/Senior_Project-WhitePost-Main_Arm/install/motor_control' for CMake config files
[1.979s] Level 1:colcon.colcon_core.environment:checking '/home/erthirarat/Desktop/Senior_Project-WhitePost-Main_Arm/install/motor_control/lib'
[1.979s] Level 1:colcon.colcon_core.environment:checking '/home/erthirarat/Desktop/Senior_Project-WhitePost-Main_Arm/install/motor_control/bin'
[1.979s] Level 1:colcon.colcon_core.environment:checking '/home/erthirarat/Desktop/Senior_Project-WhitePost-Main_Arm/install/motor_control/lib/pkgconfig/motor_control.pc'
[1.979s] Level 1:colcon.colcon_core.environment:checking '/home/erthirarat/Desktop/Senior_Project-WhitePost-Main_Arm/install/motor_control/lib/python3.10/site-packages'
[1.979s] Level 1:colcon.colcon_core.shell:create_environment_hook('motor_control', 'pythonpath')
[1.980s] INFO:colcon.colcon_core.shell:Creating environment hook '/home/erthirarat/Desktop/Senior_Project-WhitePost-Main_Arm/install/motor_control/share/motor_control/hook/pythonpath.ps1'
[1.980s] INFO:colcon.colcon_core.shell:Creating environment descriptor '/home/erthirarat/Desktop/Senior_Project-WhitePost-Main_Arm/install/motor_control/share/motor_control/hook/pythonpath.dsv'
[1.981s] INFO:colcon.colcon_core.shell:Creating environment hook '/home/erthirarat/Desktop/Senior_Project-WhitePost-Main_Arm/install/motor_control/share/motor_control/hook/pythonpath.sh'
[1.982s] Level 1:colcon.colcon_core.environment:checking '/home/erthirarat/Desktop/Senior_Project-WhitePost-Main_Arm/install/motor_control/bin'
[1.982s] Level 1:colcon.colcon_core.environment:create_environment_scripts_only(motor_control)
[1.983s] INFO:colcon.colcon_core.shell:Creating package script '/home/erthirarat/Desktop/Senior_Project-WhitePost-Main_Arm/install/motor_control/share/motor_control/package.ps1'
[1.983s] INFO:colcon.colcon_core.shell:Creating package descriptor '/home/erthirarat/Desktop/Senior_Project-WhitePost-Main_Arm/install/motor_control/share/motor_control/package.dsv'
[1.984s] INFO:colcon.colcon_core.shell:Creating package script '/home/erthirarat/Desktop/Senior_Project-WhitePost-Main_Arm/install/motor_control/share/motor_control/package.sh'
[1.985s] INFO:colcon.colcon_core.shell:Creating package script '/home/erthirarat/Desktop/Senior_Project-WhitePost-Main_Arm/install/motor_control/share/motor_control/package.bash'
[1.985s] INFO:colcon.colcon_core.shell:Creating package script '/home/erthirarat/Desktop/Senior_Project-WhitePost-Main_Arm/install/motor_control/share/motor_control/package.zsh'
[1.986s] Level 1:colcon.colcon_core.environment:create_file_with_runtime_dependencies(/home/erthirarat/Desktop/Senior_Project-WhitePost-Main_Arm/install/motor_control/share/colcon-core/packages/motor_control)
[1.987s] Level 1:colcon.colcon_core.environment:checking '/home/erthirarat/Desktop/Senior_Project-WhitePost-Main_Arm/install/encoder_unit' for CMake module files
[1.988s] DEBUG:colcon.colcon_core.event_handler.log_command:Invoked command in '/home/erthirarat/Desktop/Senior_Project-WhitePost-Main_Arm/src/encoder_unit' returned '0': PYTHONPATH=/home/erthirarat/Desktop/Senior_Project-WhitePost-Main_Arm/build/encoder_unit/prefix_override:/usr/lib/python3/dist-packages/colcon_core/task/python/colcon_distutils_commands:/home/erthirarat/Desktop/Senior_Project-WhitePost-Main_Arm/install/encoder_unit/lib/python3.10/site-packages:${PYTHONPATH} /usr/bin/python3 -W ignore:setup.py install is deprecated -W ignore:easy_install command is deprecated setup.py egg_info --egg-base ../../build/encoder_unit build --build-base /home/erthirarat/Desktop/Senior_Project-WhitePost-Main_Arm/build/encoder_unit/build install --record /home/erthirarat/Desktop/Senior_Project-WhitePost-Main_Arm/build/encoder_unit/install.log --single-version-externally-managed install_data
[1.988s] Level 1:colcon.colcon_core.environment:checking '/home/erthirarat/Desktop/Senior_Project-WhitePost-Main_Arm/install/encoder_unit' for CMake config files
[1.989s] Level 1:colcon.colcon_core.environment:checking '/home/erthirarat/Desktop/Senior_Project-WhitePost-Main_Arm/install/encoder_unit/lib'
[1.989s] Level 1:colcon.colcon_core.environment:checking '/home/erthirarat/Desktop/Senior_Project-WhitePost-Main_Arm/install/encoder_unit/bin'
[1.989s] Level 1:colcon.colcon_core.environment:checking '/home/erthirarat/Desktop/Senior_Project-WhitePost-Main_Arm/install/encoder_unit/lib/pkgconfig/encoder_unit.pc'
[1.989s] Level 1:colcon.colcon_core.environment:checking '/home/erthirarat/Desktop/Senior_Project-WhitePost-Main_Arm/install/encoder_unit/lib/python3.10/site-packages'
[1.989s] Level 1:colcon.colcon_core.shell:create_environment_hook('encoder_unit', 'pythonpath')
[1.990s] INFO:colcon.colcon_core.shell:Creating environment hook '/home/erthirarat/Desktop/Senior_Project-WhitePost-Main_Arm/install/encoder_unit/share/encoder_unit/hook/pythonpath.ps1'
[1.990s] INFO:colcon.colcon_core.shell:Creating environment descriptor '/home/erthirarat/Desktop/Senior_Project-WhitePost-Main_Arm/install/encoder_unit/share/encoder_unit/hook/pythonpath.dsv'
[1.991s] INFO:colcon.colcon_core.shell:Creating environment hook '/home/erthirarat/Desktop/Senior_Project-WhitePost-Main_Arm/install/encoder_unit/share/encoder_unit/hook/pythonpath.sh'
[1.992s] Level 1:colcon.colcon_core.environment:checking '/home/erthirarat/Desktop/Senior_Project-WhitePost-Main_Arm/install/encoder_unit/bin'
[1.992s] Level 1:colcon.colcon_core.environment:create_environment_scripts_only(encoder_unit)
[1.992s] INFO:colcon.colcon_core.shell:Creating package script '/home/erthirarat/Desktop/Senior_Project-WhitePost-Main_Arm/install/encoder_unit/share/encoder_unit/package.ps1'
[1.993s] INFO:colcon.colcon_core.shell:Creating package descriptor '/home/erthirarat/Desktop/Senior_Project-WhitePost-Main_Arm/install/encoder_unit/share/encoder_unit/package.dsv'
[1.993s] INFO:colcon.colcon_core.shell:Creating package script '/home/erthirarat/Desktop/Senior_Project-WhitePost-Main_Arm/install/encoder_unit/share/encoder_unit/package.sh'
[1.994s] INFO:colcon.colcon_core.shell:Creating package script '/home/erthirarat/Desktop/Senior_Project-WhitePost-Main_Arm/install/encoder_unit/share/encoder_unit/package.bash'
[1.994s] INFO:colcon.colcon_core.shell:Creating package script '/home/erthirarat/Desktop/Senior_Project-WhitePost-Main_Arm/install/encoder_unit/share/encoder_unit/package.zsh'
[1.995s] Level 1:colcon.colcon_core.environment:create_file_with_runtime_dependencies(/home/erthirarat/Desktop/Senior_Project-WhitePost-Main_Arm/install/encoder_unit/share/colcon-core/packages/encoder_unit)
[2.003s] Level 1:colcon.colcon_core.environment:checking '/home/erthirarat/Desktop/Senior_Project-WhitePost-Main_Arm/install/processor_unit' for CMake module files
[2.004s] DEBUG:colcon.colcon_core.event_handler.log_command:Invoked command in '/home/erthirarat/Desktop/Senior_Project-WhitePost-Main_Arm/src/processor_unit' returned '0': PYTHONPATH=/home/erthirarat/Desktop/Senior_Project-WhitePost-Main_Arm/build/processor_unit/prefix_override:/usr/lib/python3/dist-packages/colcon_core/task/python/colcon_distutils_commands:/home/erthirarat/Desktop/Senior_Project-WhitePost-Main_Arm/install/processor_unit/lib/python3.10/site-packages:${PYTHONPATH} /usr/bin/python3 -W ignore:setup.py install is deprecated -W ignore:easy_install command is deprecated setup.py egg_info --egg-base ../../build/processor_unit build --build-base /home/erthirarat/Desktop/Senior_Project-WhitePost-Main_Arm/build/processor_unit/build install --record /home/erthirarat/Desktop/Senior_Project-WhitePost-Main_Arm/build/processor_unit/install.log --single-version-externally-managed install_data
[2.004s] Level 1:colcon.colcon_core.environment:checking '/home/erthirarat/Desktop/Senior_Project-WhitePost-Main_Arm/install/processor_unit' for CMake config files
[2.004s] Level 1:colcon.colcon_core.environment:checking '/home/erthirarat/Desktop/Senior_Project-WhitePost-Main_Arm/install/processor_unit/lib'
[2.004s] Level 1:colcon.colcon_core.environment:checking '/home/erthirarat/Desktop/Senior_Project-WhitePost-Main_Arm/install/processor_unit/bin'
[2.004s] Level 1:colcon.colcon_core.environment:checking '/home/erthirarat/Desktop/Senior_Project-WhitePost-Main_Arm/install/processor_unit/lib/pkgconfig/processor_unit.pc'
[2.005s] Level 1:colcon.colcon_core.environment:checking '/home/erthirarat/Desktop/Senior_Project-WhitePost-Main_Arm/install/processor_unit/lib/python3.10/site-packages'
[2.005s] Level 1:colcon.colcon_core.shell:create_environment_hook('processor_unit', 'pythonpath')
[2.005s] INFO:colcon.colcon_core.shell:Creating environment hook '/home/erthirarat/Desktop/Senior_Project-WhitePost-Main_Arm/install/processor_unit/share/processor_unit/hook/pythonpath.ps1'
[2.005s] INFO:colcon.colcon_core.shell:Creating environment descriptor '/home/erthirarat/Desktop/Senior_Project-WhitePost-Main_Arm/install/processor_unit/share/processor_unit/hook/pythonpath.dsv'
[2.005s] INFO:colcon.colcon_core.shell:Creating environment hook '/home/erthirarat/Desktop/Senior_Project-WhitePost-Main_Arm/install/processor_unit/share/processor_unit/hook/pythonpath.sh'
[2.006s] Level 1:colcon.colcon_core.environment:checking '/home/erthirarat/Desktop/Senior_Project-WhitePost-Main_Arm/install/processor_unit/bin'
[2.006s] Level 1:colcon.colcon_core.environment:create_environment_scripts_only(processor_unit)
[2.006s] INFO:colcon.colcon_core.shell:Creating package script '/home/erthirarat/Desktop/Senior_Project-WhitePost-Main_Arm/install/processor_unit/share/processor_unit/package.ps1'
[2.007s] INFO:colcon.colcon_core.shell:Creating package descriptor '/home/erthirarat/Desktop/Senior_Project-WhitePost-Main_Arm/install/processor_unit/share/processor_unit/package.dsv'
[2.007s] INFO:colcon.colcon_core.shell:Creating package script '/home/erthirarat/Desktop/Senior_Project-WhitePost-Main_Arm/install/processor_unit/share/processor_unit/package.sh'
[2.007s] INFO:colcon.colcon_core.shell:Creating package script '/home/erthirarat/Desktop/Senior_Project-WhitePost-Main_Arm/install/processor_unit/share/processor_unit/package.bash'
[2.008s] INFO:colcon.colcon_core.shell:Creating package script '/home/erthirarat/Desktop/Senior_Project-WhitePost-Main_Arm/install/processor_unit/share/processor_unit/package.zsh'
[2.008s] Level 1:colcon.colcon_core.environment:create_file_with_runtime_dependencies(/home/erthirarat/Desktop/Senior_Project-WhitePost-Main_Arm/install/processor_unit/share/colcon-core/packages/processor_unit)
[2.008s] DEBUG:colcon.colcon_parallel_executor.executor.parallel:closing loop
[2.008s] DEBUG:colcon.colcon_parallel_executor.executor.parallel:loop closed
[2.008s] DEBUG:colcon.colcon_parallel_executor.executor.parallel:run_until_complete finished with '0'
[2.008s] DEBUG:colcon.colcon_core.event_reactor:joining thread
[2.012s] INFO:colcon.colcon_core.plugin_system:Skipping extension 'colcon_notification.desktop_notification.terminal_notifier': Not used on non-Darwin systems
[2.013s] INFO:colcon.colcon_core.plugin_system:Skipping extension 'colcon_notification.desktop_notification.win32': Not used on non-Windows systems
[2.013s] INFO:colcon.colcon_notification.desktop_notification:Sending desktop notification using 'notify2'
[2.020s] DEBUG:colcon.colcon_core.event_reactor:joined thread
[2.021s] INFO:colcon.colcon_core.shell:Creating prefix script '/home/erthirarat/Desktop/Senior_Project-WhitePost-Main_Arm/install/local_setup.ps1'
[2.022s] INFO:colcon.colcon_core.shell:Creating prefix util module '/home/erthirarat/Desktop/Senior_Project-WhitePost-Main_Arm/install/_local_setup_util_ps1.py'
[2.023s] INFO:colcon.colcon_core.shell:Creating prefix chain script '/home/erthirarat/Desktop/Senior_Project-WhitePost-Main_Arm/install/setup.ps1'
[2.024s] INFO:colcon.colcon_core.shell:Creating prefix script '/home/erthirarat/Desktop/Senior_Project-WhitePost-Main_Arm/install/local_setup.sh'
[2.025s] INFO:colcon.colcon_core.shell:Creating prefix util module '/home/erthirarat/Desktop/Senior_Project-WhitePost-Main_Arm/install/_local_setup_util_sh.py'
[2.025s] INFO:colcon.colcon_core.shell:Creating prefix chain script '/home/erthirarat/Desktop/Senior_Project-WhitePost-Main_Arm/install/setup.sh'
[2.026s] INFO:colcon.colcon_core.shell:Creating prefix script '/home/erthirarat/Desktop/Senior_Project-WhitePost-Main_Arm/install/local_setup.bash'
[2.027s] INFO:colcon.colcon_core.shell:Creating prefix chain script '/home/erthirarat/Desktop/Senior_Project-WhitePost-Main_Arm/install/setup.bash'
[2.028s] INFO:colcon.colcon_core.shell:Creating prefix script '/home/erthirarat/Desktop/Senior_Project-WhitePost-Main_Arm/install/local_setup.zsh'
[2.028s] INFO:colcon.colcon_core.shell:Creating prefix chain script '/home/erthirarat/Desktop/Senior_Project-WhitePost-Main_Arm/install/setup.zsh'
