[0.913s] Invoking command in '/home/erthirarat/Desktop/Senior_Project-WhitePost-Main_Arm/build/whitepost_description': CMAKE_PREFIX_PATH=${CMAKE_PREFIX_PATH}:/home/erthirarat/Desktop/Senior_Project-WhitePost-Main_Arm/install/processor_unit:/home/erthirarat/Desktop/Senior_Project-WhitePost-Main_Arm/install/motor_control:/home/erthirarat/Desktop/Senior_Project-WhitePost-Main_Arm/install/launch_project:/home/erthirarat/Desktop/Senior_Project-WhitePost-Main_Arm/install/encoder_unit:/opt/ros/humble /usr/bin/cmake /home/erthirarat/Desktop/Senior_Project-WhitePost-Main_Arm/src/whitepost_description -DCMAKE_INSTALL_PREFIX=/home/erthirarat/Desktop/Senior_Project-WhitePost-Main_Arm/install/whitepost_description
[0.923s] -- Found ament_cmake: 1.3.13 (/opt/ros/humble/share/ament_cmake/cmake)
[1.061s] -- Override CMake install command with custom implementation using symlinks instead of copying resources
[1.186s] -- Configuring done
[1.186s] -- Generating done
[1.188s] -- Build files have been written to: /home/erthirarat/Desktop/Senior_Project-WhitePost-Main_Arm/build/whitepost_description
[1.197s] Invoked command in '/home/erthirarat/Desktop/Senior_Project-WhitePost-Main_Arm/build/whitepost_description' returned '0': CMAKE_PREFIX_PATH=${CMAKE_PREFIX_PATH}:/home/erthirarat/Desktop/Senior_Project-WhitePost-Main_Arm/install/processor_unit:/home/erthirarat/Desktop/Senior_Project-WhitePost-Main_Arm/install/motor_control:/home/erthirarat/Desktop/Senior_Project-WhitePost-Main_Arm/install/launch_project:/home/erthirarat/Desktop/Senior_Project-WhitePost-Main_Arm/install/encoder_unit:/opt/ros/humble /usr/bin/cmake /home/erthirarat/Desktop/Senior_Project-WhitePost-Main_Arm/src/whitepost_description -DCMAKE_INSTALL_PREFIX=/home/erthirarat/Desktop/Senior_Project-WhitePost-Main_Arm/install/whitepost_description
[1.198s] Invoking command in '/home/erthirarat/Desktop/Senior_Project-WhitePost-Main_Arm/build/whitepost_description': CMAKE_PREFIX_PATH=${CMAKE_PREFIX_PATH}:/home/erthirarat/Desktop/Senior_Project-WhitePost-Main_Arm/install/processor_unit:/home/erthirarat/Desktop/Senior_Project-WhitePost-Main_Arm/install/motor_control:/home/erthirarat/Desktop/Senior_Project-WhitePost-Main_Arm/install/launch_project:/home/erthirarat/Desktop/Senior_Project-WhitePost-Main_Arm/install/encoder_unit:/opt/ros/humble /usr/bin/cmake --build /home/erthirarat/Desktop/Senior_Project-WhitePost-Main_Arm/build/whitepost_description -- -j8 -l8
[1.249s] Invoked command in '/home/erthirarat/Desktop/Senior_Project-WhitePost-Main_Arm/build/whitepost_description' returned '0': CMAKE_PREFIX_PATH=${CMAKE_PREFIX_PATH}:/home/erthirarat/Desktop/Senior_Project-WhitePost-Main_Arm/install/processor_unit:/home/erthirarat/Desktop/Senior_Project-WhitePost-Main_Arm/install/motor_control:/home/erthirarat/Desktop/Senior_Project-WhitePost-Main_Arm/install/launch_project:/home/erthirarat/Desktop/Senior_Project-WhitePost-Main_Arm/install/encoder_unit:/opt/ros/humble /usr/bin/cmake --build /home/erthirarat/Desktop/Senior_Project-WhitePost-Main_Arm/build/whitepost_description -- -j8 -l8
[1.271s] Invoking command in '/home/erthirarat/Desktop/Senior_Project-WhitePost-Main_Arm/build/whitepost_description': CMAKE_PREFIX_PATH=${CMAKE_PREFIX_PATH}:/home/erthirarat/Desktop/Senior_Project-WhitePost-Main_Arm/install/processor_unit:/home/erthirarat/Desktop/Senior_Project-WhitePost-Main_Arm/install/motor_control:/home/erthirarat/Desktop/Senior_Project-WhitePost-Main_Arm/install/launch_project:/home/erthirarat/Desktop/Senior_Project-WhitePost-Main_Arm/install/encoder_unit:/opt/ros/humble /usr/bin/cmake --install /home/erthirarat/Desktop/Senior_Project-WhitePost-Main_Arm/build/whitepost_description
[1.282s] -- Install configuration: ""
[1.285s] -- Execute custom install script
[1.285s] -- Up-to-date symlink: /home/erthirarat/Desktop/Senior_Project-WhitePost-Main_Arm/install/whitepost_description/share/whitepost_description/config/joint_names_whitepost_description.yaml
[1.288s] -- Up-to-date symlink: /home/erthirarat/Desktop/Senior_Project-WhitePost-Main_Arm/install/whitepost_description/share/whitepost_description/launch/display.launch
[1.289s] -- Up-to-date symlink: /home/erthirarat/Desktop/Senior_Project-WhitePost-Main_Arm/install/whitepost_description/share/whitepost_description/launch/display.launch.py
[1.289s] -- Up-to-date symlink: /home/erthirarat/Desktop/Senior_Project-WhitePost-Main_Arm/install/whitepost_description/share/whitepost_description/launch/gazebo.launch
[1.289s] -- Up-to-date symlink: /home/erthirarat/Desktop/Senior_Project-WhitePost-Main_Arm/install/whitepost_description/share/whitepost_description/meshes/base_link.STL
[1.289s] -- Up-to-date symlink: /home/erthirarat/Desktop/Senior_Project-WhitePost-Main_Arm/install/whitepost_description/share/whitepost_description/meshes/link1.STL
[1.289s] -- Up-to-date symlink: /home/erthirarat/Desktop/Senior_Project-WhitePost-Main_Arm/install/whitepost_description/share/whitepost_description/meshes/link2.STL
[1.289s] -- Up-to-date symlink: /home/erthirarat/Desktop/Senior_Project-WhitePost-Main_Arm/install/whitepost_description/share/whitepost_description/meshes/link3.STL
[1.289s] -- Up-to-date symlink: /home/erthirarat/Desktop/Senior_Project-WhitePost-Main_Arm/install/whitepost_description/share/whitepost_description/meshes/link4.STL
[1.289s] -- Up-to-date symlink: /home/erthirarat/Desktop/Senior_Project-WhitePost-Main_Arm/install/whitepost_description/share/whitepost_description/meshes/link5.STL
[1.289s] -- Up-to-date symlink: /home/erthirarat/Desktop/Senior_Project-WhitePost-Main_Arm/install/whitepost_description/share/whitepost_description/urdf/whitepost_description.csv
[1.289s] -- Up-to-date symlink: /home/erthirarat/Desktop/Senior_Project-WhitePost-Main_Arm/install/whitepost_description/share/whitepost_description/urdf/whitepost_description.urdf
[1.289s] -- Up-to-date symlink: /home/erthirarat/Desktop/Senior_Project-WhitePost-Main_Arm/install/whitepost_description/share/ament_index/resource_index/package_run_dependencies/whitepost_description
[1.290s] -- Up-to-date symlink: /home/erthirarat/Desktop/Senior_Project-WhitePost-Main_Arm/install/whitepost_description/share/ament_index/resource_index/parent_prefix_path/whitepost_description
[1.290s] -- Up-to-date symlink: /home/erthirarat/Desktop/Senior_Project-WhitePost-Main_Arm/install/whitepost_description/share/whitepost_description/environment/ament_prefix_path.sh
[1.290s] -- Up-to-date symlink: /home/erthirarat/Desktop/Senior_Project-WhitePost-Main_Arm/install/whitepost_description/share/whitepost_description/environment/ament_prefix_path.dsv
[1.290s] -- Up-to-date symlink: /home/erthirarat/Desktop/Senior_Project-WhitePost-Main_Arm/install/whitepost_description/share/whitepost_description/environment/path.sh
[1.290s] -- Up-to-date symlink: /home/erthirarat/Desktop/Senior_Project-WhitePost-Main_Arm/install/whitepost_description/share/whitepost_description/environment/path.dsv
[1.292s] -- Up-to-date symlink: /home/erthirarat/Desktop/Senior_Project-WhitePost-Main_Arm/install/whitepost_description/share/whitepost_description/local_setup.bash
[1.293s] -- Up-to-date symlink: /home/erthirarat/Desktop/Senior_Project-WhitePost-Main_Arm/install/whitepost_description/share/whitepost_description/local_setup.sh
[1.295s] -- Up-to-date symlink: /home/erthirarat/Desktop/Senior_Project-WhitePost-Main_Arm/install/whitepost_description/share/whitepost_description/local_setup.zsh
[1.296s] -- Up-to-date symlink: /home/erthirarat/Desktop/Senior_Project-WhitePost-Main_Arm/install/whitepost_description/share/whitepost_description/local_setup.dsv
[1.297s] -- Symlinking: /home/erthirarat/Desktop/Senior_Project-WhitePost-Main_Arm/install/whitepost_description/share/whitepost_description/package.dsv
[1.320s] -- Up-to-date symlink: /home/erthirarat/Desktop/Senior_Project-WhitePost-Main_Arm/install/whitepost_description/share/ament_index/resource_index/packages/whitepost_description
[1.321s] -- Up-to-date symlink: /home/erthirarat/Desktop/Senior_Project-WhitePost-Main_Arm/install/whitepost_description/share/whitepost_description/cmake/whitepost_descriptionConfig.cmake
[1.321s] -- Up-to-date symlink: /home/erthirarat/Desktop/Senior_Project-WhitePost-Main_Arm/install/whitepost_description/share/whitepost_description/cmake/whitepost_descriptionConfig-version.cmake
[1.321s] -- Up-to-date symlink: /home/erthirarat/Desktop/Senior_Project-WhitePost-Main_Arm/install/whitepost_description/share/whitepost_description/package.xml
[1.332s] Invoked command in '/home/erthirarat/Desktop/Senior_Project-WhitePost-Main_Arm/build/whitepost_description' returned '0': CMAKE_PREFIX_PATH=${CMAKE_PREFIX_PATH}:/home/erthirarat/Desktop/Senior_Project-WhitePost-Main_Arm/install/processor_unit:/home/erthirarat/Desktop/Senior_Project-WhitePost-Main_Arm/install/motor_control:/home/erthirarat/Desktop/Senior_Project-WhitePost-Main_Arm/install/launch_project:/home/erthirarat/Desktop/Senior_Project-WhitePost-Main_Arm/install/encoder_unit:/opt/ros/humble /usr/bin/cmake --install /home/erthirarat/Desktop/Senior_Project-WhitePost-Main_Arm/build/whitepost_description
