[8.721s] Invoking command in '/home/raspi-earth/project_ws/src/encoder_unit': PYTHONPATH=/home/raspi-earth/project_ws/build/encoder_unit/prefix_override:/usr/lib/python3/dist-packages/colcon_core/task/python/colcon_distutils_commands:/home/raspi-earth/project_ws/install/encoder_unit/lib/python3.11/site-packages:${PYTHONPATH} /usr/bin/python3 -W ignore:setup.py install is deprecated -W ignore:easy_install command is deprecated setup.py egg_info --egg-base ../../build/encoder_unit build --build-base /home/raspi-earth/project_ws/build/encoder_unit/build install --record /home/raspi-earth/project_ws/build/encoder_unit/install.log --single-version-externally-managed install_data
[10.572s] running egg_info
[10.574s] creating ../../build/encoder_unit/encoder_unit.egg-info
[10.658s] writing ../../build/encoder_unit/encoder_unit.egg-info/PKG-INFO
[10.658s] writing dependency_links to ../../build/encoder_unit/encoder_unit.egg-info/dependency_links.txt
[10.659s] writing entry points to ../../build/encoder_unit/encoder_unit.egg-info/entry_points.txt
[10.659s] writing requirements to ../../build/encoder_unit/encoder_unit.egg-info/requires.txt
[10.664s] writing top-level names to ../../build/encoder_unit/encoder_unit.egg-info/top_level.txt
[10.664s] writing manifest file '../../build/encoder_unit/encoder_unit.egg-info/SOURCES.txt'
[10.835s] reading manifest file '../../build/encoder_unit/encoder_unit.egg-info/SOURCES.txt'
[10.835s] adding license file 'LICENSE'
[10.837s] writing manifest file '../../build/encoder_unit/encoder_unit.egg-info/SOURCES.txt'
[10.837s] running build
[10.837s] running build_py
[10.838s] creating /home/raspi-earth/project_ws/build/encoder_unit/build
[10.838s] creating /home/raspi-earth/project_ws/build/encoder_unit/build/lib
[10.839s] creating /home/raspi-earth/project_ws/build/encoder_unit/build/lib/encoder_unit
[10.839s] copying encoder_unit/as5600_5.py -> /home/raspi-earth/project_ws/build/encoder_unit/build/lib/encoder_unit
[10.840s] copying encoder_unit/as5600_2.py -> /home/raspi-earth/project_ws/build/encoder_unit/build/lib/encoder_unit
[10.841s] copying encoder_unit/as5600_4.py -> /home/raspi-earth/project_ws/build/encoder_unit/build/lib/encoder_unit
[10.842s] copying encoder_unit/as5600_3.py -> /home/raspi-earth/project_ws/build/encoder_unit/build/lib/encoder_unit
[10.843s] copying encoder_unit/__init__.py -> /home/raspi-earth/project_ws/build/encoder_unit/build/lib/encoder_unit
[10.844s] copying encoder_unit/as5600_1.py -> /home/raspi-earth/project_ws/build/encoder_unit/build/lib/encoder_unit
[10.845s] copying encoder_unit/limit_switch_node.py -> /home/raspi-earth/project_ws/build/encoder_unit/build/lib/encoder_unit
[10.846s] running install
[10.873s] running install_lib
[10.971s] creating /home/raspi-earth/project_ws/install/encoder_unit/lib/python3.11/site-packages/encoder_unit
[10.971s] copying /home/raspi-earth/project_ws/build/encoder_unit/build/lib/encoder_unit/as5600_5.py -> /home/raspi-earth/project_ws/install/encoder_unit/lib/python3.11/site-packages/encoder_unit
[10.972s] copying /home/raspi-earth/project_ws/build/encoder_unit/build/lib/encoder_unit/as5600_2.py -> /home/raspi-earth/project_ws/install/encoder_unit/lib/python3.11/site-packages/encoder_unit
[10.972s] copying /home/raspi-earth/project_ws/build/encoder_unit/build/lib/encoder_unit/as5600_4.py -> /home/raspi-earth/project_ws/install/encoder_unit/lib/python3.11/site-packages/encoder_unit
[10.973s] copying /home/raspi-earth/project_ws/build/encoder_unit/build/lib/encoder_unit/as5600_3.py -> /home/raspi-earth/project_ws/install/encoder_unit/lib/python3.11/site-packages/encoder_unit
[10.973s] copying /home/raspi-earth/project_ws/build/encoder_unit/build/lib/encoder_unit/__init__.py -> /home/raspi-earth/project_ws/install/encoder_unit/lib/python3.11/site-packages/encoder_unit
[10.974s] copying /home/raspi-earth/project_ws/build/encoder_unit/build/lib/encoder_unit/as5600_1.py -> /home/raspi-earth/project_ws/install/encoder_unit/lib/python3.11/site-packages/encoder_unit
[10.974s] copying /home/raspi-earth/project_ws/build/encoder_unit/build/lib/encoder_unit/limit_switch_node.py -> /home/raspi-earth/project_ws/install/encoder_unit/lib/python3.11/site-packages/encoder_unit
[10.981s] byte-compiling /home/raspi-earth/project_ws/install/encoder_unit/lib/python3.11/site-packages/encoder_unit/as5600_5.py to as5600_5.cpython-311.pyc
[10.984s] byte-compiling /home/raspi-earth/project_ws/install/encoder_unit/lib/python3.11/site-packages/encoder_unit/as5600_2.py to as5600_2.cpython-311.pyc
[10.986s] byte-compiling /home/raspi-earth/project_ws/install/encoder_unit/lib/python3.11/site-packages/encoder_unit/as5600_4.py to as5600_4.cpython-311.pyc
[10.989s] byte-compiling /home/raspi-earth/project_ws/install/encoder_unit/lib/python3.11/site-packages/encoder_unit/as5600_3.py to as5600_3.cpython-311.pyc
[10.991s] byte-compiling /home/raspi-earth/project_ws/install/encoder_unit/lib/python3.11/site-packages/encoder_unit/__init__.py to __init__.cpython-311.pyc
[10.991s] byte-compiling /home/raspi-earth/project_ws/install/encoder_unit/lib/python3.11/site-packages/encoder_unit/as5600_1.py to as5600_1.cpython-311.pyc
[10.994s] byte-compiling /home/raspi-earth/project_ws/install/encoder_unit/lib/python3.11/site-packages/encoder_unit/limit_switch_node.py to limit_switch_node.cpython-311.pyc
[10.996s] running install_data
[10.997s] creating /home/raspi-earth/project_ws/install/encoder_unit/share/ament_index
[10.997s] creating /home/raspi-earth/project_ws/install/encoder_unit/share/ament_index/resource_index
[11.000s] creating /home/raspi-earth/project_ws/install/encoder_unit/share/ament_index/resource_index/packages
[11.000s] copying resource/encoder_unit -> /home/raspi-earth/project_ws/install/encoder_unit/share/ament_index/resource_index/packages
[11.000s] copying package.xml -> /home/raspi-earth/project_ws/install/encoder_unit/share/encoder_unit
[11.000s] running install_egg_info
[11.200s] Copying ../../build/encoder_unit/encoder_unit.egg-info to /home/raspi-earth/project_ws/install/encoder_unit/lib/python3.11/site-packages/encoder_unit-0.0.0-py3.11.egg-info
[11.202s] running install_scripts
[11.564s] Installing as5600_1 script to /home/raspi-earth/project_ws/install/encoder_unit/lib/encoder_unit
[11.565s] Installing as5600_2 script to /home/raspi-earth/project_ws/install/encoder_unit/lib/encoder_unit
[11.565s] Installing as5600_3 script to /home/raspi-earth/project_ws/install/encoder_unit/lib/encoder_unit
[11.565s] Installing as5600_4 script to /home/raspi-earth/project_ws/install/encoder_unit/lib/encoder_unit
[11.566s] Installing as5600_5 script to /home/raspi-earth/project_ws/install/encoder_unit/lib/encoder_unit
[11.566s] Installing limit script to /home/raspi-earth/project_ws/install/encoder_unit/lib/encoder_unit
[11.567s] writing list of installed files to '/home/raspi-earth/project_ws/build/encoder_unit/install.log'
[11.830s] Invoked command in '/home/raspi-earth/project_ws/src/encoder_unit' returned '0': PYTHONPATH=/home/raspi-earth/project_ws/build/encoder_unit/prefix_override:/usr/lib/python3/dist-packages/colcon_core/task/python/colcon_distutils_commands:/home/raspi-earth/project_ws/install/encoder_unit/lib/python3.11/site-packages:${PYTHONPATH} /usr/bin/python3 -W ignore:setup.py install is deprecated -W ignore:easy_install command is deprecated setup.py egg_info --egg-base ../../build/encoder_unit build --build-base /home/raspi-earth/project_ws/build/encoder_unit/build install --record /home/raspi-earth/project_ws/build/encoder_unit/install.log --single-version-externally-managed install_data
