[1.295s] Invoking command in '/home/erthirarat/Desktop/Senior_Project-WhitePost-Main_Arm/build/motor_control': PYTHONPATH=/home/erthirarat/Desktop/Senior_Project-WhitePost-Main_Arm/build/motor_control/prefix_override:/usr/lib/python3/dist-packages/colcon_core/task/python/colcon_distutils_commands:/home/erthirarat/Desktop/Senior_Project-WhitePost-Main_Arm/install/motor_control/lib/python3.10/site-packages:${PYTHONPATH} /usr/bin/python3 -W ignore:setup.py install is deprecated -W ignore:easy_install command is deprecated setup.py develop --uninstall --editable --build-directory /home/erthirarat/Desktop/Senior_Project-WhitePost-Main_Arm/build/motor_control/build
[1.568s] running develop
[1.758s] Removing /home/erthirarat/Desktop/Senior_Project-WhitePost-Main_Arm/install/motor_control/lib/python3.10/site-packages/motor-control.egg-link (link to .)
[1.789s] Invoked command in '/home/erthirarat/Desktop/Senior_Project-WhitePost-Main_Arm/build/motor_control' returned '0': PYTHONPATH=/home/erthirarat/Desktop/Senior_Project-WhitePost-Main_Arm/build/motor_control/prefix_override:/usr/lib/python3/dist-packages/colcon_core/task/python/colcon_distutils_commands:/home/erthirarat/Desktop/Senior_Project-WhitePost-Main_Arm/install/motor_control/lib/python3.10/site-packages:${PYTHONPATH} /usr/bin/python3 -W ignore:setup.py install is deprecated -W ignore:easy_install command is deprecated setup.py develop --uninstall --editable --build-directory /home/erthirarat/Desktop/Senior_Project-WhitePost-Main_Arm/build/motor_control/build
[1.791s] Invoking command in '/home/erthirarat/Desktop/Senior_Project-WhitePost-Main_Arm/src/motor_control': PYTHONPATH=/home/erthirarat/Desktop/Senior_Project-WhitePost-Main_Arm/build/motor_control/prefix_override:/usr/lib/python3/dist-packages/colcon_core/task/python/colcon_distutils_commands:/home/erthirarat/Desktop/Senior_Project-WhitePost-Main_Arm/install/motor_control/lib/python3.10/site-packages:${PYTHONPATH} /usr/bin/python3 -W ignore:setup.py install is deprecated -W ignore:easy_install command is deprecated setup.py egg_info --egg-base ../../build/motor_control build --build-base /home/erthirarat/Desktop/Senior_Project-WhitePost-Main_Arm/build/motor_control/build install --record /home/erthirarat/Desktop/Senior_Project-WhitePost-Main_Arm/build/motor_control/install.log --single-version-externally-managed install_data --force
[2.090s] running egg_info
[2.090s] writing ../../build/motor_control/motor_control.egg-info/PKG-INFO
[2.091s] writing dependency_links to ../../build/motor_control/motor_control.egg-info/dependency_links.txt
[2.091s] writing entry points to ../../build/motor_control/motor_control.egg-info/entry_points.txt
[2.091s] writing requirements to ../../build/motor_control/motor_control.egg-info/requires.txt
[2.091s] writing top-level names to ../../build/motor_control/motor_control.egg-info/top_level.txt
[2.093s] reading manifest file '../../build/motor_control/motor_control.egg-info/SOURCES.txt'
[2.096s] adding license file 'LICENSE'
[2.096s] writing manifest file '../../build/motor_control/motor_control.egg-info/SOURCES.txt'
[2.096s] running build
[2.096s] running build_py
[2.096s] running install
[2.097s] running install_lib
[2.097s] creating /home/erthirarat/Desktop/Senior_Project-WhitePost-Main_Arm/install/motor_control/lib/python3.10/site-packages/motor_control
[2.097s] copying /home/erthirarat/Desktop/Senior_Project-WhitePost-Main_Arm/build/motor_control/build/lib/motor_control/stepper_joint3.py -> /home/erthirarat/Desktop/Senior_Project-WhitePost-Main_Arm/install/motor_control/lib/python3.10/site-packages/motor_control
[2.097s] copying /home/erthirarat/Desktop/Senior_Project-WhitePost-Main_Arm/build/motor_control/build/lib/motor_control/joint3_node.py -> /home/erthirarat/Desktop/Senior_Project-WhitePost-Main_Arm/install/motor_control/lib/python3.10/site-packages/motor_control
[2.097s] copying /home/erthirarat/Desktop/Senior_Project-WhitePost-Main_Arm/build/motor_control/build/lib/motor_control/joint2_node.py -> /home/erthirarat/Desktop/Senior_Project-WhitePost-Main_Arm/install/motor_control/lib/python3.10/site-packages/motor_control
[2.097s] copying /home/erthirarat/Desktop/Senior_Project-WhitePost-Main_Arm/build/motor_control/build/lib/motor_control/joint1_node.py -> /home/erthirarat/Desktop/Senior_Project-WhitePost-Main_Arm/install/motor_control/lib/python3.10/site-packages/motor_control
[2.097s] copying /home/erthirarat/Desktop/Senior_Project-WhitePost-Main_Arm/build/motor_control/build/lib/motor_control/stepper_joint2.py -> /home/erthirarat/Desktop/Senior_Project-WhitePost-Main_Arm/install/motor_control/lib/python3.10/site-packages/motor_control
[2.098s] copying /home/erthirarat/Desktop/Senior_Project-WhitePost-Main_Arm/build/motor_control/build/lib/motor_control/__init__.py -> /home/erthirarat/Desktop/Senior_Project-WhitePost-Main_Arm/install/motor_control/lib/python3.10/site-packages/motor_control
[2.098s] copying /home/erthirarat/Desktop/Senior_Project-WhitePost-Main_Arm/build/motor_control/build/lib/motor_control/stepper_joint1.py -> /home/erthirarat/Desktop/Senior_Project-WhitePost-Main_Arm/install/motor_control/lib/python3.10/site-packages/motor_control
[2.098s] byte-compiling /home/erthirarat/Desktop/Senior_Project-WhitePost-Main_Arm/install/motor_control/lib/python3.10/site-packages/motor_control/stepper_joint3.py to stepper_joint3.cpython-310.pyc
[2.099s] byte-compiling /home/erthirarat/Desktop/Senior_Project-WhitePost-Main_Arm/install/motor_control/lib/python3.10/site-packages/motor_control/joint3_node.py to joint3_node.cpython-310.pyc
[2.101s] byte-compiling /home/erthirarat/Desktop/Senior_Project-WhitePost-Main_Arm/install/motor_control/lib/python3.10/site-packages/motor_control/joint2_node.py to joint2_node.cpython-310.pyc
[2.106s] byte-compiling /home/erthirarat/Desktop/Senior_Project-WhitePost-Main_Arm/install/motor_control/lib/python3.10/site-packages/motor_control/joint1_node.py to joint1_node.cpython-310.pyc
[2.106s] byte-compiling /home/erthirarat/Desktop/Senior_Project-WhitePost-Main_Arm/install/motor_control/lib/python3.10/site-packages/motor_control/stepper_joint2.py to stepper_joint2.cpython-310.pyc
[2.107s] byte-compiling /home/erthirarat/Desktop/Senior_Project-WhitePost-Main_Arm/install/motor_control/lib/python3.10/site-packages/motor_control/__init__.py to __init__.cpython-310.pyc
[2.107s] byte-compiling /home/erthirarat/Desktop/Senior_Project-WhitePost-Main_Arm/install/motor_control/lib/python3.10/site-packages/motor_control/stepper_joint1.py to stepper_joint1.cpython-310.pyc
[2.107s] running install_data
[2.108s] copying resource/motor_control -> /home/erthirarat/Desktop/Senior_Project-WhitePost-Main_Arm/install/motor_control/share/ament_index/resource_index/packages
[2.108s] copying package.xml -> /home/erthirarat/Desktop/Senior_Project-WhitePost-Main_Arm/install/motor_control/share/motor_control
[2.108s] running install_egg_info
[2.109s] Copying ../../build/motor_control/motor_control.egg-info to /home/erthirarat/Desktop/Senior_Project-WhitePost-Main_Arm/install/motor_control/lib/python3.10/site-packages/motor_control-0.0.0-py3.10.egg-info
[2.110s] running install_scripts
[2.132s] Installing joint1_node script to /home/erthirarat/Desktop/Senior_Project-WhitePost-Main_Arm/install/motor_control/lib/motor_control
[2.133s] Installing joint2_node script to /home/erthirarat/Desktop/Senior_Project-WhitePost-Main_Arm/install/motor_control/lib/motor_control
[2.133s] Installing joint3_node script to /home/erthirarat/Desktop/Senior_Project-WhitePost-Main_Arm/install/motor_control/lib/motor_control
[2.133s] Installing servodrive script to /home/erthirarat/Desktop/Senior_Project-WhitePost-Main_Arm/install/motor_control/lib/motor_control
[2.133s] Installing stepmotor1 script to /home/erthirarat/Desktop/Senior_Project-WhitePost-Main_Arm/install/motor_control/lib/motor_control
[2.133s] Installing stepmotor2 script to /home/erthirarat/Desktop/Senior_Project-WhitePost-Main_Arm/install/motor_control/lib/motor_control
[2.133s] Installing stepmotor3 script to /home/erthirarat/Desktop/Senior_Project-WhitePost-Main_Arm/install/motor_control/lib/motor_control
[2.133s] writing list of installed files to '/home/erthirarat/Desktop/Senior_Project-WhitePost-Main_Arm/build/motor_control/install.log'
[2.166s] Invoked command in '/home/erthirarat/Desktop/Senior_Project-WhitePost-Main_Arm/src/motor_control' returned '0': PYTHONPATH=/home/erthirarat/Desktop/Senior_Project-WhitePost-Main_Arm/build/motor_control/prefix_override:/usr/lib/python3/dist-packages/colcon_core/task/python/colcon_distutils_commands:/home/erthirarat/Desktop/Senior_Project-WhitePost-Main_Arm/install/motor_control/lib/python3.10/site-packages:${PYTHONPATH} /usr/bin/python3 -W ignore:setup.py install is deprecated -W ignore:easy_install command is deprecated setup.py egg_info --egg-base ../../build/motor_control build --build-base /home/erthirarat/Desktop/Senior_Project-WhitePost-Main_Arm/build/motor_control/build install --record /home/erthirarat/Desktop/Senior_Project-WhitePost-Main_Arm/build/motor_control/install.log --single-version-externally-managed install_data --force
