[10.785s] Invoking command in '/home/raspi-earth/project_ws/src/encoder_unit': PYTHONPATH=/home/raspi-earth/project_ws/build/encoder_unit/prefix_override:/usr/lib/python3/dist-packages/colcon_core/task/python/colcon_distutils_commands:/home/raspi-earth/project_ws/install/encoder_unit/lib/python3.11/site-packages:${PYTHONPATH} /usr/bin/python3 -W ignore:setup.py install is deprecated -W ignore:easy_install command is deprecated setup.py egg_info --egg-base ../../build/encoder_unit build --build-base /home/raspi-earth/project_ws/build/encoder_unit/build install --record /home/raspi-earth/project_ws/build/encoder_unit/install.log --single-version-externally-managed install_data
[13.462s] running egg_info
[13.540s] writing ../../build/encoder_unit/encoder_unit.egg-info/PKG-INFO
[13.540s] writing dependency_links to ../../build/encoder_unit/encoder_unit.egg-info/dependency_links.txt
[13.541s] writing entry points to ../../build/encoder_unit/encoder_unit.egg-info/entry_points.txt
[13.542s] writing requirements to ../../build/encoder_unit/encoder_unit.egg-info/requires.txt
[13.543s] writing top-level names to ../../build/encoder_unit/encoder_unit.egg-info/top_level.txt
[13.671s] reading manifest file '../../build/encoder_unit/encoder_unit.egg-info/SOURCES.txt'
[13.671s] adding license file 'LICENSE'
[13.675s] writing manifest file '../../build/encoder_unit/encoder_unit.egg-info/SOURCES.txt'
[13.677s] running build
[13.677s] running build_py
[13.677s] running install
[13.702s] running install_lib
[13.812s] running install_data
[13.812s] running install_egg_info
[13.965s] removing '/home/raspi-earth/project_ws/install/encoder_unit/lib/python3.11/site-packages/encoder_unit-0.0.0-py3.11.egg-info' (and everything under it)
[13.968s] Copying ../../build/encoder_unit/encoder_unit.egg-info to /home/raspi-earth/project_ws/install/encoder_unit/lib/python3.11/site-packages/encoder_unit-0.0.0-py3.11.egg-info
[13.971s] running install_scripts
[14.251s] Installing as5600_1 script to /home/raspi-earth/project_ws/install/encoder_unit/lib/encoder_unit
[14.251s] Installing as5600_2 script to /home/raspi-earth/project_ws/install/encoder_unit/lib/encoder_unit
[14.252s] Installing as5600_3 script to /home/raspi-earth/project_ws/install/encoder_unit/lib/encoder_unit
[14.255s] Installing as5600_4 script to /home/raspi-earth/project_ws/install/encoder_unit/lib/encoder_unit
[14.255s] Installing as5600_5 script to /home/raspi-earth/project_ws/install/encoder_unit/lib/encoder_unit
[14.255s] Installing limit script to /home/raspi-earth/project_ws/install/encoder_unit/lib/encoder_unit
[14.258s] writing list of installed files to '/home/raspi-earth/project_ws/build/encoder_unit/install.log'
[14.449s] Invoked command in '/home/raspi-earth/project_ws/src/encoder_unit' returned '0': PYTHONPATH=/home/raspi-earth/project_ws/build/encoder_unit/prefix_override:/usr/lib/python3/dist-packages/colcon_core/task/python/colcon_distutils_commands:/home/raspi-earth/project_ws/install/encoder_unit/lib/python3.11/site-packages:${PYTHONPATH} /usr/bin/python3 -W ignore:setup.py install is deprecated -W ignore:easy_install command is deprecated setup.py egg_info --egg-base ../../build/encoder_unit build --build-base /home/raspi-earth/project_ws/build/encoder_unit/build install --record /home/raspi-earth/project_ws/build/encoder_unit/install.log --single-version-externally-managed install_data
