[5.976s] Invoking command in '/home/raspi-earth/project_ws/src/processor_unit': PYTHONPATH=/home/raspi-earth/project_ws/build/processor_unit/prefix_override:/usr/lib/python3/dist-packages/colcon_core/task/python/colcon_distutils_commands:/home/raspi-earth/project_ws/install/processor_unit/lib/python3.11/site-packages:${PYTHONPATH} /usr/bin/python3 -W ignore:setup.py install is deprecated -W ignore:easy_install command is deprecated setup.py egg_info --egg-base ../../build/processor_unit build --build-base /home/raspi-earth/project_ws/build/processor_unit/build install --record /home/raspi-earth/project_ws/build/processor_unit/install.log --single-version-externally-managed install_data
[7.406s] running egg_info
[7.449s] writing ../../build/processor_unit/processor_unit.egg-info/PKG-INFO
[7.449s] writing dependency_links to ../../build/processor_unit/processor_unit.egg-info/dependency_links.txt
[7.450s] writing entry points to ../../build/processor_unit/processor_unit.egg-info/entry_points.txt
[7.451s] writing requirements to ../../build/processor_unit/processor_unit.egg-info/requires.txt
[7.452s] writing top-level names to ../../build/processor_unit/processor_unit.egg-info/top_level.txt
[7.541s] reading manifest file '../../build/processor_unit/processor_unit.egg-info/SOURCES.txt'
[7.542s] adding license file 'LICENSE'
[7.542s] writing manifest file '../../build/processor_unit/processor_unit.egg-info/SOURCES.txt'
[7.542s] running build
[7.542s] running build_py
[7.542s] running install
[7.553s] running install_lib
[7.605s] running install_data
[7.605s] running install_egg_info
[7.748s] removing '/home/raspi-earth/project_ws/install/processor_unit/lib/python3.11/site-packages/processor_unit-0.0.0-py3.11.egg-info' (and everything under it)
[7.748s] Copying ../../build/processor_unit/processor_unit.egg-info to /home/raspi-earth/project_ws/install/processor_unit/lib/python3.11/site-packages/processor_unit-0.0.0-py3.11.egg-info
[7.751s] running install_scripts
[8.074s] Installing camera_back script to /home/raspi-earth/project_ws/install/processor_unit/lib/processor_unit
[8.075s] Installing camera_front script to /home/raspi-earth/project_ws/install/processor_unit/lib/processor_unit
[8.076s] Installing esp32_bridge_node script to /home/raspi-earth/project_ws/install/processor_unit/lib/processor_unit
[8.077s] Installing force_receiver_node script to /home/raspi-earth/project_ws/install/processor_unit/lib/processor_unit
[8.078s] Installing main_processor script to /home/raspi-earth/project_ws/install/processor_unit/lib/processor_unit
[8.082s] Installing steam_cam script to /home/raspi-earth/project_ws/install/processor_unit/lib/processor_unit
[8.082s] Installing test script to /home/raspi-earth/project_ws/install/processor_unit/lib/processor_unit
[8.082s] Installing uart_command_and_status_to_pi5 script to /home/raspi-earth/project_ws/install/processor_unit/lib/processor_unit
[8.082s] Installing uart_zero_two_w script to /home/raspi-earth/project_ws/install/processor_unit/lib/processor_unit
[8.084s] writing list of installed files to '/home/raspi-earth/project_ws/build/processor_unit/install.log'
[8.265s] Invoked command in '/home/raspi-earth/project_ws/src/processor_unit' returned '0': PYTHONPATH=/home/raspi-earth/project_ws/build/processor_unit/prefix_override:/usr/lib/python3/dist-packages/colcon_core/task/python/colcon_distutils_commands:/home/raspi-earth/project_ws/install/processor_unit/lib/python3.11/site-packages:${PYTHONPATH} /usr/bin/python3 -W ignore:setup.py install is deprecated -W ignore:easy_install command is deprecated setup.py egg_info --egg-base ../../build/processor_unit build --build-base /home/raspi-earth/project_ws/build/processor_unit/build install --record /home/raspi-earth/project_ws/build/processor_unit/install.log --single-version-externally-managed install_data
