[5.948s] Invoking command in '/home/raspi-earth/project_ws/src/processor_unit': PYTHONPATH=/home/raspi-earth/project_ws/build/processor_unit/prefix_override:/usr/lib/python3/dist-packages/colcon_core/task/python/colcon_distutils_commands:/home/raspi-earth/project_ws/install/processor_unit/lib/python3.11/site-packages:${PYTHONPATH} /usr/bin/python3 -W ignore:setup.py install is deprecated -W ignore:easy_install command is deprecated setup.py egg_info --egg-base ../../build/processor_unit build --build-base /home/raspi-earth/project_ws/build/processor_unit/build install --record /home/raspi-earth/project_ws/build/processor_unit/install.log --single-version-externally-managed install_data
[7.016s] running egg_info
[7.056s] writing ../../build/processor_unit/processor_unit.egg-info/PKG-INFO
[7.058s] writing dependency_links to ../../build/processor_unit/processor_unit.egg-info/dependency_links.txt
[7.058s] writing entry points to ../../build/processor_unit/processor_unit.egg-info/entry_points.txt
[7.058s] writing requirements to ../../build/processor_unit/processor_unit.egg-info/requires.txt
[7.058s] writing top-level names to ../../build/processor_unit/processor_unit.egg-info/top_level.txt
[7.143s] reading manifest file '../../build/processor_unit/processor_unit.egg-info/SOURCES.txt'
[7.143s] adding license file 'LICENSE'
[7.145s] writing manifest file '../../build/processor_unit/processor_unit.egg-info/SOURCES.txt'
[7.145s] running build
[7.145s] running build_py
[7.146s] copying processor_unit/main_processor.py -> /home/raspi-earth/project_ws/build/processor_unit/build/lib/processor_unit
[7.147s] running install
[7.159s] running install_lib
[7.211s] copying /home/raspi-earth/project_ws/build/processor_unit/build/lib/processor_unit/main_processor.py -> /home/raspi-earth/project_ws/install/processor_unit/lib/python3.11/site-packages/processor_unit
[7.215s] byte-compiling /home/raspi-earth/project_ws/install/processor_unit/lib/python3.11/site-packages/processor_unit/main_processor.py to main_processor.cpython-311.pyc
[7.226s] running install_data
[7.227s] running install_egg_info
[7.365s] removing '/home/raspi-earth/project_ws/install/processor_unit/lib/python3.11/site-packages/processor_unit-0.0.0-py3.11.egg-info' (and everything under it)
[7.371s] Copying ../../build/processor_unit/processor_unit.egg-info to /home/raspi-earth/project_ws/install/processor_unit/lib/python3.11/site-packages/processor_unit-0.0.0-py3.11.egg-info
[7.380s] running install_scripts
[7.586s] Installing camera_back script to /home/raspi-earth/project_ws/install/processor_unit/lib/processor_unit
[7.587s] Installing camera_front script to /home/raspi-earth/project_ws/install/processor_unit/lib/processor_unit
[7.588s] Installing esp32_bridge_node script to /home/raspi-earth/project_ws/install/processor_unit/lib/processor_unit
[7.589s] Installing main_processor script to /home/raspi-earth/project_ws/install/processor_unit/lib/processor_unit
[7.590s] Installing steam_cam script to /home/raspi-earth/project_ws/install/processor_unit/lib/processor_unit
[7.592s] Installing test script to /home/raspi-earth/project_ws/install/processor_unit/lib/processor_unit
[7.593s] Installing uart_command_and_status_to_pi5 script to /home/raspi-earth/project_ws/install/processor_unit/lib/processor_unit
[7.593s] Installing uart_zero_two_w script to /home/raspi-earth/project_ws/install/processor_unit/lib/processor_unit
[7.600s] writing list of installed files to '/home/raspi-earth/project_ws/build/processor_unit/install.log'
[7.812s] Invoked command in '/home/raspi-earth/project_ws/src/processor_unit' returned '0': PYTHONPATH=/home/raspi-earth/project_ws/build/processor_unit/prefix_override:/usr/lib/python3/dist-packages/colcon_core/task/python/colcon_distutils_commands:/home/raspi-earth/project_ws/install/processor_unit/lib/python3.11/site-packages:${PYTHONPATH} /usr/bin/python3 -W ignore:setup.py install is deprecated -W ignore:easy_install command is deprecated setup.py egg_info --egg-base ../../build/processor_unit build --build-base /home/raspi-earth/project_ws/build/processor_unit/build install --record /home/raspi-earth/project_ws/build/processor_unit/install.log --single-version-externally-managed install_data
