[8.086s] Invoking command in '/home/raspi-earth/project_ws/src/motor_control': PYTHONPATH=/home/raspi-earth/project_ws/build/motor_control/prefix_override:/usr/lib/python3/dist-packages/colcon_core/task/python/colcon_distutils_commands:/home/raspi-earth/project_ws/install/motor_control/lib/python3.11/site-packages:${PYTHONPATH} /usr/bin/python3 -W ignore:setup.py install is deprecated -W ignore:easy_install command is deprecated setup.py egg_info --egg-base ../../build/motor_control build --build-base /home/raspi-earth/project_ws/build/motor_control/build install --record /home/raspi-earth/project_ws/build/motor_control/install.log --single-version-externally-managed install_data
[10.118s] running egg_info
[10.181s] writing ../../build/motor_control/motor_control.egg-info/PKG-INFO
[10.182s] writing dependency_links to ../../build/motor_control/motor_control.egg-info/dependency_links.txt
[10.183s] writing entry points to ../../build/motor_control/motor_control.egg-info/entry_points.txt
[10.186s] writing requirements to ../../build/motor_control/motor_control.egg-info/requires.txt
[10.187s] writing top-level names to ../../build/motor_control/motor_control.egg-info/top_level.txt
[10.371s] reading manifest file '../../build/motor_control/motor_control.egg-info/SOURCES.txt'
[10.371s] adding license file 'LICENSE'
[10.371s] writing manifest file '../../build/motor_control/motor_control.egg-info/SOURCES.txt'
[10.371s] running build
[10.371s] running build_py
[10.372s] running install
[10.384s] running install_lib
[10.472s] running install_data
[10.472s] running install_egg_info
[10.586s] removing '/home/raspi-earth/project_ws/install/motor_control/lib/python3.11/site-packages/motor_control-0.0.0-py3.11.egg-info' (and everything under it)
[10.591s] Copying ../../build/motor_control/motor_control.egg-info to /home/raspi-earth/project_ws/install/motor_control/lib/python3.11/site-packages/motor_control-0.0.0-py3.11.egg-info
[10.601s] running install_scripts
[10.796s] Installing joint1_node script to /home/raspi-earth/project_ws/install/motor_control/lib/motor_control
[10.796s] Installing joint2_node script to /home/raspi-earth/project_ws/install/motor_control/lib/motor_control
[10.796s] Installing joint3_node script to /home/raspi-earth/project_ws/install/motor_control/lib/motor_control
[10.796s] Installing servodrive script to /home/raspi-earth/project_ws/install/motor_control/lib/motor_control
[10.799s] Installing stepmotor1 script to /home/raspi-earth/project_ws/install/motor_control/lib/motor_control
[10.799s] Installing stepmotor2 script to /home/raspi-earth/project_ws/install/motor_control/lib/motor_control
[10.799s] Installing stepmotor3 script to /home/raspi-earth/project_ws/install/motor_control/lib/motor_control
[10.801s] writing list of installed files to '/home/raspi-earth/project_ws/build/motor_control/install.log'
[10.979s] Invoked command in '/home/raspi-earth/project_ws/src/motor_control' returned '0': PYTHONPATH=/home/raspi-earth/project_ws/build/motor_control/prefix_override:/usr/lib/python3/dist-packages/colcon_core/task/python/colcon_distutils_commands:/home/raspi-earth/project_ws/install/motor_control/lib/python3.11/site-packages:${PYTHONPATH} /usr/bin/python3 -W ignore:setup.py install is deprecated -W ignore:easy_install command is deprecated setup.py egg_info --egg-base ../../build/motor_control build --build-base /home/raspi-earth/project_ws/build/motor_control/build install --record /home/raspi-earth/project_ws/build/motor_control/install.log --single-version-externally-managed install_data
