[8.266s] Invoking command in '/home/raspi-earth/project_ws/src/launch_project': PYTHONPATH=/home/raspi-earth/project_ws/build/launch_project/prefix_override:/usr/lib/python3/dist-packages/colcon_core/task/python/colcon_distutils_commands:/home/raspi-earth/project_ws/install/launch_project/lib/python3.11/site-packages:${PYTHONPATH} /usr/bin/python3 -W ignore:setup.py install is deprecated -W ignore:easy_install command is deprecated setup.py egg_info --egg-base ../../build/launch_project build --build-base /home/raspi-earth/project_ws/build/launch_project/build install --record /home/raspi-earth/project_ws/build/launch_project/install.log --single-version-externally-managed install_data
[10.342s] running egg_info
[10.411s] writing ../../build/launch_project/launch_project.egg-info/PKG-INFO
[10.411s] writing dependency_links to ../../build/launch_project/launch_project.egg-info/dependency_links.txt
[10.412s] writing requirements to ../../build/launch_project/launch_project.egg-info/requires.txt
[10.417s] writing top-level names to ../../build/launch_project/launch_project.egg-info/top_level.txt
[10.507s] reading manifest file '../../build/launch_project/launch_project.egg-info/SOURCES.txt'
[10.508s] adding license file 'LICENSE'
[10.509s] writing manifest file '../../build/launch_project/launch_project.egg-info/SOURCES.txt'
[10.512s] running build
[10.513s] running build_py
[10.514s] running install
[10.536s] running install_lib
[10.619s] running install_data
[10.625s] running install_egg_info
[10.792s] removing '/home/raspi-earth/project_ws/install/launch_project/lib/python3.11/site-packages/launch_project-0.0.0-py3.11.egg-info' (and everything under it)
[10.799s] Copying ../../build/launch_project/launch_project.egg-info to /home/raspi-earth/project_ws/install/launch_project/lib/python3.11/site-packages/launch_project-0.0.0-py3.11.egg-info
[10.799s] running install_scripts
[11.035s] writing list of installed files to '/home/raspi-earth/project_ws/build/launch_project/install.log'
[11.284s] Invoked command in '/home/raspi-earth/project_ws/src/launch_project' returned '0': PYTHONPATH=/home/raspi-earth/project_ws/build/launch_project/prefix_override:/usr/lib/python3/dist-packages/colcon_core/task/python/colcon_distutils_commands:/home/raspi-earth/project_ws/install/launch_project/lib/python3.11/site-packages:${PYTHONPATH} /usr/bin/python3 -W ignore:setup.py install is deprecated -W ignore:easy_install command is deprecated setup.py egg_info --egg-base ../../build/launch_project build --build-base /home/raspi-earth/project_ws/build/launch_project/build install --record /home/raspi-earth/project_ws/build/launch_project/install.log --single-version-externally-managed install_data
