[14.583s] Invoking command in '/home/raspi-earth/project_ws/src/processor_unit': PYTHONPATH=/home/raspi-earth/project_ws/build/processor_unit/prefix_override:/usr/lib/python3/dist-packages/colcon_core/task/python/colcon_distutils_commands:/home/raspi-earth/project_ws/install/processor_unit/lib/python3.11/site-packages:${PYTHONPATH} /usr/bin/python3 -W ignore:setup.py install is deprecated -W ignore:easy_install command is deprecated setup.py egg_info --egg-base ../../build/processor_unit build --build-base /home/raspi-earth/project_ws/build/processor_unit/build install --record /home/raspi-earth/project_ws/build/processor_unit/install.log --single-version-externally-managed install_data
[19.770s] running egg_info
[19.961s] writing ../../build/processor_unit/processor_unit.egg-info/PKG-INFO
[19.961s] writing dependency_links to ../../build/processor_unit/processor_unit.egg-info/dependency_links.txt
[19.961s] writing entry points to ../../build/processor_unit/processor_unit.egg-info/entry_points.txt
[19.962s] writing requirements to ../../build/processor_unit/processor_unit.egg-info/requires.txt
[19.962s] writing top-level names to ../../build/processor_unit/processor_unit.egg-info/top_level.txt
[20.398s] reading manifest file '../../build/processor_unit/processor_unit.egg-info/SOURCES.txt'
[20.403s] adding license file 'LICENSE'
[20.406s] writing manifest file '../../build/processor_unit/processor_unit.egg-info/SOURCES.txt'
[20.416s] running build
[20.416s] running build_py
[20.420s] running install
[20.500s] running install_lib
[20.814s] running install_data
[20.817s] running install_egg_info
[21.313s] removing '/home/raspi-earth/project_ws/install/processor_unit/lib/python3.11/site-packages/processor_unit-0.0.0-py3.11.egg-info' (and everything under it)
[21.322s] Copying ../../build/processor_unit/processor_unit.egg-info to /home/raspi-earth/project_ws/install/processor_unit/lib/python3.11/site-packages/processor_unit-0.0.0-py3.11.egg-info
[21.326s] running install_scripts
[22.386s] Installing main_processor script to /home/raspi-earth/project_ws/install/processor_unit/lib/processor_unit
[22.386s] Installing steam_cam script to /home/raspi-earth/project_ws/install/processor_unit/lib/processor_unit
[22.388s] Installing test script to /home/raspi-earth/project_ws/install/processor_unit/lib/processor_unit
[22.396s] Installing test1 script to /home/raspi-earth/project_ws/install/processor_unit/lib/processor_unit
[22.396s] Installing uart_zero_two_w script to /home/raspi-earth/project_ws/install/processor_unit/lib/processor_unit
[22.396s] writing list of installed files to '/home/raspi-earth/project_ws/build/processor_unit/install.log'
[22.943s] Invoked command in '/home/raspi-earth/project_ws/src/processor_unit' returned '0': PYTHONPATH=/home/raspi-earth/project_ws/build/processor_unit/prefix_override:/usr/lib/python3/dist-packages/colcon_core/task/python/colcon_distutils_commands:/home/raspi-earth/project_ws/install/processor_unit/lib/python3.11/site-packages:${PYTHONPATH} /usr/bin/python3 -W ignore:setup.py install is deprecated -W ignore:easy_install command is deprecated setup.py egg_info --egg-base ../../build/processor_unit build --build-base /home/raspi-earth/project_ws/build/processor_unit/build install --record /home/raspi-earth/project_ws/build/processor_unit/install.log --single-version-externally-managed install_data
