[7.126s] Invoking command in '/home/raspi-earth/project_ws/src/motor_control': PYTHONPATH=/home/raspi-earth/project_ws/build/motor_control/prefix_override:/usr/lib/python3/dist-packages/colcon_core/task/python/colcon_distutils_commands:/home/raspi-earth/project_ws/install/motor_control/lib/python3.11/site-packages:${PYTHONPATH} /usr/bin/python3 -W ignore:setup.py install is deprecated -W ignore:easy_install command is deprecated setup.py egg_info --egg-base ../../build/motor_control build --build-base /home/raspi-earth/project_ws/build/motor_control/build install --record /home/raspi-earth/project_ws/build/motor_control/install.log --single-version-externally-managed install_data
[9.230s] running egg_info
[9.230s] creating ../../build/motor_control/motor_control.egg-info
[9.286s] writing ../../build/motor_control/motor_control.egg-info/PKG-INFO
[9.286s] writing dependency_links to ../../build/motor_control/motor_control.egg-info/dependency_links.txt
[9.286s] writing entry points to ../../build/motor_control/motor_control.egg-info/entry_points.txt
[9.286s] writing requirements to ../../build/motor_control/motor_control.egg-info/requires.txt
[9.286s] writing top-level names to ../../build/motor_control/motor_control.egg-info/top_level.txt
[9.286s] writing manifest file '../../build/motor_control/motor_control.egg-info/SOURCES.txt'
[9.391s] reading manifest file '../../build/motor_control/motor_control.egg-info/SOURCES.txt'
[9.391s] adding license file 'LICENSE'
[9.392s] writing manifest file '../../build/motor_control/motor_control.egg-info/SOURCES.txt'
[9.392s] running build
[9.392s] running build_py
[9.393s] creating /home/raspi-earth/project_ws/build/motor_control/build
[9.393s] creating /home/raspi-earth/project_ws/build/motor_control/build/lib
[9.393s] creating /home/raspi-earth/project_ws/build/motor_control/build/lib/motor_control
[9.393s] copying motor_control/joint3_node.py -> /home/raspi-earth/project_ws/build/motor_control/build/lib/motor_control
[9.400s] copying motor_control/stepper_joint2.py -> /home/raspi-earth/project_ws/build/motor_control/build/lib/motor_control
[9.405s] copying motor_control/stepper_joint1.py -> /home/raspi-earth/project_ws/build/motor_control/build/lib/motor_control
[9.409s] copying motor_control/joint1_node.py -> /home/raspi-earth/project_ws/build/motor_control/build/lib/motor_control
[9.409s] copying motor_control/__init__.py -> /home/raspi-earth/project_ws/build/motor_control/build/lib/motor_control
[9.409s] copying motor_control/stepper_joint3.py -> /home/raspi-earth/project_ws/build/motor_control/build/lib/motor_control
[9.411s] copying motor_control/joint2_node.py -> /home/raspi-earth/project_ws/build/motor_control/build/lib/motor_control
[9.416s] running install
[9.431s] running install_lib
[9.480s] creating /home/raspi-earth/project_ws/install/motor_control/lib/python3.11/site-packages/motor_control
[9.480s] copying /home/raspi-earth/project_ws/build/motor_control/build/lib/motor_control/joint3_node.py -> /home/raspi-earth/project_ws/install/motor_control/lib/python3.11/site-packages/motor_control
[9.480s] copying /home/raspi-earth/project_ws/build/motor_control/build/lib/motor_control/stepper_joint2.py -> /home/raspi-earth/project_ws/install/motor_control/lib/python3.11/site-packages/motor_control
[9.480s] copying /home/raspi-earth/project_ws/build/motor_control/build/lib/motor_control/stepper_joint1.py -> /home/raspi-earth/project_ws/install/motor_control/lib/python3.11/site-packages/motor_control
[9.480s] copying /home/raspi-earth/project_ws/build/motor_control/build/lib/motor_control/joint1_node.py -> /home/raspi-earth/project_ws/install/motor_control/lib/python3.11/site-packages/motor_control
[9.480s] copying /home/raspi-earth/project_ws/build/motor_control/build/lib/motor_control/__init__.py -> /home/raspi-earth/project_ws/install/motor_control/lib/python3.11/site-packages/motor_control
[9.480s] copying /home/raspi-earth/project_ws/build/motor_control/build/lib/motor_control/stepper_joint3.py -> /home/raspi-earth/project_ws/install/motor_control/lib/python3.11/site-packages/motor_control
[9.481s] copying /home/raspi-earth/project_ws/build/motor_control/build/lib/motor_control/joint2_node.py -> /home/raspi-earth/project_ws/install/motor_control/lib/python3.11/site-packages/motor_control
[9.485s] byte-compiling /home/raspi-earth/project_ws/install/motor_control/lib/python3.11/site-packages/motor_control/joint3_node.py to joint3_node.cpython-311.pyc
[9.489s] byte-compiling /home/raspi-earth/project_ws/install/motor_control/lib/python3.11/site-packages/motor_control/stepper_joint2.py to stepper_joint2.cpython-311.pyc
[9.490s] byte-compiling /home/raspi-earth/project_ws/install/motor_control/lib/python3.11/site-packages/motor_control/stepper_joint1.py to stepper_joint1.cpython-311.pyc
[9.491s] byte-compiling /home/raspi-earth/project_ws/install/motor_control/lib/python3.11/site-packages/motor_control/joint1_node.py to joint1_node.cpython-311.pyc
[9.495s] byte-compiling /home/raspi-earth/project_ws/install/motor_control/lib/python3.11/site-packages/motor_control/__init__.py to __init__.cpython-311.pyc
[9.496s] byte-compiling /home/raspi-earth/project_ws/install/motor_control/lib/python3.11/site-packages/motor_control/stepper_joint3.py to stepper_joint3.cpython-311.pyc
[9.497s] byte-compiling /home/raspi-earth/project_ws/install/motor_control/lib/python3.11/site-packages/motor_control/joint2_node.py to joint2_node.cpython-311.pyc
[9.506s] running install_data
[9.506s] creating /home/raspi-earth/project_ws/install/motor_control/share/ament_index
[9.506s] creating /home/raspi-earth/project_ws/install/motor_control/share/ament_index/resource_index
[9.506s] creating /home/raspi-earth/project_ws/install/motor_control/share/ament_index/resource_index/packages
[9.506s] copying resource/motor_control -> /home/raspi-earth/project_ws/install/motor_control/share/ament_index/resource_index/packages
[9.506s] copying package.xml -> /home/raspi-earth/project_ws/install/motor_control/share/motor_control
[9.506s] running install_egg_info
[9.646s] Copying ../../build/motor_control/motor_control.egg-info to /home/raspi-earth/project_ws/install/motor_control/lib/python3.11/site-packages/motor_control-0.0.0-py3.11.egg-info
[9.647s] running install_scripts
[9.869s] Installing joint1_node script to /home/raspi-earth/project_ws/install/motor_control/lib/motor_control
[9.870s] Installing joint2_node script to /home/raspi-earth/project_ws/install/motor_control/lib/motor_control
[9.871s] Installing joint3_node script to /home/raspi-earth/project_ws/install/motor_control/lib/motor_control
[9.872s] Installing servodrive script to /home/raspi-earth/project_ws/install/motor_control/lib/motor_control
[9.872s] Installing stepmotor1 script to /home/raspi-earth/project_ws/install/motor_control/lib/motor_control
[9.873s] Installing stepmotor2 script to /home/raspi-earth/project_ws/install/motor_control/lib/motor_control
[9.876s] Installing stepmotor3 script to /home/raspi-earth/project_ws/install/motor_control/lib/motor_control
[9.876s] writing list of installed files to '/home/raspi-earth/project_ws/build/motor_control/install.log'
[10.120s] Invoked command in '/home/raspi-earth/project_ws/src/motor_control' returned '0': PYTHONPATH=/home/raspi-earth/project_ws/build/motor_control/prefix_override:/usr/lib/python3/dist-packages/colcon_core/task/python/colcon_distutils_commands:/home/raspi-earth/project_ws/install/motor_control/lib/python3.11/site-packages:${PYTHONPATH} /usr/bin/python3 -W ignore:setup.py install is deprecated -W ignore:easy_install command is deprecated setup.py egg_info --egg-base ../../build/motor_control build --build-base /home/raspi-earth/project_ws/build/motor_control/build install --record /home/raspi-earth/project_ws/build/motor_control/install.log --single-version-externally-managed install_data
