running develop
Removing /home/raspi-earth/project_ws/install/encoder_unit/lib/python3.11/site-packages/encoder-unit.egg-link (link to .)
running egg_info
writing ../../build/encoder_unit/encoder_unit.egg-info/PKG-INFO
writing dependency_links to ../../build/encoder_unit/encoder_unit.egg-info/dependency_links.txt
writing entry points to ../../build/encoder_unit/encoder_unit.egg-info/entry_points.txt
writing requirements to ../../build/encoder_unit/encoder_unit.egg-info/requires.txt
writing top-level names to ../../build/encoder_unit/encoder_unit.egg-info/top_level.txt
reading manifest file '../../build/encoder_unit/encoder_unit.egg-info/SOURCES.txt'
adding license file 'LICENSE'
writing manifest file '../../build/encoder_unit/encoder_unit.egg-info/SOURCES.txt'
running build
running build_py
running install
running install_lib
creating /home/raspi-earth/project_ws/install/encoder_unit/lib/python3.11/site-packages/encoder_unit
copying /home/raspi-earth/project_ws/build/encoder_unit/build/lib/encoder_unit/as5600_5.py -> /home/raspi-earth/project_ws/install/encoder_unit/lib/python3.11/site-packages/encoder_unit
copying /home/raspi-earth/project_ws/build/encoder_unit/build/lib/encoder_unit/as5600_2.py -> /home/raspi-earth/project_ws/install/encoder_unit/lib/python3.11/site-packages/encoder_unit
copying /home/raspi-earth/project_ws/build/encoder_unit/build/lib/encoder_unit/as5600_4.py -> /home/raspi-earth/project_ws/install/encoder_unit/lib/python3.11/site-packages/encoder_unit
copying /home/raspi-earth/project_ws/build/encoder_unit/build/lib/encoder_unit/as5600_3.py -> /home/raspi-earth/project_ws/install/encoder_unit/lib/python3.11/site-packages/encoder_unit
copying /home/raspi-earth/project_ws/build/encoder_unit/build/lib/encoder_unit/__init__.py -> /home/raspi-earth/project_ws/install/encoder_unit/lib/python3.11/site-packages/encoder_unit
copying /home/raspi-earth/project_ws/build/encoder_unit/build/lib/encoder_unit/as5600_1.py -> /home/raspi-earth/project_ws/install/encoder_unit/lib/python3.11/site-packages/encoder_unit
copying /home/raspi-earth/project_ws/build/encoder_unit/build/lib/encoder_unit/limit_switch_node.py -> /home/raspi-earth/project_ws/install/encoder_unit/lib/python3.11/site-packages/encoder_unit
byte-compiling /home/raspi-earth/project_ws/install/encoder_unit/lib/python3.11/site-packages/encoder_unit/as5600_5.py to as5600_5.cpython-311.pyc
byte-compiling /home/raspi-earth/project_ws/install/encoder_unit/lib/python3.11/site-packages/encoder_unit/as5600_2.py to as5600_2.cpython-311.pyc
byte-compiling /home/raspi-earth/project_ws/install/encoder_unit/lib/python3.11/site-packages/encoder_unit/as5600_4.py to as5600_4.cpython-311.pyc
byte-compiling /home/raspi-earth/project_ws/install/encoder_unit/lib/python3.11/site-packages/encoder_unit/as5600_3.py to as5600_3.cpython-311.pyc
byte-compiling /home/raspi-earth/project_ws/install/encoder_unit/lib/python3.11/site-packages/encoder_unit/__init__.py to __init__.cpython-311.pyc
byte-compiling /home/raspi-earth/project_ws/install/encoder_unit/lib/python3.11/site-packages/encoder_unit/as5600_1.py to as5600_1.cpython-311.pyc
byte-compiling /home/raspi-earth/project_ws/install/encoder_unit/lib/python3.11/site-packages/encoder_unit/limit_switch_node.py to limit_switch_node.cpython-311.pyc
running install_data
copying resource/encoder_unit -> /home/raspi-earth/project_ws/install/encoder_unit/share/ament_index/resource_index/packages
copying package.xml -> /home/raspi-earth/project_ws/install/encoder_unit/share/encoder_unit
running install_egg_info
Copying ../../build/encoder_unit/encoder_unit.egg-info to /home/raspi-earth/project_ws/install/encoder_unit/lib/python3.11/site-packages/encoder_unit-0.0.0-py3.11.egg-info
running install_scripts
Installing as5600_1 script to /home/raspi-earth/project_ws/install/encoder_unit/lib/encoder_unit
Installing as5600_2 script to /home/raspi-earth/project_ws/install/encoder_unit/lib/encoder_unit
Installing as5600_3 script to /home/raspi-earth/project_ws/install/encoder_unit/lib/encoder_unit
Installing as5600_4 script to /home/raspi-earth/project_ws/install/encoder_unit/lib/encoder_unit
Installing as5600_5 script to /home/raspi-earth/project_ws/install/encoder_unit/lib/encoder_unit
Installing limit script to /home/raspi-earth/project_ws/install/encoder_unit/lib/encoder_unit
writing list of installed files to '/home/raspi-earth/project_ws/build/encoder_unit/install.log'
