[8.649s] Invoking command in '/home/raspi-earth/project_ws/src/motor_control': PYTHONPATH=/home/raspi-earth/project_ws/build/motor_control/prefix_override:/usr/lib/python3/dist-packages/colcon_core/task/python/colcon_distutils_commands:/home/raspi-earth/project_ws/install/motor_control/lib/python3.11/site-packages:${PYTHONPATH} /usr/bin/python3 -W ignore:setup.py install is deprecated -W ignore:easy_install command is deprecated setup.py egg_info --egg-base ../../build/motor_control build --build-base /home/raspi-earth/project_ws/build/motor_control/build install --record /home/raspi-earth/project_ws/build/motor_control/install.log --single-version-externally-managed install_data
[10.554s] running egg_info
[10.595s] writing ../../build/motor_control/motor_control.egg-info/PKG-INFO
[10.595s] writing dependency_links to ../../build/motor_control/motor_control.egg-info/dependency_links.txt
[10.596s] writing entry points to ../../build/motor_control/motor_control.egg-info/entry_points.txt
[10.597s] writing requirements to ../../build/motor_control/motor_control.egg-info/requires.txt
[10.598s] writing top-level names to ../../build/motor_control/motor_control.egg-info/top_level.txt
[10.763s] reading manifest file '../../build/motor_control/motor_control.egg-info/SOURCES.txt'
[10.764s] adding license file 'LICENSE'
[10.766s] writing manifest file '../../build/motor_control/motor_control.egg-info/SOURCES.txt'
[10.766s] running build
[10.766s] running build_py
[10.767s] copying motor_control/joint1_node.py -> /home/raspi-earth/project_ws/build/motor_control/build/lib/motor_control
[10.768s] running install
[10.794s] running install_lib
[10.884s] copying /home/raspi-earth/project_ws/build/motor_control/build/lib/motor_control/joint1_node.py -> /home/raspi-earth/project_ws/install/motor_control/lib/python3.11/site-packages/motor_control
[10.892s] byte-compiling /home/raspi-earth/project_ws/install/motor_control/lib/python3.11/site-packages/motor_control/joint1_node.py to joint1_node.cpython-311.pyc
[10.900s] running install_data
[10.900s] running install_egg_info
[11.071s] removing '/home/raspi-earth/project_ws/install/motor_control/lib/python3.11/site-packages/motor_control-0.0.0-py3.11.egg-info' (and everything under it)
[11.081s] Copying ../../build/motor_control/motor_control.egg-info to /home/raspi-earth/project_ws/install/motor_control/lib/python3.11/site-packages/motor_control-0.0.0-py3.11.egg-info
[11.081s] running install_scripts
[11.395s] Installing joint1_node script to /home/raspi-earth/project_ws/install/motor_control/lib/motor_control
[11.396s] Installing joint2_node script to /home/raspi-earth/project_ws/install/motor_control/lib/motor_control
[11.397s] Installing joint3_node script to /home/raspi-earth/project_ws/install/motor_control/lib/motor_control
[11.398s] Installing servodrive script to /home/raspi-earth/project_ws/install/motor_control/lib/motor_control
[11.400s] Installing stepmotor1 script to /home/raspi-earth/project_ws/install/motor_control/lib/motor_control
[11.400s] Installing stepmotor2 script to /home/raspi-earth/project_ws/install/motor_control/lib/motor_control
[11.400s] Installing stepmotor3 script to /home/raspi-earth/project_ws/install/motor_control/lib/motor_control
[11.401s] writing list of installed files to '/home/raspi-earth/project_ws/build/motor_control/install.log'
[11.620s] Invoked command in '/home/raspi-earth/project_ws/src/motor_control' returned '0': PYTHONPATH=/home/raspi-earth/project_ws/build/motor_control/prefix_override:/usr/lib/python3/dist-packages/colcon_core/task/python/colcon_distutils_commands:/home/raspi-earth/project_ws/install/motor_control/lib/python3.11/site-packages:${PYTHONPATH} /usr/bin/python3 -W ignore:setup.py install is deprecated -W ignore:easy_install command is deprecated setup.py egg_info --egg-base ../../build/motor_control build --build-base /home/raspi-earth/project_ws/build/motor_control/build install --record /home/raspi-earth/project_ws/build/motor_control/install.log --single-version-externally-managed install_data
