[7.700s] Invoking command in '/home/raspi-earth/project_ws/src/motor_control': PYTHONPATH=/home/raspi-earth/project_ws/build/motor_control/prefix_override:/usr/lib/python3/dist-packages/colcon_core/task/python/colcon_distutils_commands:/home/raspi-earth/project_ws/install/motor_control/lib/python3.11/site-packages:${PYTHONPATH} /usr/bin/python3 -W ignore:setup.py install is deprecated -W ignore:easy_install command is deprecated setup.py egg_info --egg-base ../../build/motor_control build --build-base /home/raspi-earth/project_ws/build/motor_control/build install --record /home/raspi-earth/project_ws/build/motor_control/install.log --single-version-externally-managed install_data
[9.372s] running egg_info
[9.453s] writing ../../build/motor_control/motor_control.egg-info/PKG-INFO
[9.454s] writing dependency_links to ../../build/motor_control/motor_control.egg-info/dependency_links.txt
[9.455s] writing entry points to ../../build/motor_control/motor_control.egg-info/entry_points.txt
[9.456s] writing requirements to ../../build/motor_control/motor_control.egg-info/requires.txt
[9.457s] writing top-level names to ../../build/motor_control/motor_control.egg-info/top_level.txt
[9.577s] reading manifest file '../../build/motor_control/motor_control.egg-info/SOURCES.txt'
[9.577s] adding license file 'LICENSE'
[9.578s] writing manifest file '../../build/motor_control/motor_control.egg-info/SOURCES.txt'
[9.584s] running build
[9.584s] running build_py
[9.584s] running install
[9.592s] running install_lib
[9.643s] running install_data
[9.643s] running install_egg_info
[9.826s] removing '/home/raspi-earth/project_ws/install/motor_control/lib/python3.11/site-packages/motor_control-0.0.0-py3.11.egg-info' (and everything under it)
[9.837s] Copying ../../build/motor_control/motor_control.egg-info to /home/raspi-earth/project_ws/install/motor_control/lib/python3.11/site-packages/motor_control-0.0.0-py3.11.egg-info
[9.838s] running install_scripts
[10.119s] Installing joint1_node script to /home/raspi-earth/project_ws/install/motor_control/lib/motor_control
[10.119s] Installing joint2_node script to /home/raspi-earth/project_ws/install/motor_control/lib/motor_control
[10.120s] Installing joint3_node script to /home/raspi-earth/project_ws/install/motor_control/lib/motor_control
[10.121s] Installing servodrive script to /home/raspi-earth/project_ws/install/motor_control/lib/motor_control
[10.122s] Installing stepmotor1 script to /home/raspi-earth/project_ws/install/motor_control/lib/motor_control
[10.123s] Installing stepmotor2 script to /home/raspi-earth/project_ws/install/motor_control/lib/motor_control
[10.124s] Installing stepmotor3 script to /home/raspi-earth/project_ws/install/motor_control/lib/motor_control
[10.127s] writing list of installed files to '/home/raspi-earth/project_ws/build/motor_control/install.log'
[10.324s] Invoked command in '/home/raspi-earth/project_ws/src/motor_control' returned '0': PYTHONPATH=/home/raspi-earth/project_ws/build/motor_control/prefix_override:/usr/lib/python3/dist-packages/colcon_core/task/python/colcon_distutils_commands:/home/raspi-earth/project_ws/install/motor_control/lib/python3.11/site-packages:${PYTHONPATH} /usr/bin/python3 -W ignore:setup.py install is deprecated -W ignore:easy_install command is deprecated setup.py egg_info --egg-base ../../build/motor_control build --build-base /home/raspi-earth/project_ws/build/motor_control/build install --record /home/raspi-earth/project_ws/build/motor_control/install.log --single-version-externally-managed install_data
