[5.729s] Invoking command in '/home/raspi-earth/project_ws/src/motor_control': PYTHONPATH=/home/raspi-earth/project_ws/build/motor_control/prefix_override:/usr/lib/python3/dist-packages/colcon_core/task/python/colcon_distutils_commands:/home/raspi-earth/project_ws/install/motor_control/lib/python3.11/site-packages:${PYTHONPATH} /usr/bin/python3 -W ignore:setup.py install is deprecated -W ignore:easy_install command is deprecated setup.py egg_info --egg-base ../../build/motor_control build --build-base /home/raspi-earth/project_ws/build/motor_control/build install --record /home/raspi-earth/project_ws/build/motor_control/install.log --single-version-externally-managed install_data
[6.829s] running egg_info
[6.870s] writing ../../build/motor_control/motor_control.egg-info/PKG-INFO
[6.871s] writing dependency_links to ../../build/motor_control/motor_control.egg-info/dependency_links.txt
[6.872s] writing entry points to ../../build/motor_control/motor_control.egg-info/entry_points.txt
[6.873s] writing requirements to ../../build/motor_control/motor_control.egg-info/requires.txt
[6.874s] writing top-level names to ../../build/motor_control/motor_control.egg-info/top_level.txt
[6.962s] reading manifest file '../../build/motor_control/motor_control.egg-info/SOURCES.txt'
[6.962s] adding license file 'LICENSE'
[6.963s] writing manifest file '../../build/motor_control/motor_control.egg-info/SOURCES.txt'
[6.964s] running build
[6.964s] running build_py
[6.964s] running install
[6.977s] running install_lib
[7.023s] running install_data
[7.024s] running install_egg_info
[7.135s] removing '/home/raspi-earth/project_ws/install/motor_control/lib/python3.11/site-packages/motor_control-0.0.0-py3.11.egg-info' (and everything under it)
[7.145s] Copying ../../build/motor_control/motor_control.egg-info to /home/raspi-earth/project_ws/install/motor_control/lib/python3.11/site-packages/motor_control-0.0.0-py3.11.egg-info
[7.146s] running install_scripts
[7.415s] Installing joint1_node script to /home/raspi-earth/project_ws/install/motor_control/lib/motor_control
[7.416s] Installing joint2_node script to /home/raspi-earth/project_ws/install/motor_control/lib/motor_control
[7.420s] Installing joint3_node script to /home/raspi-earth/project_ws/install/motor_control/lib/motor_control
[7.421s] Installing servodrive script to /home/raspi-earth/project_ws/install/motor_control/lib/motor_control
[7.422s] Installing stepmotor1 script to /home/raspi-earth/project_ws/install/motor_control/lib/motor_control
[7.425s] Installing stepmotor2 script to /home/raspi-earth/project_ws/install/motor_control/lib/motor_control
[7.425s] Installing stepmotor3 script to /home/raspi-earth/project_ws/install/motor_control/lib/motor_control
[7.425s] writing list of installed files to '/home/raspi-earth/project_ws/build/motor_control/install.log'
[7.641s] Invoked command in '/home/raspi-earth/project_ws/src/motor_control' returned '0': PYTHONPATH=/home/raspi-earth/project_ws/build/motor_control/prefix_override:/usr/lib/python3/dist-packages/colcon_core/task/python/colcon_distutils_commands:/home/raspi-earth/project_ws/install/motor_control/lib/python3.11/site-packages:${PYTHONPATH} /usr/bin/python3 -W ignore:setup.py install is deprecated -W ignore:easy_install command is deprecated setup.py egg_info --egg-base ../../build/motor_control build --build-base /home/raspi-earth/project_ws/build/motor_control/build install --record /home/raspi-earth/project_ws/build/motor_control/install.log --single-version-externally-managed install_data
