[8.644s] Invoking command in '/home/raspi-earth/project_ws/src/encoder_unit': PYTHONPATH=/home/raspi-earth/project_ws/build/encoder_unit/prefix_override:/usr/lib/python3/dist-packages/colcon_core/task/python/colcon_distutils_commands:/home/raspi-earth/project_ws/install/encoder_unit/lib/python3.11/site-packages:${PYTHONPATH} /usr/bin/python3 -W ignore:setup.py install is deprecated -W ignore:easy_install command is deprecated setup.py egg_info --egg-base ../../build/encoder_unit build --build-base /home/raspi-earth/project_ws/build/encoder_unit/build install --record /home/raspi-earth/project_ws/build/encoder_unit/install.log --single-version-externally-managed install_data
[10.643s] running egg_info
[10.692s] writing ../../build/encoder_unit/encoder_unit.egg-info/PKG-INFO
[10.693s] writing dependency_links to ../../build/encoder_unit/encoder_unit.egg-info/dependency_links.txt
[10.698s] writing entry points to ../../build/encoder_unit/encoder_unit.egg-info/entry_points.txt
[10.698s] writing requirements to ../../build/encoder_unit/encoder_unit.egg-info/requires.txt
[10.699s] writing top-level names to ../../build/encoder_unit/encoder_unit.egg-info/top_level.txt
[10.934s] reading manifest file '../../build/encoder_unit/encoder_unit.egg-info/SOURCES.txt'
[10.934s] adding license file 'LICENSE'
[10.934s] writing manifest file '../../build/encoder_unit/encoder_unit.egg-info/SOURCES.txt'
[10.934s] running build
[10.934s] running build_py
[10.934s] running install
[10.954s] running install_lib
[11.055s] running install_data
[11.056s] running install_egg_info
[11.208s] removing '/home/raspi-earth/project_ws/install/encoder_unit/lib/python3.11/site-packages/encoder_unit-0.0.0-py3.11.egg-info' (and everything under it)
[11.209s] Copying ../../build/encoder_unit/encoder_unit.egg-info to /home/raspi-earth/project_ws/install/encoder_unit/lib/python3.11/site-packages/encoder_unit-0.0.0-py3.11.egg-info
[11.213s] running install_scripts
[11.469s] Installing as5600_1 script to /home/raspi-earth/project_ws/install/encoder_unit/lib/encoder_unit
[11.469s] Installing as5600_2 script to /home/raspi-earth/project_ws/install/encoder_unit/lib/encoder_unit
[11.470s] Installing as5600_3 script to /home/raspi-earth/project_ws/install/encoder_unit/lib/encoder_unit
[11.471s] Installing as5600_4 script to /home/raspi-earth/project_ws/install/encoder_unit/lib/encoder_unit
[11.471s] Installing as5600_5 script to /home/raspi-earth/project_ws/install/encoder_unit/lib/encoder_unit
[11.471s] Installing limit script to /home/raspi-earth/project_ws/install/encoder_unit/lib/encoder_unit
[11.473s] writing list of installed files to '/home/raspi-earth/project_ws/build/encoder_unit/install.log'
[11.635s] Invoked command in '/home/raspi-earth/project_ws/src/encoder_unit' returned '0': PYTHONPATH=/home/raspi-earth/project_ws/build/encoder_unit/prefix_override:/usr/lib/python3/dist-packages/colcon_core/task/python/colcon_distutils_commands:/home/raspi-earth/project_ws/install/encoder_unit/lib/python3.11/site-packages:${PYTHONPATH} /usr/bin/python3 -W ignore:setup.py install is deprecated -W ignore:easy_install command is deprecated setup.py egg_info --egg-base ../../build/encoder_unit build --build-base /home/raspi-earth/project_ws/build/encoder_unit/build install --record /home/raspi-earth/project_ws/build/encoder_unit/install.log --single-version-externally-managed install_data
