[15.598s] Invoking command in '/home/raspi-earth/project_ws/src/motor_control': PYTHONPATH=/home/raspi-earth/project_ws/build/motor_control/prefix_override:/usr/lib/python3/dist-packages/colcon_core/task/python/colcon_distutils_commands:/home/raspi-earth/project_ws/install/motor_control/lib/python3.11/site-packages:${PYTHONPATH} /usr/bin/python3 -W ignore:setup.py install is deprecated -W ignore:easy_install command is deprecated setup.py egg_info --egg-base ../../build/motor_control build --build-base /home/raspi-earth/project_ws/build/motor_control/build install --record /home/raspi-earth/project_ws/build/motor_control/install.log --single-version-externally-managed install_data
[20.781s] running egg_info
[21.043s] writing ../../build/motor_control/motor_control.egg-info/PKG-INFO
[21.043s] writing dependency_links to ../../build/motor_control/motor_control.egg-info/dependency_links.txt
[21.045s] writing entry points to ../../build/motor_control/motor_control.egg-info/entry_points.txt
[21.050s] writing requirements to ../../build/motor_control/motor_control.egg-info/requires.txt
[21.050s] writing top-level names to ../../build/motor_control/motor_control.egg-info/top_level.txt
[21.384s] reading manifest file '../../build/motor_control/motor_control.egg-info/SOURCES.txt'
[21.388s] adding license file 'LICENSE'
[21.388s] writing manifest file '../../build/motor_control/motor_control.egg-info/SOURCES.txt'
[21.391s] running build
[21.391s] running build_py
[21.391s] copying motor_control/joint2_node.py -> /home/raspi-earth/project_ws/build/motor_control/build/lib/motor_control
[21.400s] running install
[21.428s] running install_lib
[21.531s] copying /home/raspi-earth/project_ws/build/motor_control/build/lib/motor_control/joint2_node.py -> /home/raspi-earth/project_ws/install/motor_control/lib/python3.11/site-packages/motor_control
[21.541s] byte-compiling /home/raspi-earth/project_ws/install/motor_control/lib/python3.11/site-packages/motor_control/joint2_node.py to joint2_node.cpython-311.pyc
[21.552s] running install_data
[21.553s] running install_egg_info
[21.979s] removing '/home/raspi-earth/project_ws/install/motor_control/lib/python3.11/site-packages/motor_control-0.0.0-py3.11.egg-info' (and everything under it)
[21.990s] Copying ../../build/motor_control/motor_control.egg-info to /home/raspi-earth/project_ws/install/motor_control/lib/python3.11/site-packages/motor_control-0.0.0-py3.11.egg-info
[21.990s] running install_scripts
[22.540s] Installing joint1_node script to /home/raspi-earth/project_ws/install/motor_control/lib/motor_control
[22.540s] Installing joint2_node script to /home/raspi-earth/project_ws/install/motor_control/lib/motor_control
[22.543s] Installing joint3_node script to /home/raspi-earth/project_ws/install/motor_control/lib/motor_control
[22.544s] Installing servodrive script to /home/raspi-earth/project_ws/install/motor_control/lib/motor_control
[22.546s] Installing stepmotor1 script to /home/raspi-earth/project_ws/install/motor_control/lib/motor_control
[22.567s] Installing stepmotor2 script to /home/raspi-earth/project_ws/install/motor_control/lib/motor_control
[22.567s] Installing stepmotor3 script to /home/raspi-earth/project_ws/install/motor_control/lib/motor_control
[22.568s] writing list of installed files to '/home/raspi-earth/project_ws/build/motor_control/install.log'
[23.115s] Invoked command in '/home/raspi-earth/project_ws/src/motor_control' returned '0': PYTHONPATH=/home/raspi-earth/project_ws/build/motor_control/prefix_override:/usr/lib/python3/dist-packages/colcon_core/task/python/colcon_distutils_commands:/home/raspi-earth/project_ws/install/motor_control/lib/python3.11/site-packages:${PYTHONPATH} /usr/bin/python3 -W ignore:setup.py install is deprecated -W ignore:easy_install command is deprecated setup.py egg_info --egg-base ../../build/motor_control build --build-base /home/raspi-earth/project_ws/build/motor_control/build install --record /home/raspi-earth/project_ws/build/motor_control/install.log --single-version-externally-managed install_data
