[5.689s] Invoking command in '/home/raspi-earth/project_ws/src/launch_project': PYTHONPATH=/home/raspi-earth/project_ws/build/launch_project/prefix_override:/usr/lib/python3/dist-packages/colcon_core/task/python/colcon_distutils_commands:/home/raspi-earth/project_ws/install/launch_project/lib/python3.11/site-packages:${PYTHONPATH} /usr/bin/python3 -W ignore:setup.py install is deprecated -W ignore:easy_install command is deprecated setup.py egg_info --egg-base ../../build/launch_project build --build-base /home/raspi-earth/project_ws/build/launch_project/build install --record /home/raspi-earth/project_ws/build/launch_project/install.log --single-version-externally-managed install_data
[6.806s] running egg_info
[6.847s] writing ../../build/launch_project/launch_project.egg-info/PKG-INFO
[6.848s] writing dependency_links to ../../build/launch_project/launch_project.egg-info/dependency_links.txt
[6.849s] writing requirements to ../../build/launch_project/launch_project.egg-info/requires.txt
[6.850s] writing top-level names to ../../build/launch_project/launch_project.egg-info/top_level.txt
[6.934s] reading manifest file '../../build/launch_project/launch_project.egg-info/SOURCES.txt'
[6.935s] adding license file 'LICENSE'
[6.935s] writing manifest file '../../build/launch_project/launch_project.egg-info/SOURCES.txt'
[6.936s] running build
[6.936s] running build_py
[6.937s] running install
[6.947s] running install_lib
[6.995s] running install_data
[6.996s] running install_egg_info
[7.102s] removing '/home/raspi-earth/project_ws/install/launch_project/lib/python3.11/site-packages/launch_project-0.0.0-py3.11.egg-info' (and everything under it)
[7.111s] Copying ../../build/launch_project/launch_project.egg-info to /home/raspi-earth/project_ws/install/launch_project/lib/python3.11/site-packages/launch_project-0.0.0-py3.11.egg-info
[7.112s] running install_scripts
[7.373s] writing list of installed files to '/home/raspi-earth/project_ws/build/launch_project/install.log'
[7.573s] Invoked command in '/home/raspi-earth/project_ws/src/launch_project' returned '0': PYTHONPATH=/home/raspi-earth/project_ws/build/launch_project/prefix_override:/usr/lib/python3/dist-packages/colcon_core/task/python/colcon_distutils_commands:/home/raspi-earth/project_ws/install/launch_project/lib/python3.11/site-packages:${PYTHONPATH} /usr/bin/python3 -W ignore:setup.py install is deprecated -W ignore:easy_install command is deprecated setup.py egg_info --egg-base ../../build/launch_project build --build-base /home/raspi-earth/project_ws/build/launch_project/build install --record /home/raspi-earth/project_ws/build/launch_project/install.log --single-version-externally-managed install_data
