[8.731s] Invoking command in '/home/raspi-earth/project_ws/src/processor_unit': PYTHONPATH=/home/raspi-earth/project_ws/build/processor_unit/prefix_override:/usr/lib/python3/dist-packages/colcon_core/task/python/colcon_distutils_commands:/home/raspi-earth/project_ws/install/processor_unit/lib/python3.11/site-packages:${PYTHONPATH} /usr/bin/python3 -W ignore:setup.py install is deprecated -W ignore:easy_install command is deprecated setup.py egg_info --egg-base ../../build/processor_unit build --build-base /home/raspi-earth/project_ws/build/processor_unit/build install --record /home/raspi-earth/project_ws/build/processor_unit/install.log --single-version-externally-managed install_data
[10.767s] running egg_info
[10.853s] writing ../../build/processor_unit/processor_unit.egg-info/PKG-INFO
[10.854s] writing dependency_links to ../../build/processor_unit/processor_unit.egg-info/dependency_links.txt
[10.859s] writing entry points to ../../build/processor_unit/processor_unit.egg-info/entry_points.txt
[10.859s] writing requirements to ../../build/processor_unit/processor_unit.egg-info/requires.txt
[10.859s] writing top-level names to ../../build/processor_unit/processor_unit.egg-info/top_level.txt
[11.049s] reading manifest file '../../build/processor_unit/processor_unit.egg-info/SOURCES.txt'
[11.050s] adding license file 'LICENSE'
[11.052s] writing manifest file '../../build/processor_unit/processor_unit.egg-info/SOURCES.txt'
[11.056s] running build
[11.056s] running build_py
[11.056s] running install
[11.082s] running install_lib
[11.185s] running install_data
[11.185s] running install_egg_info
[11.322s] removing '/home/raspi-earth/project_ws/install/processor_unit/lib/python3.11/site-packages/processor_unit-0.0.0-py3.11.egg-info' (and everything under it)
[11.323s] Copying ../../build/processor_unit/processor_unit.egg-info to /home/raspi-earth/project_ws/install/processor_unit/lib/python3.11/site-packages/processor_unit-0.0.0-py3.11.egg-info
[11.325s] running install_scripts
[11.742s] Installing main_processor script to /home/raspi-earth/project_ws/install/processor_unit/lib/processor_unit
[11.744s] Installing steam_cam script to /home/raspi-earth/project_ws/install/processor_unit/lib/processor_unit
[11.745s] Installing test script to /home/raspi-earth/project_ws/install/processor_unit/lib/processor_unit
[11.748s] Installing test1 script to /home/raspi-earth/project_ws/install/processor_unit/lib/processor_unit
[11.752s] Installing uart_zero_two_w script to /home/raspi-earth/project_ws/install/processor_unit/lib/processor_unit
[11.754s] writing list of installed files to '/home/raspi-earth/project_ws/build/processor_unit/install.log'
[11.927s] Invoked command in '/home/raspi-earth/project_ws/src/processor_unit' returned '0': PYTHONPATH=/home/raspi-earth/project_ws/build/processor_unit/prefix_override:/usr/lib/python3/dist-packages/colcon_core/task/python/colcon_distutils_commands:/home/raspi-earth/project_ws/install/processor_unit/lib/python3.11/site-packages:${PYTHONPATH} /usr/bin/python3 -W ignore:setup.py install is deprecated -W ignore:easy_install command is deprecated setup.py egg_info --egg-base ../../build/processor_unit build --build-base /home/raspi-earth/project_ws/build/processor_unit/build install --record /home/raspi-earth/project_ws/build/processor_unit/install.log --single-version-externally-managed install_data
