[5.880s] Invoking command in '/home/raspi-earth/project_ws/src/motor_control': PYTHONPATH=/home/raspi-earth/project_ws/build/motor_control/prefix_override:/usr/lib/python3/dist-packages/colcon_core/task/python/colcon_distutils_commands:/home/raspi-earth/project_ws/install/motor_control/lib/python3.11/site-packages:${PYTHONPATH} /usr/bin/python3 -W ignore:setup.py install is deprecated -W ignore:easy_install command is deprecated setup.py egg_info --egg-base ../../build/motor_control build --build-base /home/raspi-earth/project_ws/build/motor_control/build install --record /home/raspi-earth/project_ws/build/motor_control/install.log --single-version-externally-managed install_data
[7.003s] running egg_info
[7.049s] writing ../../build/motor_control/motor_control.egg-info/PKG-INFO
[7.050s] writing dependency_links to ../../build/motor_control/motor_control.egg-info/dependency_links.txt
[7.053s] writing entry points to ../../build/motor_control/motor_control.egg-info/entry_points.txt
[7.056s] writing requirements to ../../build/motor_control/motor_control.egg-info/requires.txt
[7.056s] writing top-level names to ../../build/motor_control/motor_control.egg-info/top_level.txt
[7.139s] reading manifest file '../../build/motor_control/motor_control.egg-info/SOURCES.txt'
[7.139s] adding license file 'LICENSE'
[7.140s] writing manifest file '../../build/motor_control/motor_control.egg-info/SOURCES.txt'
[7.141s] running build
[7.141s] running build_py
[7.141s] copying motor_control/joint1_node.py -> /home/raspi-earth/project_ws/build/motor_control/build/lib/motor_control
[7.144s] copying motor_control/joint2_node.py -> /home/raspi-earth/project_ws/build/motor_control/build/lib/motor_control
[7.144s] running install
[7.154s] running install_lib
[7.208s] copying /home/raspi-earth/project_ws/build/motor_control/build/lib/motor_control/joint1_node.py -> /home/raspi-earth/project_ws/install/motor_control/lib/python3.11/site-packages/motor_control
[7.208s] copying /home/raspi-earth/project_ws/build/motor_control/build/lib/motor_control/joint2_node.py -> /home/raspi-earth/project_ws/install/motor_control/lib/python3.11/site-packages/motor_control
[7.213s] byte-compiling /home/raspi-earth/project_ws/install/motor_control/lib/python3.11/site-packages/motor_control/joint1_node.py to joint1_node.cpython-311.pyc
[7.220s] byte-compiling /home/raspi-earth/project_ws/install/motor_control/lib/python3.11/site-packages/motor_control/joint2_node.py to joint2_node.cpython-311.pyc
[7.226s] running install_data
[7.228s] running install_egg_info
[7.358s] removing '/home/raspi-earth/project_ws/install/motor_control/lib/python3.11/site-packages/motor_control-0.0.0-py3.11.egg-info' (and everything under it)
[7.358s] Copying ../../build/motor_control/motor_control.egg-info to /home/raspi-earth/project_ws/install/motor_control/lib/python3.11/site-packages/motor_control-0.0.0-py3.11.egg-info
[7.361s] running install_scripts
[7.596s] Installing joint1_node script to /home/raspi-earth/project_ws/install/motor_control/lib/motor_control
[7.597s] Installing joint2_node script to /home/raspi-earth/project_ws/install/motor_control/lib/motor_control
[7.597s] Installing joint3_node script to /home/raspi-earth/project_ws/install/motor_control/lib/motor_control
[7.598s] Installing servodrive script to /home/raspi-earth/project_ws/install/motor_control/lib/motor_control
[7.598s] Installing stepmotor1 script to /home/raspi-earth/project_ws/install/motor_control/lib/motor_control
[7.599s] Installing stepmotor2 script to /home/raspi-earth/project_ws/install/motor_control/lib/motor_control
[7.599s] Installing stepmotor3 script to /home/raspi-earth/project_ws/install/motor_control/lib/motor_control
[7.601s] writing list of installed files to '/home/raspi-earth/project_ws/build/motor_control/install.log'
[7.812s] Invoked command in '/home/raspi-earth/project_ws/src/motor_control' returned '0': PYTHONPATH=/home/raspi-earth/project_ws/build/motor_control/prefix_override:/usr/lib/python3/dist-packages/colcon_core/task/python/colcon_distutils_commands:/home/raspi-earth/project_ws/install/motor_control/lib/python3.11/site-packages:${PYTHONPATH} /usr/bin/python3 -W ignore:setup.py install is deprecated -W ignore:easy_install command is deprecated setup.py egg_info --egg-base ../../build/motor_control build --build-base /home/raspi-earth/project_ws/build/motor_control/build install --record /home/raspi-earth/project_ws/build/motor_control/install.log --single-version-externally-managed install_data
