[5.846s] Invoking command in '/home/raspi-earth/project_ws/src/motor_control': PYTHONPATH=/home/raspi-earth/project_ws/build/motor_control/prefix_override:/usr/lib/python3/dist-packages/colcon_core/task/python/colcon_distutils_commands:/home/raspi-earth/project_ws/install/motor_control/lib/python3.11/site-packages:${PYTHONPATH} /usr/bin/python3 -W ignore:setup.py install is deprecated -W ignore:easy_install command is deprecated setup.py egg_info --egg-base ../../build/motor_control build --build-base /home/raspi-earth/project_ws/build/motor_control/build install --record /home/raspi-earth/project_ws/build/motor_control/install.log --single-version-externally-managed install_data
[7.039s] running egg_info
[7.077s] writing ../../build/motor_control/motor_control.egg-info/PKG-INFO
[7.079s] writing dependency_links to ../../build/motor_control/motor_control.egg-info/dependency_links.txt
[7.080s] writing entry points to ../../build/motor_control/motor_control.egg-info/entry_points.txt
[7.080s] writing requirements to ../../build/motor_control/motor_control.egg-info/requires.txt
[7.083s] writing top-level names to ../../build/motor_control/motor_control.egg-info/top_level.txt
[7.181s] reading manifest file '../../build/motor_control/motor_control.egg-info/SOURCES.txt'
[7.183s] adding license file 'LICENSE'
[7.184s] writing manifest file '../../build/motor_control/motor_control.egg-info/SOURCES.txt'
[7.184s] running build
[7.184s] running build_py
[7.185s] running install
[7.198s] running install_lib
[7.259s] running install_data
[7.259s] running install_egg_info
[7.419s] removing '/home/raspi-earth/project_ws/install/motor_control/lib/python3.11/site-packages/motor_control-0.0.0-py3.11.egg-info' (and everything under it)
[7.424s] Copying ../../build/motor_control/motor_control.egg-info to /home/raspi-earth/project_ws/install/motor_control/lib/python3.11/site-packages/motor_control-0.0.0-py3.11.egg-info
[7.428s] running install_scripts
[7.616s] Installing joint1_node script to /home/raspi-earth/project_ws/install/motor_control/lib/motor_control
[7.617s] Installing joint2_node script to /home/raspi-earth/project_ws/install/motor_control/lib/motor_control
[7.618s] Installing joint3_node script to /home/raspi-earth/project_ws/install/motor_control/lib/motor_control
[7.619s] Installing servodrive script to /home/raspi-earth/project_ws/install/motor_control/lib/motor_control
[7.620s] Installing stepmotor1 script to /home/raspi-earth/project_ws/install/motor_control/lib/motor_control
[7.620s] Installing stepmotor2 script to /home/raspi-earth/project_ws/install/motor_control/lib/motor_control
[7.623s] Installing stepmotor3 script to /home/raspi-earth/project_ws/install/motor_control/lib/motor_control
[7.624s] writing list of installed files to '/home/raspi-earth/project_ws/build/motor_control/install.log'
[7.823s] Invoked command in '/home/raspi-earth/project_ws/src/motor_control' returned '0': PYTHONPATH=/home/raspi-earth/project_ws/build/motor_control/prefix_override:/usr/lib/python3/dist-packages/colcon_core/task/python/colcon_distutils_commands:/home/raspi-earth/project_ws/install/motor_control/lib/python3.11/site-packages:${PYTHONPATH} /usr/bin/python3 -W ignore:setup.py install is deprecated -W ignore:easy_install command is deprecated setup.py egg_info --egg-base ../../build/motor_control build --build-base /home/raspi-earth/project_ws/build/motor_control/build install --record /home/raspi-earth/project_ws/build/motor_control/install.log --single-version-externally-managed install_data
