[1.770s] Invoking command in '/home/erthirarat/Desktop/Senior_Project-WhitePost-Main_Arm/build/encoder_unit': PYTHONPATH=/home/erthirarat/Desktop/Senior_Project-WhitePost-Main_Arm/build/encoder_unit/prefix_override:/usr/lib/python3/dist-packages/colcon_core/task/python/colcon_distutils_commands:/home/erthirarat/Desktop/Senior_Project-WhitePost-Main_Arm/install/encoder_unit/lib/python3.10/site-packages:${PYTHONPATH} /usr/bin/python3 -W ignore:setup.py install is deprecated -W ignore:easy_install command is deprecated setup.py develop --uninstall --editable --build-directory /home/erthirarat/Desktop/Senior_Project-WhitePost-Main_Arm/build/encoder_unit/build
[2.252s] running develop
[2.529s] Removing /home/erthirarat/Desktop/Senior_Project-WhitePost-Main_Arm/install/encoder_unit/lib/python3.10/site-packages/encoder-unit.egg-link (link to .)
[2.575s] Invoked command in '/home/erthirarat/Desktop/Senior_Project-WhitePost-Main_Arm/build/encoder_unit' returned '0': PYTHONPATH=/home/erthirarat/Desktop/Senior_Project-WhitePost-Main_Arm/build/encoder_unit/prefix_override:/usr/lib/python3/dist-packages/colcon_core/task/python/colcon_distutils_commands:/home/erthirarat/Desktop/Senior_Project-WhitePost-Main_Arm/install/encoder_unit/lib/python3.10/site-packages:${PYTHONPATH} /usr/bin/python3 -W ignore:setup.py install is deprecated -W ignore:easy_install command is deprecated setup.py develop --uninstall --editable --build-directory /home/erthirarat/Desktop/Senior_Project-WhitePost-Main_Arm/build/encoder_unit/build
[2.577s] Invoking command in '/home/erthirarat/Desktop/Senior_Project-WhitePost-Main_Arm/src/encoder_unit': PYTHONPATH=/home/erthirarat/Desktop/Senior_Project-WhitePost-Main_Arm/build/encoder_unit/prefix_override:/usr/lib/python3/dist-packages/colcon_core/task/python/colcon_distutils_commands:/home/erthirarat/Desktop/Senior_Project-WhitePost-Main_Arm/install/encoder_unit/lib/python3.10/site-packages:${PYTHONPATH} /usr/bin/python3 -W ignore:setup.py install is deprecated -W ignore:easy_install command is deprecated setup.py egg_info --egg-base ../../build/encoder_unit build --build-base /home/erthirarat/Desktop/Senior_Project-WhitePost-Main_Arm/build/encoder_unit/build install --record /home/erthirarat/Desktop/Senior_Project-WhitePost-Main_Arm/build/encoder_unit/install.log --single-version-externally-managed install_data --force
[2.891s] running egg_info
[2.892s] writing ../../build/encoder_unit/encoder_unit.egg-info/PKG-INFO
[2.892s] writing dependency_links to ../../build/encoder_unit/encoder_unit.egg-info/dependency_links.txt
[2.892s] writing entry points to ../../build/encoder_unit/encoder_unit.egg-info/entry_points.txt
[2.892s] writing requirements to ../../build/encoder_unit/encoder_unit.egg-info/requires.txt
[2.892s] writing top-level names to ../../build/encoder_unit/encoder_unit.egg-info/top_level.txt
[2.894s] reading manifest file '../../build/encoder_unit/encoder_unit.egg-info/SOURCES.txt'
[2.895s] adding license file 'LICENSE'
[2.895s] writing manifest file '../../build/encoder_unit/encoder_unit.egg-info/SOURCES.txt'
[2.896s] running build
[2.896s] running build_py
[2.896s] running install
[2.896s] running install_lib
[2.897s] creating /home/erthirarat/Desktop/Senior_Project-WhitePost-Main_Arm/install/encoder_unit/lib/python3.10/site-packages/encoder_unit
[2.897s] copying /home/erthirarat/Desktop/Senior_Project-WhitePost-Main_Arm/build/encoder_unit/build/lib/encoder_unit/as5600_1.py -> /home/erthirarat/Desktop/Senior_Project-WhitePost-Main_Arm/install/encoder_unit/lib/python3.10/site-packages/encoder_unit
[2.897s] copying /home/erthirarat/Desktop/Senior_Project-WhitePost-Main_Arm/build/encoder_unit/build/lib/encoder_unit/as5600_3.py -> /home/erthirarat/Desktop/Senior_Project-WhitePost-Main_Arm/install/encoder_unit/lib/python3.10/site-packages/encoder_unit
[2.897s] copying /home/erthirarat/Desktop/Senior_Project-WhitePost-Main_Arm/build/encoder_unit/build/lib/encoder_unit/as5600_4.py -> /home/erthirarat/Desktop/Senior_Project-WhitePost-Main_Arm/install/encoder_unit/lib/python3.10/site-packages/encoder_unit
[2.898s] copying /home/erthirarat/Desktop/Senior_Project-WhitePost-Main_Arm/build/encoder_unit/build/lib/encoder_unit/__init__.py -> /home/erthirarat/Desktop/Senior_Project-WhitePost-Main_Arm/install/encoder_unit/lib/python3.10/site-packages/encoder_unit
[2.898s] copying /home/erthirarat/Desktop/Senior_Project-WhitePost-Main_Arm/build/encoder_unit/build/lib/encoder_unit/as5600_5.py -> /home/erthirarat/Desktop/Senior_Project-WhitePost-Main_Arm/install/encoder_unit/lib/python3.10/site-packages/encoder_unit
[2.898s] copying /home/erthirarat/Desktop/Senior_Project-WhitePost-Main_Arm/build/encoder_unit/build/lib/encoder_unit/as5600_2.py -> /home/erthirarat/Desktop/Senior_Project-WhitePost-Main_Arm/install/encoder_unit/lib/python3.10/site-packages/encoder_unit
[2.898s] copying /home/erthirarat/Desktop/Senior_Project-WhitePost-Main_Arm/build/encoder_unit/build/lib/encoder_unit/limit_switch_node.py -> /home/erthirarat/Desktop/Senior_Project-WhitePost-Main_Arm/install/encoder_unit/lib/python3.10/site-packages/encoder_unit
[2.898s] byte-compiling /home/erthirarat/Desktop/Senior_Project-WhitePost-Main_Arm/install/encoder_unit/lib/python3.10/site-packages/encoder_unit/as5600_1.py to as5600_1.cpython-310.pyc
[2.899s] byte-compiling /home/erthirarat/Desktop/Senior_Project-WhitePost-Main_Arm/install/encoder_unit/lib/python3.10/site-packages/encoder_unit/as5600_3.py to as5600_3.cpython-310.pyc
[2.900s] byte-compiling /home/erthirarat/Desktop/Senior_Project-WhitePost-Main_Arm/install/encoder_unit/lib/python3.10/site-packages/encoder_unit/as5600_4.py to as5600_4.cpython-310.pyc
[2.901s] byte-compiling /home/erthirarat/Desktop/Senior_Project-WhitePost-Main_Arm/install/encoder_unit/lib/python3.10/site-packages/encoder_unit/__init__.py to __init__.cpython-310.pyc
[2.901s] byte-compiling /home/erthirarat/Desktop/Senior_Project-WhitePost-Main_Arm/install/encoder_unit/lib/python3.10/site-packages/encoder_unit/as5600_5.py to as5600_5.cpython-310.pyc
[2.901s] byte-compiling /home/erthirarat/Desktop/Senior_Project-WhitePost-Main_Arm/install/encoder_unit/lib/python3.10/site-packages/encoder_unit/as5600_2.py to as5600_2.cpython-310.pyc
[2.902s] byte-compiling /home/erthirarat/Desktop/Senior_Project-WhitePost-Main_Arm/install/encoder_unit/lib/python3.10/site-packages/encoder_unit/limit_switch_node.py to limit_switch_node.cpython-310.pyc
[2.902s] running install_data
[2.903s] copying resource/encoder_unit -> /home/erthirarat/Desktop/Senior_Project-WhitePost-Main_Arm/install/encoder_unit/share/ament_index/resource_index/packages
[2.903s] copying package.xml -> /home/erthirarat/Desktop/Senior_Project-WhitePost-Main_Arm/install/encoder_unit/share/encoder_unit
[2.903s] running install_egg_info
[2.905s] Copying ../../build/encoder_unit/encoder_unit.egg-info to /home/erthirarat/Desktop/Senior_Project-WhitePost-Main_Arm/install/encoder_unit/lib/python3.10/site-packages/encoder_unit-0.0.0-py3.10.egg-info
[2.905s] running install_scripts
[2.932s] Installing as5600_1 script to /home/erthirarat/Desktop/Senior_Project-WhitePost-Main_Arm/install/encoder_unit/lib/encoder_unit
[2.932s] Installing as5600_2 script to /home/erthirarat/Desktop/Senior_Project-WhitePost-Main_Arm/install/encoder_unit/lib/encoder_unit
[2.933s] Installing as5600_3 script to /home/erthirarat/Desktop/Senior_Project-WhitePost-Main_Arm/install/encoder_unit/lib/encoder_unit
[2.935s] Installing as5600_4 script to /home/erthirarat/Desktop/Senior_Project-WhitePost-Main_Arm/install/encoder_unit/lib/encoder_unit
[2.935s] Installing as5600_5 script to /home/erthirarat/Desktop/Senior_Project-WhitePost-Main_Arm/install/encoder_unit/lib/encoder_unit
[2.935s] Installing limit script to /home/erthirarat/Desktop/Senior_Project-WhitePost-Main_Arm/install/encoder_unit/lib/encoder_unit
[2.935s] writing list of installed files to '/home/erthirarat/Desktop/Senior_Project-WhitePost-Main_Arm/build/encoder_unit/install.log'
[2.972s] Invoked command in '/home/erthirarat/Desktop/Senior_Project-WhitePost-Main_Arm/src/encoder_unit' returned '0': PYTHONPATH=/home/erthirarat/Desktop/Senior_Project-WhitePost-Main_Arm/build/encoder_unit/prefix_override:/usr/lib/python3/dist-packages/colcon_core/task/python/colcon_distutils_commands:/home/erthirarat/Desktop/Senior_Project-WhitePost-Main_Arm/install/encoder_unit/lib/python3.10/site-packages:${PYTHONPATH} /usr/bin/python3 -W ignore:setup.py install is deprecated -W ignore:easy_install command is deprecated setup.py egg_info --egg-base ../../build/encoder_unit build --build-base /home/erthirarat/Desktop/Senior_Project-WhitePost-Main_Arm/build/encoder_unit/build install --record /home/erthirarat/Desktop/Senior_Project-WhitePost-Main_Arm/build/encoder_unit/install.log --single-version-externally-managed install_data --force
