[5.716s] Invoking command in '/home/raspi-earth/project_ws/src/motor_control': PYTHONPATH=/home/raspi-earth/project_ws/build/motor_control/prefix_override:/usr/lib/python3/dist-packages/colcon_core/task/python/colcon_distutils_commands:/home/raspi-earth/project_ws/install/motor_control/lib/python3.11/site-packages:${PYTHONPATH} /usr/bin/python3 -W ignore:setup.py install is deprecated -W ignore:easy_install command is deprecated setup.py egg_info --egg-base ../../build/motor_control build --build-base /home/raspi-earth/project_ws/build/motor_control/build install --record /home/raspi-earth/project_ws/build/motor_control/install.log --single-version-externally-managed install_data
[6.804s] running egg_info
[6.849s] writing ../../build/motor_control/motor_control.egg-info/PKG-INFO
[6.849s] writing dependency_links to ../../build/motor_control/motor_control.egg-info/dependency_links.txt
[6.850s] writing entry points to ../../build/motor_control/motor_control.egg-info/entry_points.txt
[6.851s] writing requirements to ../../build/motor_control/motor_control.egg-info/requires.txt
[6.851s] writing top-level names to ../../build/motor_control/motor_control.egg-info/top_level.txt
[6.945s] reading manifest file '../../build/motor_control/motor_control.egg-info/SOURCES.txt'
[6.946s] adding license file 'LICENSE'
[6.947s] writing manifest file '../../build/motor_control/motor_control.egg-info/SOURCES.txt'
[6.948s] running build
[6.948s] running build_py
[6.951s] running install
[6.964s] running install_lib
[7.019s] running install_data
[7.020s] running install_egg_info
[7.212s] removing '/home/raspi-earth/project_ws/install/motor_control/lib/python3.11/site-packages/motor_control-0.0.0-py3.11.egg-info' (and everything under it)
[7.233s] Copying ../../build/motor_control/motor_control.egg-info to /home/raspi-earth/project_ws/install/motor_control/lib/python3.11/site-packages/motor_control-0.0.0-py3.11.egg-info
[7.241s] running install_scripts
[7.528s] Installing joint1_node script to /home/raspi-earth/project_ws/install/motor_control/lib/motor_control
[7.529s] Installing joint2_node script to /home/raspi-earth/project_ws/install/motor_control/lib/motor_control
[7.530s] Installing joint3_node script to /home/raspi-earth/project_ws/install/motor_control/lib/motor_control
[7.531s] Installing servodrive script to /home/raspi-earth/project_ws/install/motor_control/lib/motor_control
[7.532s] Installing stepmotor1 script to /home/raspi-earth/project_ws/install/motor_control/lib/motor_control
[7.536s] Installing stepmotor2 script to /home/raspi-earth/project_ws/install/motor_control/lib/motor_control
[7.536s] Installing stepmotor3 script to /home/raspi-earth/project_ws/install/motor_control/lib/motor_control
[7.537s] writing list of installed files to '/home/raspi-earth/project_ws/build/motor_control/install.log'
[7.738s] Invoked command in '/home/raspi-earth/project_ws/src/motor_control' returned '0': PYTHONPATH=/home/raspi-earth/project_ws/build/motor_control/prefix_override:/usr/lib/python3/dist-packages/colcon_core/task/python/colcon_distutils_commands:/home/raspi-earth/project_ws/install/motor_control/lib/python3.11/site-packages:${PYTHONPATH} /usr/bin/python3 -W ignore:setup.py install is deprecated -W ignore:easy_install command is deprecated setup.py egg_info --egg-base ../../build/motor_control build --build-base /home/raspi-earth/project_ws/build/motor_control/build install --record /home/raspi-earth/project_ws/build/motor_control/install.log --single-version-externally-managed install_data
