running egg_info
creating ../../build/processor_unit/processor_unit.egg-info
writing ../../build/processor_unit/processor_unit.egg-info/PKG-INFO
writing dependency_links to ../../build/processor_unit/processor_unit.egg-info/dependency_links.txt
writing entry points to ../../build/processor_unit/processor_unit.egg-info/entry_points.txt
writing requirements to ../../build/processor_unit/processor_unit.egg-info/requires.txt
writing top-level names to ../../build/processor_unit/processor_unit.egg-info/top_level.txt
writing manifest file '../../build/processor_unit/processor_unit.egg-info/SOURCES.txt'
reading manifest file '../../build/processor_unit/processor_unit.egg-info/SOURCES.txt'
adding license file 'LICENSE'
writing manifest file '../../build/processor_unit/processor_unit.egg-info/SOURCES.txt'
running build
running build_py
creating /home/raspi-earth/project_ws/build/processor_unit/build
creating /home/raspi-earth/project_ws/build/processor_unit/build/lib
creating /home/raspi-earth/project_ws/build/processor_unit/build/lib/processor_unit
copying processor_unit/force_receiver_node.py -> /home/raspi-earth/project_ws/build/processor_unit/build/lib/processor_unit
copying processor_unit/camera_front.py -> /home/raspi-earth/project_ws/build/processor_unit/build/lib/processor_unit
copying processor_unit/uart_command_and_status_to_pi5.py -> /home/raspi-earth/project_ws/build/processor_unit/build/lib/processor_unit
copying processor_unit/main_processor.py -> /home/raspi-earth/project_ws/build/processor_unit/build/lib/processor_unit
copying processor_unit/__init__.py -> /home/raspi-earth/project_ws/build/processor_unit/build/lib/processor_unit
copying processor_unit/camera_back.py -> /home/raspi-earth/project_ws/build/processor_unit/build/lib/processor_unit
copying processor_unit/esp32_bridge_node.py -> /home/raspi-earth/project_ws/build/processor_unit/build/lib/processor_unit
copying processor_unit/steam_opencv.py -> /home/raspi-earth/project_ws/build/processor_unit/build/lib/processor_unit
copying processor_unit/uart_zero_two_w.py -> /home/raspi-earth/project_ws/build/processor_unit/build/lib/processor_unit
running install
running install_lib
creating /home/raspi-earth/project_ws/install/processor_unit/lib/python3.11/site-packages/processor_unit
copying /home/raspi-earth/project_ws/build/processor_unit/build/lib/processor_unit/force_receiver_node.py -> /home/raspi-earth/project_ws/install/processor_unit/lib/python3.11/site-packages/processor_unit
copying /home/raspi-earth/project_ws/build/processor_unit/build/lib/processor_unit/camera_front.py -> /home/raspi-earth/project_ws/install/processor_unit/lib/python3.11/site-packages/processor_unit
copying /home/raspi-earth/project_ws/build/processor_unit/build/lib/processor_unit/uart_command_and_status_to_pi5.py -> /home/raspi-earth/project_ws/install/processor_unit/lib/python3.11/site-packages/processor_unit
copying /home/raspi-earth/project_ws/build/processor_unit/build/lib/processor_unit/main_processor.py -> /home/raspi-earth/project_ws/install/processor_unit/lib/python3.11/site-packages/processor_unit
copying /home/raspi-earth/project_ws/build/processor_unit/build/lib/processor_unit/__init__.py -> /home/raspi-earth/project_ws/install/processor_unit/lib/python3.11/site-packages/processor_unit
copying /home/raspi-earth/project_ws/build/processor_unit/build/lib/processor_unit/camera_back.py -> /home/raspi-earth/project_ws/install/processor_unit/lib/python3.11/site-packages/processor_unit
copying /home/raspi-earth/project_ws/build/processor_unit/build/lib/processor_unit/esp32_bridge_node.py -> /home/raspi-earth/project_ws/install/processor_unit/lib/python3.11/site-packages/processor_unit
copying /home/raspi-earth/project_ws/build/processor_unit/build/lib/processor_unit/steam_opencv.py -> /home/raspi-earth/project_ws/install/processor_unit/lib/python3.11/site-packages/processor_unit
copying /home/raspi-earth/project_ws/build/processor_unit/build/lib/processor_unit/uart_zero_two_w.py -> /home/raspi-earth/project_ws/install/processor_unit/lib/python3.11/site-packages/processor_unit
byte-compiling /home/raspi-earth/project_ws/install/processor_unit/lib/python3.11/site-packages/processor_unit/force_receiver_node.py to force_receiver_node.cpython-311.pyc
byte-compiling /home/raspi-earth/project_ws/install/processor_unit/lib/python3.11/site-packages/processor_unit/camera_front.py to camera_front.cpython-311.pyc
byte-compiling /home/raspi-earth/project_ws/install/processor_unit/lib/python3.11/site-packages/processor_unit/uart_command_and_status_to_pi5.py to uart_command_and_status_to_pi5.cpython-311.pyc
byte-compiling /home/raspi-earth/project_ws/install/processor_unit/lib/python3.11/site-packages/processor_unit/main_processor.py to main_processor.cpython-311.pyc
byte-compiling /home/raspi-earth/project_ws/install/processor_unit/lib/python3.11/site-packages/processor_unit/__init__.py to __init__.cpython-311.pyc
byte-compiling /home/raspi-earth/project_ws/install/processor_unit/lib/python3.11/site-packages/processor_unit/camera_back.py to camera_back.cpython-311.pyc
byte-compiling /home/raspi-earth/project_ws/install/processor_unit/lib/python3.11/site-packages/processor_unit/esp32_bridge_node.py to esp32_bridge_node.cpython-311.pyc
byte-compiling /home/raspi-earth/project_ws/install/processor_unit/lib/python3.11/site-packages/processor_unit/steam_opencv.py to steam_opencv.cpython-311.pyc
byte-compiling /home/raspi-earth/project_ws/install/processor_unit/lib/python3.11/site-packages/processor_unit/uart_zero_two_w.py to uart_zero_two_w.cpython-311.pyc
running install_data
creating /home/raspi-earth/project_ws/install/processor_unit/share/ament_index
creating /home/raspi-earth/project_ws/install/processor_unit/share/ament_index/resource_index
creating /home/raspi-earth/project_ws/install/processor_unit/share/ament_index/resource_index/packages
copying resource/processor_unit -> /home/raspi-earth/project_ws/install/processor_unit/share/ament_index/resource_index/packages
copying package.xml -> /home/raspi-earth/project_ws/install/processor_unit/share/processor_unit
copying processor_unit/yolov8n.pt -> /home/raspi-earth/project_ws/install/processor_unit/share/processor_unit
copying processor_unit/elevator_btn_4_best.pt -> /home/raspi-earth/project_ws/install/processor_unit/share/processor_unit
copying processor_unit/elevator_door.pt -> /home/raspi-earth/project_ws/install/processor_unit/share/processor_unit
creating /home/raspi-earth/project_ws/install/processor_unit/share/processor_unit/elevator_btn_4_best_ncnn_model
copying processor_unit/elevator_btn_4_best_ncnn_model/model.ncnn.bin -> /home/raspi-earth/project_ws/install/processor_unit/share/processor_unit/elevator_btn_4_best_ncnn_model
copying processor_unit/elevator_btn_4_best_ncnn_model/model.ncnn.param -> /home/raspi-earth/project_ws/install/processor_unit/share/processor_unit/elevator_btn_4_best_ncnn_model
copying processor_unit/elevator_btn_4_best_ncnn_model/metadata.yaml -> /home/raspi-earth/project_ws/install/processor_unit/share/processor_unit/elevator_btn_4_best_ncnn_model
copying processor_unit/elevator_btn_4_best_ncnn_model/model_ncnn.py -> /home/raspi-earth/project_ws/install/processor_unit/share/processor_unit/elevator_btn_4_best_ncnn_model
creating /home/raspi-earth/project_ws/install/processor_unit/share/processor_unit/launch
running install_egg_info
Copying ../../build/processor_unit/processor_unit.egg-info to /home/raspi-earth/project_ws/install/processor_unit/lib/python3.11/site-packages/processor_unit-0.0.0-py3.11.egg-info
running install_scripts
Installing camera_back script to /home/raspi-earth/project_ws/install/processor_unit/lib/processor_unit
Installing camera_front script to /home/raspi-earth/project_ws/install/processor_unit/lib/processor_unit
Installing esp32_bridge_node script to /home/raspi-earth/project_ws/install/processor_unit/lib/processor_unit
Installing force_receiver_node script to /home/raspi-earth/project_ws/install/processor_unit/lib/processor_unit
Installing main_processor script to /home/raspi-earth/project_ws/install/processor_unit/lib/processor_unit
Installing steam_cam script to /home/raspi-earth/project_ws/install/processor_unit/lib/processor_unit
Installing test script to /home/raspi-earth/project_ws/install/processor_unit/lib/processor_unit
Installing uart_command_and_status_to_pi5 script to /home/raspi-earth/project_ws/install/processor_unit/lib/processor_unit
Installing uart_zero_two_w script to /home/raspi-earth/project_ws/install/processor_unit/lib/processor_unit
writing list of installed files to '/home/raspi-earth/project_ws/build/processor_unit/install.log'
