[7.417s] Invoking command in '/home/raspi-earth/project_ws/src/processor_unit': PYTHONPATH=/home/raspi-earth/project_ws/build/processor_unit/prefix_override:/usr/lib/python3/dist-packages/colcon_core/task/python/colcon_distutils_commands:/home/raspi-earth/project_ws/install/processor_unit/lib/python3.11/site-packages:${PYTHONPATH} /usr/bin/python3 -W ignore:setup.py install is deprecated -W ignore:easy_install command is deprecated setup.py egg_info --egg-base ../../build/processor_unit build --build-base /home/raspi-earth/project_ws/build/processor_unit/build install --record /home/raspi-earth/project_ws/build/processor_unit/install.log --single-version-externally-managed install_data
[8.880s] running egg_info
[8.951s] writing ../../build/processor_unit/processor_unit.egg-info/PKG-INFO
[8.953s] writing dependency_links to ../../build/processor_unit/processor_unit.egg-info/dependency_links.txt
[8.954s] writing entry points to ../../build/processor_unit/processor_unit.egg-info/entry_points.txt
[8.955s] writing requirements to ../../build/processor_unit/processor_unit.egg-info/requires.txt
[8.955s] writing top-level names to ../../build/processor_unit/processor_unit.egg-info/top_level.txt
[9.070s] reading manifest file '../../build/processor_unit/processor_unit.egg-info/SOURCES.txt'
[9.070s] adding license file 'LICENSE'
[9.071s] writing manifest file '../../build/processor_unit/processor_unit.egg-info/SOURCES.txt'
[9.071s] running build
[9.072s] running build_py
[9.073s] copying processor_unit/main_processor.py -> /home/raspi-earth/project_ws/build/processor_unit/build/lib/processor_unit
[9.073s] running install
[9.084s] running install_lib
[9.173s] copying /home/raspi-earth/project_ws/build/processor_unit/build/lib/processor_unit/main_processor.py -> /home/raspi-earth/project_ws/install/processor_unit/lib/python3.11/site-packages/processor_unit
[9.183s] byte-compiling /home/raspi-earth/project_ws/install/processor_unit/lib/python3.11/site-packages/processor_unit/main_processor.py to main_processor.cpython-311.pyc
[9.186s] running install_data
[9.188s] running install_egg_info
[9.356s] removing '/home/raspi-earth/project_ws/install/processor_unit/lib/python3.11/site-packages/processor_unit-0.0.0-py3.11.egg-info' (and everything under it)
[9.359s] Copying ../../build/processor_unit/processor_unit.egg-info to /home/raspi-earth/project_ws/install/processor_unit/lib/python3.11/site-packages/processor_unit-0.0.0-py3.11.egg-info
[9.359s] running install_scripts
[9.648s] Installing main_processor script to /home/raspi-earth/project_ws/install/processor_unit/lib/processor_unit
[9.650s] writing list of installed files to '/home/raspi-earth/project_ws/build/processor_unit/install.log'
[9.868s] Invoked command in '/home/raspi-earth/project_ws/src/processor_unit' returned '0': PYTHONPATH=/home/raspi-earth/project_ws/build/processor_unit/prefix_override:/usr/lib/python3/dist-packages/colcon_core/task/python/colcon_distutils_commands:/home/raspi-earth/project_ws/install/processor_unit/lib/python3.11/site-packages:${PYTHONPATH} /usr/bin/python3 -W ignore:setup.py install is deprecated -W ignore:easy_install command is deprecated setup.py egg_info --egg-base ../../build/processor_unit build --build-base /home/raspi-earth/project_ws/build/processor_unit/build install --record /home/raspi-earth/project_ws/build/processor_unit/install.log --single-version-externally-managed install_data
