[18.529s] Invoking command in '/home/raspi-earth/project_ws/src/launch_project': PYTHONPATH=/home/raspi-earth/project_ws/build/launch_project/prefix_override:/usr/lib/python3/dist-packages/colcon_core/task/python/colcon_distutils_commands:/home/raspi-earth/project_ws/install/launch_project/lib/python3.11/site-packages:${PYTHONPATH} /usr/bin/python3 -W ignore:setup.py install is deprecated -W ignore:easy_install command is deprecated setup.py egg_info --egg-base ../../build/launch_project build --build-base /home/raspi-earth/project_ws/build/launch_project/build install --record /home/raspi-earth/project_ws/build/launch_project/install.log --single-version-externally-managed install_data
[21.708s] running egg_info
[21.816s] writing ../../build/launch_project/launch_project.egg-info/PKG-INFO
[21.817s] writing dependency_links to ../../build/launch_project/launch_project.egg-info/dependency_links.txt
[21.821s] writing requirements to ../../build/launch_project/launch_project.egg-info/requires.txt
[21.822s] writing top-level names to ../../build/launch_project/launch_project.egg-info/top_level.txt
[22.089s] reading manifest file '../../build/launch_project/launch_project.egg-info/SOURCES.txt'
[22.091s] adding license file 'LICENSE'
[22.093s] writing manifest file '../../build/launch_project/launch_project.egg-info/SOURCES.txt'
[22.094s] running build
[22.094s] running build_py
[22.100s] running install
[22.112s] running install_lib
[22.199s] running install_data
[22.200s] running install_egg_info
[22.372s] removing '/home/raspi-earth/project_ws/install/launch_project/lib/python3.11/site-packages/launch_project-0.0.0-py3.11.egg-info' (and everything under it)
[22.374s] Copying ../../build/launch_project/launch_project.egg-info to /home/raspi-earth/project_ws/install/launch_project/lib/python3.11/site-packages/launch_project-0.0.0-py3.11.egg-info
[22.384s] running install_scripts
[22.691s] writing list of installed files to '/home/raspi-earth/project_ws/build/launch_project/install.log'
[22.992s] Invoked command in '/home/raspi-earth/project_ws/src/launch_project' returned '0': PYTHONPATH=/home/raspi-earth/project_ws/build/launch_project/prefix_override:/usr/lib/python3/dist-packages/colcon_core/task/python/colcon_distutils_commands:/home/raspi-earth/project_ws/install/launch_project/lib/python3.11/site-packages:${PYTHONPATH} /usr/bin/python3 -W ignore:setup.py install is deprecated -W ignore:easy_install command is deprecated setup.py egg_info --egg-base ../../build/launch_project build --build-base /home/raspi-earth/project_ws/build/launch_project/build install --record /home/raspi-earth/project_ws/build/launch_project/install.log --single-version-externally-managed install_data
