[11.011s] Invoking command in '/home/raspi-earth/project_ws/src/launch_project': PYTHONPATH=/home/raspi-earth/project_ws/build/launch_project/prefix_override:/usr/lib/python3/dist-packages/colcon_core/task/python/colcon_distutils_commands:/home/raspi-earth/project_ws/install/launch_project/lib/python3.11/site-packages:${PYTHONPATH} /usr/bin/python3 -W ignore:setup.py install is deprecated -W ignore:easy_install command is deprecated setup.py egg_info --egg-base ../../build/launch_project build --build-base /home/raspi-earth/project_ws/build/launch_project/build install --record /home/raspi-earth/project_ws/build/launch_project/install.log --single-version-externally-managed install_data
[13.406s] running egg_info
[13.487s] writing ../../build/launch_project/launch_project.egg-info/PKG-INFO
[13.488s] writing dependency_links to ../../build/launch_project/launch_project.egg-info/dependency_links.txt
[13.489s] writing requirements to ../../build/launch_project/launch_project.egg-info/requires.txt
[13.490s] writing top-level names to ../../build/launch_project/launch_project.egg-info/top_level.txt
[13.634s] reading manifest file '../../build/launch_project/launch_project.egg-info/SOURCES.txt'
[13.634s] adding license file 'LICENSE'
[13.636s] writing manifest file '../../build/launch_project/launch_project.egg-info/SOURCES.txt'
[13.636s] running build
[13.636s] running build_py
[13.637s] running install
[13.648s] running install_lib
[13.718s] running install_data
[13.721s] running install_egg_info
[13.882s] removing '/home/raspi-earth/project_ws/install/launch_project/lib/python3.11/site-packages/launch_project-0.0.0-py3.11.egg-info' (and everything under it)
[13.889s] Copying ../../build/launch_project/launch_project.egg-info to /home/raspi-earth/project_ws/install/launch_project/lib/python3.11/site-packages/launch_project-0.0.0-py3.11.egg-info
[13.889s] running install_scripts
[14.125s] writing list of installed files to '/home/raspi-earth/project_ws/build/launch_project/install.log'
[14.309s] Invoked command in '/home/raspi-earth/project_ws/src/launch_project' returned '0': PYTHONPATH=/home/raspi-earth/project_ws/build/launch_project/prefix_override:/usr/lib/python3/dist-packages/colcon_core/task/python/colcon_distutils_commands:/home/raspi-earth/project_ws/install/launch_project/lib/python3.11/site-packages:${PYTHONPATH} /usr/bin/python3 -W ignore:setup.py install is deprecated -W ignore:easy_install command is deprecated setup.py egg_info --egg-base ../../build/launch_project build --build-base /home/raspi-earth/project_ws/build/launch_project/build install --record /home/raspi-earth/project_ws/build/launch_project/install.log --single-version-externally-managed install_data
