[10.365s] Invoking command in '/home/raspi-earth/project_ws/src/processor_unit': PYTHONPATH=/home/raspi-earth/project_ws/build/processor_unit/prefix_override:/usr/lib/python3/dist-packages/colcon_core/task/python/colcon_distutils_commands:/home/raspi-earth/project_ws/install/processor_unit/lib/python3.11/site-packages:${PYTHONPATH} /usr/bin/python3 -W ignore:setup.py install is deprecated -W ignore:easy_install command is deprecated setup.py egg_info --egg-base ../../build/processor_unit build --build-base /home/raspi-earth/project_ws/build/processor_unit/build install --record /home/raspi-earth/project_ws/build/processor_unit/install.log --single-version-externally-managed install_data
[11.850s] running egg_info
[11.890s] writing ../../build/processor_unit/processor_unit.egg-info/PKG-INFO
[11.895s] writing dependency_links to ../../build/processor_unit/processor_unit.egg-info/dependency_links.txt
[11.899s] writing entry points to ../../build/processor_unit/processor_unit.egg-info/entry_points.txt
[11.902s] writing requirements to ../../build/processor_unit/processor_unit.egg-info/requires.txt
[11.904s] writing top-level names to ../../build/processor_unit/processor_unit.egg-info/top_level.txt
[12.039s] reading manifest file '../../build/processor_unit/processor_unit.egg-info/SOURCES.txt'
[12.039s] adding license file 'LICENSE'
[12.039s] writing manifest file '../../build/processor_unit/processor_unit.egg-info/SOURCES.txt'
[12.040s] running build
[12.040s] running build_py
[12.040s] running install
[12.052s] running install_lib
[12.104s] running install_data
[12.105s] running install_egg_info
[12.321s] removing '/home/raspi-earth/project_ws/install/processor_unit/lib/python3.11/site-packages/processor_unit-0.0.0-py3.11.egg-info' (and everything under it)
[12.332s] Copying ../../build/processor_unit/processor_unit.egg-info to /home/raspi-earth/project_ws/install/processor_unit/lib/python3.11/site-packages/processor_unit-0.0.0-py3.11.egg-info
[12.333s] running install_scripts
[12.608s] Installing main_processor script to /home/raspi-earth/project_ws/install/processor_unit/lib/processor_unit
[12.608s] Installing steam_cam script to /home/raspi-earth/project_ws/install/processor_unit/lib/processor_unit
[12.609s] Installing test script to /home/raspi-earth/project_ws/install/processor_unit/lib/processor_unit
[12.610s] Installing test1 script to /home/raspi-earth/project_ws/install/processor_unit/lib/processor_unit
[12.611s] Installing uart_zero_two_w script to /home/raspi-earth/project_ws/install/processor_unit/lib/processor_unit
[12.616s] writing list of installed files to '/home/raspi-earth/project_ws/build/processor_unit/install.log'
[12.896s] Invoked command in '/home/raspi-earth/project_ws/src/processor_unit' returned '0': PYTHONPATH=/home/raspi-earth/project_ws/build/processor_unit/prefix_override:/usr/lib/python3/dist-packages/colcon_core/task/python/colcon_distutils_commands:/home/raspi-earth/project_ws/install/processor_unit/lib/python3.11/site-packages:${PYTHONPATH} /usr/bin/python3 -W ignore:setup.py install is deprecated -W ignore:easy_install command is deprecated setup.py egg_info --egg-base ../../build/processor_unit build --build-base /home/raspi-earth/project_ws/build/processor_unit/build install --record /home/raspi-earth/project_ws/build/processor_unit/install.log --single-version-externally-managed install_data
