[7.080s] Invoking command in '/home/raspi-earth/project_ws/src/processor_unit': PYTHONPATH=/home/raspi-earth/project_ws/build/processor_unit/prefix_override:/usr/lib/python3/dist-packages/colcon_core/task/python/colcon_distutils_commands:/home/raspi-earth/project_ws/install/processor_unit/lib/python3.11/site-packages:${PYTHONPATH} /usr/bin/python3 -W ignore:setup.py install is deprecated -W ignore:easy_install command is deprecated setup.py egg_info --egg-base ../../build/processor_unit build --build-base /home/raspi-earth/project_ws/build/processor_unit/build install --record /home/raspi-earth/project_ws/build/processor_unit/install.log --single-version-externally-managed install_data
[8.783s] running egg_info
[8.915s] writing ../../build/processor_unit/processor_unit.egg-info/PKG-INFO
[8.920s] writing dependency_links to ../../build/processor_unit/processor_unit.egg-info/dependency_links.txt
[8.923s] writing entry points to ../../build/processor_unit/processor_unit.egg-info/entry_points.txt
[8.924s] writing requirements to ../../build/processor_unit/processor_unit.egg-info/requires.txt
[8.925s] writing top-level names to ../../build/processor_unit/processor_unit.egg-info/top_level.txt
[9.190s] reading manifest file '../../build/processor_unit/processor_unit.egg-info/SOURCES.txt'
[9.195s] adding license file 'LICENSE'
[9.196s] writing manifest file '../../build/processor_unit/processor_unit.egg-info/SOURCES.txt'
[9.197s] running build
[9.197s] running build_py
[9.197s] copying processor_unit/main_processor.py -> /home/raspi-earth/project_ws/build/processor_unit/build/lib/processor_unit
[9.198s] running install
[9.228s] running install_lib
[9.339s] copying /home/raspi-earth/project_ws/build/processor_unit/build/lib/processor_unit/main_processor.py -> /home/raspi-earth/project_ws/install/processor_unit/lib/python3.11/site-packages/processor_unit
[9.345s] byte-compiling /home/raspi-earth/project_ws/install/processor_unit/lib/python3.11/site-packages/processor_unit/main_processor.py to main_processor.cpython-311.pyc
[9.363s] running install_data
[9.363s] running install_egg_info
[9.600s] removing '/home/raspi-earth/project_ws/install/processor_unit/lib/python3.11/site-packages/processor_unit-0.0.0-py3.11.egg-info' (and everything under it)
[9.603s] Copying ../../build/processor_unit/processor_unit.egg-info to /home/raspi-earth/project_ws/install/processor_unit/lib/python3.11/site-packages/processor_unit-0.0.0-py3.11.egg-info
[9.606s] running install_scripts
[9.820s] Installing camera_back script to /home/raspi-earth/project_ws/install/processor_unit/lib/processor_unit
[9.821s] Installing camera_front script to /home/raspi-earth/project_ws/install/processor_unit/lib/processor_unit
[9.823s] Installing esp32_bridge_node script to /home/raspi-earth/project_ws/install/processor_unit/lib/processor_unit
[9.823s] Installing force_receiver_node script to /home/raspi-earth/project_ws/install/processor_unit/lib/processor_unit
[9.823s] Installing main_processor script to /home/raspi-earth/project_ws/install/processor_unit/lib/processor_unit
[9.824s] Installing steam_cam script to /home/raspi-earth/project_ws/install/processor_unit/lib/processor_unit
[9.825s] Installing test script to /home/raspi-earth/project_ws/install/processor_unit/lib/processor_unit
[9.826s] Installing uart_command_and_status_to_pi5 script to /home/raspi-earth/project_ws/install/processor_unit/lib/processor_unit
[9.827s] Installing uart_zero_two_w script to /home/raspi-earth/project_ws/install/processor_unit/lib/processor_unit
[9.828s] writing list of installed files to '/home/raspi-earth/project_ws/build/processor_unit/install.log'
[10.003s] Invoked command in '/home/raspi-earth/project_ws/src/processor_unit' returned '0': PYTHONPATH=/home/raspi-earth/project_ws/build/processor_unit/prefix_override:/usr/lib/python3/dist-packages/colcon_core/task/python/colcon_distutils_commands:/home/raspi-earth/project_ws/install/processor_unit/lib/python3.11/site-packages:${PYTHONPATH} /usr/bin/python3 -W ignore:setup.py install is deprecated -W ignore:easy_install command is deprecated setup.py egg_info --egg-base ../../build/processor_unit build --build-base /home/raspi-earth/project_ws/build/processor_unit/build install --record /home/raspi-earth/project_ws/build/processor_unit/install.log --single-version-externally-managed install_data
