[6.416s] Invoking command in '/home/raspi-earth/project_ws/src/processor_unit': PYTHONPATH=/home/raspi-earth/project_ws/build/processor_unit/prefix_override:/usr/lib/python3/dist-packages/colcon_core/task/python/colcon_distutils_commands:/home/raspi-earth/project_ws/install/processor_unit/lib/python3.11/site-packages:${PYTHONPATH} /usr/bin/python3 -W ignore:setup.py install is deprecated -W ignore:easy_install command is deprecated setup.py egg_info --egg-base ../../build/processor_unit build --build-base /home/raspi-earth/project_ws/build/processor_unit/build install --record /home/raspi-earth/project_ws/build/processor_unit/install.log --single-version-externally-managed install_data
[7.869s] running egg_info
[7.929s] writing ../../build/processor_unit/processor_unit.egg-info/PKG-INFO
[7.930s] writing dependency_links to ../../build/processor_unit/processor_unit.egg-info/dependency_links.txt
[7.931s] writing entry points to ../../build/processor_unit/processor_unit.egg-info/entry_points.txt
[7.931s] writing requirements to ../../build/processor_unit/processor_unit.egg-info/requires.txt
[7.931s] writing top-level names to ../../build/processor_unit/processor_unit.egg-info/top_level.txt
[8.033s] reading manifest file '../../build/processor_unit/processor_unit.egg-info/SOURCES.txt'
[8.034s] adding license file 'LICENSE'
[8.036s] writing manifest file '../../build/processor_unit/processor_unit.egg-info/SOURCES.txt'
[8.036s] running build
[8.037s] running build_py
[8.039s] running install
[8.063s] running install_lib
[8.138s] running install_data
[8.138s] running install_egg_info
[8.306s] removing '/home/raspi-earth/project_ws/install/processor_unit/lib/python3.11/site-packages/processor_unit-0.0.0-py3.11.egg-info' (and everything under it)
[8.307s] Copying ../../build/processor_unit/processor_unit.egg-info to /home/raspi-earth/project_ws/install/processor_unit/lib/python3.11/site-packages/processor_unit-0.0.0-py3.11.egg-info
[8.309s] running install_scripts
[8.557s] Installing main_processor script to /home/raspi-earth/project_ws/install/processor_unit/lib/processor_unit
[8.557s] Installing test script to /home/raspi-earth/project_ws/install/processor_unit/lib/processor_unit
[8.559s] Installing test1 script to /home/raspi-earth/project_ws/install/processor_unit/lib/processor_unit
[8.560s] writing list of installed files to '/home/raspi-earth/project_ws/build/processor_unit/install.log'
[8.801s] Invoked command in '/home/raspi-earth/project_ws/src/processor_unit' returned '0': PYTHONPATH=/home/raspi-earth/project_ws/build/processor_unit/prefix_override:/usr/lib/python3/dist-packages/colcon_core/task/python/colcon_distutils_commands:/home/raspi-earth/project_ws/install/processor_unit/lib/python3.11/site-packages:${PYTHONPATH} /usr/bin/python3 -W ignore:setup.py install is deprecated -W ignore:easy_install command is deprecated setup.py egg_info --egg-base ../../build/processor_unit build --build-base /home/raspi-earth/project_ws/build/processor_unit/build install --record /home/raspi-earth/project_ws/build/processor_unit/install.log --single-version-externally-managed install_data
