[7.907s] Invoking command in '/home/raspi-earth/project_ws/src/motor_control': PYTHONPATH=/home/raspi-earth/project_ws/build/motor_control/prefix_override:/usr/lib/python3/dist-packages/colcon_core/task/python/colcon_distutils_commands:/home/raspi-earth/project_ws/install/motor_control/lib/python3.11/site-packages:${PYTHONPATH} /usr/bin/python3 -W ignore:setup.py install is deprecated -W ignore:easy_install command is deprecated setup.py egg_info --egg-base ../../build/motor_control build --build-base /home/raspi-earth/project_ws/build/motor_control/build install --record /home/raspi-earth/project_ws/build/motor_control/install.log --single-version-externally-managed install_data
[9.625s] running egg_info
[9.692s] writing ../../build/motor_control/motor_control.egg-info/PKG-INFO
[9.693s] writing dependency_links to ../../build/motor_control/motor_control.egg-info/dependency_links.txt
[9.696s] writing entry points to ../../build/motor_control/motor_control.egg-info/entry_points.txt
[9.697s] writing requirements to ../../build/motor_control/motor_control.egg-info/requires.txt
[9.697s] writing top-level names to ../../build/motor_control/motor_control.egg-info/top_level.txt
[9.790s] reading manifest file '../../build/motor_control/motor_control.egg-info/SOURCES.txt'
[9.790s] adding license file 'LICENSE'
[9.792s] writing manifest file '../../build/motor_control/motor_control.egg-info/SOURCES.txt'
[9.793s] running build
[9.793s] running build_py
[9.794s] running install
[9.818s] running install_lib
[9.931s] running install_data
[9.931s] running install_egg_info
[10.075s] removing '/home/raspi-earth/project_ws/install/motor_control/lib/python3.11/site-packages/motor_control-0.0.0-py3.11.egg-info' (and everything under it)
[10.079s] Copying ../../build/motor_control/motor_control.egg-info to /home/raspi-earth/project_ws/install/motor_control/lib/python3.11/site-packages/motor_control-0.0.0-py3.11.egg-info
[10.080s] running install_scripts
[10.391s] Installing joint1_node script to /home/raspi-earth/project_ws/install/motor_control/lib/motor_control
[10.397s] Installing joint2_node script to /home/raspi-earth/project_ws/install/motor_control/lib/motor_control
[10.397s] Installing joint3_node script to /home/raspi-earth/project_ws/install/motor_control/lib/motor_control
[10.397s] Installing servodrive script to /home/raspi-earth/project_ws/install/motor_control/lib/motor_control
[10.397s] Installing stepmotor1 script to /home/raspi-earth/project_ws/install/motor_control/lib/motor_control
[10.400s] Installing stepmotor2 script to /home/raspi-earth/project_ws/install/motor_control/lib/motor_control
[10.400s] Installing stepmotor3 script to /home/raspi-earth/project_ws/install/motor_control/lib/motor_control
[10.403s] writing list of installed files to '/home/raspi-earth/project_ws/build/motor_control/install.log'
[10.633s] Invoked command in '/home/raspi-earth/project_ws/src/motor_control' returned '0': PYTHONPATH=/home/raspi-earth/project_ws/build/motor_control/prefix_override:/usr/lib/python3/dist-packages/colcon_core/task/python/colcon_distutils_commands:/home/raspi-earth/project_ws/install/motor_control/lib/python3.11/site-packages:${PYTHONPATH} /usr/bin/python3 -W ignore:setup.py install is deprecated -W ignore:easy_install command is deprecated setup.py egg_info --egg-base ../../build/motor_control build --build-base /home/raspi-earth/project_ws/build/motor_control/build install --record /home/raspi-earth/project_ws/build/motor_control/install.log --single-version-externally-managed install_data
