[1.992s] Invoking command in '/home/erthirarat/Desktop/Senior_Project-WhitePost-Main_Arm/src/motor_control': PYTHONPATH=/home/erthirarat/Desktop/Senior_Project-WhitePost-Main_Arm/build/motor_control/prefix_override:/usr/lib/python3/dist-packages/colcon_core/task/python/colcon_distutils_commands:/home/erthirarat/Desktop/Senior_Project-WhitePost-Main_Arm/install/motor_control/lib/python3.10/site-packages:${PYTHONPATH} /usr/bin/python3 -W ignore:setup.py install is deprecated -W ignore:easy_install command is deprecated setup.py egg_info --egg-base ../../build/motor_control build --build-base /home/erthirarat/Desktop/Senior_Project-WhitePost-Main_Arm/build/motor_control/build install --record /home/erthirarat/Desktop/Senior_Project-WhitePost-Main_Arm/build/motor_control/install.log --single-version-externally-managed install_data
[2.326s] running egg_info
[2.326s] writing ../../build/motor_control/motor_control.egg-info/PKG-INFO
[2.326s] writing dependency_links to ../../build/motor_control/motor_control.egg-info/dependency_links.txt
[2.326s] writing entry points to ../../build/motor_control/motor_control.egg-info/entry_points.txt
[2.330s] writing requirements to ../../build/motor_control/motor_control.egg-info/requires.txt
[2.330s] writing top-level names to ../../build/motor_control/motor_control.egg-info/top_level.txt
[2.331s] reading manifest file '../../build/motor_control/motor_control.egg-info/SOURCES.txt'
[2.334s] adding license file 'LICENSE'
[2.336s] writing manifest file '../../build/motor_control/motor_control.egg-info/SOURCES.txt'
[2.336s] running build
[2.337s] running build_py
[2.337s] running install
[2.337s] running install_lib
[2.340s] running install_data
[2.341s] running install_egg_info
[2.344s] removing '/home/erthirarat/Desktop/Senior_Project-WhitePost-Main_Arm/install/motor_control/lib/python3.10/site-packages/motor_control-0.0.0-py3.10.egg-info' (and everything under it)
[2.344s] Copying ../../build/motor_control/motor_control.egg-info to /home/erthirarat/Desktop/Senior_Project-WhitePost-Main_Arm/install/motor_control/lib/python3.10/site-packages/motor_control-0.0.0-py3.10.egg-info
[2.349s] running install_scripts
[2.381s] Installing joint1_node script to /home/erthirarat/Desktop/Senior_Project-WhitePost-Main_Arm/install/motor_control/lib/motor_control
[2.381s] Installing joint2_node script to /home/erthirarat/Desktop/Senior_Project-WhitePost-Main_Arm/install/motor_control/lib/motor_control
[2.381s] Installing joint3_node script to /home/erthirarat/Desktop/Senior_Project-WhitePost-Main_Arm/install/motor_control/lib/motor_control
[2.382s] Installing servodrive script to /home/erthirarat/Desktop/Senior_Project-WhitePost-Main_Arm/install/motor_control/lib/motor_control
[2.382s] Installing stepmotor1 script to /home/erthirarat/Desktop/Senior_Project-WhitePost-Main_Arm/install/motor_control/lib/motor_control
[2.382s] Installing stepmotor2 script to /home/erthirarat/Desktop/Senior_Project-WhitePost-Main_Arm/install/motor_control/lib/motor_control
[2.384s] Installing stepmotor3 script to /home/erthirarat/Desktop/Senior_Project-WhitePost-Main_Arm/install/motor_control/lib/motor_control
[2.384s] writing list of installed files to '/home/erthirarat/Desktop/Senior_Project-WhitePost-Main_Arm/build/motor_control/install.log'
[2.446s] Invoked command in '/home/erthirarat/Desktop/Senior_Project-WhitePost-Main_Arm/src/motor_control' returned '0': PYTHONPATH=/home/erthirarat/Desktop/Senior_Project-WhitePost-Main_Arm/build/motor_control/prefix_override:/usr/lib/python3/dist-packages/colcon_core/task/python/colcon_distutils_commands:/home/erthirarat/Desktop/Senior_Project-WhitePost-Main_Arm/install/motor_control/lib/python3.10/site-packages:${PYTHONPATH} /usr/bin/python3 -W ignore:setup.py install is deprecated -W ignore:easy_install command is deprecated setup.py egg_info --egg-base ../../build/motor_control build --build-base /home/erthirarat/Desktop/Senior_Project-WhitePost-Main_Arm/build/motor_control/build install --record /home/erthirarat/Desktop/Senior_Project-WhitePost-Main_Arm/build/motor_control/install.log --single-version-externally-managed install_data
