[5.930s] Invoking command in '/home/raspi-earth/project_ws/src/processor_unit': PYTHONPATH=/home/raspi-earth/project_ws/build/processor_unit/prefix_override:/usr/lib/python3/dist-packages/colcon_core/task/python/colcon_distutils_commands:/home/raspi-earth/project_ws/install/processor_unit/lib/python3.11/site-packages:${PYTHONPATH} /usr/bin/python3 -W ignore:setup.py install is deprecated -W ignore:easy_install command is deprecated setup.py egg_info --egg-base ../../build/processor_unit build --build-base /home/raspi-earth/project_ws/build/processor_unit/build install --record /home/raspi-earth/project_ws/build/processor_unit/install.log --single-version-externally-managed install_data
[7.096s] running egg_info
[7.146s] writing ../../build/processor_unit/processor_unit.egg-info/PKG-INFO
[7.147s] writing dependency_links to ../../build/processor_unit/processor_unit.egg-info/dependency_links.txt
[7.151s] writing entry points to ../../build/processor_unit/processor_unit.egg-info/entry_points.txt
[7.171s] writing requirements to ../../build/processor_unit/processor_unit.egg-info/requires.txt
[7.172s] writing top-level names to ../../build/processor_unit/processor_unit.egg-info/top_level.txt
[7.268s] reading manifest file '../../build/processor_unit/processor_unit.egg-info/SOURCES.txt'
[7.270s] adding license file 'LICENSE'
[7.271s] writing manifest file '../../build/processor_unit/processor_unit.egg-info/SOURCES.txt'
[7.272s] running build
[7.273s] running build_py
[7.276s] copying processor_unit/camera_front.py -> /home/raspi-earth/project_ws/build/processor_unit/build/lib/processor_unit
[7.276s] copying processor_unit/ws_viewer_back.py -> /home/raspi-earth/project_ws/build/processor_unit/build/lib/processor_unit
[7.276s] copying processor_unit/camera_back.py -> /home/raspi-earth/project_ws/build/processor_unit/build/lib/processor_unit
[7.277s] copying processor_unit/ws_viewer_front.py -> /home/raspi-earth/project_ws/build/processor_unit/build/lib/processor_unit
[7.279s] running install
[7.293s] running install_lib
[7.408s] copying /home/raspi-earth/project_ws/build/processor_unit/build/lib/processor_unit/camera_front.py -> /home/raspi-earth/project_ws/install/processor_unit/lib/python3.11/site-packages/processor_unit
[7.413s] copying /home/raspi-earth/project_ws/build/processor_unit/build/lib/processor_unit/ws_viewer_back.py -> /home/raspi-earth/project_ws/install/processor_unit/lib/python3.11/site-packages/processor_unit
[7.414s] copying /home/raspi-earth/project_ws/build/processor_unit/build/lib/processor_unit/camera_back.py -> /home/raspi-earth/project_ws/install/processor_unit/lib/python3.11/site-packages/processor_unit
[7.423s] copying /home/raspi-earth/project_ws/build/processor_unit/build/lib/processor_unit/ws_viewer_front.py -> /home/raspi-earth/project_ws/install/processor_unit/lib/python3.11/site-packages/processor_unit
[7.440s] byte-compiling /home/raspi-earth/project_ws/install/processor_unit/lib/python3.11/site-packages/processor_unit/camera_front.py to camera_front.cpython-311.pyc
[7.454s] byte-compiling /home/raspi-earth/project_ws/install/processor_unit/lib/python3.11/site-packages/processor_unit/ws_viewer_back.py to ws_viewer_back.cpython-311.pyc
[7.464s] byte-compiling /home/raspi-earth/project_ws/install/processor_unit/lib/python3.11/site-packages/processor_unit/camera_back.py to camera_back.cpython-311.pyc
[7.479s] byte-compiling /home/raspi-earth/project_ws/install/processor_unit/lib/python3.11/site-packages/processor_unit/ws_viewer_front.py to ws_viewer_front.cpython-311.pyc
[7.484s] running install_data
[7.492s] running install_egg_info
[7.745s] removing '/home/raspi-earth/project_ws/install/processor_unit/lib/python3.11/site-packages/processor_unit-0.0.0-py3.11.egg-info' (and everything under it)
[7.748s] Copying ../../build/processor_unit/processor_unit.egg-info to /home/raspi-earth/project_ws/install/processor_unit/lib/python3.11/site-packages/processor_unit-0.0.0-py3.11.egg-info
[7.750s] running install_scripts
[8.127s] Installing camera_back script to /home/raspi-earth/project_ws/install/processor_unit/lib/processor_unit
[8.127s] Installing camera_front script to /home/raspi-earth/project_ws/install/processor_unit/lib/processor_unit
[8.131s] Installing esp32_bridge_node script to /home/raspi-earth/project_ws/install/processor_unit/lib/processor_unit
[8.153s] Installing force_receiver_node script to /home/raspi-earth/project_ws/install/processor_unit/lib/processor_unit
[8.154s] Installing main_processor script to /home/raspi-earth/project_ws/install/processor_unit/lib/processor_unit
[8.154s] Installing steam_cam script to /home/raspi-earth/project_ws/install/processor_unit/lib/processor_unit
[8.156s] Installing test script to /home/raspi-earth/project_ws/install/processor_unit/lib/processor_unit
[8.157s] Installing uart_command_and_status_to_pi5 script to /home/raspi-earth/project_ws/install/processor_unit/lib/processor_unit
[8.158s] Installing uart_zero_two_w script to /home/raspi-earth/project_ws/install/processor_unit/lib/processor_unit
[8.161s] Installing ws_viewer_back script to /home/raspi-earth/project_ws/install/processor_unit/lib/processor_unit
[8.161s] Installing ws_viewer_front script to /home/raspi-earth/project_ws/install/processor_unit/lib/processor_unit
[8.163s] writing list of installed files to '/home/raspi-earth/project_ws/build/processor_unit/install.log'
[8.319s] Invoked command in '/home/raspi-earth/project_ws/src/processor_unit' returned '0': PYTHONPATH=/home/raspi-earth/project_ws/build/processor_unit/prefix_override:/usr/lib/python3/dist-packages/colcon_core/task/python/colcon_distutils_commands:/home/raspi-earth/project_ws/install/processor_unit/lib/python3.11/site-packages:${PYTHONPATH} /usr/bin/python3 -W ignore:setup.py install is deprecated -W ignore:easy_install command is deprecated setup.py egg_info --egg-base ../../build/processor_unit build --build-base /home/raspi-earth/project_ws/build/processor_unit/build install --record /home/raspi-earth/project_ws/build/processor_unit/install.log --single-version-externally-managed install_data
