[6.654s] Invoking command in '/home/raspi-earth/project_ws/src/processor_unit': PYTHONPATH=/home/raspi-earth/project_ws/build/processor_unit/prefix_override:/usr/lib/python3/dist-packages/colcon_core/task/python/colcon_distutils_commands:/home/raspi-earth/project_ws/install/processor_unit/lib/python3.11/site-packages:${PYTHONPATH} /usr/bin/python3 -W ignore:setup.py install is deprecated -W ignore:easy_install command is deprecated setup.py egg_info --egg-base ../../build/processor_unit build --build-base /home/raspi-earth/project_ws/build/processor_unit/build install --record /home/raspi-earth/project_ws/build/processor_unit/install.log --single-version-externally-managed install_data
[8.105s] running egg_info
[8.143s] writing ../../build/processor_unit/processor_unit.egg-info/PKG-INFO
[8.147s] writing dependency_links to ../../build/processor_unit/processor_unit.egg-info/dependency_links.txt
[8.150s] writing entry points to ../../build/processor_unit/processor_unit.egg-info/entry_points.txt
[8.151s] writing requirements to ../../build/processor_unit/processor_unit.egg-info/requires.txt
[8.151s] writing top-level names to ../../build/processor_unit/processor_unit.egg-info/top_level.txt
[8.297s] reading manifest file '../../build/processor_unit/processor_unit.egg-info/SOURCES.txt'
[8.298s] adding license file 'LICENSE'
[8.299s] writing manifest file '../../build/processor_unit/processor_unit.egg-info/SOURCES.txt'
[8.299s] running build
[8.300s] running build_py
[8.305s] running install
[8.313s] running install_lib
[8.369s] running install_data
[8.369s] running install_egg_info
[8.532s] removing '/home/raspi-earth/project_ws/install/processor_unit/lib/python3.11/site-packages/processor_unit-0.0.0-py3.11.egg-info' (and everything under it)
[8.532s] Copying ../../build/processor_unit/processor_unit.egg-info to /home/raspi-earth/project_ws/install/processor_unit/lib/python3.11/site-packages/processor_unit-0.0.0-py3.11.egg-info
[8.534s] running install_scripts
[8.768s] Installing main_processor script to /home/raspi-earth/project_ws/install/processor_unit/lib/processor_unit
[8.769s] Installing test script to /home/raspi-earth/project_ws/install/processor_unit/lib/processor_unit
[8.770s] Installing test1 script to /home/raspi-earth/project_ws/install/processor_unit/lib/processor_unit
[8.771s] Installing uart_zero_two_w script to /home/raspi-earth/project_ws/install/processor_unit/lib/processor_unit
[8.773s] writing list of installed files to '/home/raspi-earth/project_ws/build/processor_unit/install.log'
[9.062s] Invoked command in '/home/raspi-earth/project_ws/src/processor_unit' returned '0': PYTHONPATH=/home/raspi-earth/project_ws/build/processor_unit/prefix_override:/usr/lib/python3/dist-packages/colcon_core/task/python/colcon_distutils_commands:/home/raspi-earth/project_ws/install/processor_unit/lib/python3.11/site-packages:${PYTHONPATH} /usr/bin/python3 -W ignore:setup.py install is deprecated -W ignore:easy_install command is deprecated setup.py egg_info --egg-base ../../build/processor_unit build --build-base /home/raspi-earth/project_ws/build/processor_unit/build install --record /home/raspi-earth/project_ws/build/processor_unit/install.log --single-version-externally-managed install_data
