[5.652s] Invoking command in '/home/raspi-earth/project_ws/src/encoder_unit': PYTHONPATH=/home/raspi-earth/project_ws/build/encoder_unit/prefix_override:/usr/lib/python3/dist-packages/colcon_core/task/python/colcon_distutils_commands:/home/raspi-earth/project_ws/install/encoder_unit/lib/python3.11/site-packages:${PYTHONPATH} /usr/bin/python3 -W ignore:setup.py install is deprecated -W ignore:easy_install command is deprecated setup.py egg_info --egg-base ../../build/encoder_unit build --build-base /home/raspi-earth/project_ws/build/encoder_unit/build install --record /home/raspi-earth/project_ws/build/encoder_unit/install.log --single-version-externally-managed install_data
[6.722s] running egg_info
[6.760s] writing ../../build/encoder_unit/encoder_unit.egg-info/PKG-INFO
[6.760s] writing dependency_links to ../../build/encoder_unit/encoder_unit.egg-info/dependency_links.txt
[6.761s] writing entry points to ../../build/encoder_unit/encoder_unit.egg-info/entry_points.txt
[6.762s] writing requirements to ../../build/encoder_unit/encoder_unit.egg-info/requires.txt
[6.763s] writing top-level names to ../../build/encoder_unit/encoder_unit.egg-info/top_level.txt
[6.848s] reading manifest file '../../build/encoder_unit/encoder_unit.egg-info/SOURCES.txt'
[6.848s] adding license file 'LICENSE'
[6.849s] writing manifest file '../../build/encoder_unit/encoder_unit.egg-info/SOURCES.txt'
[6.850s] running build
[6.850s] running build_py
[6.850s] running install
[6.862s] running install_lib
[6.910s] running install_data
[6.910s] running install_egg_info
[7.041s] removing '/home/raspi-earth/project_ws/install/encoder_unit/lib/python3.11/site-packages/encoder_unit-0.0.0-py3.11.egg-info' (and everything under it)
[7.042s] Copying ../../build/encoder_unit/encoder_unit.egg-info to /home/raspi-earth/project_ws/install/encoder_unit/lib/python3.11/site-packages/encoder_unit-0.0.0-py3.11.egg-info
[7.044s] running install_scripts
[7.269s] Installing as5600_1 script to /home/raspi-earth/project_ws/install/encoder_unit/lib/encoder_unit
[7.279s] Installing as5600_2 script to /home/raspi-earth/project_ws/install/encoder_unit/lib/encoder_unit
[7.279s] Installing as5600_3 script to /home/raspi-earth/project_ws/install/encoder_unit/lib/encoder_unit
[7.279s] Installing as5600_4 script to /home/raspi-earth/project_ws/install/encoder_unit/lib/encoder_unit
[7.280s] Installing as5600_5 script to /home/raspi-earth/project_ws/install/encoder_unit/lib/encoder_unit
[7.281s] Installing limit script to /home/raspi-earth/project_ws/install/encoder_unit/lib/encoder_unit
[7.282s] writing list of installed files to '/home/raspi-earth/project_ws/build/encoder_unit/install.log'
[7.563s] Invoked command in '/home/raspi-earth/project_ws/src/encoder_unit' returned '0': PYTHONPATH=/home/raspi-earth/project_ws/build/encoder_unit/prefix_override:/usr/lib/python3/dist-packages/colcon_core/task/python/colcon_distutils_commands:/home/raspi-earth/project_ws/install/encoder_unit/lib/python3.11/site-packages:${PYTHONPATH} /usr/bin/python3 -W ignore:setup.py install is deprecated -W ignore:easy_install command is deprecated setup.py egg_info --egg-base ../../build/encoder_unit build --build-base /home/raspi-earth/project_ws/build/encoder_unit/build install --record /home/raspi-earth/project_ws/build/encoder_unit/install.log --single-version-externally-managed install_data
