/home/erthirarat/Desktop/Senior_Project-WhitePost-Main_Arm/install/motor_control/lib/python3.10/site-packages/motor_control/stepper_joint3.py
/home/erthirarat/Desktop/Senior_Project-WhitePost-Main_Arm/install/motor_control/lib/python3.10/site-packages/motor_control/joint3_node.py
/home/erthirarat/Desktop/Senior_Project-WhitePost-Main_Arm/install/motor_control/lib/python3.10/site-packages/motor_control/joint2_node.py
/home/erthirarat/Desktop/Senior_Project-WhitePost-Main_Arm/install/motor_control/lib/python3.10/site-packages/motor_control/joint1_node.py
/home/erthirarat/Desktop/Senior_Project-WhitePost-Main_Arm/install/motor_control/lib/python3.10/site-packages/motor_control/stepper_joint2.py
/home/erthirarat/Desktop/Senior_Project-WhitePost-Main_Arm/install/motor_control/lib/python3.10/site-packages/motor_control/__init__.py
/home/erthirarat/Desktop/Senior_Project-WhitePost-Main_Arm/install/motor_control/lib/python3.10/site-packages/motor_control/stepper_joint1.py
/home/erthirarat/Desktop/Senior_Project-WhitePost-Main_Arm/install/motor_control/lib/python3.10/site-packages/motor_control/__pycache__/stepper_joint3.cpython-310.pyc
/home/erthirarat/Desktop/Senior_Project-WhitePost-Main_Arm/install/motor_control/lib/python3.10/site-packages/motor_control/__pycache__/joint3_node.cpython-310.pyc
/home/erthirarat/Desktop/Senior_Project-WhitePost-Main_Arm/install/motor_control/lib/python3.10/site-packages/motor_control/__pycache__/joint2_node.cpython-310.pyc
/home/erthirarat/Desktop/Senior_Project-WhitePost-Main_Arm/install/motor_control/lib/python3.10/site-packages/motor_control/__pycache__/joint1_node.cpython-310.pyc
/home/erthirarat/Desktop/Senior_Project-WhitePost-Main_Arm/install/motor_control/lib/python3.10/site-packages/motor_control/__pycache__/stepper_joint2.cpython-310.pyc
/home/erthirarat/Desktop/Senior_Project-WhitePost-Main_Arm/install/motor_control/lib/python3.10/site-packages/motor_control/__pycache__/__init__.cpython-310.pyc
/home/erthirarat/Desktop/Senior_Project-WhitePost-Main_Arm/install/motor_control/lib/python3.10/site-packages/motor_control/__pycache__/stepper_joint1.cpython-310.pyc
/home/erthirarat/Desktop/Senior_Project-WhitePost-Main_Arm/install/motor_control/share/ament_index/resource_index/packages/motor_control
/home/erthirarat/Desktop/Senior_Project-WhitePost-Main_Arm/install/motor_control/share/motor_control/package.xml
/home/erthirarat/Desktop/Senior_Project-WhitePost-Main_Arm/install/motor_control/lib/python3.10/site-packages/motor_control-0.0.0-py3.10.egg-info/SOURCES.txt
/home/erthirarat/Desktop/Senior_Project-WhitePost-Main_Arm/install/motor_control/lib/python3.10/site-packages/motor_control-0.0.0-py3.10.egg-info/top_level.txt
/home/erthirarat/Desktop/Senior_Project-WhitePost-Main_Arm/install/motor_control/lib/python3.10/site-packages/motor_control-0.0.0-py3.10.egg-info/entry_points.txt
/home/erthirarat/Desktop/Senior_Project-WhitePost-Main_Arm/install/motor_control/lib/python3.10/site-packages/motor_control-0.0.0-py3.10.egg-info/requires.txt
/home/erthirarat/Desktop/Senior_Project-WhitePost-Main_Arm/install/motor_control/lib/python3.10/site-packages/motor_control-0.0.0-py3.10.egg-info/zip-safe
/home/erthirarat/Desktop/Senior_Project-WhitePost-Main_Arm/install/motor_control/lib/python3.10/site-packages/motor_control-0.0.0-py3.10.egg-info/dependency_links.txt
/home/erthirarat/Desktop/Senior_Project-WhitePost-Main_Arm/install/motor_control/lib/python3.10/site-packages/motor_control-0.0.0-py3.10.egg-info/PKG-INFO
/home/erthirarat/Desktop/Senior_Project-WhitePost-Main_Arm/install/motor_control/lib/motor_control/joint1_node
/home/erthirarat/Desktop/Senior_Project-WhitePost-Main_Arm/install/motor_control/lib/motor_control/joint2_node
/home/erthirarat/Desktop/Senior_Project-WhitePost-Main_Arm/install/motor_control/lib/motor_control/joint3_node
/home/erthirarat/Desktop/Senior_Project-WhitePost-Main_Arm/install/motor_control/lib/motor_control/servodrive
/home/erthirarat/Desktop/Senior_Project-WhitePost-Main_Arm/install/motor_control/lib/motor_control/stepmotor1
/home/erthirarat/Desktop/Senior_Project-WhitePost-Main_Arm/install/motor_control/lib/motor_control/stepmotor2
/home/erthirarat/Desktop/Senior_Project-WhitePost-Main_Arm/install/motor_control/lib/motor_control/stepmotor3
