[5.684s] Invoking command in '/home/raspi-earth/project_ws/src/motor_control': PYTHONPATH=/home/raspi-earth/project_ws/build/motor_control/prefix_override:/usr/lib/python3/dist-packages/colcon_core/task/python/colcon_distutils_commands:/home/raspi-earth/project_ws/install/motor_control/lib/python3.11/site-packages:${PYTHONPATH} /usr/bin/python3 -W ignore:setup.py install is deprecated -W ignore:easy_install command is deprecated setup.py egg_info --egg-base ../../build/motor_control build --build-base /home/raspi-earth/project_ws/build/motor_control/build install --record /home/raspi-earth/project_ws/build/motor_control/install.log --single-version-externally-managed install_data
[6.875s] running egg_info
[6.914s] writing ../../build/motor_control/motor_control.egg-info/PKG-INFO
[6.915s] writing dependency_links to ../../build/motor_control/motor_control.egg-info/dependency_links.txt
[6.916s] writing entry points to ../../build/motor_control/motor_control.egg-info/entry_points.txt
[6.917s] writing requirements to ../../build/motor_control/motor_control.egg-info/requires.txt
[6.918s] writing top-level names to ../../build/motor_control/motor_control.egg-info/top_level.txt
[7.010s] reading manifest file '../../build/motor_control/motor_control.egg-info/SOURCES.txt'
[7.011s] adding license file 'LICENSE'
[7.012s] writing manifest file '../../build/motor_control/motor_control.egg-info/SOURCES.txt'
[7.012s] running build
[7.013s] running build_py
[7.013s] copying motor_control/joint1_node.py -> /home/raspi-earth/project_ws/build/motor_control/build/lib/motor_control
[7.013s] running install
[7.029s] running install_lib
[7.073s] copying /home/raspi-earth/project_ws/build/motor_control/build/lib/motor_control/joint1_node.py -> /home/raspi-earth/project_ws/install/motor_control/lib/python3.11/site-packages/motor_control
[7.076s] byte-compiling /home/raspi-earth/project_ws/install/motor_control/lib/python3.11/site-packages/motor_control/joint1_node.py to joint1_node.cpython-311.pyc
[7.078s] running install_data
[7.079s] running install_egg_info
[7.197s] removing '/home/raspi-earth/project_ws/install/motor_control/lib/python3.11/site-packages/motor_control-0.0.0-py3.11.egg-info' (and everything under it)
[7.205s] Copying ../../build/motor_control/motor_control.egg-info to /home/raspi-earth/project_ws/install/motor_control/lib/python3.11/site-packages/motor_control-0.0.0-py3.11.egg-info
[7.209s] running install_scripts
[7.404s] Installing joint1_node script to /home/raspi-earth/project_ws/install/motor_control/lib/motor_control
[7.404s] Installing joint2_node script to /home/raspi-earth/project_ws/install/motor_control/lib/motor_control
[7.404s] Installing joint3_node script to /home/raspi-earth/project_ws/install/motor_control/lib/motor_control
[7.405s] Installing servodrive script to /home/raspi-earth/project_ws/install/motor_control/lib/motor_control
[7.409s] Installing stepmotor1 script to /home/raspi-earth/project_ws/install/motor_control/lib/motor_control
[7.409s] Installing stepmotor2 script to /home/raspi-earth/project_ws/install/motor_control/lib/motor_control
[7.409s] Installing stepmotor3 script to /home/raspi-earth/project_ws/install/motor_control/lib/motor_control
[7.410s] writing list of installed files to '/home/raspi-earth/project_ws/build/motor_control/install.log'
[7.626s] Invoked command in '/home/raspi-earth/project_ws/src/motor_control' returned '0': PYTHONPATH=/home/raspi-earth/project_ws/build/motor_control/prefix_override:/usr/lib/python3/dist-packages/colcon_core/task/python/colcon_distutils_commands:/home/raspi-earth/project_ws/install/motor_control/lib/python3.11/site-packages:${PYTHONPATH} /usr/bin/python3 -W ignore:setup.py install is deprecated -W ignore:easy_install command is deprecated setup.py egg_info --egg-base ../../build/motor_control build --build-base /home/raspi-earth/project_ws/build/motor_control/build install --record /home/raspi-earth/project_ws/build/motor_control/install.log --single-version-externally-managed install_data
