/home/erthirarat/Desktop/Senior_Project-WhitePost-Main_Arm/install/encoder_unit/lib/python3.10/site-packages/encoder_unit/as5600_1.py
/home/erthirarat/Desktop/Senior_Project-WhitePost-Main_Arm/install/encoder_unit/lib/python3.10/site-packages/encoder_unit/as5600_3.py
/home/erthirarat/Desktop/Senior_Project-WhitePost-Main_Arm/install/encoder_unit/lib/python3.10/site-packages/encoder_unit/as5600_4.py
/home/erthirarat/Desktop/Senior_Project-WhitePost-Main_Arm/install/encoder_unit/lib/python3.10/site-packages/encoder_unit/__init__.py
/home/erthirarat/Desktop/Senior_Project-WhitePost-Main_Arm/install/encoder_unit/lib/python3.10/site-packages/encoder_unit/as5600_5.py
/home/erthirarat/Desktop/Senior_Project-WhitePost-Main_Arm/install/encoder_unit/lib/python3.10/site-packages/encoder_unit/as5600_2.py
/home/erthirarat/Desktop/Senior_Project-WhitePost-Main_Arm/install/encoder_unit/lib/python3.10/site-packages/encoder_unit/limit_switch_node.py
/home/erthirarat/Desktop/Senior_Project-WhitePost-Main_Arm/install/encoder_unit/lib/python3.10/site-packages/encoder_unit/__pycache__/as5600_1.cpython-310.pyc
/home/erthirarat/Desktop/Senior_Project-WhitePost-Main_Arm/install/encoder_unit/lib/python3.10/site-packages/encoder_unit/__pycache__/as5600_3.cpython-310.pyc
/home/erthirarat/Desktop/Senior_Project-WhitePost-Main_Arm/install/encoder_unit/lib/python3.10/site-packages/encoder_unit/__pycache__/as5600_4.cpython-310.pyc
/home/erthirarat/Desktop/Senior_Project-WhitePost-Main_Arm/install/encoder_unit/lib/python3.10/site-packages/encoder_unit/__pycache__/__init__.cpython-310.pyc
/home/erthirarat/Desktop/Senior_Project-WhitePost-Main_Arm/install/encoder_unit/lib/python3.10/site-packages/encoder_unit/__pycache__/as5600_5.cpython-310.pyc
/home/erthirarat/Desktop/Senior_Project-WhitePost-Main_Arm/install/encoder_unit/lib/python3.10/site-packages/encoder_unit/__pycache__/as5600_2.cpython-310.pyc
/home/erthirarat/Desktop/Senior_Project-WhitePost-Main_Arm/install/encoder_unit/lib/python3.10/site-packages/encoder_unit/__pycache__/limit_switch_node.cpython-310.pyc
/home/erthirarat/Desktop/Senior_Project-WhitePost-Main_Arm/install/encoder_unit/share/ament_index/resource_index/packages/encoder_unit
/home/erthirarat/Desktop/Senior_Project-WhitePost-Main_Arm/install/encoder_unit/share/encoder_unit/package.xml
/home/erthirarat/Desktop/Senior_Project-WhitePost-Main_Arm/install/encoder_unit/lib/python3.10/site-packages/encoder_unit-0.0.0-py3.10.egg-info/SOURCES.txt
/home/erthirarat/Desktop/Senior_Project-WhitePost-Main_Arm/install/encoder_unit/lib/python3.10/site-packages/encoder_unit-0.0.0-py3.10.egg-info/top_level.txt
/home/erthirarat/Desktop/Senior_Project-WhitePost-Main_Arm/install/encoder_unit/lib/python3.10/site-packages/encoder_unit-0.0.0-py3.10.egg-info/entry_points.txt
/home/erthirarat/Desktop/Senior_Project-WhitePost-Main_Arm/install/encoder_unit/lib/python3.10/site-packages/encoder_unit-0.0.0-py3.10.egg-info/requires.txt
/home/erthirarat/Desktop/Senior_Project-WhitePost-Main_Arm/install/encoder_unit/lib/python3.10/site-packages/encoder_unit-0.0.0-py3.10.egg-info/zip-safe
/home/erthirarat/Desktop/Senior_Project-WhitePost-Main_Arm/install/encoder_unit/lib/python3.10/site-packages/encoder_unit-0.0.0-py3.10.egg-info/dependency_links.txt
/home/erthirarat/Desktop/Senior_Project-WhitePost-Main_Arm/install/encoder_unit/lib/python3.10/site-packages/encoder_unit-0.0.0-py3.10.egg-info/PKG-INFO
/home/erthirarat/Desktop/Senior_Project-WhitePost-Main_Arm/install/encoder_unit/lib/encoder_unit/as5600_1
/home/erthirarat/Desktop/Senior_Project-WhitePost-Main_Arm/install/encoder_unit/lib/encoder_unit/as5600_2
/home/erthirarat/Desktop/Senior_Project-WhitePost-Main_Arm/install/encoder_unit/lib/encoder_unit/as5600_3
/home/erthirarat/Desktop/Senior_Project-WhitePost-Main_Arm/install/encoder_unit/lib/encoder_unit/as5600_4
/home/erthirarat/Desktop/Senior_Project-WhitePost-Main_Arm/install/encoder_unit/lib/encoder_unit/as5600_5
/home/erthirarat/Desktop/Senior_Project-WhitePost-Main_Arm/install/encoder_unit/lib/encoder_unit/limit
