[5.699s] Invoking command in '/home/raspi-earth/project_ws/src/processor_unit': PYTHONPATH=/home/raspi-earth/project_ws/build/processor_unit/prefix_override:/usr/lib/python3/dist-packages/colcon_core/task/python/colcon_distutils_commands:/home/raspi-earth/project_ws/install/processor_unit/lib/python3.11/site-packages:${PYTHONPATH} /usr/bin/python3 -W ignore:setup.py install is deprecated -W ignore:easy_install command is deprecated setup.py egg_info --egg-base ../../build/processor_unit build --build-base /home/raspi-earth/project_ws/build/processor_unit/build install --record /home/raspi-earth/project_ws/build/processor_unit/install.log --single-version-externally-managed install_data
[6.788s] running egg_info
[6.827s] writing ../../build/processor_unit/processor_unit.egg-info/PKG-INFO
[6.828s] writing dependency_links to ../../build/processor_unit/processor_unit.egg-info/dependency_links.txt
[6.829s] writing entry points to ../../build/processor_unit/processor_unit.egg-info/entry_points.txt
[6.830s] writing requirements to ../../build/processor_unit/processor_unit.egg-info/requires.txt
[6.831s] writing top-level names to ../../build/processor_unit/processor_unit.egg-info/top_level.txt
[6.926s] reading manifest file '../../build/processor_unit/processor_unit.egg-info/SOURCES.txt'
[6.926s] adding license file 'LICENSE'
[6.931s] writing manifest file '../../build/processor_unit/processor_unit.egg-info/SOURCES.txt'
[6.931s] running build
[6.931s] running build_py
[6.931s] copying processor_unit/esp32_bridge_node.py -> /home/raspi-earth/project_ws/build/processor_unit/build/lib/processor_unit
[6.931s] running install
[6.944s] running install_lib
[6.996s] copying /home/raspi-earth/project_ws/build/processor_unit/build/lib/processor_unit/esp32_bridge_node.py -> /home/raspi-earth/project_ws/install/processor_unit/lib/python3.11/site-packages/processor_unit
[7.000s] byte-compiling /home/raspi-earth/project_ws/install/processor_unit/lib/python3.11/site-packages/processor_unit/esp32_bridge_node.py to esp32_bridge_node.cpython-311.pyc
[7.002s] running install_data
[7.002s] running install_egg_info
[7.116s] removing '/home/raspi-earth/project_ws/install/processor_unit/lib/python3.11/site-packages/processor_unit-0.0.0-py3.11.egg-info' (and everything under it)
[7.116s] Copying ../../build/processor_unit/processor_unit.egg-info to /home/raspi-earth/project_ws/install/processor_unit/lib/python3.11/site-packages/processor_unit-0.0.0-py3.11.egg-info
[7.116s] running install_scripts
[7.382s] Installing esp32_bridge_node script to /home/raspi-earth/project_ws/install/processor_unit/lib/processor_unit
[7.383s] Installing main_processor script to /home/raspi-earth/project_ws/install/processor_unit/lib/processor_unit
[7.387s] Installing steam_cam script to /home/raspi-earth/project_ws/install/processor_unit/lib/processor_unit
[7.388s] Installing test script to /home/raspi-earth/project_ws/install/processor_unit/lib/processor_unit
[7.389s] Installing test1 script to /home/raspi-earth/project_ws/install/processor_unit/lib/processor_unit
[7.389s] Installing uart_command_and_status_to_pi5 script to /home/raspi-earth/project_ws/install/processor_unit/lib/processor_unit
[7.390s] Installing uart_zero_two_w script to /home/raspi-earth/project_ws/install/processor_unit/lib/processor_unit
[7.390s] writing list of installed files to '/home/raspi-earth/project_ws/build/processor_unit/install.log'
[7.551s] Invoked command in '/home/raspi-earth/project_ws/src/processor_unit' returned '0': PYTHONPATH=/home/raspi-earth/project_ws/build/processor_unit/prefix_override:/usr/lib/python3/dist-packages/colcon_core/task/python/colcon_distutils_commands:/home/raspi-earth/project_ws/install/processor_unit/lib/python3.11/site-packages:${PYTHONPATH} /usr/bin/python3 -W ignore:setup.py install is deprecated -W ignore:easy_install command is deprecated setup.py egg_info --egg-base ../../build/processor_unit build --build-base /home/raspi-earth/project_ws/build/processor_unit/build install --record /home/raspi-earth/project_ws/build/processor_unit/install.log --single-version-externally-managed install_data
