[2.861s] Invoking command in '/home/raspi-earth/project_ws/src/motor_control': PYTHONPATH=/home/raspi-earth/project_ws/build/motor_control/prefix_override:/usr/lib/python3/dist-packages/colcon_core/task/python/colcon_distutils_commands:/home/raspi-earth/project_ws/install/motor_control/lib/python3.11/site-packages:${PYTHONPATH} /usr/bin/python3 -W ignore:setup.py install is deprecated -W ignore:easy_install command is deprecated setup.py egg_info --egg-base ../../build/motor_control build --build-base /home/raspi-earth/project_ws/build/motor_control/build install --record /home/raspi-earth/project_ws/build/motor_control/install.log --single-version-externally-managed install_data
[3.840s] running egg_info
[3.874s] writing ../../build/motor_control/motor_control.egg-info/PKG-INFO
[3.874s] writing dependency_links to ../../build/motor_control/motor_control.egg-info/dependency_links.txt
[3.875s] writing entry points to ../../build/motor_control/motor_control.egg-info/entry_points.txt
[3.876s] writing requirements to ../../build/motor_control/motor_control.egg-info/requires.txt
[3.877s] writing top-level names to ../../build/motor_control/motor_control.egg-info/top_level.txt
[3.951s] reading manifest file '../../build/motor_control/motor_control.egg-info/SOURCES.txt'
[3.952s] adding license file 'LICENSE'
[3.952s] writing manifest file '../../build/motor_control/motor_control.egg-info/SOURCES.txt'
[3.961s] running build
[3.962s] running build_py
[3.962s] copying motor_control/joint3_node.py -> /home/raspi-earth/project_ws/build/motor_control/build/lib/motor_control
[3.962s] running install
[3.972s] running install_lib
[4.012s] copying /home/raspi-earth/project_ws/build/motor_control/build/lib/motor_control/joint3_node.py -> /home/raspi-earth/project_ws/install/motor_control/lib/python3.11/site-packages/motor_control
[4.013s] byte-compiling /home/raspi-earth/project_ws/install/motor_control/lib/python3.11/site-packages/motor_control/joint3_node.py to joint3_node.cpython-311.pyc
[4.020s] running install_data
[4.020s] running install_egg_info
[4.141s] removing '/home/raspi-earth/project_ws/install/motor_control/lib/python3.11/site-packages/motor_control-0.0.0-py3.11.egg-info' (and everything under it)
[4.142s] Copying ../../build/motor_control/motor_control.egg-info to /home/raspi-earth/project_ws/install/motor_control/lib/python3.11/site-packages/motor_control-0.0.0-py3.11.egg-info
[4.145s] running install_scripts
[4.295s] Installing joint1_node script to /home/raspi-earth/project_ws/install/motor_control/lib/motor_control
[4.295s] Installing joint2_node script to /home/raspi-earth/project_ws/install/motor_control/lib/motor_control
[4.296s] Installing joint3_node script to /home/raspi-earth/project_ws/install/motor_control/lib/motor_control
[4.297s] Installing servodrive script to /home/raspi-earth/project_ws/install/motor_control/lib/motor_control
[4.297s] Installing stepmotor1 script to /home/raspi-earth/project_ws/install/motor_control/lib/motor_control
[4.298s] Installing stepmotor2 script to /home/raspi-earth/project_ws/install/motor_control/lib/motor_control
[4.299s] Installing stepmotor3 script to /home/raspi-earth/project_ws/install/motor_control/lib/motor_control
[4.300s] writing list of installed files to '/home/raspi-earth/project_ws/build/motor_control/install.log'
[4.425s] Invoked command in '/home/raspi-earth/project_ws/src/motor_control' returned '0': PYTHONPATH=/home/raspi-earth/project_ws/build/motor_control/prefix_override:/usr/lib/python3/dist-packages/colcon_core/task/python/colcon_distutils_commands:/home/raspi-earth/project_ws/install/motor_control/lib/python3.11/site-packages:${PYTHONPATH} /usr/bin/python3 -W ignore:setup.py install is deprecated -W ignore:easy_install command is deprecated setup.py egg_info --egg-base ../../build/motor_control build --build-base /home/raspi-earth/project_ws/build/motor_control/build install --record /home/raspi-earth/project_ws/build/motor_control/install.log --single-version-externally-managed install_data
