[10.957s] Invoking command in '/home/raspi-earth/project_ws/src/motor_control': PYTHONPATH=/home/raspi-earth/project_ws/build/motor_control/prefix_override:/usr/lib/python3/dist-packages/colcon_core/task/python/colcon_distutils_commands:/home/raspi-earth/project_ws/install/motor_control/lib/python3.11/site-packages:${PYTHONPATH} /usr/bin/python3 -W ignore:setup.py install is deprecated -W ignore:easy_install command is deprecated setup.py egg_info --egg-base ../../build/motor_control build --build-base /home/raspi-earth/project_ws/build/motor_control/build install --record /home/raspi-earth/project_ws/build/motor_control/install.log --single-version-externally-managed install_data
[13.311s] running egg_info
[13.363s] writing ../../build/motor_control/motor_control.egg-info/PKG-INFO
[13.364s] writing dependency_links to ../../build/motor_control/motor_control.egg-info/dependency_links.txt
[13.365s] writing entry points to ../../build/motor_control/motor_control.egg-info/entry_points.txt
[13.365s] writing requirements to ../../build/motor_control/motor_control.egg-info/requires.txt
[13.368s] writing top-level names to ../../build/motor_control/motor_control.egg-info/top_level.txt
[13.536s] reading manifest file '../../build/motor_control/motor_control.egg-info/SOURCES.txt'
[13.537s] adding license file 'LICENSE'
[13.538s] writing manifest file '../../build/motor_control/motor_control.egg-info/SOURCES.txt'
[13.538s] running build
[13.538s] running build_py
[13.539s] running install
[13.553s] running install_lib
[13.607s] running install_data
[13.607s] running install_egg_info
[13.753s] removing '/home/raspi-earth/project_ws/install/motor_control/lib/python3.11/site-packages/motor_control-0.0.0-py3.11.egg-info' (and everything under it)
[13.764s] Copying ../../build/motor_control/motor_control.egg-info to /home/raspi-earth/project_ws/install/motor_control/lib/python3.11/site-packages/motor_control-0.0.0-py3.11.egg-info
[13.764s] running install_scripts
[14.016s] Installing joint1_node script to /home/raspi-earth/project_ws/install/motor_control/lib/motor_control
[14.016s] Installing joint2_node script to /home/raspi-earth/project_ws/install/motor_control/lib/motor_control
[14.019s] Installing joint3_node script to /home/raspi-earth/project_ws/install/motor_control/lib/motor_control
[14.019s] Installing servodrive script to /home/raspi-earth/project_ws/install/motor_control/lib/motor_control
[14.019s] Installing stepmotor1 script to /home/raspi-earth/project_ws/install/motor_control/lib/motor_control
[14.019s] Installing stepmotor2 script to /home/raspi-earth/project_ws/install/motor_control/lib/motor_control
[14.023s] Installing stepmotor3 script to /home/raspi-earth/project_ws/install/motor_control/lib/motor_control
[14.023s] writing list of installed files to '/home/raspi-earth/project_ws/build/motor_control/install.log'
[14.201s] Invoked command in '/home/raspi-earth/project_ws/src/motor_control' returned '0': PYTHONPATH=/home/raspi-earth/project_ws/build/motor_control/prefix_override:/usr/lib/python3/dist-packages/colcon_core/task/python/colcon_distutils_commands:/home/raspi-earth/project_ws/install/motor_control/lib/python3.11/site-packages:${PYTHONPATH} /usr/bin/python3 -W ignore:setup.py install is deprecated -W ignore:easy_install command is deprecated setup.py egg_info --egg-base ../../build/motor_control build --build-base /home/raspi-earth/project_ws/build/motor_control/build install --record /home/raspi-earth/project_ws/build/motor_control/install.log --single-version-externally-managed install_data
