[14.710s] Invoking command in '/home/raspi-earth/project_ws/src/motor_control': PYTHONPATH=/home/raspi-earth/project_ws/build/motor_control/prefix_override:/usr/lib/python3/dist-packages/colcon_core/task/python/colcon_distutils_commands:/home/raspi-earth/project_ws/install/motor_control/lib/python3.11/site-packages:${PYTHONPATH} /usr/bin/python3 -W ignore:setup.py install is deprecated -W ignore:easy_install command is deprecated setup.py egg_info --egg-base ../../build/motor_control build --build-base /home/raspi-earth/project_ws/build/motor_control/build install --record /home/raspi-earth/project_ws/build/motor_control/install.log --single-version-externally-managed install_data
[18.514s] running egg_info
[18.605s] writing ../../build/motor_control/motor_control.egg-info/PKG-INFO
[18.605s] writing dependency_links to ../../build/motor_control/motor_control.egg-info/dependency_links.txt
[18.606s] writing entry points to ../../build/motor_control/motor_control.egg-info/entry_points.txt
[18.611s] writing requirements to ../../build/motor_control/motor_control.egg-info/requires.txt
[18.611s] writing top-level names to ../../build/motor_control/motor_control.egg-info/top_level.txt
[18.836s] reading manifest file '../../build/motor_control/motor_control.egg-info/SOURCES.txt'
[18.841s] adding license file 'LICENSE'
[18.844s] writing manifest file '../../build/motor_control/motor_control.egg-info/SOURCES.txt'
[18.854s] running build
[18.855s] running build_py
[18.855s] copying motor_control/joint3_node.py -> /home/raspi-earth/project_ws/build/motor_control/build/lib/motor_control
[18.855s] running install
[18.876s] running install_lib
[18.974s] copying /home/raspi-earth/project_ws/build/motor_control/build/lib/motor_control/joint3_node.py -> /home/raspi-earth/project_ws/install/motor_control/lib/python3.11/site-packages/motor_control
[18.981s] byte-compiling /home/raspi-earth/project_ws/install/motor_control/lib/python3.11/site-packages/motor_control/joint3_node.py to joint3_node.cpython-311.pyc
[18.996s] running install_data
[18.997s] running install_egg_info
[19.221s] removing '/home/raspi-earth/project_ws/install/motor_control/lib/python3.11/site-packages/motor_control-0.0.0-py3.11.egg-info' (and everything under it)
[19.229s] Copying ../../build/motor_control/motor_control.egg-info to /home/raspi-earth/project_ws/install/motor_control/lib/python3.11/site-packages/motor_control-0.0.0-py3.11.egg-info
[19.232s] running install_scripts
[19.784s] Installing joint1_node script to /home/raspi-earth/project_ws/install/motor_control/lib/motor_control
[19.785s] Installing joint2_node script to /home/raspi-earth/project_ws/install/motor_control/lib/motor_control
[19.789s] Installing joint3_node script to /home/raspi-earth/project_ws/install/motor_control/lib/motor_control
[19.789s] Installing servodrive script to /home/raspi-earth/project_ws/install/motor_control/lib/motor_control
[19.790s] Installing stepmotor1 script to /home/raspi-earth/project_ws/install/motor_control/lib/motor_control
[19.792s] Installing stepmotor2 script to /home/raspi-earth/project_ws/install/motor_control/lib/motor_control
[19.793s] Installing stepmotor3 script to /home/raspi-earth/project_ws/install/motor_control/lib/motor_control
[19.795s] writing list of installed files to '/home/raspi-earth/project_ws/build/motor_control/install.log'
[20.066s] Invoked command in '/home/raspi-earth/project_ws/src/motor_control' returned '0': PYTHONPATH=/home/raspi-earth/project_ws/build/motor_control/prefix_override:/usr/lib/python3/dist-packages/colcon_core/task/python/colcon_distutils_commands:/home/raspi-earth/project_ws/install/motor_control/lib/python3.11/site-packages:${PYTHONPATH} /usr/bin/python3 -W ignore:setup.py install is deprecated -W ignore:easy_install command is deprecated setup.py egg_info --egg-base ../../build/motor_control build --build-base /home/raspi-earth/project_ws/build/motor_control/build install --record /home/raspi-earth/project_ws/build/motor_control/install.log --single-version-externally-managed install_data
