[11.728s] Invoking command in '/home/raspi-earth/project_ws/src/processor_unit': PYTHONPATH=/home/raspi-earth/project_ws/build/processor_unit/prefix_override:/usr/lib/python3/dist-packages/colcon_core/task/python/colcon_distutils_commands:/home/raspi-earth/project_ws/install/processor_unit/lib/python3.11/site-packages:${PYTHONPATH} /usr/bin/python3 -W ignore:setup.py install is deprecated -W ignore:easy_install command is deprecated setup.py egg_info --egg-base ../../build/processor_unit build --build-base /home/raspi-earth/project_ws/build/processor_unit/build install --record /home/raspi-earth/project_ws/build/processor_unit/install.log --single-version-externally-managed install_data
[13.011s] running egg_info
[13.060s] writing ../../build/processor_unit/processor_unit.egg-info/PKG-INFO
[13.061s] writing dependency_links to ../../build/processor_unit/processor_unit.egg-info/dependency_links.txt
[13.061s] writing entry points to ../../build/processor_unit/processor_unit.egg-info/entry_points.txt
[13.062s] writing requirements to ../../build/processor_unit/processor_unit.egg-info/requires.txt
[13.062s] writing top-level names to ../../build/processor_unit/processor_unit.egg-info/top_level.txt
[13.158s] reading manifest file '../../build/processor_unit/processor_unit.egg-info/SOURCES.txt'
[13.159s] adding license file 'LICENSE'
[13.160s] writing manifest file '../../build/processor_unit/processor_unit.egg-info/SOURCES.txt'
[13.161s] running build
[13.161s] running build_py
[13.161s] copying processor_unit/esp32_bridge_node.py -> /home/raspi-earth/project_ws/build/processor_unit/build/lib/processor_unit
[13.164s] running install
[13.181s] running install_lib
[13.224s] copying /home/raspi-earth/project_ws/build/processor_unit/build/lib/processor_unit/esp32_bridge_node.py -> /home/raspi-earth/project_ws/install/processor_unit/lib/python3.11/site-packages/processor_unit
[13.231s] byte-compiling /home/raspi-earth/project_ws/install/processor_unit/lib/python3.11/site-packages/processor_unit/esp32_bridge_node.py to esp32_bridge_node.cpython-311.pyc
[13.240s] running install_data
[13.241s] running install_egg_info
[13.388s] removing '/home/raspi-earth/project_ws/install/processor_unit/lib/python3.11/site-packages/processor_unit-0.0.0-py3.11.egg-info' (and everything under it)
[13.392s] Copying ../../build/processor_unit/processor_unit.egg-info to /home/raspi-earth/project_ws/install/processor_unit/lib/python3.11/site-packages/processor_unit-0.0.0-py3.11.egg-info
[13.395s] running install_scripts
[13.633s] Installing camera_back script to /home/raspi-earth/project_ws/install/processor_unit/lib/processor_unit
[13.682s] Installing camera_front script to /home/raspi-earth/project_ws/install/processor_unit/lib/processor_unit
[13.683s] Installing esp32_bridge_node script to /home/raspi-earth/project_ws/install/processor_unit/lib/processor_unit
[13.683s] Installing force_receiver_node script to /home/raspi-earth/project_ws/install/processor_unit/lib/processor_unit
[13.684s] Installing main_processor script to /home/raspi-earth/project_ws/install/processor_unit/lib/processor_unit
[13.684s] Installing steam_cam script to /home/raspi-earth/project_ws/install/processor_unit/lib/processor_unit
[13.685s] Installing test script to /home/raspi-earth/project_ws/install/processor_unit/lib/processor_unit
[13.685s] Installing uart_command_and_status_to_pi5 script to /home/raspi-earth/project_ws/install/processor_unit/lib/processor_unit
[13.686s] Installing uart_zero_two_w script to /home/raspi-earth/project_ws/install/processor_unit/lib/processor_unit
[13.686s] writing list of installed files to '/home/raspi-earth/project_ws/build/processor_unit/install.log'
[13.990s] Invoked command in '/home/raspi-earth/project_ws/src/processor_unit' returned '0': PYTHONPATH=/home/raspi-earth/project_ws/build/processor_unit/prefix_override:/usr/lib/python3/dist-packages/colcon_core/task/python/colcon_distutils_commands:/home/raspi-earth/project_ws/install/processor_unit/lib/python3.11/site-packages:${PYTHONPATH} /usr/bin/python3 -W ignore:setup.py install is deprecated -W ignore:easy_install command is deprecated setup.py egg_info --egg-base ../../build/processor_unit build --build-base /home/raspi-earth/project_ws/build/processor_unit/build install --record /home/raspi-earth/project_ws/build/processor_unit/install.log --single-version-externally-managed install_data
