[5.669s] Invoking command in '/home/raspi-earth/project_ws/src/processor_unit': PYTHONPATH=/home/raspi-earth/project_ws/build/processor_unit/prefix_override:/usr/lib/python3/dist-packages/colcon_core/task/python/colcon_distutils_commands:/home/raspi-earth/project_ws/install/processor_unit/lib/python3.11/site-packages:${PYTHONPATH} /usr/bin/python3 -W ignore:setup.py install is deprecated -W ignore:easy_install command is deprecated setup.py egg_info --egg-base ../../build/processor_unit build --build-base /home/raspi-earth/project_ws/build/processor_unit/build install --record /home/raspi-earth/project_ws/build/processor_unit/install.log --single-version-externally-managed install_data
[6.766s] running egg_info
[6.806s] writing ../../build/processor_unit/processor_unit.egg-info/PKG-INFO
[6.806s] writing dependency_links to ../../build/processor_unit/processor_unit.egg-info/dependency_links.txt
[6.810s] writing entry points to ../../build/processor_unit/processor_unit.egg-info/entry_points.txt
[6.810s] writing requirements to ../../build/processor_unit/processor_unit.egg-info/requires.txt
[6.811s] writing top-level names to ../../build/processor_unit/processor_unit.egg-info/top_level.txt
[6.898s] reading manifest file '../../build/processor_unit/processor_unit.egg-info/SOURCES.txt'
[6.899s] adding license file 'LICENSE'
[6.900s] writing manifest file '../../build/processor_unit/processor_unit.egg-info/SOURCES.txt'
[6.901s] running build
[6.901s] running build_py
[6.902s] copying processor_unit/esp32_bridge_node.py -> /home/raspi-earth/project_ws/build/processor_unit/build/lib/processor_unit
[6.902s] running install
[6.914s] running install_lib
[6.988s] copying /home/raspi-earth/project_ws/build/processor_unit/build/lib/processor_unit/esp32_bridge_node.py -> /home/raspi-earth/project_ws/install/processor_unit/lib/python3.11/site-packages/processor_unit
[6.994s] byte-compiling /home/raspi-earth/project_ws/install/processor_unit/lib/python3.11/site-packages/processor_unit/esp32_bridge_node.py to esp32_bridge_node.cpython-311.pyc
[6.997s] running install_data
[6.997s] running install_egg_info
[7.125s] removing '/home/raspi-earth/project_ws/install/processor_unit/lib/python3.11/site-packages/processor_unit-0.0.0-py3.11.egg-info' (and everything under it)
[7.129s] Copying ../../build/processor_unit/processor_unit.egg-info to /home/raspi-earth/project_ws/install/processor_unit/lib/python3.11/site-packages/processor_unit-0.0.0-py3.11.egg-info
[7.140s] running install_scripts
[7.418s] Installing esp32_bridge_node script to /home/raspi-earth/project_ws/install/processor_unit/lib/processor_unit
[7.418s] Installing main_processor script to /home/raspi-earth/project_ws/install/processor_unit/lib/processor_unit
[7.421s] Installing steam_cam script to /home/raspi-earth/project_ws/install/processor_unit/lib/processor_unit
[7.421s] Installing test script to /home/raspi-earth/project_ws/install/processor_unit/lib/processor_unit
[7.424s] Installing test1 script to /home/raspi-earth/project_ws/install/processor_unit/lib/processor_unit
[7.425s] Installing uart_command_and_status_to_pi5 script to /home/raspi-earth/project_ws/install/processor_unit/lib/processor_unit
[7.426s] Installing uart_zero_two_w script to /home/raspi-earth/project_ws/install/processor_unit/lib/processor_unit
[7.428s] writing list of installed files to '/home/raspi-earth/project_ws/build/processor_unit/install.log'
[7.567s] Invoked command in '/home/raspi-earth/project_ws/src/processor_unit' returned '0': PYTHONPATH=/home/raspi-earth/project_ws/build/processor_unit/prefix_override:/usr/lib/python3/dist-packages/colcon_core/task/python/colcon_distutils_commands:/home/raspi-earth/project_ws/install/processor_unit/lib/python3.11/site-packages:${PYTHONPATH} /usr/bin/python3 -W ignore:setup.py install is deprecated -W ignore:easy_install command is deprecated setup.py egg_info --egg-base ../../build/processor_unit build --build-base /home/raspi-earth/project_ws/build/processor_unit/build install --record /home/raspi-earth/project_ws/build/processor_unit/install.log --single-version-externally-managed install_data
