[1.480s] Invoking command in '/home/erthirarat/Desktop/Senior_Project-WhitePost-Main_Arm/build/encoder_unit': PYTHONPATH=/home/erthirarat/Desktop/Senior_Project-WhitePost-Main_Arm/build/encoder_unit/prefix_override:/usr/lib/python3/dist-packages/colcon_core/task/python/colcon_distutils_commands:/home/erthirarat/Desktop/Senior_Project-WhitePost-Main_Arm/install/encoder_unit/lib/python3.10/site-packages:${PYTHONPATH} /usr/bin/python3 -W ignore:setup.py install is deprecated -W ignore:easy_install command is deprecated setup.py develop --uninstall --editable --build-directory /home/erthirarat/Desktop/Senior_Project-WhitePost-Main_Arm/build/encoder_unit/build
[1.736s] running develop
[1.917s] Removing /home/erthirarat/Desktop/Senior_Project-WhitePost-Main_Arm/install/encoder_unit/lib/python3.10/site-packages/encoder-unit.egg-link (link to .)
[1.970s] Invoked command in '/home/erthirarat/Desktop/Senior_Project-WhitePost-Main_Arm/build/encoder_unit' returned '0': PYTHONPATH=/home/erthirarat/Desktop/Senior_Project-WhitePost-Main_Arm/build/encoder_unit/prefix_override:/usr/lib/python3/dist-packages/colcon_core/task/python/colcon_distutils_commands:/home/erthirarat/Desktop/Senior_Project-WhitePost-Main_Arm/install/encoder_unit/lib/python3.10/site-packages:${PYTHONPATH} /usr/bin/python3 -W ignore:setup.py install is deprecated -W ignore:easy_install command is deprecated setup.py develop --uninstall --editable --build-directory /home/erthirarat/Desktop/Senior_Project-WhitePost-Main_Arm/build/encoder_unit/build
[1.971s] Invoking command in '/home/erthirarat/Desktop/Senior_Project-WhitePost-Main_Arm/src/encoder_unit': PYTHONPATH=/home/erthirarat/Desktop/Senior_Project-WhitePost-Main_Arm/build/encoder_unit/prefix_override:/usr/lib/python3/dist-packages/colcon_core/task/python/colcon_distutils_commands:/home/erthirarat/Desktop/Senior_Project-WhitePost-Main_Arm/install/encoder_unit/lib/python3.10/site-packages:${PYTHONPATH} /usr/bin/python3 -W ignore:setup.py install is deprecated -W ignore:easy_install command is deprecated setup.py egg_info --egg-base ../../build/encoder_unit build --build-base /home/erthirarat/Desktop/Senior_Project-WhitePost-Main_Arm/build/encoder_unit/build install --record /home/erthirarat/Desktop/Senior_Project-WhitePost-Main_Arm/build/encoder_unit/install.log --single-version-externally-managed install_data --force
[2.302s] running egg_info
[2.302s] writing ../../build/encoder_unit/encoder_unit.egg-info/PKG-INFO
[2.303s] writing dependency_links to ../../build/encoder_unit/encoder_unit.egg-info/dependency_links.txt
[2.303s] writing entry points to ../../build/encoder_unit/encoder_unit.egg-info/entry_points.txt
[2.303s] writing requirements to ../../build/encoder_unit/encoder_unit.egg-info/requires.txt
[2.303s] writing top-level names to ../../build/encoder_unit/encoder_unit.egg-info/top_level.txt
[2.305s] reading manifest file '../../build/encoder_unit/encoder_unit.egg-info/SOURCES.txt'
[2.306s] adding license file 'LICENSE'
[2.307s] writing manifest file '../../build/encoder_unit/encoder_unit.egg-info/SOURCES.txt'
[2.307s] running build
[2.307s] running build_py
[2.308s] running install
[2.308s] running install_lib
[2.309s] creating /home/erthirarat/Desktop/Senior_Project-WhitePost-Main_Arm/install/encoder_unit/lib/python3.10/site-packages/encoder_unit
[2.309s] copying /home/erthirarat/Desktop/Senior_Project-WhitePost-Main_Arm/build/encoder_unit/build/lib/encoder_unit/as5600_1.py -> /home/erthirarat/Desktop/Senior_Project-WhitePost-Main_Arm/install/encoder_unit/lib/python3.10/site-packages/encoder_unit
[2.309s] copying /home/erthirarat/Desktop/Senior_Project-WhitePost-Main_Arm/build/encoder_unit/build/lib/encoder_unit/as5600_3.py -> /home/erthirarat/Desktop/Senior_Project-WhitePost-Main_Arm/install/encoder_unit/lib/python3.10/site-packages/encoder_unit
[2.309s] copying /home/erthirarat/Desktop/Senior_Project-WhitePost-Main_Arm/build/encoder_unit/build/lib/encoder_unit/as5600_4.py -> /home/erthirarat/Desktop/Senior_Project-WhitePost-Main_Arm/install/encoder_unit/lib/python3.10/site-packages/encoder_unit
[2.310s] copying /home/erthirarat/Desktop/Senior_Project-WhitePost-Main_Arm/build/encoder_unit/build/lib/encoder_unit/__init__.py -> /home/erthirarat/Desktop/Senior_Project-WhitePost-Main_Arm/install/encoder_unit/lib/python3.10/site-packages/encoder_unit
[2.310s] copying /home/erthirarat/Desktop/Senior_Project-WhitePost-Main_Arm/build/encoder_unit/build/lib/encoder_unit/as5600_5.py -> /home/erthirarat/Desktop/Senior_Project-WhitePost-Main_Arm/install/encoder_unit/lib/python3.10/site-packages/encoder_unit
[2.310s] copying /home/erthirarat/Desktop/Senior_Project-WhitePost-Main_Arm/build/encoder_unit/build/lib/encoder_unit/as5600_2.py -> /home/erthirarat/Desktop/Senior_Project-WhitePost-Main_Arm/install/encoder_unit/lib/python3.10/site-packages/encoder_unit
[2.310s] copying /home/erthirarat/Desktop/Senior_Project-WhitePost-Main_Arm/build/encoder_unit/build/lib/encoder_unit/limit_switch_node.py -> /home/erthirarat/Desktop/Senior_Project-WhitePost-Main_Arm/install/encoder_unit/lib/python3.10/site-packages/encoder_unit
[2.311s] byte-compiling /home/erthirarat/Desktop/Senior_Project-WhitePost-Main_Arm/install/encoder_unit/lib/python3.10/site-packages/encoder_unit/as5600_1.py to as5600_1.cpython-310.pyc
[2.312s] byte-compiling /home/erthirarat/Desktop/Senior_Project-WhitePost-Main_Arm/install/encoder_unit/lib/python3.10/site-packages/encoder_unit/as5600_3.py to as5600_3.cpython-310.pyc
[2.313s] byte-compiling /home/erthirarat/Desktop/Senior_Project-WhitePost-Main_Arm/install/encoder_unit/lib/python3.10/site-packages/encoder_unit/as5600_4.py to as5600_4.cpython-310.pyc
[2.313s] byte-compiling /home/erthirarat/Desktop/Senior_Project-WhitePost-Main_Arm/install/encoder_unit/lib/python3.10/site-packages/encoder_unit/__init__.py to __init__.cpython-310.pyc
[2.314s] byte-compiling /home/erthirarat/Desktop/Senior_Project-WhitePost-Main_Arm/install/encoder_unit/lib/python3.10/site-packages/encoder_unit/as5600_5.py to as5600_5.cpython-310.pyc
[2.314s] byte-compiling /home/erthirarat/Desktop/Senior_Project-WhitePost-Main_Arm/install/encoder_unit/lib/python3.10/site-packages/encoder_unit/as5600_2.py to as5600_2.cpython-310.pyc
[2.315s] byte-compiling /home/erthirarat/Desktop/Senior_Project-WhitePost-Main_Arm/install/encoder_unit/lib/python3.10/site-packages/encoder_unit/limit_switch_node.py to limit_switch_node.cpython-310.pyc
[2.316s] running install_data
[2.316s] copying resource/encoder_unit -> /home/erthirarat/Desktop/Senior_Project-WhitePost-Main_Arm/install/encoder_unit/share/ament_index/resource_index/packages
[2.316s] copying package.xml -> /home/erthirarat/Desktop/Senior_Project-WhitePost-Main_Arm/install/encoder_unit/share/encoder_unit
[2.316s] running install_egg_info
[2.319s] Copying ../../build/encoder_unit/encoder_unit.egg-info to /home/erthirarat/Desktop/Senior_Project-WhitePost-Main_Arm/install/encoder_unit/lib/python3.10/site-packages/encoder_unit-0.0.0-py3.10.egg-info
[2.320s] running install_scripts
[2.343s] Installing as5600_1 script to /home/erthirarat/Desktop/Senior_Project-WhitePost-Main_Arm/install/encoder_unit/lib/encoder_unit
[2.343s] Installing as5600_2 script to /home/erthirarat/Desktop/Senior_Project-WhitePost-Main_Arm/install/encoder_unit/lib/encoder_unit
[2.343s] Installing as5600_3 script to /home/erthirarat/Desktop/Senior_Project-WhitePost-Main_Arm/install/encoder_unit/lib/encoder_unit
[2.343s] Installing as5600_4 script to /home/erthirarat/Desktop/Senior_Project-WhitePost-Main_Arm/install/encoder_unit/lib/encoder_unit
[2.344s] Installing as5600_5 script to /home/erthirarat/Desktop/Senior_Project-WhitePost-Main_Arm/install/encoder_unit/lib/encoder_unit
[2.344s] Installing limit script to /home/erthirarat/Desktop/Senior_Project-WhitePost-Main_Arm/install/encoder_unit/lib/encoder_unit
[2.344s] writing list of installed files to '/home/erthirarat/Desktop/Senior_Project-WhitePost-Main_Arm/build/encoder_unit/install.log'
[2.370s] Invoked command in '/home/erthirarat/Desktop/Senior_Project-WhitePost-Main_Arm/src/encoder_unit' returned '0': PYTHONPATH=/home/erthirarat/Desktop/Senior_Project-WhitePost-Main_Arm/build/encoder_unit/prefix_override:/usr/lib/python3/dist-packages/colcon_core/task/python/colcon_distutils_commands:/home/erthirarat/Desktop/Senior_Project-WhitePost-Main_Arm/install/encoder_unit/lib/python3.10/site-packages:${PYTHONPATH} /usr/bin/python3 -W ignore:setup.py install is deprecated -W ignore:easy_install command is deprecated setup.py egg_info --egg-base ../../build/encoder_unit build --build-base /home/erthirarat/Desktop/Senior_Project-WhitePost-Main_Arm/build/encoder_unit/build install --record /home/erthirarat/Desktop/Senior_Project-WhitePost-Main_Arm/build/encoder_unit/install.log --single-version-externally-managed install_data --force
