[13.989s] Invoking command in '/home/raspi-earth/project_ws/src/processor_unit': PYTHONPATH=/home/raspi-earth/project_ws/build/processor_unit/prefix_override:/usr/lib/python3/dist-packages/colcon_core/task/python/colcon_distutils_commands:/home/raspi-earth/project_ws/install/processor_unit/lib/python3.11/site-packages:${PYTHONPATH} /usr/bin/python3 -W ignore:setup.py install is deprecated -W ignore:easy_install command is deprecated setup.py egg_info --egg-base ../../build/processor_unit build --build-base /home/raspi-earth/project_ws/build/processor_unit/build install --record /home/raspi-earth/project_ws/build/processor_unit/install.log --single-version-externally-managed install_data
[17.645s] running egg_info
[17.787s] writing ../../build/processor_unit/processor_unit.egg-info/PKG-INFO
[17.787s] writing dependency_links to ../../build/processor_unit/processor_unit.egg-info/dependency_links.txt
[17.788s] writing entry points to ../../build/processor_unit/processor_unit.egg-info/entry_points.txt
[17.789s] writing requirements to ../../build/processor_unit/processor_unit.egg-info/requires.txt
[17.790s] writing top-level names to ../../build/processor_unit/processor_unit.egg-info/top_level.txt
[18.002s] reading manifest file '../../build/processor_unit/processor_unit.egg-info/SOURCES.txt'
[18.006s] adding license file 'LICENSE'
[18.006s] writing manifest file '../../build/processor_unit/processor_unit.egg-info/SOURCES.txt'
[18.007s] running build
[18.008s] running build_py
[18.009s] running install
[18.039s] running install_lib
[18.159s] running install_data
[18.162s] running install_egg_info
[18.442s] removing '/home/raspi-earth/project_ws/install/processor_unit/lib/python3.11/site-packages/processor_unit-0.0.0-py3.11.egg-info' (and everything under it)
[18.447s] Copying ../../build/processor_unit/processor_unit.egg-info to /home/raspi-earth/project_ws/install/processor_unit/lib/python3.11/site-packages/processor_unit-0.0.0-py3.11.egg-info
[18.450s] running install_scripts
[19.063s] Installing main_processor script to /home/raspi-earth/project_ws/install/processor_unit/lib/processor_unit
[19.065s] Installing steam_cam script to /home/raspi-earth/project_ws/install/processor_unit/lib/processor_unit
[19.068s] Installing test script to /home/raspi-earth/project_ws/install/processor_unit/lib/processor_unit
[19.069s] Installing test1 script to /home/raspi-earth/project_ws/install/processor_unit/lib/processor_unit
[19.070s] Installing uart_zero_two_w script to /home/raspi-earth/project_ws/install/processor_unit/lib/processor_unit
[19.076s] writing list of installed files to '/home/raspi-earth/project_ws/build/processor_unit/install.log'
[19.427s] Invoked command in '/home/raspi-earth/project_ws/src/processor_unit' returned '0': PYTHONPATH=/home/raspi-earth/project_ws/build/processor_unit/prefix_override:/usr/lib/python3/dist-packages/colcon_core/task/python/colcon_distutils_commands:/home/raspi-earth/project_ws/install/processor_unit/lib/python3.11/site-packages:${PYTHONPATH} /usr/bin/python3 -W ignore:setup.py install is deprecated -W ignore:easy_install command is deprecated setup.py egg_info --egg-base ../../build/processor_unit build --build-base /home/raspi-earth/project_ws/build/processor_unit/build install --record /home/raspi-earth/project_ws/build/processor_unit/install.log --single-version-externally-managed install_data
