running egg_info
writing ../../build/processor_unit/processor_unit.egg-info/PKG-INFO
writing dependency_links to ../../build/processor_unit/processor_unit.egg-info/dependency_links.txt
writing entry points to ../../build/processor_unit/processor_unit.egg-info/entry_points.txt
writing requirements to ../../build/processor_unit/processor_unit.egg-info/requires.txt
writing top-level names to ../../build/processor_unit/processor_unit.egg-info/top_level.txt
reading manifest file '../../build/processor_unit/processor_unit.egg-info/SOURCES.txt'
adding license file 'LICENSE'
writing manifest file '../../build/processor_unit/processor_unit.egg-info/SOURCES.txt'
running build
running build_py
copying processor_unit/uart_zero_two_w.py -> /home/raspi-earth/project_ws/build/processor_unit/build/lib/processor_unit
running install
running install_lib
copying /home/raspi-earth/project_ws/build/processor_unit/build/lib/processor_unit/uart_zero_two_w.py -> /home/raspi-earth/project_ws/install/processor_unit/lib/python3.11/site-packages/processor_unit
byte-compiling /home/raspi-earth/project_ws/install/processor_unit/lib/python3.11/site-packages/processor_unit/uart_zero_two_w.py to uart_zero_two_w.cpython-311.pyc
running install_data
running install_egg_info
removing '/home/raspi-earth/project_ws/install/processor_unit/lib/python3.11/site-packages/processor_unit-0.0.0-py3.11.egg-info' (and everything under it)
Copying ../../build/processor_unit/processor_unit.egg-info to /home/raspi-earth/project_ws/install/processor_unit/lib/python3.11/site-packages/processor_unit-0.0.0-py3.11.egg-info
running install_scripts
Installing main_processor script to /home/raspi-earth/project_ws/install/processor_unit/lib/processor_unit
Installing test script to /home/raspi-earth/project_ws/install/processor_unit/lib/processor_unit
Installing test1 script to /home/raspi-earth/project_ws/install/processor_unit/lib/processor_unit
Installing uart_zero_two_w script to /home/raspi-earth/project_ws/install/processor_unit/lib/processor_unit
writing list of installed files to '/home/raspi-earth/project_ws/build/processor_unit/install.log'
