[6.013s] Invoking command in '/home/raspi-earth/project_ws/src/launch_project': PYTHONPATH=/home/raspi-earth/project_ws/build/launch_project/prefix_override:/usr/lib/python3/dist-packages/colcon_core/task/python/colcon_distutils_commands:/home/raspi-earth/project_ws/install/launch_project/lib/python3.11/site-packages:${PYTHONPATH} /usr/bin/python3 -W ignore:setup.py install is deprecated -W ignore:easy_install command is deprecated setup.py egg_info --egg-base ../../build/launch_project build --build-base /home/raspi-earth/project_ws/build/launch_project/build install --record /home/raspi-earth/project_ws/build/launch_project/install.log --single-version-externally-managed install_data
[7.216s] running egg_info
[7.284s] writing ../../build/launch_project/launch_project.egg-info/PKG-INFO
[7.285s] writing dependency_links to ../../build/launch_project/launch_project.egg-info/dependency_links.txt
[7.286s] writing requirements to ../../build/launch_project/launch_project.egg-info/requires.txt
[7.287s] writing top-level names to ../../build/launch_project/launch_project.egg-info/top_level.txt
[7.427s] reading manifest file '../../build/launch_project/launch_project.egg-info/SOURCES.txt'
[7.428s] adding license file 'LICENSE'
[7.430s] writing manifest file '../../build/launch_project/launch_project.egg-info/SOURCES.txt'
[7.430s] running build
[7.431s] running build_py
[7.432s] running install
[7.461s] running install_lib
[7.532s] running install_data
[7.534s] running install_egg_info
[7.656s] removing '/home/raspi-earth/project_ws/install/launch_project/lib/python3.11/site-packages/launch_project-0.0.0-py3.11.egg-info' (and everything under it)
[7.656s] Copying ../../build/launch_project/launch_project.egg-info to /home/raspi-earth/project_ws/install/launch_project/lib/python3.11/site-packages/launch_project-0.0.0-py3.11.egg-info
[7.656s] running install_scripts
[7.941s] writing list of installed files to '/home/raspi-earth/project_ws/build/launch_project/install.log'
[8.078s] Invoked command in '/home/raspi-earth/project_ws/src/launch_project' returned '0': PYTHONPATH=/home/raspi-earth/project_ws/build/launch_project/prefix_override:/usr/lib/python3/dist-packages/colcon_core/task/python/colcon_distutils_commands:/home/raspi-earth/project_ws/install/launch_project/lib/python3.11/site-packages:${PYTHONPATH} /usr/bin/python3 -W ignore:setup.py install is deprecated -W ignore:easy_install command is deprecated setup.py egg_info --egg-base ../../build/launch_project build --build-base /home/raspi-earth/project_ws/build/launch_project/build install --record /home/raspi-earth/project_ws/build/launch_project/install.log --single-version-externally-managed install_data
