[1.300s] Invoking command in '/home/erthirarat/Desktop/Senior_Project-WhitePost-Main_Arm/build/launch_project': PYTHONPATH=/home/erthirarat/Desktop/Senior_Project-WhitePost-Main_Arm/build/launch_project/prefix_override:/usr/lib/python3/dist-packages/colcon_core/task/python/colcon_distutils_commands:/home/erthirarat/Desktop/Senior_Project-WhitePost-Main_Arm/install/launch_project/lib/python3.10/site-packages:${PYTHONPATH} /usr/bin/python3 -W ignore:setup.py install is deprecated -W ignore:easy_install command is deprecated setup.py develop --editable --build-directory /home/erthirarat/Desktop/Senior_Project-WhitePost-Main_Arm/build/launch_project/build --no-deps symlink_data --force
[1.607s] running develop
[1.783s] running egg_info
[1.783s] writing launch_project.egg-info/PKG-INFO
[1.783s] writing dependency_links to launch_project.egg-info/dependency_links.txt
[1.783s] writing entry points to launch_project.egg-info/entry_points.txt
[1.784s] writing requirements to launch_project.egg-info/requires.txt
[1.784s] writing top-level names to launch_project.egg-info/top_level.txt
[1.786s] reading manifest file 'launch_project.egg-info/SOURCES.txt'
[1.787s] writing manifest file 'launch_project.egg-info/SOURCES.txt'
[1.789s] running build_ext
[1.789s] Creating /home/erthirarat/Desktop/Senior_Project-WhitePost-Main_Arm/install/launch_project/lib/python3.10/site-packages/launch-project.egg-link (link to .)
[1.790s] 
[1.791s] Installed /home/erthirarat/Desktop/Senior_Project-WhitePost-Main_Arm/build/launch_project
[1.791s] running symlink_data
[1.791s] symbolically linking /home/erthirarat/Desktop/Senior_Project-WhitePost-Main_Arm/build/launch_project/resource/launch_project -> /home/erthirarat/Desktop/Senior_Project-WhitePost-Main_Arm/install/launch_project/share/ament_index/resource_index/packages
[1.791s] symbolically linking /home/erthirarat/Desktop/Senior_Project-WhitePost-Main_Arm/build/launch_project/package.xml -> /home/erthirarat/Desktop/Senior_Project-WhitePost-Main_Arm/install/launch_project/share/launch_project
[1.791s] symbolically linking /home/erthirarat/Desktop/Senior_Project-WhitePost-Main_Arm/build/launch_project/launch/launch_project.py -> /home/erthirarat/Desktop/Senior_Project-WhitePost-Main_Arm/install/launch_project/share/launch_project/launch
[1.791s] symbolically linking /home/erthirarat/Desktop/Senior_Project-WhitePost-Main_Arm/build/launch_project/launch/gazebo_launch.py -> /home/erthirarat/Desktop/Senior_Project-WhitePost-Main_Arm/install/launch_project/share/launch_project/launch
[1.842s] Invoked command in '/home/erthirarat/Desktop/Senior_Project-WhitePost-Main_Arm/build/launch_project' returned '0': PYTHONPATH=/home/erthirarat/Desktop/Senior_Project-WhitePost-Main_Arm/build/launch_project/prefix_override:/usr/lib/python3/dist-packages/colcon_core/task/python/colcon_distutils_commands:/home/erthirarat/Desktop/Senior_Project-WhitePost-Main_Arm/install/launch_project/lib/python3.10/site-packages:${PYTHONPATH} /usr/bin/python3 -W ignore:setup.py install is deprecated -W ignore:easy_install command is deprecated setup.py develop --editable --build-directory /home/erthirarat/Desktop/Senior_Project-WhitePost-Main_Arm/build/launch_project/build --no-deps symlink_data --force
