running egg_info
creating ../../build/launch_project/launch_project.egg-info
writing ../../build/launch_project/launch_project.egg-info/PKG-INFO
writing dependency_links to ../../build/launch_project/launch_project.egg-info/dependency_links.txt
writing entry points to ../../build/launch_project/launch_project.egg-info/entry_points.txt
writing requirements to ../../build/launch_project/launch_project.egg-info/requires.txt
writing top-level names to ../../build/launch_project/launch_project.egg-info/top_level.txt
writing manifest file '../../build/launch_project/launch_project.egg-info/SOURCES.txt'
reading manifest file '../../build/launch_project/launch_project.egg-info/SOURCES.txt'
adding license file 'LICENSE'
writing manifest file '../../build/launch_project/launch_project.egg-info/SOURCES.txt'
running build
running build_py
creating /home/erthirarat/Desktop/Senior_Project-WhitePost-Main_Arm/build/launch_project/build
creating /home/erthirarat/Desktop/Senior_Project-WhitePost-Main_Arm/build/launch_project/build/lib
creating /home/erthirarat/Desktop/Senior_Project-WhitePost-Main_Arm/build/launch_project/build/lib/launch_project
copying launch_project/__init__.py -> /home/erthirarat/Desktop/Senior_Project-WhitePost-Main_Arm/build/launch_project/build/lib/launch_project
running install
running install_lib
creating /home/erthirarat/Desktop/Senior_Project-WhitePost-Main_Arm/install/launch_project/lib/python3.10/site-packages/launch_project
copying /home/erthirarat/Desktop/Senior_Project-WhitePost-Main_Arm/build/launch_project/build/lib/launch_project/__init__.py -> /home/erthirarat/Desktop/Senior_Project-WhitePost-Main_Arm/install/launch_project/lib/python3.10/site-packages/launch_project
byte-compiling /home/erthirarat/Desktop/Senior_Project-WhitePost-Main_Arm/install/launch_project/lib/python3.10/site-packages/launch_project/__init__.py to __init__.cpython-310.pyc
running install_data
creating /home/erthirarat/Desktop/Senior_Project-WhitePost-Main_Arm/install/launch_project/share/ament_index
creating /home/erthirarat/Desktop/Senior_Project-WhitePost-Main_Arm/install/launch_project/share/ament_index/resource_index
creating /home/erthirarat/Desktop/Senior_Project-WhitePost-Main_Arm/install/launch_project/share/ament_index/resource_index/packages
copying resource/launch_project -> /home/erthirarat/Desktop/Senior_Project-WhitePost-Main_Arm/install/launch_project/share/ament_index/resource_index/packages
copying package.xml -> /home/erthirarat/Desktop/Senior_Project-WhitePost-Main_Arm/install/launch_project/share/launch_project
creating /home/erthirarat/Desktop/Senior_Project-WhitePost-Main_Arm/install/launch_project/share/launch_project/launch
copying launch/launch_project.py -> /home/erthirarat/Desktop/Senior_Project-WhitePost-Main_Arm/install/launch_project/share/launch_project/launch
running install_egg_info
Copying ../../build/launch_project/launch_project.egg-info to /home/erthirarat/Desktop/Senior_Project-WhitePost-Main_Arm/install/launch_project/lib/python3.10/site-packages/launch_project-0.0.0-py3.10.egg-info
running install_scripts
writing list of installed files to '/home/erthirarat/Desktop/Senior_Project-WhitePost-Main_Arm/build/launch_project/install.log'
