[1.775s] Invoking command in '/home/erthirarat/Desktop/Senior_Project-WhitePost-Main_Arm/src/launch_project': PYTHONPATH=/home/erthirarat/Desktop/Senior_Project-WhitePost-Main_Arm/build/launch_project/prefix_override:/usr/lib/python3/dist-packages/colcon_core/task/python/colcon_distutils_commands:/home/erthirarat/Desktop/Senior_Project-WhitePost-Main_Arm/install/launch_project/lib/python3.10/site-packages:${PYTHONPATH} /usr/bin/python3 -W ignore:setup.py install is deprecated -W ignore:easy_install command is deprecated setup.py egg_info --egg-base ../../build/launch_project build --build-base /home/erthirarat/Desktop/Senior_Project-WhitePost-Main_Arm/build/launch_project/build install --record /home/erthirarat/Desktop/Senior_Project-WhitePost-Main_Arm/build/launch_project/install.log --single-version-externally-managed install_data
[2.238s] running egg_info
[2.240s] creating ../../build/launch_project/launch_project.egg-info
[2.240s] writing ../../build/launch_project/launch_project.egg-info/PKG-INFO
[2.241s] writing dependency_links to ../../build/launch_project/launch_project.egg-info/dependency_links.txt
[2.242s] writing entry points to ../../build/launch_project/launch_project.egg-info/entry_points.txt
[2.245s] writing requirements to ../../build/launch_project/launch_project.egg-info/requires.txt
[2.245s] writing top-level names to ../../build/launch_project/launch_project.egg-info/top_level.txt
[2.246s] writing manifest file '../../build/launch_project/launch_project.egg-info/SOURCES.txt'
[2.251s] reading manifest file '../../build/launch_project/launch_project.egg-info/SOURCES.txt'
[2.251s] adding license file 'LICENSE'
[2.251s] writing manifest file '../../build/launch_project/launch_project.egg-info/SOURCES.txt'
[2.251s] running build
[2.251s] running build_py
[2.252s] creating /home/erthirarat/Desktop/Senior_Project-WhitePost-Main_Arm/build/launch_project/build
[2.252s] creating /home/erthirarat/Desktop/Senior_Project-WhitePost-Main_Arm/build/launch_project/build/lib
[2.253s] creating /home/erthirarat/Desktop/Senior_Project-WhitePost-Main_Arm/build/launch_project/build/lib/launch_project
[2.253s] copying launch_project/__init__.py -> /home/erthirarat/Desktop/Senior_Project-WhitePost-Main_Arm/build/launch_project/build/lib/launch_project
[2.254s] running install
[2.254s] running install_lib
[2.254s] creating /home/erthirarat/Desktop/Senior_Project-WhitePost-Main_Arm/install/launch_project/lib/python3.10/site-packages/launch_project
[2.254s] copying /home/erthirarat/Desktop/Senior_Project-WhitePost-Main_Arm/build/launch_project/build/lib/launch_project/__init__.py -> /home/erthirarat/Desktop/Senior_Project-WhitePost-Main_Arm/install/launch_project/lib/python3.10/site-packages/launch_project
[2.256s] byte-compiling /home/erthirarat/Desktop/Senior_Project-WhitePost-Main_Arm/install/launch_project/lib/python3.10/site-packages/launch_project/__init__.py to __init__.cpython-310.pyc
[2.256s] running install_data
[2.258s] creating /home/erthirarat/Desktop/Senior_Project-WhitePost-Main_Arm/install/launch_project/share/ament_index
[2.258s] creating /home/erthirarat/Desktop/Senior_Project-WhitePost-Main_Arm/install/launch_project/share/ament_index/resource_index
[2.258s] creating /home/erthirarat/Desktop/Senior_Project-WhitePost-Main_Arm/install/launch_project/share/ament_index/resource_index/packages
[2.258s] copying resource/launch_project -> /home/erthirarat/Desktop/Senior_Project-WhitePost-Main_Arm/install/launch_project/share/ament_index/resource_index/packages
[2.258s] copying package.xml -> /home/erthirarat/Desktop/Senior_Project-WhitePost-Main_Arm/install/launch_project/share/launch_project
[2.258s] creating /home/erthirarat/Desktop/Senior_Project-WhitePost-Main_Arm/install/launch_project/share/launch_project/launch
[2.258s] copying launch/launch_project.py -> /home/erthirarat/Desktop/Senior_Project-WhitePost-Main_Arm/install/launch_project/share/launch_project/launch
[2.258s] running install_egg_info
[2.263s] Copying ../../build/launch_project/launch_project.egg-info to /home/erthirarat/Desktop/Senior_Project-WhitePost-Main_Arm/install/launch_project/lib/python3.10/site-packages/launch_project-0.0.0-py3.10.egg-info
[2.263s] running install_scripts
[2.305s] writing list of installed files to '/home/erthirarat/Desktop/Senior_Project-WhitePost-Main_Arm/build/launch_project/install.log'
