[5.944s] Invoking command in '/home/raspi-earth/project_ws/src/processor_unit': PYTHONPATH=/home/raspi-earth/project_ws/build/processor_unit/prefix_override:/usr/lib/python3/dist-packages/colcon_core/task/python/colcon_distutils_commands:/home/raspi-earth/project_ws/install/processor_unit/lib/python3.11/site-packages:${PYTHONPATH} /usr/bin/python3 -W ignore:setup.py install is deprecated -W ignore:easy_install command is deprecated setup.py egg_info --egg-base ../../build/processor_unit build --build-base /home/raspi-earth/project_ws/build/processor_unit/build install --record /home/raspi-earth/project_ws/build/processor_unit/install.log --single-version-externally-managed install_data
[7.329s] running egg_info
[7.414s] writing ../../build/processor_unit/processor_unit.egg-info/PKG-INFO
[7.414s] writing dependency_links to ../../build/processor_unit/processor_unit.egg-info/dependency_links.txt
[7.416s] writing entry points to ../../build/processor_unit/processor_unit.egg-info/entry_points.txt
[7.417s] writing requirements to ../../build/processor_unit/processor_unit.egg-info/requires.txt
[7.417s] writing top-level names to ../../build/processor_unit/processor_unit.egg-info/top_level.txt
[7.501s] reading manifest file '../../build/processor_unit/processor_unit.egg-info/SOURCES.txt'
[7.501s] adding license file 'LICENSE'
[7.502s] writing manifest file '../../build/processor_unit/processor_unit.egg-info/SOURCES.txt'
[7.502s] running build
[7.502s] running build_py
[7.506s] running install
[7.519s] running install_lib
[7.575s] running install_data
[7.575s] running install_egg_info
[7.687s] removing '/home/raspi-earth/project_ws/install/processor_unit/lib/python3.11/site-packages/processor_unit-0.0.0-py3.11.egg-info' (and everything under it)
[7.687s] Copying ../../build/processor_unit/processor_unit.egg-info to /home/raspi-earth/project_ws/install/processor_unit/lib/python3.11/site-packages/processor_unit-0.0.0-py3.11.egg-info
[7.689s] running install_scripts
[7.916s] Installing main_processor script to /home/raspi-earth/project_ws/install/processor_unit/lib/processor_unit
[7.916s] Installing steam_cam script to /home/raspi-earth/project_ws/install/processor_unit/lib/processor_unit
[7.917s] Installing test script to /home/raspi-earth/project_ws/install/processor_unit/lib/processor_unit
[7.918s] Installing test1 script to /home/raspi-earth/project_ws/install/processor_unit/lib/processor_unit
[7.919s] Installing uart_command_and_status_to_pi5 script to /home/raspi-earth/project_ws/install/processor_unit/lib/processor_unit
[7.920s] Installing uart_zero_two_w script to /home/raspi-earth/project_ws/install/processor_unit/lib/processor_unit
[7.921s] writing list of installed files to '/home/raspi-earth/project_ws/build/processor_unit/install.log'
[8.096s] Invoked command in '/home/raspi-earth/project_ws/src/processor_unit' returned '0': PYTHONPATH=/home/raspi-earth/project_ws/build/processor_unit/prefix_override:/usr/lib/python3/dist-packages/colcon_core/task/python/colcon_distutils_commands:/home/raspi-earth/project_ws/install/processor_unit/lib/python3.11/site-packages:${PYTHONPATH} /usr/bin/python3 -W ignore:setup.py install is deprecated -W ignore:easy_install command is deprecated setup.py egg_info --egg-base ../../build/processor_unit build --build-base /home/raspi-earth/project_ws/build/processor_unit/build install --record /home/raspi-earth/project_ws/build/processor_unit/install.log --single-version-externally-managed install_data
