[5.933s] Invoking command in '/home/raspi-earth/project_ws/src/motor_control': PYTHONPATH=/home/raspi-earth/project_ws/build/motor_control/prefix_override:/usr/lib/python3/dist-packages/colcon_core/task/python/colcon_distutils_commands:/home/raspi-earth/project_ws/install/motor_control/lib/python3.11/site-packages:${PYTHONPATH} /usr/bin/python3 -W ignore:setup.py install is deprecated -W ignore:easy_install command is deprecated setup.py egg_info --egg-base ../../build/motor_control build --build-base /home/raspi-earth/project_ws/build/motor_control/build install --record /home/raspi-earth/project_ws/build/motor_control/install.log --single-version-externally-managed install_data
[6.999s] running egg_info
[7.043s] writing ../../build/motor_control/motor_control.egg-info/PKG-INFO
[7.044s] writing dependency_links to ../../build/motor_control/motor_control.egg-info/dependency_links.txt
[7.044s] writing entry points to ../../build/motor_control/motor_control.egg-info/entry_points.txt
[7.044s] writing requirements to ../../build/motor_control/motor_control.egg-info/requires.txt
[7.044s] writing top-level names to ../../build/motor_control/motor_control.egg-info/top_level.txt
[7.135s] reading manifest file '../../build/motor_control/motor_control.egg-info/SOURCES.txt'
[7.135s] adding license file 'LICENSE'
[7.136s] writing manifest file '../../build/motor_control/motor_control.egg-info/SOURCES.txt'
[7.136s] running build
[7.136s] running build_py
[7.136s] running install
[7.148s] running install_lib
[7.193s] running install_data
[7.193s] running install_egg_info
[7.314s] removing '/home/raspi-earth/project_ws/install/motor_control/lib/python3.11/site-packages/motor_control-0.0.0-py3.11.egg-info' (and everything under it)
[7.315s] Copying ../../build/motor_control/motor_control.egg-info to /home/raspi-earth/project_ws/install/motor_control/lib/python3.11/site-packages/motor_control-0.0.0-py3.11.egg-info
[7.320s] running install_scripts
[7.503s] Installing joint1_node script to /home/raspi-earth/project_ws/install/motor_control/lib/motor_control
[7.503s] Installing joint2_node script to /home/raspi-earth/project_ws/install/motor_control/lib/motor_control
[7.504s] Installing joint3_node script to /home/raspi-earth/project_ws/install/motor_control/lib/motor_control
[7.505s] Installing servodrive script to /home/raspi-earth/project_ws/install/motor_control/lib/motor_control
[7.506s] Installing stepmotor1 script to /home/raspi-earth/project_ws/install/motor_control/lib/motor_control
[7.506s] Installing stepmotor2 script to /home/raspi-earth/project_ws/install/motor_control/lib/motor_control
[7.508s] Installing stepmotor3 script to /home/raspi-earth/project_ws/install/motor_control/lib/motor_control
[7.509s] writing list of installed files to '/home/raspi-earth/project_ws/build/motor_control/install.log'
[7.720s] Invoked command in '/home/raspi-earth/project_ws/src/motor_control' returned '0': PYTHONPATH=/home/raspi-earth/project_ws/build/motor_control/prefix_override:/usr/lib/python3/dist-packages/colcon_core/task/python/colcon_distutils_commands:/home/raspi-earth/project_ws/install/motor_control/lib/python3.11/site-packages:${PYTHONPATH} /usr/bin/python3 -W ignore:setup.py install is deprecated -W ignore:easy_install command is deprecated setup.py egg_info --egg-base ../../build/motor_control build --build-base /home/raspi-earth/project_ws/build/motor_control/build install --record /home/raspi-earth/project_ws/build/motor_control/install.log --single-version-externally-managed install_data
