[0.250s] DEBUG:colcon:Command line arguments: ['/usr/bin/colcon', 'build']
[0.251s] DEBUG:colcon:Parsed command line arguments: Namespace(log_base=None, log_level=None, verb_name='build', build_base='build', install_base='install', merge_install=False, symlink_install=False, test_result_base=None, continue_on_error=False, executor='parallel', parallel_workers=4, event_handlers=None, ignore_user_meta=False, metas=['./colcon.meta'], base_paths=['.'], packages_ignore=None, packages_ignore_regex=None, paths=None, packages_up_to=None, packages_up_to_regex=None, packages_above=None, packages_above_and_dependencies=None, packages_above_depth=None, packages_select_by_dep=None, packages_skip_by_dep=None, packages_skip_up_to=None, packages_select_build_failed=False, packages_skip_build_finished=False, packages_select_test_failures=False, packages_skip_test_passed=False, packages_select=None, packages_skip=None, packages_select_regex=None, packages_skip_regex=None, packages_start=None, packages_end=None, cmake_args=None, cmake_target=None, cmake_target_skip_unavailable=False, cmake_clean_cache=False, cmake_clean_first=False, cmake_force_configure=False, ament_cmake_args=None, catkin_cmake_args=None, catkin_skip_building_tests=False, verb_parser=<colcon_defaults.argument_parser.defaults.DefaultArgumentsDecorator object at 0x7fff40acb4d0>, verb_extension=<colcon_core.verb.build.BuildVerb object at 0x7fff40cdbd90>, main=<bound method BuildVerb.main of <colcon_core.verb.build.BuildVerb object at 0x7fff40cdbd90>>)
[0.632s] Level 1:colcon.colcon_core.package_discovery:discover_packages(colcon_meta) check parameters
[0.632s] Level 1:colcon.colcon_core.package_discovery:discover_packages(recursive) check parameters
[0.632s] Level 1:colcon.colcon_core.package_discovery:discover_packages(ignore) check parameters
[0.632s] Level 1:colcon.colcon_core.package_discovery:discover_packages(path) check parameters
[0.632s] Level 1:colcon.colcon_core.package_discovery:discover_packages(colcon_meta) discover
[0.632s] Level 1:colcon.colcon_core.package_discovery:discover_packages(recursive) discover
[0.632s] INFO:colcon.colcon_core.package_discovery:Crawling recursively for packages in '/home/raspi-earth/project_ws'
[0.633s] Level 1:colcon.colcon_core.package_identification:_identify(.) by extensions ['ignore', 'ignore_ament_install']
[0.633s] Level 1:colcon.colcon_core.package_identification:_identify(.) by extension 'ignore'
[0.633s] Level 1:colcon.colcon_core.package_identification:_identify(.) by extension 'ignore_ament_install'
[0.633s] Level 1:colcon.colcon_core.package_identification:_identify(.) by extensions ['colcon_pkg']
[0.633s] Level 1:colcon.colcon_core.package_identification:_identify(.) by extension 'colcon_pkg'
[0.633s] Level 1:colcon.colcon_core.package_identification:_identify(.) by extensions ['colcon_meta']
[0.633s] Level 1:colcon.colcon_core.package_identification:_identify(.) by extension 'colcon_meta'
[0.633s] Level 1:colcon.colcon_core.package_identification:_identify(.) by extensions ['ros']
[0.633s] Level 1:colcon.colcon_core.package_identification:_identify(.) by extension 'ros'
[0.658s] Level 1:colcon.colcon_core.package_identification:_identify(.) by extensions ['cmake', 'python']
[0.658s] Level 1:colcon.colcon_core.package_identification:_identify(.) by extension 'cmake'
[0.658s] Level 1:colcon.colcon_core.package_identification:_identify(.) by extension 'python'
[0.658s] Level 1:colcon.colcon_core.package_identification:_identify(.) by extensions ['python_setup_py']
[0.658s] Level 1:colcon.colcon_core.package_identification:_identify(.) by extension 'python_setup_py'
[0.658s] Level 1:colcon.colcon_core.package_identification:_identify(build) by extensions ['ignore', 'ignore_ament_install']
[0.658s] Level 1:colcon.colcon_core.package_identification:_identify(build) by extension 'ignore'
[0.659s] Level 1:colcon.colcon_core.package_identification:_identify(build) ignored
[0.659s] Level 1:colcon.colcon_core.package_identification:_identify(install) by extensions ['ignore', 'ignore_ament_install']
[0.659s] Level 1:colcon.colcon_core.package_identification:_identify(install) by extension 'ignore'
[0.659s] Level 1:colcon.colcon_core.package_identification:_identify(install) ignored
[0.659s] Level 1:colcon.colcon_core.package_identification:_identify(log) by extensions ['ignore', 'ignore_ament_install']
[0.659s] Level 1:colcon.colcon_core.package_identification:_identify(log) by extension 'ignore'
[0.659s] Level 1:colcon.colcon_core.package_identification:_identify(log) ignored
[0.659s] Level 1:colcon.colcon_core.package_identification:_identify(src) by extensions ['ignore', 'ignore_ament_install']
[0.659s] Level 1:colcon.colcon_core.package_identification:_identify(src) by extension 'ignore'
[0.659s] Level 1:colcon.colcon_core.package_identification:_identify(src) by extension 'ignore_ament_install'
[0.659s] Level 1:colcon.colcon_core.package_identification:_identify(src) by extensions ['colcon_pkg']
[0.659s] Level 1:colcon.colcon_core.package_identification:_identify(src) by extension 'colcon_pkg'
[0.659s] Level 1:colcon.colcon_core.package_identification:_identify(src) by extensions ['colcon_meta']
[0.659s] Level 1:colcon.colcon_core.package_identification:_identify(src) by extension 'colcon_meta'
[0.659s] Level 1:colcon.colcon_core.package_identification:_identify(src) by extensions ['ros']
[0.659s] Level 1:colcon.colcon_core.package_identification:_identify(src) by extension 'ros'
[0.659s] Level 1:colcon.colcon_core.package_identification:_identify(src) by extensions ['cmake', 'python']
[0.659s] Level 1:colcon.colcon_core.package_identification:_identify(src) by extension 'cmake'
[0.659s] Level 1:colcon.colcon_core.package_identification:_identify(src) by extension 'python'
[0.659s] Level 1:colcon.colcon_core.package_identification:_identify(src) by extensions ['python_setup_py']
[0.659s] Level 1:colcon.colcon_core.package_identification:_identify(src) by extension 'python_setup_py'
[0.660s] Level 1:colcon.colcon_core.package_identification:_identify(src/encoder_unit) by extensions ['ignore', 'ignore_ament_install']
[0.660s] Level 1:colcon.colcon_core.package_identification:_identify(src/encoder_unit) by extension 'ignore'
[0.660s] Level 1:colcon.colcon_core.package_identification:_identify(src/encoder_unit) by extension 'ignore_ament_install'
[0.660s] Level 1:colcon.colcon_core.package_identification:_identify(src/encoder_unit) by extensions ['colcon_pkg']
[0.660s] Level 1:colcon.colcon_core.package_identification:_identify(src/encoder_unit) by extension 'colcon_pkg'
[0.660s] Level 1:colcon.colcon_core.package_identification:_identify(src/encoder_unit) by extensions ['colcon_meta']
[0.660s] Level 1:colcon.colcon_core.package_identification:_identify(src/encoder_unit) by extension 'colcon_meta'
[0.660s] Level 1:colcon.colcon_core.package_identification:_identify(src/encoder_unit) by extensions ['ros']
[0.660s] Level 1:colcon.colcon_core.package_identification:_identify(src/encoder_unit) by extension 'ros'
[0.664s] DEBUG:colcon.colcon_core.package_identification:Package 'src/encoder_unit' with type 'ros.ament_python' and name 'encoder_unit'
[0.664s] Level 1:colcon.colcon_core.package_identification:_identify(src/esp32_firmware) by extensions ['ignore', 'ignore_ament_install']
[0.664s] Level 1:colcon.colcon_core.package_identification:_identify(src/esp32_firmware) by extension 'ignore'
[0.664s] Level 1:colcon.colcon_core.package_identification:_identify(src/esp32_firmware) by extension 'ignore_ament_install'
[0.664s] Level 1:colcon.colcon_core.package_identification:_identify(src/esp32_firmware) by extensions ['colcon_pkg']
[0.664s] Level 1:colcon.colcon_core.package_identification:_identify(src/esp32_firmware) by extension 'colcon_pkg'
[0.664s] Level 1:colcon.colcon_core.package_identification:_identify(src/esp32_firmware) by extensions ['colcon_meta']
[0.664s] Level 1:colcon.colcon_core.package_identification:_identify(src/esp32_firmware) by extension 'colcon_meta'
[0.664s] Level 1:colcon.colcon_core.package_identification:_identify(src/esp32_firmware) by extensions ['ros']
[0.664s] Level 1:colcon.colcon_core.package_identification:_identify(src/esp32_firmware) by extension 'ros'
[0.664s] Level 1:colcon.colcon_core.package_identification:_identify(src/esp32_firmware) by extensions ['cmake', 'python']
[0.664s] Level 1:colcon.colcon_core.package_identification:_identify(src/esp32_firmware) by extension 'cmake'
[0.665s] Level 1:colcon.colcon_core.package_identification:_identify(src/esp32_firmware) by extension 'python'
[0.665s] Level 1:colcon.colcon_core.package_identification:_identify(src/esp32_firmware) by extensions ['python_setup_py']
[0.665s] Level 1:colcon.colcon_core.package_identification:_identify(src/esp32_firmware) by extension 'python_setup_py'
[0.665s] Level 1:colcon.colcon_core.package_identification:_identify(src/esp32_firmware/esp32_read_i2c) by extensions ['ignore', 'ignore_ament_install']
[0.665s] Level 1:colcon.colcon_core.package_identification:_identify(src/esp32_firmware/esp32_read_i2c) by extension 'ignore'
[0.665s] Level 1:colcon.colcon_core.package_identification:_identify(src/esp32_firmware/esp32_read_i2c) by extension 'ignore_ament_install'
[0.665s] Level 1:colcon.colcon_core.package_identification:_identify(src/esp32_firmware/esp32_read_i2c) by extensions ['colcon_pkg']
[0.665s] Level 1:colcon.colcon_core.package_identification:_identify(src/esp32_firmware/esp32_read_i2c) by extension 'colcon_pkg'
[0.665s] Level 1:colcon.colcon_core.package_identification:_identify(src/esp32_firmware/esp32_read_i2c) by extensions ['colcon_meta']
[0.665s] Level 1:colcon.colcon_core.package_identification:_identify(src/esp32_firmware/esp32_read_i2c) by extension 'colcon_meta'
[0.665s] Level 1:colcon.colcon_core.package_identification:_identify(src/esp32_firmware/esp32_read_i2c) by extensions ['ros']
[0.665s] Level 1:colcon.colcon_core.package_identification:_identify(src/esp32_firmware/esp32_read_i2c) by extension 'ros'
[0.665s] Level 1:colcon.colcon_core.package_identification:_identify(src/esp32_firmware/esp32_read_i2c) by extensions ['cmake', 'python']
[0.665s] Level 1:colcon.colcon_core.package_identification:_identify(src/esp32_firmware/esp32_read_i2c) by extension 'cmake'
[0.665s] Level 1:colcon.colcon_core.package_identification:_identify(src/esp32_firmware/esp32_read_i2c) by extension 'python'
[0.665s] Level 1:colcon.colcon_core.package_identification:_identify(src/esp32_firmware/esp32_read_i2c) by extensions ['python_setup_py']
[0.665s] Level 1:colcon.colcon_core.package_identification:_identify(src/esp32_firmware/esp32_read_i2c) by extension 'python_setup_py'
[0.665s] Level 1:colcon.colcon_core.package_identification:_identify(src/launch_project) by extensions ['ignore', 'ignore_ament_install']
[0.665s] Level 1:colcon.colcon_core.package_identification:_identify(src/launch_project) by extension 'ignore'
[0.665s] Level 1:colcon.colcon_core.package_identification:_identify(src/launch_project) by extension 'ignore_ament_install'
[0.665s] Level 1:colcon.colcon_core.package_identification:_identify(src/launch_project) by extensions ['colcon_pkg']
[0.665s] Level 1:colcon.colcon_core.package_identification:_identify(src/launch_project) by extension 'colcon_pkg'
[0.665s] Level 1:colcon.colcon_core.package_identification:_identify(src/launch_project) by extensions ['colcon_meta']
[0.665s] Level 1:colcon.colcon_core.package_identification:_identify(src/launch_project) by extension 'colcon_meta'
[0.665s] Level 1:colcon.colcon_core.package_identification:_identify(src/launch_project) by extensions ['ros']
[0.665s] Level 1:colcon.colcon_core.package_identification:_identify(src/launch_project) by extension 'ros'
[0.666s] DEBUG:colcon.colcon_core.package_identification:Package 'src/launch_project' with type 'ros.ament_python' and name 'launch_project'
[0.666s] Level 1:colcon.colcon_core.package_identification:_identify(src/motor_control) by extensions ['ignore', 'ignore_ament_install']
[0.666s] Level 1:colcon.colcon_core.package_identification:_identify(src/motor_control) by extension 'ignore'
[0.666s] Level 1:colcon.colcon_core.package_identification:_identify(src/motor_control) by extension 'ignore_ament_install'
[0.666s] Level 1:colcon.colcon_core.package_identification:_identify(src/motor_control) by extensions ['colcon_pkg']
[0.666s] Level 1:colcon.colcon_core.package_identification:_identify(src/motor_control) by extension 'colcon_pkg'
[0.666s] Level 1:colcon.colcon_core.package_identification:_identify(src/motor_control) by extensions ['colcon_meta']
[0.666s] Level 1:colcon.colcon_core.package_identification:_identify(src/motor_control) by extension 'colcon_meta'
[0.666s] Level 1:colcon.colcon_core.package_identification:_identify(src/motor_control) by extensions ['ros']
[0.666s] Level 1:colcon.colcon_core.package_identification:_identify(src/motor_control) by extension 'ros'
[0.667s] DEBUG:colcon.colcon_core.package_identification:Package 'src/motor_control' with type 'ros.ament_python' and name 'motor_control'
[0.667s] Level 1:colcon.colcon_core.package_identification:_identify(src/processor_unit) by extensions ['ignore', 'ignore_ament_install']
[0.667s] Level 1:colcon.colcon_core.package_identification:_identify(src/processor_unit) by extension 'ignore'
[0.667s] Level 1:colcon.colcon_core.package_identification:_identify(src/processor_unit) by extension 'ignore_ament_install'
[0.667s] Level 1:colcon.colcon_core.package_identification:_identify(src/processor_unit) by extensions ['colcon_pkg']
[0.667s] Level 1:colcon.colcon_core.package_identification:_identify(src/processor_unit) by extension 'colcon_pkg'
[0.667s] Level 1:colcon.colcon_core.package_identification:_identify(src/processor_unit) by extensions ['colcon_meta']
[0.667s] Level 1:colcon.colcon_core.package_identification:_identify(src/processor_unit) by extension 'colcon_meta'
[0.667s] Level 1:colcon.colcon_core.package_identification:_identify(src/processor_unit) by extensions ['ros']
[0.667s] Level 1:colcon.colcon_core.package_identification:_identify(src/processor_unit) by extension 'ros'
[0.668s] DEBUG:colcon.colcon_core.package_identification:Package 'src/processor_unit' with type 'ros.ament_python' and name 'processor_unit'
[0.668s] Level 1:colcon.colcon_core.package_identification:_identify(src/whitepost_description) by extensions ['ignore', 'ignore_ament_install']
[0.668s] Level 1:colcon.colcon_core.package_identification:_identify(src/whitepost_description) by extension 'ignore'
[0.668s] Level 1:colcon.colcon_core.package_identification:_identify(src/whitepost_description) by extension 'ignore_ament_install'
[0.668s] Level 1:colcon.colcon_core.package_identification:_identify(src/whitepost_description) by extensions ['colcon_pkg']
[0.668s] Level 1:colcon.colcon_core.package_identification:_identify(src/whitepost_description) by extension 'colcon_pkg'
[0.668s] Level 1:colcon.colcon_core.package_identification:_identify(src/whitepost_description) by extensions ['colcon_meta']
[0.668s] Level 1:colcon.colcon_core.package_identification:_identify(src/whitepost_description) by extension 'colcon_meta'
[0.668s] Level 1:colcon.colcon_core.package_identification:_identify(src/whitepost_description) by extensions ['ros']
[0.668s] Level 1:colcon.colcon_core.package_identification:_identify(src/whitepost_description) by extension 'ros'
[0.668s] DEBUG:colcon.colcon_core.package_identification:Package 'src/whitepost_description' with type 'ros.ament_cmake' and name 'whitepost_description'
[0.669s] Level 1:colcon.colcon_core.package_discovery:discover_packages(recursive) using defaults
[0.669s] Level 1:colcon.colcon_core.package_discovery:discover_packages(ignore) discover
[0.669s] Level 1:colcon.colcon_core.package_discovery:discover_packages(ignore) using defaults
[0.669s] Level 1:colcon.colcon_core.package_discovery:discover_packages(path) discover
[0.669s] Level 1:colcon.colcon_core.package_discovery:discover_packages(path) using defaults
[0.715s] Level 5:colcon.colcon_core.verb:set package 'encoder_unit' build argument 'cmake_args' from command line to 'None'
[0.715s] Level 5:colcon.colcon_core.verb:set package 'encoder_unit' build argument 'cmake_target' from command line to 'None'
[0.715s] Level 5:colcon.colcon_core.verb:set package 'encoder_unit' build argument 'cmake_target_skip_unavailable' from command line to 'False'
[0.715s] Level 5:colcon.colcon_core.verb:set package 'encoder_unit' build argument 'cmake_clean_cache' from command line to 'False'
[0.715s] Level 5:colcon.colcon_core.verb:set package 'encoder_unit' build argument 'cmake_clean_first' from command line to 'False'
[0.715s] Level 5:colcon.colcon_core.verb:set package 'encoder_unit' build argument 'cmake_force_configure' from command line to 'False'
[0.715s] Level 5:colcon.colcon_core.verb:set package 'encoder_unit' build argument 'ament_cmake_args' from command line to 'None'
[0.715s] Level 5:colcon.colcon_core.verb:set package 'encoder_unit' build argument 'catkin_cmake_args' from command line to 'None'
[0.715s] Level 5:colcon.colcon_core.verb:set package 'encoder_unit' build argument 'catkin_skip_building_tests' from command line to 'False'
[0.715s] DEBUG:colcon.colcon_core.verb:Building package 'encoder_unit' with the following arguments: {'ament_cmake_args': None, 'build_base': '/home/raspi-earth/project_ws/build/encoder_unit', 'catkin_cmake_args': None, 'catkin_skip_building_tests': False, 'cmake_args': None, 'cmake_clean_cache': False, 'cmake_clean_first': False, 'cmake_force_configure': False, 'cmake_target': None, 'cmake_target_skip_unavailable': False, 'install_base': '/home/raspi-earth/project_ws/install/encoder_unit', 'merge_install': False, 'path': '/home/raspi-earth/project_ws/src/encoder_unit', 'symlink_install': False, 'test_result_base': None}
[0.715s] Level 5:colcon.colcon_core.verb:set package 'launch_project' build argument 'cmake_args' from command line to 'None'
[0.715s] Level 5:colcon.colcon_core.verb:set package 'launch_project' build argument 'cmake_target' from command line to 'None'
[0.715s] Level 5:colcon.colcon_core.verb:set package 'launch_project' build argument 'cmake_target_skip_unavailable' from command line to 'False'
[0.715s] Level 5:colcon.colcon_core.verb:set package 'launch_project' build argument 'cmake_clean_cache' from command line to 'False'
[0.715s] Level 5:colcon.colcon_core.verb:set package 'launch_project' build argument 'cmake_clean_first' from command line to 'False'
[0.715s] Level 5:colcon.colcon_core.verb:set package 'launch_project' build argument 'cmake_force_configure' from command line to 'False'
[0.715s] Level 5:colcon.colcon_core.verb:set package 'launch_project' build argument 'ament_cmake_args' from command line to 'None'
[0.716s] Level 5:colcon.colcon_core.verb:set package 'launch_project' build argument 'catkin_cmake_args' from command line to 'None'
[0.716s] Level 5:colcon.colcon_core.verb:set package 'launch_project' build argument 'catkin_skip_building_tests' from command line to 'False'
[0.716s] DEBUG:colcon.colcon_core.verb:Building package 'launch_project' with the following arguments: {'ament_cmake_args': None, 'build_base': '/home/raspi-earth/project_ws/build/launch_project', 'catkin_cmake_args': None, 'catkin_skip_building_tests': False, 'cmake_args': None, 'cmake_clean_cache': False, 'cmake_clean_first': False, 'cmake_force_configure': False, 'cmake_target': None, 'cmake_target_skip_unavailable': False, 'install_base': '/home/raspi-earth/project_ws/install/launch_project', 'merge_install': False, 'path': '/home/raspi-earth/project_ws/src/launch_project', 'symlink_install': False, 'test_result_base': None}
[0.716s] Level 5:colcon.colcon_core.verb:set package 'motor_control' build argument 'cmake_args' from command line to 'None'
[0.716s] Level 5:colcon.colcon_core.verb:set package 'motor_control' build argument 'cmake_target' from command line to 'None'
[0.716s] Level 5:colcon.colcon_core.verb:set package 'motor_control' build argument 'cmake_target_skip_unavailable' from command line to 'False'
[0.716s] Level 5:colcon.colcon_core.verb:set package 'motor_control' build argument 'cmake_clean_cache' from command line to 'False'
[0.716s] Level 5:colcon.colcon_core.verb:set package 'motor_control' build argument 'cmake_clean_first' from command line to 'False'
[0.716s] Level 5:colcon.colcon_core.verb:set package 'motor_control' build argument 'cmake_force_configure' from command line to 'False'
[0.716s] Level 5:colcon.colcon_core.verb:set package 'motor_control' build argument 'ament_cmake_args' from command line to 'None'
[0.716s] Level 5:colcon.colcon_core.verb:set package 'motor_control' build argument 'catkin_cmake_args' from command line to 'None'
[0.716s] Level 5:colcon.colcon_core.verb:set package 'motor_control' build argument 'catkin_skip_building_tests' from command line to 'False'
[0.716s] DEBUG:colcon.colcon_core.verb:Building package 'motor_control' with the following arguments: {'ament_cmake_args': None, 'build_base': '/home/raspi-earth/project_ws/build/motor_control', 'catkin_cmake_args': None, 'catkin_skip_building_tests': False, 'cmake_args': None, 'cmake_clean_cache': False, 'cmake_clean_first': False, 'cmake_force_configure': False, 'cmake_target': None, 'cmake_target_skip_unavailable': False, 'install_base': '/home/raspi-earth/project_ws/install/motor_control', 'merge_install': False, 'path': '/home/raspi-earth/project_ws/src/motor_control', 'symlink_install': False, 'test_result_base': None}
[0.716s] Level 5:colcon.colcon_core.verb:set package 'processor_unit' build argument 'cmake_args' from command line to 'None'
[0.716s] Level 5:colcon.colcon_core.verb:set package 'processor_unit' build argument 'cmake_target' from command line to 'None'
[0.716s] Level 5:colcon.colcon_core.verb:set package 'processor_unit' build argument 'cmake_target_skip_unavailable' from command line to 'False'
[0.716s] Level 5:colcon.colcon_core.verb:set package 'processor_unit' build argument 'cmake_clean_cache' from command line to 'False'
[0.716s] Level 5:colcon.colcon_core.verb:set package 'processor_unit' build argument 'cmake_clean_first' from command line to 'False'
[0.716s] Level 5:colcon.colcon_core.verb:set package 'processor_unit' build argument 'cmake_force_configure' from command line to 'False'
[0.716s] Level 5:colcon.colcon_core.verb:set package 'processor_unit' build argument 'ament_cmake_args' from command line to 'None'
[0.716s] Level 5:colcon.colcon_core.verb:set package 'processor_unit' build argument 'catkin_cmake_args' from command line to 'None'
[0.716s] Level 5:colcon.colcon_core.verb:set package 'processor_unit' build argument 'catkin_skip_building_tests' from command line to 'False'
[0.716s] DEBUG:colcon.colcon_core.verb:Building package 'processor_unit' with the following arguments: {'ament_cmake_args': None, 'build_base': '/home/raspi-earth/project_ws/build/processor_unit', 'catkin_cmake_args': None, 'catkin_skip_building_tests': False, 'cmake_args': None, 'cmake_clean_cache': False, 'cmake_clean_first': False, 'cmake_force_configure': False, 'cmake_target': None, 'cmake_target_skip_unavailable': False, 'install_base': '/home/raspi-earth/project_ws/install/processor_unit', 'merge_install': False, 'path': '/home/raspi-earth/project_ws/src/processor_unit', 'symlink_install': False, 'test_result_base': None}
[0.717s] Level 5:colcon.colcon_core.verb:set package 'whitepost_description' build argument 'cmake_args' from command line to 'None'
[0.717s] Level 5:colcon.colcon_core.verb:set package 'whitepost_description' build argument 'cmake_target' from command line to 'None'
[0.717s] Level 5:colcon.colcon_core.verb:set package 'whitepost_description' build argument 'cmake_target_skip_unavailable' from command line to 'False'
[0.717s] Level 5:colcon.colcon_core.verb:set package 'whitepost_description' build argument 'cmake_clean_cache' from command line to 'False'
[0.717s] Level 5:colcon.colcon_core.verb:set package 'whitepost_description' build argument 'cmake_clean_first' from command line to 'False'
[0.717s] Level 5:colcon.colcon_core.verb:set package 'whitepost_description' build argument 'cmake_force_configure' from command line to 'False'
[0.717s] Level 5:colcon.colcon_core.verb:set package 'whitepost_description' build argument 'ament_cmake_args' from command line to 'None'
[0.717s] Level 5:colcon.colcon_core.verb:set package 'whitepost_description' build argument 'catkin_cmake_args' from command line to 'None'
[0.717s] Level 5:colcon.colcon_core.verb:set package 'whitepost_description' build argument 'catkin_skip_building_tests' from command line to 'False'
[0.717s] DEBUG:colcon.colcon_core.verb:Building package 'whitepost_description' with the following arguments: {'ament_cmake_args': None, 'build_base': '/home/raspi-earth/project_ws/build/whitepost_description', 'catkin_cmake_args': None, 'catkin_skip_building_tests': False, 'cmake_args': None, 'cmake_clean_cache': False, 'cmake_clean_first': False, 'cmake_force_configure': False, 'cmake_target': None, 'cmake_target_skip_unavailable': False, 'install_base': '/home/raspi-earth/project_ws/install/whitepost_description', 'merge_install': False, 'path': '/home/raspi-earth/project_ws/src/whitepost_description', 'symlink_install': False, 'test_result_base': None}
[0.717s] INFO:colcon.colcon_core.executor:Executing jobs using 'parallel' executor
[0.718s] DEBUG:colcon.colcon_parallel_executor.executor.parallel:run_until_complete
[0.719s] INFO:colcon.colcon_ros.task.ament_python.build:Building ROS package in '/home/raspi-earth/project_ws/src/encoder_unit' with build type 'ament_python'
[0.719s] Level 1:colcon.colcon_core.shell:create_environment_hook('encoder_unit', 'ament_prefix_path')
[0.725s] INFO:colcon.colcon_core.plugin_system:Skipping extension 'colcon_core.shell.bat': Not used on non-Windows systems
[0.726s] INFO:colcon.colcon_core.shell:Creating environment descriptor '/home/raspi-earth/project_ws/install/encoder_unit/share/encoder_unit/hook/ament_prefix_path.dsv'
[0.726s] INFO:colcon.colcon_core.shell:Creating environment hook '/home/raspi-earth/project_ws/install/encoder_unit/share/encoder_unit/hook/ament_prefix_path.sh'
[0.728s] DEBUG:colcon.colcon_core.shell:Skip shell extension 'dsv' for command environment
[0.750s] INFO:colcon.colcon_ros.task.ament_python.build:Building ROS package in '/home/raspi-earth/project_ws/src/launch_project' with build type 'ament_python'
[0.750s] Level 1:colcon.colcon_core.shell:create_environment_hook('launch_project', 'ament_prefix_path')
[0.751s] INFO:colcon.colcon_core.shell:Creating environment descriptor '/home/raspi-earth/project_ws/install/launch_project/share/launch_project/hook/ament_prefix_path.dsv'
[0.752s] INFO:colcon.colcon_core.shell:Creating environment hook '/home/raspi-earth/project_ws/install/launch_project/share/launch_project/hook/ament_prefix_path.sh'
[0.753s] DEBUG:colcon.colcon_core.shell:Skip shell extension 'dsv' for command environment
[0.775s] INFO:colcon.colcon_ros.task.ament_python.build:Building ROS package in '/home/raspi-earth/project_ws/src/motor_control' with build type 'ament_python'
[0.775s] Level 1:colcon.colcon_core.shell:create_environment_hook('motor_control', 'ament_prefix_path')
[0.775s] INFO:colcon.colcon_core.shell:Creating environment descriptor '/home/raspi-earth/project_ws/install/motor_control/share/motor_control/hook/ament_prefix_path.dsv'
[0.776s] INFO:colcon.colcon_core.shell:Creating environment hook '/home/raspi-earth/project_ws/install/motor_control/share/motor_control/hook/ament_prefix_path.sh'
[0.777s] DEBUG:colcon.colcon_core.shell:Skip shell extension 'dsv' for command environment
[0.799s] INFO:colcon.colcon_ros.task.ament_python.build:Building ROS package in '/home/raspi-earth/project_ws/src/processor_unit' with build type 'ament_python'
[0.799s] Level 1:colcon.colcon_core.shell:create_environment_hook('processor_unit', 'ament_prefix_path')
[0.799s] INFO:colcon.colcon_core.shell:Creating environment descriptor '/home/raspi-earth/project_ws/install/processor_unit/share/processor_unit/hook/ament_prefix_path.dsv'
[0.800s] INFO:colcon.colcon_core.shell:Creating environment hook '/home/raspi-earth/project_ws/install/processor_unit/share/processor_unit/hook/ament_prefix_path.sh'
[0.801s] DEBUG:colcon.colcon_core.shell:Skip shell extension 'dsv' for command environment
[1.748s] INFO:colcon.colcon_core.task.python.build:Building Python package in '/home/raspi-earth/project_ws/src/encoder_unit'
[1.749s] DEBUG:colcon.colcon_core.shell:Skip shell extension 'dsv' for command environment
[2.796s] INFO:colcon.colcon_core.task.python.build:Building Python package in '/home/raspi-earth/project_ws/src/launch_project'
[2.797s] DEBUG:colcon.colcon_core.shell:Skip shell extension 'dsv' for command environment
[3.701s] INFO:colcon.colcon_core.task.python.build:Building Python package in '/home/raspi-earth/project_ws/src/motor_control'
[3.701s] DEBUG:colcon.colcon_core.shell:Skip shell extension 'dsv' for command environment
[4.609s] INFO:colcon.colcon_core.task.python.build:Building Python package in '/home/raspi-earth/project_ws/src/processor_unit'
[4.609s] DEBUG:colcon.colcon_core.shell:Skip shell extension 'dsv' for command environment
[6.740s] DEBUG:colcon.colcon_core.event_handler.log_command:Invoking command in '/home/raspi-earth/project_ws/src/encoder_unit': PYTHONPATH=/home/raspi-earth/project_ws/build/encoder_unit/prefix_override:/usr/lib/python3/dist-packages/colcon_core/task/python/colcon_distutils_commands:/home/raspi-earth/project_ws/install/encoder_unit/lib/python3.11/site-packages:${PYTHONPATH} /usr/bin/python3 -W ignore:setup.py install is deprecated -W ignore:easy_install command is deprecated setup.py egg_info --egg-base ../../build/encoder_unit build --build-base /home/raspi-earth/project_ws/build/encoder_unit/build install --record /home/raspi-earth/project_ws/build/encoder_unit/install.log --single-version-externally-managed install_data
[6.760s] DEBUG:colcon.colcon_core.event_handler.log_command:Invoking command in '/home/raspi-earth/project_ws/src/launch_project': PYTHONPATH=/home/raspi-earth/project_ws/build/launch_project/prefix_override:/usr/lib/python3/dist-packages/colcon_core/task/python/colcon_distutils_commands:/home/raspi-earth/project_ws/install/launch_project/lib/python3.11/site-packages:${PYTHONPATH} /usr/bin/python3 -W ignore:setup.py install is deprecated -W ignore:easy_install command is deprecated setup.py egg_info --egg-base ../../build/launch_project build --build-base /home/raspi-earth/project_ws/build/launch_project/build install --record /home/raspi-earth/project_ws/build/launch_project/install.log --single-version-externally-managed install_data
[6.764s] DEBUG:colcon.colcon_core.event_handler.log_command:Invoking command in '/home/raspi-earth/project_ws/src/motor_control': PYTHONPATH=/home/raspi-earth/project_ws/build/motor_control/prefix_override:/usr/lib/python3/dist-packages/colcon_core/task/python/colcon_distutils_commands:/home/raspi-earth/project_ws/install/motor_control/lib/python3.11/site-packages:${PYTHONPATH} /usr/bin/python3 -W ignore:setup.py install is deprecated -W ignore:easy_install command is deprecated setup.py egg_info --egg-base ../../build/motor_control build --build-base /home/raspi-earth/project_ws/build/motor_control/build install --record /home/raspi-earth/project_ws/build/motor_control/install.log --single-version-externally-managed install_data
[7.083s] DEBUG:colcon.colcon_core.event_handler.log_command:Invoking command in '/home/raspi-earth/project_ws/src/processor_unit': PYTHONPATH=/home/raspi-earth/project_ws/build/processor_unit/prefix_override:/usr/lib/python3/dist-packages/colcon_core/task/python/colcon_distutils_commands:/home/raspi-earth/project_ws/install/processor_unit/lib/python3.11/site-packages:${PYTHONPATH} /usr/bin/python3 -W ignore:setup.py install is deprecated -W ignore:easy_install command is deprecated setup.py egg_info --egg-base ../../build/processor_unit build --build-base /home/raspi-earth/project_ws/build/processor_unit/build install --record /home/raspi-earth/project_ws/build/processor_unit/install.log --single-version-externally-managed install_data
[8.637s] DEBUG:colcon.colcon_core.event_handler.log_command:Invoked command in '/home/raspi-earth/project_ws/src/launch_project' returned '0': PYTHONPATH=/home/raspi-earth/project_ws/build/launch_project/prefix_override:/usr/lib/python3/dist-packages/colcon_core/task/python/colcon_distutils_commands:/home/raspi-earth/project_ws/install/launch_project/lib/python3.11/site-packages:${PYTHONPATH} /usr/bin/python3 -W ignore:setup.py install is deprecated -W ignore:easy_install command is deprecated setup.py egg_info --egg-base ../../build/launch_project build --build-base /home/raspi-earth/project_ws/build/launch_project/build install --record /home/raspi-earth/project_ws/build/launch_project/install.log --single-version-externally-managed install_data
[8.645s] Level 1:colcon.colcon_core.environment:checking '/home/raspi-earth/project_ws/install/launch_project' for CMake module files
[8.646s] Level 1:colcon.colcon_core.environment:checking '/home/raspi-earth/project_ws/install/launch_project' for CMake config files
[8.647s] Level 1:colcon.colcon_core.environment:checking '/home/raspi-earth/project_ws/install/launch_project/lib'
[8.647s] Level 1:colcon.colcon_core.environment:checking '/home/raspi-earth/project_ws/install/launch_project/bin'
[8.647s] Level 1:colcon.colcon_core.environment:checking '/home/raspi-earth/project_ws/install/launch_project/lib/pkgconfig/launch_project.pc'
[8.647s] Level 1:colcon.colcon_core.environment:checking '/home/raspi-earth/project_ws/install/launch_project/lib/python3.11/site-packages'
[8.647s] Level 1:colcon.colcon_core.shell:create_environment_hook('launch_project', 'pythonpath')
[8.648s] INFO:colcon.colcon_core.shell:Creating environment descriptor '/home/raspi-earth/project_ws/install/launch_project/share/launch_project/hook/pythonpath.dsv'
[8.648s] INFO:colcon.colcon_core.shell:Creating environment hook '/home/raspi-earth/project_ws/install/launch_project/share/launch_project/hook/pythonpath.sh'
[8.673s] Level 1:colcon.colcon_core.environment:checking '/home/raspi-earth/project_ws/install/launch_project/bin'
[8.673s] Level 1:colcon.colcon_core.environment:create_environment_scripts_only(launch_project)
[8.673s] INFO:colcon.colcon_core.shell:Creating package descriptor '/home/raspi-earth/project_ws/install/launch_project/share/launch_project/package.dsv'
[8.675s] INFO:colcon.colcon_core.shell:Creating package script '/home/raspi-earth/project_ws/install/launch_project/share/launch_project/package.sh'
[8.676s] INFO:colcon.colcon_core.shell:Creating package script '/home/raspi-earth/project_ws/install/launch_project/share/launch_project/package.bash'
[8.677s] INFO:colcon.colcon_core.shell:Creating package script '/home/raspi-earth/project_ws/install/launch_project/share/launch_project/package.zsh'
[8.678s] Level 1:colcon.colcon_core.environment:create_file_with_runtime_dependencies(/home/raspi-earth/project_ws/install/launch_project/share/colcon-core/packages/launch_project)
[8.678s] INFO:colcon.colcon_ros.task.ament_cmake.build:Building ROS package in '/home/raspi-earth/project_ws/src/whitepost_description' with build type 'ament_cmake'
[8.679s] INFO:colcon.colcon_cmake.task.cmake.build:Building CMake package in '/home/raspi-earth/project_ws/src/whitepost_description'
[8.679s] DEBUG:colcon.colcon_core.shell:Skip shell extension 'dsv' for command environment
[8.705s] Level 1:colcon.colcon_core.environment:checking '/home/raspi-earth/project_ws/install/motor_control' for CMake module files
[8.705s] DEBUG:colcon.colcon_core.event_handler.log_command:Invoked command in '/home/raspi-earth/project_ws/src/motor_control' returned '0': PYTHONPATH=/home/raspi-earth/project_ws/build/motor_control/prefix_override:/usr/lib/python3/dist-packages/colcon_core/task/python/colcon_distutils_commands:/home/raspi-earth/project_ws/install/motor_control/lib/python3.11/site-packages:${PYTHONPATH} /usr/bin/python3 -W ignore:setup.py install is deprecated -W ignore:easy_install command is deprecated setup.py egg_info --egg-base ../../build/motor_control build --build-base /home/raspi-earth/project_ws/build/motor_control/build install --record /home/raspi-earth/project_ws/build/motor_control/install.log --single-version-externally-managed install_data
[8.706s] Level 1:colcon.colcon_core.environment:checking '/home/raspi-earth/project_ws/install/motor_control' for CMake config files
[8.707s] Level 1:colcon.colcon_core.environment:checking '/home/raspi-earth/project_ws/install/motor_control/lib'
[8.707s] Level 1:colcon.colcon_core.environment:checking '/home/raspi-earth/project_ws/install/motor_control/bin'
[8.707s] Level 1:colcon.colcon_core.environment:checking '/home/raspi-earth/project_ws/install/motor_control/lib/pkgconfig/motor_control.pc'
[8.707s] Level 1:colcon.colcon_core.environment:checking '/home/raspi-earth/project_ws/install/motor_control/lib/python3.11/site-packages'
[8.707s] Level 1:colcon.colcon_core.shell:create_environment_hook('motor_control', 'pythonpath')
[8.708s] INFO:colcon.colcon_core.shell:Creating environment descriptor '/home/raspi-earth/project_ws/install/motor_control/share/motor_control/hook/pythonpath.dsv'
[8.708s] INFO:colcon.colcon_core.shell:Creating environment hook '/home/raspi-earth/project_ws/install/motor_control/share/motor_control/hook/pythonpath.sh'
[8.731s] Level 1:colcon.colcon_core.environment:checking '/home/raspi-earth/project_ws/install/motor_control/bin'
[8.731s] Level 1:colcon.colcon_core.environment:create_environment_scripts_only(motor_control)
[8.731s] INFO:colcon.colcon_core.shell:Creating package descriptor '/home/raspi-earth/project_ws/install/motor_control/share/motor_control/package.dsv'
[8.732s] INFO:colcon.colcon_core.shell:Creating package script '/home/raspi-earth/project_ws/install/motor_control/share/motor_control/package.sh'
[8.733s] INFO:colcon.colcon_core.shell:Creating package script '/home/raspi-earth/project_ws/install/motor_control/share/motor_control/package.bash'
[8.734s] INFO:colcon.colcon_core.shell:Creating package script '/home/raspi-earth/project_ws/install/motor_control/share/motor_control/package.zsh'
[8.734s] Level 1:colcon.colcon_core.environment:create_file_with_runtime_dependencies(/home/raspi-earth/project_ws/install/motor_control/share/colcon-core/packages/motor_control)
[8.736s] Level 1:colcon.colcon_core.environment:checking '/home/raspi-earth/project_ws/install/encoder_unit' for CMake module files
[8.737s] DEBUG:colcon.colcon_core.event_handler.log_command:Invoked command in '/home/raspi-earth/project_ws/src/encoder_unit' returned '0': PYTHONPATH=/home/raspi-earth/project_ws/build/encoder_unit/prefix_override:/usr/lib/python3/dist-packages/colcon_core/task/python/colcon_distutils_commands:/home/raspi-earth/project_ws/install/encoder_unit/lib/python3.11/site-packages:${PYTHONPATH} /usr/bin/python3 -W ignore:setup.py install is deprecated -W ignore:easy_install command is deprecated setup.py egg_info --egg-base ../../build/encoder_unit build --build-base /home/raspi-earth/project_ws/build/encoder_unit/build install --record /home/raspi-earth/project_ws/build/encoder_unit/install.log --single-version-externally-managed install_data
[8.737s] Level 1:colcon.colcon_core.environment:checking '/home/raspi-earth/project_ws/install/encoder_unit' for CMake config files
[8.738s] Level 1:colcon.colcon_core.environment:checking '/home/raspi-earth/project_ws/install/encoder_unit/lib'
[8.738s] Level 1:colcon.colcon_core.environment:checking '/home/raspi-earth/project_ws/install/encoder_unit/bin'
[8.738s] Level 1:colcon.colcon_core.environment:checking '/home/raspi-earth/project_ws/install/encoder_unit/lib/pkgconfig/encoder_unit.pc'
[8.739s] Level 1:colcon.colcon_core.environment:checking '/home/raspi-earth/project_ws/install/encoder_unit/lib/python3.11/site-packages'
[8.739s] Level 1:colcon.colcon_core.shell:create_environment_hook('encoder_unit', 'pythonpath')
[8.739s] INFO:colcon.colcon_core.shell:Creating environment descriptor '/home/raspi-earth/project_ws/install/encoder_unit/share/encoder_unit/hook/pythonpath.dsv'
[8.740s] INFO:colcon.colcon_core.shell:Creating environment hook '/home/raspi-earth/project_ws/install/encoder_unit/share/encoder_unit/hook/pythonpath.sh'
[8.741s] Level 1:colcon.colcon_core.environment:checking '/home/raspi-earth/project_ws/install/encoder_unit/bin'
[8.741s] Level 1:colcon.colcon_core.environment:create_environment_scripts_only(encoder_unit)
[8.742s] INFO:colcon.colcon_core.shell:Creating package descriptor '/home/raspi-earth/project_ws/install/encoder_unit/share/encoder_unit/package.dsv'
[8.742s] INFO:colcon.colcon_core.shell:Creating package script '/home/raspi-earth/project_ws/install/encoder_unit/share/encoder_unit/package.sh'
[8.743s] INFO:colcon.colcon_core.shell:Creating package script '/home/raspi-earth/project_ws/install/encoder_unit/share/encoder_unit/package.bash'
[8.744s] INFO:colcon.colcon_core.shell:Creating package script '/home/raspi-earth/project_ws/install/encoder_unit/share/encoder_unit/package.zsh'
[8.745s] Level 1:colcon.colcon_core.environment:create_file_with_runtime_dependencies(/home/raspi-earth/project_ws/install/encoder_unit/share/colcon-core/packages/encoder_unit)
[8.752s] DEBUG:colcon.colcon_core.event_handler.log_command:Invoking command in '/home/raspi-earth/project_ws/build/whitepost_description': CMAKE_PREFIX_PATH=${CMAKE_PREFIX_PATH}:/home/raspi-earth/project_ws/install/processor_unit:/home/raspi-earth/project_ws/install/motor_control:/home/raspi-earth/project_ws/install/launch_project:/home/raspi-earth/project_ws/install/encoder_unit:/home/raspi-earth/ros2_humble/install/rqt_bag_plugins:/home/raspi-earth/ros2_humble/install/rqt_bag:/home/raspi-earth/ros2_humble/install/launch_testing_examples:/home/raspi-earth/ros2_humble/install/ros2bag:/home/raspi-earth/ros2_humble/install/tracetools_test:/home/raspi-earth/ros2_humble/install/tracetools_launch:/home/raspi-earth/ros2_humble/install/topic_monitor:/home/raspi-earth/ros2_humble/install/tf2_tools:/home/raspi-earth/ros2_humble/install/examples_tf2_py:/home/raspi-earth/ros2_humble/install/tf2_ros_py:/home/raspi-earth/ros2_humble/install/sros2:/home/raspi-earth/ros2_humble/install/rqt_topic:/home/raspi-earth/ros2_humble/install/rqt_srv:/home/raspi-earth/ros2_humble/install/rqt_shell:/home/raspi-earth/ros2_humble/install/rqt_service_caller:/home/raspi-earth/ros2_humble/install/rqt_reconfigure:/home/raspi-earth/ros2_humble/install/rqt_py_console:/home/raspi-earth/ros2_humble/install/rqt_publisher:/home/raspi-earth/ros2_humble/install/rqt_plot:/home/raspi-earth/ros2_humble/install/rqt_action:/home/raspi-earth/ros2_humble/install/rqt_msg:/home/raspi-earth/ros2_humble/install/rqt_console:/home/raspi-earth/ros2_humble/install/rqt:/home/raspi-earth/ros2_humble/install/rqt_graph:/home/raspi-earth/ros2_humble/install/rqt_gui_py:/home/raspi-earth/ros2_humble/install/rqt_gui:/home/raspi-earth/ros2_humble/install/ros2trace:/home/raspi-earth/ros2_humble/install/ros2topic:/home/raspi-earth/ros2_humble/install/ros2test:/home/raspi-earth/ros2_humble/install/ros2component:/home/raspi-earth/ros2_humble/install/ros2param:/home/raspi-earth/ros2_humble/install/ros2lifecycle:/home/raspi-earth/ros2_humble/install/ros2service:/home/raspi-earth/ros2_humble/install/ros2run:/home/raspi-earth/ros2_humble/install/ros2plugin:/home/raspi-earth/ros2_humble/install/ros2launch:/home/raspi-earth/ros2_humble/install/ros2pkg:/home/raspi-earth/ros2_humble/install/ros2node:/home/raspi-earth/ros2_humble/install/ros2multicast:/home/raspi-earth/ros2_humble/install/ros2interface:/home/raspi-earth/ros2_humble/install/ros2doctor:/home/raspi-earth/ros2_humble/install/ros2action:/home/raspi-earth/ros2_humble/install/ros2cli:/home/raspi-earth/ros2_humble/install/quality_of_service_demo_py:/home/raspi-earth/ros2_humble/install/lifecycle_py:/home/raspi-earth/ros2_humble/install/launch_testing_ros:/home/raspi-earth/ros2_humble/install/launch_ros:/home/raspi-earth/ros2_humble/install/examples_rclpy_pointcloud_publisher:/home/raspi-earth/ros2_humble/install/examples_rclpy_minimal_subscriber:/home/raspi-earth/ros2_humble/install/examples_rclpy_minimal_service:/home/raspi-earth/ros2_humble/install/examples_rclpy_minimal_publisher:/home/raspi-earth/ros2_humble/install/examples_rclpy_minimal_client:/home/raspi-earth/ros2_humble/install/examples_rclpy_minimal_action_server:/home/raspi-earth/ros2_humble/install/examples_rclpy_minimal_action_client:/home/raspi-earth/ros2_humble/install/examples_rclpy_guard_conditions:/home/raspi-earth/ros2_humble/install/examples_rclpy_executors:/home/raspi-earth/ros2_humble/install/demo_nodes_py:/home/raspi-earth/ros2_humble/install/camera_info_manager_py:/home/raspi-earth/ros2_humble/install/action_tutorials_py:/home/raspi-earth/ros2_humble/install/ament_uncrustify:/home/raspi-earth/ros2_humble/install/tracetools_trace:/home/raspi-earth/ros2_humble/install/tracetools_read:/home/raspi-earth/ros2_humble/install/test_tracetools_launch:/home/raspi-earth/ros2_humble/install/test_launch_ros:/home/raspi-earth/ros2_humble/install/sensor_msgs_py:/home/raspi-earth/ros2_humble/install/rpyutils:/home/raspi-earth/ros2_humble/install/rosidl_runtime_py:/home/raspi-earth/ros2_humble/install/rosidl_cli:/home/raspi-earth/ros2_humble/install/launch_pytest:/home/raspi-earth/ros2_humble/install/launch_testing:/home/raspi-earth/ros2_humble/install/launch_yaml:/home/raspi-earth/ros2_humble/install/launch_xml:/home/raspi-earth/ros2_humble/install/launch:/home/raspi-earth/ros2_humble/install/osrf_pycommon:/home/raspi-earth/ros2_humble/install/domain_coordinator:/home/raspi-earth/ros2_humble/install/ament_xmllint:/home/raspi-earth/ros2_humble/install/ament_pyflakes:/home/raspi-earth/ros2_humble/install/ament_pycodestyle:/home/raspi-earth/ros2_humble/install/ament_pep257:/home/raspi-earth/ros2_humble/install/ament_pclint:/home/raspi-earth/ros2_humble/install/ament_package:/home/raspi-earth/ros2_humble/install/ament_mypy:/home/raspi-earth/ros2_humble/install/ament_lint_cmake:/home/raspi-earth/ros2_humble/install/ament_flake8:/home/raspi-earth/ros2_humble/install/ament_copyright:/home/raspi-earth/ros2_humble/install/ament_lint:/home/raspi-earth/ros2_humble/install/ament_index_python:/home/raspi-earth/ros2_humble/install/ament_cpplint:/home/raspi-earth/ros2_humble/install/ament_cppcheck:/home/raspi-earth/ros2_humble/install/ament_clang_tidy:/home/raspi-earth/ros2_humble/install/ament_clang_format /usr/bin/cmake --build /home/raspi-earth/project_ws/build/whitepost_description -- -j4 -l4
[8.839s] DEBUG:colcon.colcon_core.event_handler.log_command:Invoked command in '/home/raspi-earth/project_ws/build/whitepost_description' returned '0': CMAKE_PREFIX_PATH=${CMAKE_PREFIX_PATH}:/home/raspi-earth/project_ws/install/processor_unit:/home/raspi-earth/project_ws/install/motor_control:/home/raspi-earth/project_ws/install/launch_project:/home/raspi-earth/project_ws/install/encoder_unit:/home/raspi-earth/ros2_humble/install/rqt_bag_plugins:/home/raspi-earth/ros2_humble/install/rqt_bag:/home/raspi-earth/ros2_humble/install/launch_testing_examples:/home/raspi-earth/ros2_humble/install/ros2bag:/home/raspi-earth/ros2_humble/install/tracetools_test:/home/raspi-earth/ros2_humble/install/tracetools_launch:/home/raspi-earth/ros2_humble/install/topic_monitor:/home/raspi-earth/ros2_humble/install/tf2_tools:/home/raspi-earth/ros2_humble/install/examples_tf2_py:/home/raspi-earth/ros2_humble/install/tf2_ros_py:/home/raspi-earth/ros2_humble/install/sros2:/home/raspi-earth/ros2_humble/install/rqt_topic:/home/raspi-earth/ros2_humble/install/rqt_srv:/home/raspi-earth/ros2_humble/install/rqt_shell:/home/raspi-earth/ros2_humble/install/rqt_service_caller:/home/raspi-earth/ros2_humble/install/rqt_reconfigure:/home/raspi-earth/ros2_humble/install/rqt_py_console:/home/raspi-earth/ros2_humble/install/rqt_publisher:/home/raspi-earth/ros2_humble/install/rqt_plot:/home/raspi-earth/ros2_humble/install/rqt_action:/home/raspi-earth/ros2_humble/install/rqt_msg:/home/raspi-earth/ros2_humble/install/rqt_console:/home/raspi-earth/ros2_humble/install/rqt:/home/raspi-earth/ros2_humble/install/rqt_graph:/home/raspi-earth/ros2_humble/install/rqt_gui_py:/home/raspi-earth/ros2_humble/install/rqt_gui:/home/raspi-earth/ros2_humble/install/ros2trace:/home/raspi-earth/ros2_humble/install/ros2topic:/home/raspi-earth/ros2_humble/install/ros2test:/home/raspi-earth/ros2_humble/install/ros2component:/home/raspi-earth/ros2_humble/install/ros2param:/home/raspi-earth/ros2_humble/install/ros2lifecycle:/home/raspi-earth/ros2_humble/install/ros2service:/home/raspi-earth/ros2_humble/install/ros2run:/home/raspi-earth/ros2_humble/install/ros2plugin:/home/raspi-earth/ros2_humble/install/ros2launch:/home/raspi-earth/ros2_humble/install/ros2pkg:/home/raspi-earth/ros2_humble/install/ros2node:/home/raspi-earth/ros2_humble/install/ros2multicast:/home/raspi-earth/ros2_humble/install/ros2interface:/home/raspi-earth/ros2_humble/install/ros2doctor:/home/raspi-earth/ros2_humble/install/ros2action:/home/raspi-earth/ros2_humble/install/ros2cli:/home/raspi-earth/ros2_humble/install/quality_of_service_demo_py:/home/raspi-earth/ros2_humble/install/lifecycle_py:/home/raspi-earth/ros2_humble/install/launch_testing_ros:/home/raspi-earth/ros2_humble/install/launch_ros:/home/raspi-earth/ros2_humble/install/examples_rclpy_pointcloud_publisher:/home/raspi-earth/ros2_humble/install/examples_rclpy_minimal_subscriber:/home/raspi-earth/ros2_humble/install/examples_rclpy_minimal_service:/home/raspi-earth/ros2_humble/install/examples_rclpy_minimal_publisher:/home/raspi-earth/ros2_humble/install/examples_rclpy_minimal_client:/home/raspi-earth/ros2_humble/install/examples_rclpy_minimal_action_server:/home/raspi-earth/ros2_humble/install/examples_rclpy_minimal_action_client:/home/raspi-earth/ros2_humble/install/examples_rclpy_guard_conditions:/home/raspi-earth/ros2_humble/install/examples_rclpy_executors:/home/raspi-earth/ros2_humble/install/demo_nodes_py:/home/raspi-earth/ros2_humble/install/camera_info_manager_py:/home/raspi-earth/ros2_humble/install/action_tutorials_py:/home/raspi-earth/ros2_humble/install/ament_uncrustify:/home/raspi-earth/ros2_humble/install/tracetools_trace:/home/raspi-earth/ros2_humble/install/tracetools_read:/home/raspi-earth/ros2_humble/install/test_tracetools_launch:/home/raspi-earth/ros2_humble/install/test_launch_ros:/home/raspi-earth/ros2_humble/install/sensor_msgs_py:/home/raspi-earth/ros2_humble/install/rpyutils:/home/raspi-earth/ros2_humble/install/rosidl_runtime_py:/home/raspi-earth/ros2_humble/install/rosidl_cli:/home/raspi-earth/ros2_humble/install/launch_pytest:/home/raspi-earth/ros2_humble/install/launch_testing:/home/raspi-earth/ros2_humble/install/launch_yaml:/home/raspi-earth/ros2_humble/install/launch_xml:/home/raspi-earth/ros2_humble/install/launch:/home/raspi-earth/ros2_humble/install/osrf_pycommon:/home/raspi-earth/ros2_humble/install/domain_coordinator:/home/raspi-earth/ros2_humble/install/ament_xmllint:/home/raspi-earth/ros2_humble/install/ament_pyflakes:/home/raspi-earth/ros2_humble/install/ament_pycodestyle:/home/raspi-earth/ros2_humble/install/ament_pep257:/home/raspi-earth/ros2_humble/install/ament_pclint:/home/raspi-earth/ros2_humble/install/ament_package:/home/raspi-earth/ros2_humble/install/ament_mypy:/home/raspi-earth/ros2_humble/install/ament_lint_cmake:/home/raspi-earth/ros2_humble/install/ament_flake8:/home/raspi-earth/ros2_humble/install/ament_copyright:/home/raspi-earth/ros2_humble/install/ament_lint:/home/raspi-earth/ros2_humble/install/ament_index_python:/home/raspi-earth/ros2_humble/install/ament_cpplint:/home/raspi-earth/ros2_humble/install/ament_cppcheck:/home/raspi-earth/ros2_humble/install/ament_clang_tidy:/home/raspi-earth/ros2_humble/install/ament_clang_format /usr/bin/cmake --build /home/raspi-earth/project_ws/build/whitepost_description -- -j4 -l4
[8.862s] DEBUG:colcon.colcon_core.event_handler.log_command:Invoking command in '/home/raspi-earth/project_ws/build/whitepost_description': CMAKE_PREFIX_PATH=${CMAKE_PREFIX_PATH}:/home/raspi-earth/project_ws/install/processor_unit:/home/raspi-earth/project_ws/install/motor_control:/home/raspi-earth/project_ws/install/launch_project:/home/raspi-earth/project_ws/install/encoder_unit:/home/raspi-earth/ros2_humble/install/rqt_bag_plugins:/home/raspi-earth/ros2_humble/install/rqt_bag:/home/raspi-earth/ros2_humble/install/launch_testing_examples:/home/raspi-earth/ros2_humble/install/ros2bag:/home/raspi-earth/ros2_humble/install/tracetools_test:/home/raspi-earth/ros2_humble/install/tracetools_launch:/home/raspi-earth/ros2_humble/install/topic_monitor:/home/raspi-earth/ros2_humble/install/tf2_tools:/home/raspi-earth/ros2_humble/install/examples_tf2_py:/home/raspi-earth/ros2_humble/install/tf2_ros_py:/home/raspi-earth/ros2_humble/install/sros2:/home/raspi-earth/ros2_humble/install/rqt_topic:/home/raspi-earth/ros2_humble/install/rqt_srv:/home/raspi-earth/ros2_humble/install/rqt_shell:/home/raspi-earth/ros2_humble/install/rqt_service_caller:/home/raspi-earth/ros2_humble/install/rqt_reconfigure:/home/raspi-earth/ros2_humble/install/rqt_py_console:/home/raspi-earth/ros2_humble/install/rqt_publisher:/home/raspi-earth/ros2_humble/install/rqt_plot:/home/raspi-earth/ros2_humble/install/rqt_action:/home/raspi-earth/ros2_humble/install/rqt_msg:/home/raspi-earth/ros2_humble/install/rqt_console:/home/raspi-earth/ros2_humble/install/rqt:/home/raspi-earth/ros2_humble/install/rqt_graph:/home/raspi-earth/ros2_humble/install/rqt_gui_py:/home/raspi-earth/ros2_humble/install/rqt_gui:/home/raspi-earth/ros2_humble/install/ros2trace:/home/raspi-earth/ros2_humble/install/ros2topic:/home/raspi-earth/ros2_humble/install/ros2test:/home/raspi-earth/ros2_humble/install/ros2component:/home/raspi-earth/ros2_humble/install/ros2param:/home/raspi-earth/ros2_humble/install/ros2lifecycle:/home/raspi-earth/ros2_humble/install/ros2service:/home/raspi-earth/ros2_humble/install/ros2run:/home/raspi-earth/ros2_humble/install/ros2plugin:/home/raspi-earth/ros2_humble/install/ros2launch:/home/raspi-earth/ros2_humble/install/ros2pkg:/home/raspi-earth/ros2_humble/install/ros2node:/home/raspi-earth/ros2_humble/install/ros2multicast:/home/raspi-earth/ros2_humble/install/ros2interface:/home/raspi-earth/ros2_humble/install/ros2doctor:/home/raspi-earth/ros2_humble/install/ros2action:/home/raspi-earth/ros2_humble/install/ros2cli:/home/raspi-earth/ros2_humble/install/quality_of_service_demo_py:/home/raspi-earth/ros2_humble/install/lifecycle_py:/home/raspi-earth/ros2_humble/install/launch_testing_ros:/home/raspi-earth/ros2_humble/install/launch_ros:/home/raspi-earth/ros2_humble/install/examples_rclpy_pointcloud_publisher:/home/raspi-earth/ros2_humble/install/examples_rclpy_minimal_subscriber:/home/raspi-earth/ros2_humble/install/examples_rclpy_minimal_service:/home/raspi-earth/ros2_humble/install/examples_rclpy_minimal_publisher:/home/raspi-earth/ros2_humble/install/examples_rclpy_minimal_client:/home/raspi-earth/ros2_humble/install/examples_rclpy_minimal_action_server:/home/raspi-earth/ros2_humble/install/examples_rclpy_minimal_action_client:/home/raspi-earth/ros2_humble/install/examples_rclpy_guard_conditions:/home/raspi-earth/ros2_humble/install/examples_rclpy_executors:/home/raspi-earth/ros2_humble/install/demo_nodes_py:/home/raspi-earth/ros2_humble/install/camera_info_manager_py:/home/raspi-earth/ros2_humble/install/action_tutorials_py:/home/raspi-earth/ros2_humble/install/ament_uncrustify:/home/raspi-earth/ros2_humble/install/tracetools_trace:/home/raspi-earth/ros2_humble/install/tracetools_read:/home/raspi-earth/ros2_humble/install/test_tracetools_launch:/home/raspi-earth/ros2_humble/install/test_launch_ros:/home/raspi-earth/ros2_humble/install/sensor_msgs_py:/home/raspi-earth/ros2_humble/install/rpyutils:/home/raspi-earth/ros2_humble/install/rosidl_runtime_py:/home/raspi-earth/ros2_humble/install/rosidl_cli:/home/raspi-earth/ros2_humble/install/launch_pytest:/home/raspi-earth/ros2_humble/install/launch_testing:/home/raspi-earth/ros2_humble/install/launch_yaml:/home/raspi-earth/ros2_humble/install/launch_xml:/home/raspi-earth/ros2_humble/install/launch:/home/raspi-earth/ros2_humble/install/osrf_pycommon:/home/raspi-earth/ros2_humble/install/domain_coordinator:/home/raspi-earth/ros2_humble/install/ament_xmllint:/home/raspi-earth/ros2_humble/install/ament_pyflakes:/home/raspi-earth/ros2_humble/install/ament_pycodestyle:/home/raspi-earth/ros2_humble/install/ament_pep257:/home/raspi-earth/ros2_humble/install/ament_pclint:/home/raspi-earth/ros2_humble/install/ament_package:/home/raspi-earth/ros2_humble/install/ament_mypy:/home/raspi-earth/ros2_humble/install/ament_lint_cmake:/home/raspi-earth/ros2_humble/install/ament_flake8:/home/raspi-earth/ros2_humble/install/ament_copyright:/home/raspi-earth/ros2_humble/install/ament_lint:/home/raspi-earth/ros2_humble/install/ament_index_python:/home/raspi-earth/ros2_humble/install/ament_cpplint:/home/raspi-earth/ros2_humble/install/ament_cppcheck:/home/raspi-earth/ros2_humble/install/ament_clang_tidy:/home/raspi-earth/ros2_humble/install/ament_clang_format /usr/bin/cmake --install /home/raspi-earth/project_ws/build/whitepost_description
[8.880s] Level 1:colcon.colcon_core.environment:create_environment_scripts_only(whitepost_description)
[8.881s] Level 1:colcon.colcon_core.environment:checking '/home/raspi-earth/project_ws/install/whitepost_description' for CMake module files
[8.883s] DEBUG:colcon.colcon_core.event_handler.log_command:Invoked command in '/home/raspi-earth/project_ws/build/whitepost_description' returned '0': CMAKE_PREFIX_PATH=${CMAKE_PREFIX_PATH}:/home/raspi-earth/project_ws/install/processor_unit:/home/raspi-earth/project_ws/install/motor_control:/home/raspi-earth/project_ws/install/launch_project:/home/raspi-earth/project_ws/install/encoder_unit:/home/raspi-earth/ros2_humble/install/rqt_bag_plugins:/home/raspi-earth/ros2_humble/install/rqt_bag:/home/raspi-earth/ros2_humble/install/launch_testing_examples:/home/raspi-earth/ros2_humble/install/ros2bag:/home/raspi-earth/ros2_humble/install/tracetools_test:/home/raspi-earth/ros2_humble/install/tracetools_launch:/home/raspi-earth/ros2_humble/install/topic_monitor:/home/raspi-earth/ros2_humble/install/tf2_tools:/home/raspi-earth/ros2_humble/install/examples_tf2_py:/home/raspi-earth/ros2_humble/install/tf2_ros_py:/home/raspi-earth/ros2_humble/install/sros2:/home/raspi-earth/ros2_humble/install/rqt_topic:/home/raspi-earth/ros2_humble/install/rqt_srv:/home/raspi-earth/ros2_humble/install/rqt_shell:/home/raspi-earth/ros2_humble/install/rqt_service_caller:/home/raspi-earth/ros2_humble/install/rqt_reconfigure:/home/raspi-earth/ros2_humble/install/rqt_py_console:/home/raspi-earth/ros2_humble/install/rqt_publisher:/home/raspi-earth/ros2_humble/install/rqt_plot:/home/raspi-earth/ros2_humble/install/rqt_action:/home/raspi-earth/ros2_humble/install/rqt_msg:/home/raspi-earth/ros2_humble/install/rqt_console:/home/raspi-earth/ros2_humble/install/rqt:/home/raspi-earth/ros2_humble/install/rqt_graph:/home/raspi-earth/ros2_humble/install/rqt_gui_py:/home/raspi-earth/ros2_humble/install/rqt_gui:/home/raspi-earth/ros2_humble/install/ros2trace:/home/raspi-earth/ros2_humble/install/ros2topic:/home/raspi-earth/ros2_humble/install/ros2test:/home/raspi-earth/ros2_humble/install/ros2component:/home/raspi-earth/ros2_humble/install/ros2param:/home/raspi-earth/ros2_humble/install/ros2lifecycle:/home/raspi-earth/ros2_humble/install/ros2service:/home/raspi-earth/ros2_humble/install/ros2run:/home/raspi-earth/ros2_humble/install/ros2plugin:/home/raspi-earth/ros2_humble/install/ros2launch:/home/raspi-earth/ros2_humble/install/ros2pkg:/home/raspi-earth/ros2_humble/install/ros2node:/home/raspi-earth/ros2_humble/install/ros2multicast:/home/raspi-earth/ros2_humble/install/ros2interface:/home/raspi-earth/ros2_humble/install/ros2doctor:/home/raspi-earth/ros2_humble/install/ros2action:/home/raspi-earth/ros2_humble/install/ros2cli:/home/raspi-earth/ros2_humble/install/quality_of_service_demo_py:/home/raspi-earth/ros2_humble/install/lifecycle_py:/home/raspi-earth/ros2_humble/install/launch_testing_ros:/home/raspi-earth/ros2_humble/install/launch_ros:/home/raspi-earth/ros2_humble/install/examples_rclpy_pointcloud_publisher:/home/raspi-earth/ros2_humble/install/examples_rclpy_minimal_subscriber:/home/raspi-earth/ros2_humble/install/examples_rclpy_minimal_service:/home/raspi-earth/ros2_humble/install/examples_rclpy_minimal_publisher:/home/raspi-earth/ros2_humble/install/examples_rclpy_minimal_client:/home/raspi-earth/ros2_humble/install/examples_rclpy_minimal_action_server:/home/raspi-earth/ros2_humble/install/examples_rclpy_minimal_action_client:/home/raspi-earth/ros2_humble/install/examples_rclpy_guard_conditions:/home/raspi-earth/ros2_humble/install/examples_rclpy_executors:/home/raspi-earth/ros2_humble/install/demo_nodes_py:/home/raspi-earth/ros2_humble/install/camera_info_manager_py:/home/raspi-earth/ros2_humble/install/action_tutorials_py:/home/raspi-earth/ros2_humble/install/ament_uncrustify:/home/raspi-earth/ros2_humble/install/tracetools_trace:/home/raspi-earth/ros2_humble/install/tracetools_read:/home/raspi-earth/ros2_humble/install/test_tracetools_launch:/home/raspi-earth/ros2_humble/install/test_launch_ros:/home/raspi-earth/ros2_humble/install/sensor_msgs_py:/home/raspi-earth/ros2_humble/install/rpyutils:/home/raspi-earth/ros2_humble/install/rosidl_runtime_py:/home/raspi-earth/ros2_humble/install/rosidl_cli:/home/raspi-earth/ros2_humble/install/launch_pytest:/home/raspi-earth/ros2_humble/install/launch_testing:/home/raspi-earth/ros2_humble/install/launch_yaml:/home/raspi-earth/ros2_humble/install/launch_xml:/home/raspi-earth/ros2_humble/install/launch:/home/raspi-earth/ros2_humble/install/osrf_pycommon:/home/raspi-earth/ros2_humble/install/domain_coordinator:/home/raspi-earth/ros2_humble/install/ament_xmllint:/home/raspi-earth/ros2_humble/install/ament_pyflakes:/home/raspi-earth/ros2_humble/install/ament_pycodestyle:/home/raspi-earth/ros2_humble/install/ament_pep257:/home/raspi-earth/ros2_humble/install/ament_pclint:/home/raspi-earth/ros2_humble/install/ament_package:/home/raspi-earth/ros2_humble/install/ament_mypy:/home/raspi-earth/ros2_humble/install/ament_lint_cmake:/home/raspi-earth/ros2_humble/install/ament_flake8:/home/raspi-earth/ros2_humble/install/ament_copyright:/home/raspi-earth/ros2_humble/install/ament_lint:/home/raspi-earth/ros2_humble/install/ament_index_python:/home/raspi-earth/ros2_humble/install/ament_cpplint:/home/raspi-earth/ros2_humble/install/ament_cppcheck:/home/raspi-earth/ros2_humble/install/ament_clang_tidy:/home/raspi-earth/ros2_humble/install/ament_clang_format /usr/bin/cmake --install /home/raspi-earth/project_ws/build/whitepost_description
[8.883s] Level 1:colcon.colcon_core.environment:checking '/home/raspi-earth/project_ws/install/whitepost_description' for CMake config files
[8.883s] Level 1:colcon.colcon_core.shell:create_environment_hook('whitepost_description', 'cmake_prefix_path')
[8.884s] INFO:colcon.colcon_core.shell:Creating environment descriptor '/home/raspi-earth/project_ws/install/whitepost_description/share/whitepost_description/hook/cmake_prefix_path.dsv'
[8.899s] INFO:colcon.colcon_core.shell:Creating environment hook '/home/raspi-earth/project_ws/install/whitepost_description/share/whitepost_description/hook/cmake_prefix_path.sh'
[8.900s] Level 1:colcon.colcon_core.environment:checking '/home/raspi-earth/project_ws/install/whitepost_description/bin'
[8.900s] Level 1:colcon.colcon_core.environment:checking '/home/raspi-earth/project_ws/install/whitepost_description/lib/pkgconfig/whitepost_description.pc'
[8.900s] Level 1:colcon.colcon_core.environment:checking '/home/raspi-earth/project_ws/install/whitepost_description/lib/python3.11/site-packages'
[8.901s] Level 1:colcon.colcon_core.environment:checking '/home/raspi-earth/project_ws/install/whitepost_description/bin'
[8.901s] INFO:colcon.colcon_core.shell:Creating package descriptor '/home/raspi-earth/project_ws/install/whitepost_description/share/whitepost_description/package.dsv'
[8.902s] INFO:colcon.colcon_core.shell:Creating package script '/home/raspi-earth/project_ws/install/whitepost_description/share/whitepost_description/package.sh'
[8.903s] INFO:colcon.colcon_core.shell:Creating package script '/home/raspi-earth/project_ws/install/whitepost_description/share/whitepost_description/package.bash'
[8.904s] INFO:colcon.colcon_core.shell:Creating package script '/home/raspi-earth/project_ws/install/whitepost_description/share/whitepost_description/package.zsh'
[8.905s] Level 1:colcon.colcon_core.environment:create_file_with_runtime_dependencies(/home/raspi-earth/project_ws/install/whitepost_description/share/colcon-core/packages/whitepost_description)
[8.906s] Level 1:colcon.colcon_core.environment:create_environment_scripts_only(whitepost_description)
[8.906s] Level 1:colcon.colcon_core.environment:checking '/home/raspi-earth/project_ws/install/whitepost_description' for CMake module files
[8.907s] Level 1:colcon.colcon_core.environment:checking '/home/raspi-earth/project_ws/install/whitepost_description' for CMake config files
[8.907s] Level 1:colcon.colcon_core.shell:create_environment_hook('whitepost_description', 'cmake_prefix_path')
[8.907s] INFO:colcon.colcon_core.shell:Creating environment descriptor '/home/raspi-earth/project_ws/install/whitepost_description/share/whitepost_description/hook/cmake_prefix_path.dsv'
[8.908s] INFO:colcon.colcon_core.shell:Creating environment hook '/home/raspi-earth/project_ws/install/whitepost_description/share/whitepost_description/hook/cmake_prefix_path.sh'
[8.909s] Level 1:colcon.colcon_core.environment:checking '/home/raspi-earth/project_ws/install/whitepost_description/bin'
[8.909s] Level 1:colcon.colcon_core.environment:checking '/home/raspi-earth/project_ws/install/whitepost_description/lib/pkgconfig/whitepost_description.pc'
[8.909s] Level 1:colcon.colcon_core.environment:checking '/home/raspi-earth/project_ws/install/whitepost_description/lib/python3.11/site-packages'
[8.910s] Level 1:colcon.colcon_core.environment:checking '/home/raspi-earth/project_ws/install/whitepost_description/bin'
[8.910s] INFO:colcon.colcon_core.shell:Creating package descriptor '/home/raspi-earth/project_ws/install/whitepost_description/share/whitepost_description/package.dsv'
[8.910s] INFO:colcon.colcon_core.shell:Creating package script '/home/raspi-earth/project_ws/install/whitepost_description/share/whitepost_description/package.sh'
[8.911s] INFO:colcon.colcon_core.shell:Creating package script '/home/raspi-earth/project_ws/install/whitepost_description/share/whitepost_description/package.bash'
[8.912s] INFO:colcon.colcon_core.shell:Creating package script '/home/raspi-earth/project_ws/install/whitepost_description/share/whitepost_description/package.zsh'
[8.913s] Level 1:colcon.colcon_core.environment:create_file_with_runtime_dependencies(/home/raspi-earth/project_ws/install/whitepost_description/share/colcon-core/packages/whitepost_description)
[9.085s] Level 1:colcon.colcon_core.environment:checking '/home/raspi-earth/project_ws/install/processor_unit' for CMake module files
[9.085s] DEBUG:colcon.colcon_core.event_handler.log_command:Invoked command in '/home/raspi-earth/project_ws/src/processor_unit' returned '0': PYTHONPATH=/home/raspi-earth/project_ws/build/processor_unit/prefix_override:/usr/lib/python3/dist-packages/colcon_core/task/python/colcon_distutils_commands:/home/raspi-earth/project_ws/install/processor_unit/lib/python3.11/site-packages:${PYTHONPATH} /usr/bin/python3 -W ignore:setup.py install is deprecated -W ignore:easy_install command is deprecated setup.py egg_info --egg-base ../../build/processor_unit build --build-base /home/raspi-earth/project_ws/build/processor_unit/build install --record /home/raspi-earth/project_ws/build/processor_unit/install.log --single-version-externally-managed install_data
[9.086s] Level 1:colcon.colcon_core.environment:checking '/home/raspi-earth/project_ws/install/processor_unit' for CMake config files
[9.086s] Level 1:colcon.colcon_core.environment:checking '/home/raspi-earth/project_ws/install/processor_unit/lib'
[9.086s] Level 1:colcon.colcon_core.environment:checking '/home/raspi-earth/project_ws/install/processor_unit/bin'
[9.086s] Level 1:colcon.colcon_core.environment:checking '/home/raspi-earth/project_ws/install/processor_unit/lib/pkgconfig/processor_unit.pc'
[9.087s] Level 1:colcon.colcon_core.environment:checking '/home/raspi-earth/project_ws/install/processor_unit/lib/python3.11/site-packages'
[9.087s] Level 1:colcon.colcon_core.shell:create_environment_hook('processor_unit', 'pythonpath')
[9.087s] INFO:colcon.colcon_core.shell:Creating environment descriptor '/home/raspi-earth/project_ws/install/processor_unit/share/processor_unit/hook/pythonpath.dsv'
[9.087s] INFO:colcon.colcon_core.shell:Creating environment hook '/home/raspi-earth/project_ws/install/processor_unit/share/processor_unit/hook/pythonpath.sh'
[9.092s] Level 1:colcon.colcon_core.environment:checking '/home/raspi-earth/project_ws/install/processor_unit/bin'
[9.092s] Level 1:colcon.colcon_core.environment:create_environment_scripts_only(processor_unit)
[9.092s] INFO:colcon.colcon_core.shell:Creating package descriptor '/home/raspi-earth/project_ws/install/processor_unit/share/processor_unit/package.dsv'
[9.112s] INFO:colcon.colcon_core.shell:Creating package script '/home/raspi-earth/project_ws/install/processor_unit/share/processor_unit/package.sh'
[9.113s] INFO:colcon.colcon_core.shell:Creating package script '/home/raspi-earth/project_ws/install/processor_unit/share/processor_unit/package.bash'
[9.114s] INFO:colcon.colcon_core.shell:Creating package script '/home/raspi-earth/project_ws/install/processor_unit/share/processor_unit/package.zsh'
[9.115s] Level 1:colcon.colcon_core.environment:create_file_with_runtime_dependencies(/home/raspi-earth/project_ws/install/processor_unit/share/colcon-core/packages/processor_unit)
[9.115s] DEBUG:colcon.colcon_parallel_executor.executor.parallel:closing loop
[9.115s] DEBUG:colcon.colcon_parallel_executor.executor.parallel:loop closed
[9.116s] DEBUG:colcon.colcon_parallel_executor.executor.parallel:run_until_complete finished with '0'
[9.116s] DEBUG:colcon.colcon_core.event_reactor:joining thread
[9.133s] INFO:colcon.colcon_core.plugin_system:Skipping extension 'colcon_notification.desktop_notification.notify_send': Could not find 'notify-send'
[9.134s] INFO:colcon.colcon_core.plugin_system:Skipping extension 'colcon_notification.desktop_notification.terminal_notifier': Not used on non-Darwin systems
[9.134s] INFO:colcon.colcon_core.plugin_system:Skipping extension 'colcon_notification.desktop_notification.win32': Not used on non-Windows systems
[9.134s] INFO:colcon.colcon_notification.desktop_notification:Sending desktop notification using 'notify2'
[9.134s] DEBUG:colcon.colcon_notification.desktop_notification.notify2:Failed to initialize notify2: org.freedesktop.DBus.Error.ServiceUnknown: The name org.freedesktop.Notifications was not provided by any .service files
[9.135s] DEBUG:colcon.colcon_core.event_reactor:joined thread
[9.135s] INFO:colcon.colcon_core.shell:Creating prefix script '/home/raspi-earth/project_ws/install/local_setup.sh'
[9.136s] INFO:colcon.colcon_core.shell:Creating prefix util module '/home/raspi-earth/project_ws/install/_local_setup_util_sh.py'
[9.137s] INFO:colcon.colcon_core.shell:Creating prefix chain script '/home/raspi-earth/project_ws/install/setup.sh'
[9.149s] INFO:colcon.colcon_core.shell:Creating prefix script '/home/raspi-earth/project_ws/install/local_setup.bash'
[9.150s] INFO:colcon.colcon_core.shell:Creating prefix chain script '/home/raspi-earth/project_ws/install/setup.bash'
[9.161s] INFO:colcon.colcon_core.shell:Creating prefix script '/home/raspi-earth/project_ws/install/local_setup.zsh'
[9.162s] INFO:colcon.colcon_core.shell:Creating prefix chain script '/home/raspi-earth/project_ws/install/setup.zsh'
