[7.942s] Invoking command in '/home/raspi-earth/project_ws/src/launch_project': PYTHONPATH=/home/raspi-earth/project_ws/build/launch_project/prefix_override:/usr/lib/python3/dist-packages/colcon_core/task/python/colcon_distutils_commands:/home/raspi-earth/project_ws/install/launch_project/lib/python3.11/site-packages:${PYTHONPATH} /usr/bin/python3 -W ignore:setup.py install is deprecated -W ignore:easy_install command is deprecated setup.py egg_info --egg-base ../../build/launch_project build --build-base /home/raspi-earth/project_ws/build/launch_project/build install --record /home/raspi-earth/project_ws/build/launch_project/install.log --single-version-externally-managed install_data
[9.839s] running egg_info
[9.908s] writing ../../build/launch_project/launch_project.egg-info/PKG-INFO
[9.909s] writing dependency_links to ../../build/launch_project/launch_project.egg-info/dependency_links.txt
[9.913s] writing requirements to ../../build/launch_project/launch_project.egg-info/requires.txt
[9.913s] writing top-level names to ../../build/launch_project/launch_project.egg-info/top_level.txt
[10.027s] reading manifest file '../../build/launch_project/launch_project.egg-info/SOURCES.txt'
[10.027s] adding license file 'LICENSE'
[10.029s] writing manifest file '../../build/launch_project/launch_project.egg-info/SOURCES.txt'
[10.029s] running build
[10.030s] running build_py
[10.033s] running install
[10.043s] running install_lib
[10.120s] running install_data
[10.122s] running install_egg_info
[10.286s] removing '/home/raspi-earth/project_ws/install/launch_project/lib/python3.11/site-packages/launch_project-0.0.0-py3.11.egg-info' (and everything under it)
[10.286s] Copying ../../build/launch_project/launch_project.egg-info to /home/raspi-earth/project_ws/install/launch_project/lib/python3.11/site-packages/launch_project-0.0.0-py3.11.egg-info
[10.293s] running install_scripts
[10.701s] writing list of installed files to '/home/raspi-earth/project_ws/build/launch_project/install.log'
[10.894s] Invoked command in '/home/raspi-earth/project_ws/src/launch_project' returned '0': PYTHONPATH=/home/raspi-earth/project_ws/build/launch_project/prefix_override:/usr/lib/python3/dist-packages/colcon_core/task/python/colcon_distutils_commands:/home/raspi-earth/project_ws/install/launch_project/lib/python3.11/site-packages:${PYTHONPATH} /usr/bin/python3 -W ignore:setup.py install is deprecated -W ignore:easy_install command is deprecated setup.py egg_info --egg-base ../../build/launch_project build --build-base /home/raspi-earth/project_ws/build/launch_project/build install --record /home/raspi-earth/project_ws/build/launch_project/install.log --single-version-externally-managed install_data
