[8.506s] Invoking command in '/home/raspi-earth/project_ws/src/processor_unit': PYTHONPATH=/home/raspi-earth/project_ws/build/processor_unit/prefix_override:/usr/lib/python3/dist-packages/colcon_core/task/python/colcon_distutils_commands:/home/raspi-earth/project_ws/install/processor_unit/lib/python3.11/site-packages:${PYTHONPATH} /usr/bin/python3 -W ignore:setup.py install is deprecated -W ignore:easy_install command is deprecated setup.py egg_info --egg-base ../../build/processor_unit build --build-base /home/raspi-earth/project_ws/build/processor_unit/build install --record /home/raspi-earth/project_ws/build/processor_unit/install.log --single-version-externally-managed install_data
[10.707s] running egg_info
[10.792s] writing ../../build/processor_unit/processor_unit.egg-info/PKG-INFO
[10.793s] writing dependency_links to ../../build/processor_unit/processor_unit.egg-info/dependency_links.txt
[10.794s] writing entry points to ../../build/processor_unit/processor_unit.egg-info/entry_points.txt
[10.795s] writing requirements to ../../build/processor_unit/processor_unit.egg-info/requires.txt
[10.795s] writing top-level names to ../../build/processor_unit/processor_unit.egg-info/top_level.txt
[10.977s] reading manifest file '../../build/processor_unit/processor_unit.egg-info/SOURCES.txt'
[10.978s] adding license file 'LICENSE'
[10.981s] writing manifest file '../../build/processor_unit/processor_unit.egg-info/SOURCES.txt'
[10.981s] running build
[10.981s] running build_py
[10.983s] running install
[11.011s] running install_lib
[11.131s] running install_data
[11.136s] running install_egg_info
[11.306s] removing '/home/raspi-earth/project_ws/install/processor_unit/lib/python3.11/site-packages/processor_unit-0.0.0-py3.11.egg-info' (and everything under it)
[11.306s] Copying ../../build/processor_unit/processor_unit.egg-info to /home/raspi-earth/project_ws/install/processor_unit/lib/python3.11/site-packages/processor_unit-0.0.0-py3.11.egg-info
[11.308s] running install_scripts
[11.665s] Installing main_processor script to /home/raspi-earth/project_ws/install/processor_unit/lib/processor_unit
[11.665s] Installing steam_cam script to /home/raspi-earth/project_ws/install/processor_unit/lib/processor_unit
[11.666s] Installing test script to /home/raspi-earth/project_ws/install/processor_unit/lib/processor_unit
[11.668s] Installing test1 script to /home/raspi-earth/project_ws/install/processor_unit/lib/processor_unit
[11.669s] Installing uart_zero_two_w script to /home/raspi-earth/project_ws/install/processor_unit/lib/processor_unit
[11.672s] writing list of installed files to '/home/raspi-earth/project_ws/build/processor_unit/install.log'
[11.859s] Invoked command in '/home/raspi-earth/project_ws/src/processor_unit' returned '0': PYTHONPATH=/home/raspi-earth/project_ws/build/processor_unit/prefix_override:/usr/lib/python3/dist-packages/colcon_core/task/python/colcon_distutils_commands:/home/raspi-earth/project_ws/install/processor_unit/lib/python3.11/site-packages:${PYTHONPATH} /usr/bin/python3 -W ignore:setup.py install is deprecated -W ignore:easy_install command is deprecated setup.py egg_info --egg-base ../../build/processor_unit build --build-base /home/raspi-earth/project_ws/build/processor_unit/build install --record /home/raspi-earth/project_ws/build/processor_unit/install.log --single-version-externally-managed install_data
