[7.551s] Invoking command in '/home/raspi-earth/project_ws/src/launch_project': PYTHONPATH=/home/raspi-earth/project_ws/build/launch_project/prefix_override:/usr/lib/python3/dist-packages/colcon_core/task/python/colcon_distutils_commands:/home/raspi-earth/project_ws/install/launch_project/lib/python3.11/site-packages:${PYTHONPATH} /usr/bin/python3 -W ignore:setup.py install is deprecated -W ignore:easy_install command is deprecated setup.py egg_info --egg-base ../../build/launch_project build --build-base /home/raspi-earth/project_ws/build/launch_project/build install --record /home/raspi-earth/project_ws/build/launch_project/install.log --single-version-externally-managed install_data
[9.099s] running egg_info
[9.163s] writing ../../build/launch_project/launch_project.egg-info/PKG-INFO
[9.165s] writing dependency_links to ../../build/launch_project/launch_project.egg-info/dependency_links.txt
[9.166s] writing requirements to ../../build/launch_project/launch_project.egg-info/requires.txt
[9.167s] writing top-level names to ../../build/launch_project/launch_project.egg-info/top_level.txt
[9.283s] reading manifest file '../../build/launch_project/launch_project.egg-info/SOURCES.txt'
[9.284s] adding license file 'LICENSE'
[9.285s] writing manifest file '../../build/launch_project/launch_project.egg-info/SOURCES.txt'
[9.286s] running build
[9.286s] running build_py
[9.287s] running install
[9.301s] running install_lib
[9.390s] running install_data
[9.391s] running install_egg_info
[9.555s] removing '/home/raspi-earth/project_ws/install/launch_project/lib/python3.11/site-packages/launch_project-0.0.0-py3.11.egg-info' (and everything under it)
[9.563s] Copying ../../build/launch_project/launch_project.egg-info to /home/raspi-earth/project_ws/install/launch_project/lib/python3.11/site-packages/launch_project-0.0.0-py3.11.egg-info
[9.563s] running install_scripts
[9.837s] writing list of installed files to '/home/raspi-earth/project_ws/build/launch_project/install.log'
[10.053s] Invoked command in '/home/raspi-earth/project_ws/src/launch_project' returned '0': PYTHONPATH=/home/raspi-earth/project_ws/build/launch_project/prefix_override:/usr/lib/python3/dist-packages/colcon_core/task/python/colcon_distutils_commands:/home/raspi-earth/project_ws/install/launch_project/lib/python3.11/site-packages:${PYTHONPATH} /usr/bin/python3 -W ignore:setup.py install is deprecated -W ignore:easy_install command is deprecated setup.py egg_info --egg-base ../../build/launch_project build --build-base /home/raspi-earth/project_ws/build/launch_project/build install --record /home/raspi-earth/project_ws/build/launch_project/install.log --single-version-externally-managed install_data
