[8.416s] Invoking command in '/home/raspi-earth/project_ws/src/processor_unit': PYTHONPATH=/home/raspi-earth/project_ws/build/processor_unit/prefix_override:/usr/lib/python3/dist-packages/colcon_core/task/python/colcon_distutils_commands:/home/raspi-earth/project_ws/install/processor_unit/lib/python3.11/site-packages:${PYTHONPATH} /usr/bin/python3 -W ignore:setup.py install is deprecated -W ignore:easy_install command is deprecated setup.py egg_info --egg-base ../../build/processor_unit build --build-base /home/raspi-earth/project_ws/build/processor_unit/build install --record /home/raspi-earth/project_ws/build/processor_unit/install.log --single-version-externally-managed install_data
[10.041s] running egg_info
[10.080s] writing ../../build/processor_unit/processor_unit.egg-info/PKG-INFO
[10.084s] writing dependency_links to ../../build/processor_unit/processor_unit.egg-info/dependency_links.txt
[10.084s] writing entry points to ../../build/processor_unit/processor_unit.egg-info/entry_points.txt
[10.085s] writing requirements to ../../build/processor_unit/processor_unit.egg-info/requires.txt
[10.085s] writing top-level names to ../../build/processor_unit/processor_unit.egg-info/top_level.txt
[10.270s] reading manifest file '../../build/processor_unit/processor_unit.egg-info/SOURCES.txt'
[10.271s] adding license file 'LICENSE'
[10.274s] writing manifest file '../../build/processor_unit/processor_unit.egg-info/SOURCES.txt'
[10.274s] running build
[10.276s] running build_py
[10.280s] running install
[10.305s] running install_lib
[10.411s] running install_data
[10.411s] running install_egg_info
[10.579s] removing '/home/raspi-earth/project_ws/install/processor_unit/lib/python3.11/site-packages/processor_unit-0.0.0-py3.11.egg-info' (and everything under it)
[10.580s] Copying ../../build/processor_unit/processor_unit.egg-info to /home/raspi-earth/project_ws/install/processor_unit/lib/python3.11/site-packages/processor_unit-0.0.0-py3.11.egg-info
[10.588s] running install_scripts
[10.910s] Installing main_processor script to /home/raspi-earth/project_ws/install/processor_unit/lib/processor_unit
[10.910s] Installing steam_cam script to /home/raspi-earth/project_ws/install/processor_unit/lib/processor_unit
[10.911s] Installing test script to /home/raspi-earth/project_ws/install/processor_unit/lib/processor_unit
[10.913s] Installing test1 script to /home/raspi-earth/project_ws/install/processor_unit/lib/processor_unit
[10.913s] Installing uart_command_and_status_to_pi5 script to /home/raspi-earth/project_ws/install/processor_unit/lib/processor_unit
[10.917s] Installing uart_zero_two_w script to /home/raspi-earth/project_ws/install/processor_unit/lib/processor_unit
[10.919s] writing list of installed files to '/home/raspi-earth/project_ws/build/processor_unit/install.log'
[11.111s] Invoked command in '/home/raspi-earth/project_ws/src/processor_unit' returned '0': PYTHONPATH=/home/raspi-earth/project_ws/build/processor_unit/prefix_override:/usr/lib/python3/dist-packages/colcon_core/task/python/colcon_distutils_commands:/home/raspi-earth/project_ws/install/processor_unit/lib/python3.11/site-packages:${PYTHONPATH} /usr/bin/python3 -W ignore:setup.py install is deprecated -W ignore:easy_install command is deprecated setup.py egg_info --egg-base ../../build/processor_unit build --build-base /home/raspi-earth/project_ws/build/processor_unit/build install --record /home/raspi-earth/project_ws/build/processor_unit/install.log --single-version-externally-managed install_data
