[6.595s] Invoking command in '/home/raspi-earth/project_ws/src/processor_unit': PYTHONPATH=/home/raspi-earth/project_ws/build/processor_unit/prefix_override:/usr/lib/python3/dist-packages/colcon_core/task/python/colcon_distutils_commands:/home/raspi-earth/project_ws/install/processor_unit/lib/python3.11/site-packages:${PYTHONPATH} /usr/bin/python3 -W ignore:setup.py install is deprecated -W ignore:easy_install command is deprecated setup.py egg_info --egg-base ../../build/processor_unit build --build-base /home/raspi-earth/project_ws/build/processor_unit/build install --record /home/raspi-earth/project_ws/build/processor_unit/install.log --single-version-externally-managed install_data
[8.131s] running egg_info
[8.209s] writing ../../build/processor_unit/processor_unit.egg-info/PKG-INFO
[8.210s] writing dependency_links to ../../build/processor_unit/processor_unit.egg-info/dependency_links.txt
[8.210s] writing entry points to ../../build/processor_unit/processor_unit.egg-info/entry_points.txt
[8.210s] writing requirements to ../../build/processor_unit/processor_unit.egg-info/requires.txt
[8.212s] writing top-level names to ../../build/processor_unit/processor_unit.egg-info/top_level.txt
[8.297s] reading manifest file '../../build/processor_unit/processor_unit.egg-info/SOURCES.txt'
[8.297s] adding license file 'LICENSE'
[8.300s] writing manifest file '../../build/processor_unit/processor_unit.egg-info/SOURCES.txt'
[8.300s] running build
[8.300s] running build_py
[8.300s] running install
[8.322s] running install_lib
[8.428s] running install_data
[8.428s] running install_egg_info
[8.596s] removing '/home/raspi-earth/project_ws/install/processor_unit/lib/python3.11/site-packages/processor_unit-0.0.0-py3.11.egg-info' (and everything under it)
[8.604s] Copying ../../build/processor_unit/processor_unit.egg-info to /home/raspi-earth/project_ws/install/processor_unit/lib/python3.11/site-packages/processor_unit-0.0.0-py3.11.egg-info
[8.612s] running install_scripts
[8.871s] Installing main_processor script to /home/raspi-earth/project_ws/install/processor_unit/lib/processor_unit
[8.873s] Installing test script to /home/raspi-earth/project_ws/install/processor_unit/lib/processor_unit
[8.876s] Installing test1 script to /home/raspi-earth/project_ws/install/processor_unit/lib/processor_unit
[8.876s] Installing uart_zero_two_w script to /home/raspi-earth/project_ws/install/processor_unit/lib/processor_unit
[8.880s] writing list of installed files to '/home/raspi-earth/project_ws/build/processor_unit/install.log'
[9.098s] Invoked command in '/home/raspi-earth/project_ws/src/processor_unit' returned '0': PYTHONPATH=/home/raspi-earth/project_ws/build/processor_unit/prefix_override:/usr/lib/python3/dist-packages/colcon_core/task/python/colcon_distutils_commands:/home/raspi-earth/project_ws/install/processor_unit/lib/python3.11/site-packages:${PYTHONPATH} /usr/bin/python3 -W ignore:setup.py install is deprecated -W ignore:easy_install command is deprecated setup.py egg_info --egg-base ../../build/processor_unit build --build-base /home/raspi-earth/project_ws/build/processor_unit/build install --record /home/raspi-earth/project_ws/build/processor_unit/install.log --single-version-externally-managed install_data
