[1.631s] Invoking command in '/home/erthirarat/Desktop/Senior_Project-WhitePost-Main_Arm/src/launch_project': PYTHONPATH=/home/erthirarat/Desktop/Senior_Project-WhitePost-Main_Arm/build/launch_project/prefix_override:/usr/lib/python3/dist-packages/colcon_core/task/python/colcon_distutils_commands:/home/erthirarat/Desktop/Senior_Project-WhitePost-Main_Arm/install/launch_project/lib/python3.10/site-packages:${PYTHONPATH} /usr/bin/python3 -W ignore:setup.py install is deprecated -W ignore:easy_install command is deprecated setup.py egg_info --egg-base ../../build/launch_project build --build-base /home/erthirarat/Desktop/Senior_Project-WhitePost-Main_Arm/build/launch_project/build install --record /home/erthirarat/Desktop/Senior_Project-WhitePost-Main_Arm/build/launch_project/install.log --single-version-externally-managed install_data
[2.066s] running egg_info
[2.067s] writing ../../build/launch_project/launch_project.egg-info/PKG-INFO
[2.068s] writing dependency_links to ../../build/launch_project/launch_project.egg-info/dependency_links.txt
[2.070s] writing entry points to ../../build/launch_project/launch_project.egg-info/entry_points.txt
[2.070s] writing requirements to ../../build/launch_project/launch_project.egg-info/requires.txt
[2.070s] writing top-level names to ../../build/launch_project/launch_project.egg-info/top_level.txt
[2.076s] reading manifest file '../../build/launch_project/launch_project.egg-info/SOURCES.txt'
[2.078s] adding license file 'LICENSE'
[2.078s] writing manifest file '../../build/launch_project/launch_project.egg-info/SOURCES.txt'
[2.078s] running build
[2.078s] running build_py
[2.078s] running install
[2.078s] running install_lib
[2.080s] running install_data
[2.082s] running install_egg_info
[2.083s] removing '/home/erthirarat/Desktop/Senior_Project-WhitePost-Main_Arm/install/launch_project/lib/python3.10/site-packages/launch_project-0.0.0-py3.10.egg-info' (and everything under it)
[2.083s] Copying ../../build/launch_project/launch_project.egg-info to /home/erthirarat/Desktop/Senior_Project-WhitePost-Main_Arm/install/launch_project/lib/python3.10/site-packages/launch_project-0.0.0-py3.10.egg-info
[2.085s] running install_scripts
[2.116s] writing list of installed files to '/home/erthirarat/Desktop/Senior_Project-WhitePost-Main_Arm/build/launch_project/install.log'
[2.157s] Invoked command in '/home/erthirarat/Desktop/Senior_Project-WhitePost-Main_Arm/src/launch_project' returned '0': PYTHONPATH=/home/erthirarat/Desktop/Senior_Project-WhitePost-Main_Arm/build/launch_project/prefix_override:/usr/lib/python3/dist-packages/colcon_core/task/python/colcon_distutils_commands:/home/erthirarat/Desktop/Senior_Project-WhitePost-Main_Arm/install/launch_project/lib/python3.10/site-packages:${PYTHONPATH} /usr/bin/python3 -W ignore:setup.py install is deprecated -W ignore:easy_install command is deprecated setup.py egg_info --egg-base ../../build/launch_project build --build-base /home/erthirarat/Desktop/Senior_Project-WhitePost-Main_Arm/build/launch_project/build install --record /home/erthirarat/Desktop/Senior_Project-WhitePost-Main_Arm/build/launch_project/install.log --single-version-externally-managed install_data
