[1.377s] Invoking command in '/home/erthirarat/Desktop/Senior_Project-WhitePost-Main_Arm/src/launch_project': PYTHONPATH=/home/erthirarat/Desktop/Senior_Project-WhitePost-Main_Arm/build/launch_project/prefix_override:/usr/lib/python3/dist-packages/colcon_core/task/python/colcon_distutils_commands:/home/erthirarat/Desktop/Senior_Project-WhitePost-Main_Arm/install/launch_project/lib/python3.10/site-packages:${PYTHONPATH} /usr/bin/python3 -W ignore:setup.py install is deprecated -W ignore:easy_install command is deprecated setup.py egg_info --egg-base ../../build/launch_project build --build-base /home/erthirarat/Desktop/Senior_Project-WhitePost-Main_Arm/build/launch_project/build install --record /home/erthirarat/Desktop/Senior_Project-WhitePost-Main_Arm/build/launch_project/install.log --single-version-externally-managed install_data
[1.652s] running egg_info
[1.653s] writing ../../build/launch_project/launch_project.egg-info/PKG-INFO
[1.653s] writing dependency_links to ../../build/launch_project/launch_project.egg-info/dependency_links.txt
[1.654s] writing entry points to ../../build/launch_project/launch_project.egg-info/entry_points.txt
[1.654s] writing requirements to ../../build/launch_project/launch_project.egg-info/requires.txt
[1.654s] writing top-level names to ../../build/launch_project/launch_project.egg-info/top_level.txt
[1.658s] reading manifest file '../../build/launch_project/launch_project.egg-info/SOURCES.txt'
[1.658s] adding license file 'LICENSE'
[1.659s] writing manifest file '../../build/launch_project/launch_project.egg-info/SOURCES.txt'
[1.659s] running build
[1.659s] running build_py
[1.660s] running install
[1.660s] running install_lib
[1.662s] running install_data
[1.662s] running install_egg_info
[1.665s] removing '/home/erthirarat/Desktop/Senior_Project-WhitePost-Main_Arm/install/launch_project/lib/python3.10/site-packages/launch_project-0.0.0-py3.10.egg-info' (and everything under it)
[1.666s] Copying ../../build/launch_project/launch_project.egg-info to /home/erthirarat/Desktop/Senior_Project-WhitePost-Main_Arm/install/launch_project/lib/python3.10/site-packages/launch_project-0.0.0-py3.10.egg-info
[1.667s] running install_scripts
[1.699s] writing list of installed files to '/home/erthirarat/Desktop/Senior_Project-WhitePost-Main_Arm/build/launch_project/install.log'
[1.740s] Invoked command in '/home/erthirarat/Desktop/Senior_Project-WhitePost-Main_Arm/src/launch_project' returned '0': PYTHONPATH=/home/erthirarat/Desktop/Senior_Project-WhitePost-Main_Arm/build/launch_project/prefix_override:/usr/lib/python3/dist-packages/colcon_core/task/python/colcon_distutils_commands:/home/erthirarat/Desktop/Senior_Project-WhitePost-Main_Arm/install/launch_project/lib/python3.10/site-packages:${PYTHONPATH} /usr/bin/python3 -W ignore:setup.py install is deprecated -W ignore:easy_install command is deprecated setup.py egg_info --egg-base ../../build/launch_project build --build-base /home/erthirarat/Desktop/Senior_Project-WhitePost-Main_Arm/build/launch_project/build install --record /home/erthirarat/Desktop/Senior_Project-WhitePost-Main_Arm/build/launch_project/install.log --single-version-externally-managed install_data
