[15.030s] Invoking command in '/home/raspi-earth/project_ws/src/encoder_unit': PYTHONPATH=/home/raspi-earth/project_ws/build/encoder_unit/prefix_override:/usr/lib/python3/dist-packages/colcon_core/task/python/colcon_distutils_commands:/home/raspi-earth/project_ws/install/encoder_unit/lib/python3.11/site-packages:${PYTHONPATH} /usr/bin/python3 -W ignore:setup.py install is deprecated -W ignore:easy_install command is deprecated setup.py egg_info --egg-base ../../build/encoder_unit build --build-base /home/raspi-earth/project_ws/build/encoder_unit/build install --record /home/raspi-earth/project_ws/build/encoder_unit/install.log --single-version-externally-managed install_data
[18.248s] running egg_info
[18.402s] writing ../../build/encoder_unit/encoder_unit.egg-info/PKG-INFO
[18.402s] writing dependency_links to ../../build/encoder_unit/encoder_unit.egg-info/dependency_links.txt
[18.403s] writing entry points to ../../build/encoder_unit/encoder_unit.egg-info/entry_points.txt
[18.403s] writing requirements to ../../build/encoder_unit/encoder_unit.egg-info/requires.txt
[18.403s] writing top-level names to ../../build/encoder_unit/encoder_unit.egg-info/top_level.txt
[18.740s] reading manifest file '../../build/encoder_unit/encoder_unit.egg-info/SOURCES.txt'
[18.741s] adding license file 'LICENSE'
[18.742s] writing manifest file '../../build/encoder_unit/encoder_unit.egg-info/SOURCES.txt'
[18.742s] running build
[18.747s] running build_py
[18.748s] running install
[18.768s] running install_lib
[18.887s] running install_data
[18.888s] running install_egg_info
[19.239s] removing '/home/raspi-earth/project_ws/install/encoder_unit/lib/python3.11/site-packages/encoder_unit-0.0.0-py3.11.egg-info' (and everything under it)
[19.240s] Copying ../../build/encoder_unit/encoder_unit.egg-info to /home/raspi-earth/project_ws/install/encoder_unit/lib/python3.11/site-packages/encoder_unit-0.0.0-py3.11.egg-info
[19.242s] running install_scripts
[19.857s] Installing as5600_1 script to /home/raspi-earth/project_ws/install/encoder_unit/lib/encoder_unit
[19.857s] Installing as5600_2 script to /home/raspi-earth/project_ws/install/encoder_unit/lib/encoder_unit
[19.858s] Installing as5600_3 script to /home/raspi-earth/project_ws/install/encoder_unit/lib/encoder_unit
[19.859s] Installing as5600_4 script to /home/raspi-earth/project_ws/install/encoder_unit/lib/encoder_unit
[19.860s] Installing as5600_5 script to /home/raspi-earth/project_ws/install/encoder_unit/lib/encoder_unit
[19.862s] Installing limit script to /home/raspi-earth/project_ws/install/encoder_unit/lib/encoder_unit
[19.862s] writing list of installed files to '/home/raspi-earth/project_ws/build/encoder_unit/install.log'
[20.118s] Invoked command in '/home/raspi-earth/project_ws/src/encoder_unit' returned '0': PYTHONPATH=/home/raspi-earth/project_ws/build/encoder_unit/prefix_override:/usr/lib/python3/dist-packages/colcon_core/task/python/colcon_distutils_commands:/home/raspi-earth/project_ws/install/encoder_unit/lib/python3.11/site-packages:${PYTHONPATH} /usr/bin/python3 -W ignore:setup.py install is deprecated -W ignore:easy_install command is deprecated setup.py egg_info --egg-base ../../build/encoder_unit build --build-base /home/raspi-earth/project_ws/build/encoder_unit/build install --record /home/raspi-earth/project_ws/build/encoder_unit/install.log --single-version-externally-managed install_data
