[14.298s] Invoking command in '/home/raspi-earth/project_ws/src/processor_unit': PYTHONPATH=/home/raspi-earth/project_ws/build/processor_unit/prefix_override:/usr/lib/python3/dist-packages/colcon_core/task/python/colcon_distutils_commands:/home/raspi-earth/project_ws/install/processor_unit/lib/python3.11/site-packages:${PYTHONPATH} /usr/bin/python3 -W ignore:setup.py install is deprecated -W ignore:easy_install command is deprecated setup.py egg_info --egg-base ../../build/processor_unit build --build-base /home/raspi-earth/project_ws/build/processor_unit/build install --record /home/raspi-earth/project_ws/build/processor_unit/install.log --single-version-externally-managed install_data
[18.483s] running egg_info
[18.716s] writing ../../build/processor_unit/processor_unit.egg-info/PKG-INFO
[18.724s] writing dependency_links to ../../build/processor_unit/processor_unit.egg-info/dependency_links.txt
[18.724s] writing entry points to ../../build/processor_unit/processor_unit.egg-info/entry_points.txt
[18.725s] writing requirements to ../../build/processor_unit/processor_unit.egg-info/requires.txt
[18.726s] writing top-level names to ../../build/processor_unit/processor_unit.egg-info/top_level.txt
[19.075s] reading manifest file '../../build/processor_unit/processor_unit.egg-info/SOURCES.txt'
[19.076s] adding license file 'LICENSE'
[19.079s] writing manifest file '../../build/processor_unit/processor_unit.egg-info/SOURCES.txt'
[19.079s] running build
[19.080s] running build_py
[19.081s] running install
[19.126s] running install_lib
[19.284s] running install_data
[19.284s] running install_egg_info
[19.607s] removing '/home/raspi-earth/project_ws/install/processor_unit/lib/python3.11/site-packages/processor_unit-0.0.0-py3.11.egg-info' (and everything under it)
[19.616s] Copying ../../build/processor_unit/processor_unit.egg-info to /home/raspi-earth/project_ws/install/processor_unit/lib/python3.11/site-packages/processor_unit-0.0.0-py3.11.egg-info
[19.616s] running install_scripts
[20.144s] Installing main_processor script to /home/raspi-earth/project_ws/install/processor_unit/lib/processor_unit
[20.146s] Installing steam_cam script to /home/raspi-earth/project_ws/install/processor_unit/lib/processor_unit
[20.150s] Installing test script to /home/raspi-earth/project_ws/install/processor_unit/lib/processor_unit
[20.150s] Installing test1 script to /home/raspi-earth/project_ws/install/processor_unit/lib/processor_unit
[20.151s] Installing uart_zero_two_w script to /home/raspi-earth/project_ws/install/processor_unit/lib/processor_unit
[20.153s] writing list of installed files to '/home/raspi-earth/project_ws/build/processor_unit/install.log'
[20.344s] Invoked command in '/home/raspi-earth/project_ws/src/processor_unit' returned '0': PYTHONPATH=/home/raspi-earth/project_ws/build/processor_unit/prefix_override:/usr/lib/python3/dist-packages/colcon_core/task/python/colcon_distutils_commands:/home/raspi-earth/project_ws/install/processor_unit/lib/python3.11/site-packages:${PYTHONPATH} /usr/bin/python3 -W ignore:setup.py install is deprecated -W ignore:easy_install command is deprecated setup.py egg_info --egg-base ../../build/processor_unit build --build-base /home/raspi-earth/project_ws/build/processor_unit/build install --record /home/raspi-earth/project_ws/build/processor_unit/install.log --single-version-externally-managed install_data
