[6.539s] Invoking command in '/home/raspi-earth/project_ws/src/processor_unit': PYTHONPATH=/home/raspi-earth/project_ws/build/processor_unit/prefix_override:/usr/lib/python3/dist-packages/colcon_core/task/python/colcon_distutils_commands:/home/raspi-earth/project_ws/install/processor_unit/lib/python3.11/site-packages:${PYTHONPATH} /usr/bin/python3 -W ignore:setup.py install is deprecated -W ignore:easy_install command is deprecated setup.py egg_info --egg-base ../../build/processor_unit build --build-base /home/raspi-earth/project_ws/build/processor_unit/build install --record /home/raspi-earth/project_ws/build/processor_unit/install.log --single-version-externally-managed install_data
[8.057s] running egg_info
[8.100s] writing ../../build/processor_unit/processor_unit.egg-info/PKG-INFO
[8.100s] writing dependency_links to ../../build/processor_unit/processor_unit.egg-info/dependency_links.txt
[8.101s] writing entry points to ../../build/processor_unit/processor_unit.egg-info/entry_points.txt
[8.102s] writing requirements to ../../build/processor_unit/processor_unit.egg-info/requires.txt
[8.103s] writing top-level names to ../../build/processor_unit/processor_unit.egg-info/top_level.txt
[8.250s] reading manifest file '../../build/processor_unit/processor_unit.egg-info/SOURCES.txt'
[8.250s] adding license file 'LICENSE'
[8.251s] writing manifest file '../../build/processor_unit/processor_unit.egg-info/SOURCES.txt'
[8.252s] running build
[8.252s] running build_py
[8.253s] running install
[8.266s] running install_lib
[8.338s] running install_data
[8.342s] running install_egg_info
[8.478s] removing '/home/raspi-earth/project_ws/install/processor_unit/lib/python3.11/site-packages/processor_unit-0.0.0-py3.11.egg-info' (and everything under it)
[8.482s] Copying ../../build/processor_unit/processor_unit.egg-info to /home/raspi-earth/project_ws/install/processor_unit/lib/python3.11/site-packages/processor_unit-0.0.0-py3.11.egg-info
[8.483s] running install_scripts
[8.832s] Installing main_processor script to /home/raspi-earth/project_ws/install/processor_unit/lib/processor_unit
[8.832s] Installing test script to /home/raspi-earth/project_ws/install/processor_unit/lib/processor_unit
[8.833s] Installing test1 script to /home/raspi-earth/project_ws/install/processor_unit/lib/processor_unit
[8.834s] Installing uart_zero_two_w script to /home/raspi-earth/project_ws/install/processor_unit/lib/processor_unit
[8.835s] writing list of installed files to '/home/raspi-earth/project_ws/build/processor_unit/install.log'
[8.964s] Invoked command in '/home/raspi-earth/project_ws/src/processor_unit' returned '0': PYTHONPATH=/home/raspi-earth/project_ws/build/processor_unit/prefix_override:/usr/lib/python3/dist-packages/colcon_core/task/python/colcon_distutils_commands:/home/raspi-earth/project_ws/install/processor_unit/lib/python3.11/site-packages:${PYTHONPATH} /usr/bin/python3 -W ignore:setup.py install is deprecated -W ignore:easy_install command is deprecated setup.py egg_info --egg-base ../../build/processor_unit build --build-base /home/raspi-earth/project_ws/build/processor_unit/build install --record /home/raspi-earth/project_ws/build/processor_unit/install.log --single-version-externally-managed install_data
