[15.188s] Invoking command in '/home/raspi-earth/project_ws/src/motor_control': PYTHONPATH=/home/raspi-earth/project_ws/build/motor_control/prefix_override:/usr/lib/python3/dist-packages/colcon_core/task/python/colcon_distutils_commands:/home/raspi-earth/project_ws/install/motor_control/lib/python3.11/site-packages:${PYTHONPATH} /usr/bin/python3 -W ignore:setup.py install is deprecated -W ignore:easy_install command is deprecated setup.py egg_info --egg-base ../../build/motor_control build --build-base /home/raspi-earth/project_ws/build/motor_control/build install --record /home/raspi-earth/project_ws/build/motor_control/install.log --single-version-externally-managed install_data
[18.901s] running egg_info
[18.985s] writing ../../build/motor_control/motor_control.egg-info/PKG-INFO
[18.985s] writing dependency_links to ../../build/motor_control/motor_control.egg-info/dependency_links.txt
[18.988s] writing entry points to ../../build/motor_control/motor_control.egg-info/entry_points.txt
[18.990s] writing requirements to ../../build/motor_control/motor_control.egg-info/requires.txt
[19.000s] writing top-level names to ../../build/motor_control/motor_control.egg-info/top_level.txt
[19.399s] reading manifest file '../../build/motor_control/motor_control.egg-info/SOURCES.txt'
[19.409s] adding license file 'LICENSE'
[19.409s] writing manifest file '../../build/motor_control/motor_control.egg-info/SOURCES.txt'
[19.409s] running build
[19.415s] running build_py
[19.416s] copying motor_control/joint2_node.py -> /home/raspi-earth/project_ws/build/motor_control/build/lib/motor_control
[19.416s] running install
[19.469s] running install_lib
[19.698s] copying /home/raspi-earth/project_ws/build/motor_control/build/lib/motor_control/joint2_node.py -> /home/raspi-earth/project_ws/install/motor_control/lib/python3.11/site-packages/motor_control
[19.714s] byte-compiling /home/raspi-earth/project_ws/install/motor_control/lib/python3.11/site-packages/motor_control/joint2_node.py to joint2_node.cpython-311.pyc
[19.734s] running install_data
[19.735s] running install_egg_info
[20.107s] removing '/home/raspi-earth/project_ws/install/motor_control/lib/python3.11/site-packages/motor_control-0.0.0-py3.11.egg-info' (and everything under it)
[20.110s] Copying ../../build/motor_control/motor_control.egg-info to /home/raspi-earth/project_ws/install/motor_control/lib/python3.11/site-packages/motor_control-0.0.0-py3.11.egg-info
[20.112s] running install_scripts
[20.692s] Installing joint1_node script to /home/raspi-earth/project_ws/install/motor_control/lib/motor_control
[20.692s] Installing joint2_node script to /home/raspi-earth/project_ws/install/motor_control/lib/motor_control
[20.693s] Installing joint3_node script to /home/raspi-earth/project_ws/install/motor_control/lib/motor_control
[20.694s] Installing servodrive script to /home/raspi-earth/project_ws/install/motor_control/lib/motor_control
[20.696s] Installing stepmotor1 script to /home/raspi-earth/project_ws/install/motor_control/lib/motor_control
[20.697s] Installing stepmotor2 script to /home/raspi-earth/project_ws/install/motor_control/lib/motor_control
[20.700s] Installing stepmotor3 script to /home/raspi-earth/project_ws/install/motor_control/lib/motor_control
[20.704s] writing list of installed files to '/home/raspi-earth/project_ws/build/motor_control/install.log'
[20.912s] Invoked command in '/home/raspi-earth/project_ws/src/motor_control' returned '0': PYTHONPATH=/home/raspi-earth/project_ws/build/motor_control/prefix_override:/usr/lib/python3/dist-packages/colcon_core/task/python/colcon_distutils_commands:/home/raspi-earth/project_ws/install/motor_control/lib/python3.11/site-packages:${PYTHONPATH} /usr/bin/python3 -W ignore:setup.py install is deprecated -W ignore:easy_install command is deprecated setup.py egg_info --egg-base ../../build/motor_control build --build-base /home/raspi-earth/project_ws/build/motor_control/build install --record /home/raspi-earth/project_ws/build/motor_control/install.log --single-version-externally-managed install_data
