[9.684s] Invoking command in '/home/raspi-earth/project_ws/src/processor_unit': PYTHONPATH=/home/raspi-earth/project_ws/build/processor_unit/prefix_override:/usr/lib/python3/dist-packages/colcon_core/task/python/colcon_distutils_commands:/home/raspi-earth/project_ws/install/processor_unit/lib/python3.11/site-packages:${PYTHONPATH} /usr/bin/python3 -W ignore:setup.py install is deprecated -W ignore:easy_install command is deprecated setup.py egg_info --egg-base ../../build/processor_unit build --build-base /home/raspi-earth/project_ws/build/processor_unit/build install --record /home/raspi-earth/project_ws/build/processor_unit/install.log --single-version-externally-managed install_data
[11.329s] running egg_info
[11.408s] writing ../../build/processor_unit/processor_unit.egg-info/PKG-INFO
[11.411s] writing dependency_links to ../../build/processor_unit/processor_unit.egg-info/dependency_links.txt
[11.411s] writing entry points to ../../build/processor_unit/processor_unit.egg-info/entry_points.txt
[11.411s] writing requirements to ../../build/processor_unit/processor_unit.egg-info/requires.txt
[11.412s] writing top-level names to ../../build/processor_unit/processor_unit.egg-info/top_level.txt
[11.528s] reading manifest file '../../build/processor_unit/processor_unit.egg-info/SOURCES.txt'
[11.528s] adding license file 'LICENSE'
[11.528s] writing manifest file '../../build/processor_unit/processor_unit.egg-info/SOURCES.txt'
[11.528s] running build
[11.528s] running build_py
[11.528s] copying processor_unit/test.py -> /home/raspi-earth/project_ws/build/processor_unit/build/lib/processor_unit
[11.528s] running install
[11.540s] running install_lib
[11.597s] copying /home/raspi-earth/project_ws/build/processor_unit/build/lib/processor_unit/test.py -> /home/raspi-earth/project_ws/install/processor_unit/lib/python3.11/site-packages/processor_unit
[11.602s] byte-compiling /home/raspi-earth/project_ws/install/processor_unit/lib/python3.11/site-packages/processor_unit/test.py to test.cpython-311.pyc
[11.608s] running install_data
[11.608s] running install_egg_info
[11.769s] removing '/home/raspi-earth/project_ws/install/processor_unit/lib/python3.11/site-packages/processor_unit-0.0.0-py3.11.egg-info' (and everything under it)
[11.769s] Copying ../../build/processor_unit/processor_unit.egg-info to /home/raspi-earth/project_ws/install/processor_unit/lib/python3.11/site-packages/processor_unit-0.0.0-py3.11.egg-info
[11.769s] running install_scripts
[12.143s] Installing main_processor script to /home/raspi-earth/project_ws/install/processor_unit/lib/processor_unit
[12.144s] Installing test script to /home/raspi-earth/project_ws/install/processor_unit/lib/processor_unit
[12.144s] Installing test1 script to /home/raspi-earth/project_ws/install/processor_unit/lib/processor_unit
[12.145s] writing list of installed files to '/home/raspi-earth/project_ws/build/processor_unit/install.log'
[12.462s] Invoked command in '/home/raspi-earth/project_ws/src/processor_unit' returned '0': PYTHONPATH=/home/raspi-earth/project_ws/build/processor_unit/prefix_override:/usr/lib/python3/dist-packages/colcon_core/task/python/colcon_distutils_commands:/home/raspi-earth/project_ws/install/processor_unit/lib/python3.11/site-packages:${PYTHONPATH} /usr/bin/python3 -W ignore:setup.py install is deprecated -W ignore:easy_install command is deprecated setup.py egg_info --egg-base ../../build/processor_unit build --build-base /home/raspi-earth/project_ws/build/processor_unit/build install --record /home/raspi-earth/project_ws/build/processor_unit/install.log --single-version-externally-managed install_data
