[7.998s] Invoking command in '/home/raspi-earth/project_ws/src/processor_unit': PYTHONPATH=/home/raspi-earth/project_ws/build/processor_unit/prefix_override:/usr/lib/python3/dist-packages/colcon_core/task/python/colcon_distutils_commands:/home/raspi-earth/project_ws/install/processor_unit/lib/python3.11/site-packages:${PYTHONPATH} /usr/bin/python3 -W ignore:setup.py install is deprecated -W ignore:easy_install command is deprecated setup.py egg_info --egg-base ../../build/processor_unit build --build-base /home/raspi-earth/project_ws/build/processor_unit/build install --record /home/raspi-earth/project_ws/build/processor_unit/install.log --single-version-externally-managed install_data
[9.448s] running egg_info
[9.508s] writing ../../build/processor_unit/processor_unit.egg-info/PKG-INFO
[9.510s] writing dependency_links to ../../build/processor_unit/processor_unit.egg-info/dependency_links.txt
[9.511s] writing entry points to ../../build/processor_unit/processor_unit.egg-info/entry_points.txt
[9.512s] writing requirements to ../../build/processor_unit/processor_unit.egg-info/requires.txt
[9.513s] writing top-level names to ../../build/processor_unit/processor_unit.egg-info/top_level.txt
[9.632s] reading manifest file '../../build/processor_unit/processor_unit.egg-info/SOURCES.txt'
[9.633s] adding license file 'LICENSE'
[9.634s] writing manifest file '../../build/processor_unit/processor_unit.egg-info/SOURCES.txt'
[9.634s] running build
[9.634s] running build_py
[9.635s] running install
[9.647s] running install_lib
[9.719s] running install_data
[9.725s] running install_egg_info
[9.873s] removing '/home/raspi-earth/project_ws/install/processor_unit/lib/python3.11/site-packages/processor_unit-0.0.0-py3.11.egg-info' (and everything under it)
[9.873s] Copying ../../build/processor_unit/processor_unit.egg-info to /home/raspi-earth/project_ws/install/processor_unit/lib/python3.11/site-packages/processor_unit-0.0.0-py3.11.egg-info
[9.873s] running install_scripts
[10.140s] Installing main_processor script to /home/raspi-earth/project_ws/install/processor_unit/lib/processor_unit
[10.140s] Installing steam_cam script to /home/raspi-earth/project_ws/install/processor_unit/lib/processor_unit
[10.149s] Installing test script to /home/raspi-earth/project_ws/install/processor_unit/lib/processor_unit
[10.150s] Installing test1 script to /home/raspi-earth/project_ws/install/processor_unit/lib/processor_unit
[10.152s] Installing uart_command_and_status_to_pi5 script to /home/raspi-earth/project_ws/install/processor_unit/lib/processor_unit
[10.153s] Installing uart_zero_two_w script to /home/raspi-earth/project_ws/install/processor_unit/lib/processor_unit
[10.155s] writing list of installed files to '/home/raspi-earth/project_ws/build/processor_unit/install.log'
[10.405s] Invoked command in '/home/raspi-earth/project_ws/src/processor_unit' returned '0': PYTHONPATH=/home/raspi-earth/project_ws/build/processor_unit/prefix_override:/usr/lib/python3/dist-packages/colcon_core/task/python/colcon_distutils_commands:/home/raspi-earth/project_ws/install/processor_unit/lib/python3.11/site-packages:${PYTHONPATH} /usr/bin/python3 -W ignore:setup.py install is deprecated -W ignore:easy_install command is deprecated setup.py egg_info --egg-base ../../build/processor_unit build --build-base /home/raspi-earth/project_ws/build/processor_unit/build install --record /home/raspi-earth/project_ws/build/processor_unit/install.log --single-version-externally-managed install_data
