[6.501s] Invoking command in '/home/raspi-earth/project_ws/src/motor_control': PYTHONPATH=/home/raspi-earth/project_ws/build/motor_control/prefix_override:/usr/lib/python3/dist-packages/colcon_core/task/python/colcon_distutils_commands:/home/raspi-earth/project_ws/install/motor_control/lib/python3.11/site-packages:${PYTHONPATH} /usr/bin/python3 -W ignore:setup.py install is deprecated -W ignore:easy_install command is deprecated setup.py egg_info --egg-base ../../build/motor_control build --build-base /home/raspi-earth/project_ws/build/motor_control/build install --record /home/raspi-earth/project_ws/build/motor_control/install.log --single-version-externally-managed install_data
[7.992s] running egg_info
[8.034s] writing ../../build/motor_control/motor_control.egg-info/PKG-INFO
[8.035s] writing dependency_links to ../../build/motor_control/motor_control.egg-info/dependency_links.txt
[8.039s] writing entry points to ../../build/motor_control/motor_control.egg-info/entry_points.txt
[8.039s] writing requirements to ../../build/motor_control/motor_control.egg-info/requires.txt
[8.039s] writing top-level names to ../../build/motor_control/motor_control.egg-info/top_level.txt
[8.159s] reading manifest file '../../build/motor_control/motor_control.egg-info/SOURCES.txt'
[8.160s] adding license file 'LICENSE'
[8.161s] writing manifest file '../../build/motor_control/motor_control.egg-info/SOURCES.txt'
[8.162s] running build
[8.162s] running build_py
[8.163s] running install
[8.184s] running install_lib
[8.286s] running install_data
[8.286s] running install_egg_info
[8.410s] removing '/home/raspi-earth/project_ws/install/motor_control/lib/python3.11/site-packages/motor_control-0.0.0-py3.11.egg-info' (and everything under it)
[8.418s] Copying ../../build/motor_control/motor_control.egg-info to /home/raspi-earth/project_ws/install/motor_control/lib/python3.11/site-packages/motor_control-0.0.0-py3.11.egg-info
[8.421s] running install_scripts
[8.759s] Installing joint1_node script to /home/raspi-earth/project_ws/install/motor_control/lib/motor_control
[8.759s] Installing joint2_node script to /home/raspi-earth/project_ws/install/motor_control/lib/motor_control
[8.761s] Installing joint3_node script to /home/raspi-earth/project_ws/install/motor_control/lib/motor_control
[8.762s] Installing servodrive script to /home/raspi-earth/project_ws/install/motor_control/lib/motor_control
[8.764s] Installing stepmotor1 script to /home/raspi-earth/project_ws/install/motor_control/lib/motor_control
[8.764s] Installing stepmotor2 script to /home/raspi-earth/project_ws/install/motor_control/lib/motor_control
[8.765s] Installing stepmotor3 script to /home/raspi-earth/project_ws/install/motor_control/lib/motor_control
[8.768s] writing list of installed files to '/home/raspi-earth/project_ws/build/motor_control/install.log'
[8.915s] Invoked command in '/home/raspi-earth/project_ws/src/motor_control' returned '0': PYTHONPATH=/home/raspi-earth/project_ws/build/motor_control/prefix_override:/usr/lib/python3/dist-packages/colcon_core/task/python/colcon_distutils_commands:/home/raspi-earth/project_ws/install/motor_control/lib/python3.11/site-packages:${PYTHONPATH} /usr/bin/python3 -W ignore:setup.py install is deprecated -W ignore:easy_install command is deprecated setup.py egg_info --egg-base ../../build/motor_control build --build-base /home/raspi-earth/project_ws/build/motor_control/build install --record /home/raspi-earth/project_ws/build/motor_control/install.log --single-version-externally-managed install_data
