[9.201s] Invoking command in '/home/raspi-earth/project_ws/src/encoder_unit': PYTHONPATH=/home/raspi-earth/project_ws/build/encoder_unit/prefix_override:/usr/lib/python3/dist-packages/colcon_core/task/python/colcon_distutils_commands:/home/raspi-earth/project_ws/install/encoder_unit/lib/python3.11/site-packages:${PYTHONPATH} /usr/bin/python3 -W ignore:setup.py install is deprecated -W ignore:easy_install command is deprecated setup.py egg_info --egg-base ../../build/encoder_unit build --build-base /home/raspi-earth/project_ws/build/encoder_unit/build install --record /home/raspi-earth/project_ws/build/encoder_unit/install.log --single-version-externally-managed install_data
[11.007s] running egg_info
[11.054s] writing ../../build/encoder_unit/encoder_unit.egg-info/PKG-INFO
[11.054s] writing dependency_links to ../../build/encoder_unit/encoder_unit.egg-info/dependency_links.txt
[11.056s] writing entry points to ../../build/encoder_unit/encoder_unit.egg-info/entry_points.txt
[11.057s] writing requirements to ../../build/encoder_unit/encoder_unit.egg-info/requires.txt
[11.057s] writing top-level names to ../../build/encoder_unit/encoder_unit.egg-info/top_level.txt
[11.253s] reading manifest file '../../build/encoder_unit/encoder_unit.egg-info/SOURCES.txt'
[11.253s] adding license file 'LICENSE'
[11.255s] writing manifest file '../../build/encoder_unit/encoder_unit.egg-info/SOURCES.txt'
[11.255s] running build
[11.255s] running build_py
[11.259s] running install
[11.280s] running install_lib
[11.375s] running install_data
[11.375s] running install_egg_info
[11.625s] removing '/home/raspi-earth/project_ws/install/encoder_unit/lib/python3.11/site-packages/encoder_unit-0.0.0-py3.11.egg-info' (and everything under it)
[11.636s] Copying ../../build/encoder_unit/encoder_unit.egg-info to /home/raspi-earth/project_ws/install/encoder_unit/lib/python3.11/site-packages/encoder_unit-0.0.0-py3.11.egg-info
[11.636s] running install_scripts
[11.996s] Installing as5600_1 script to /home/raspi-earth/project_ws/install/encoder_unit/lib/encoder_unit
[11.997s] Installing as5600_2 script to /home/raspi-earth/project_ws/install/encoder_unit/lib/encoder_unit
[11.997s] Installing as5600_3 script to /home/raspi-earth/project_ws/install/encoder_unit/lib/encoder_unit
[11.998s] Installing as5600_4 script to /home/raspi-earth/project_ws/install/encoder_unit/lib/encoder_unit
[12.000s] Installing as5600_5 script to /home/raspi-earth/project_ws/install/encoder_unit/lib/encoder_unit
[12.002s] Installing limit script to /home/raspi-earth/project_ws/install/encoder_unit/lib/encoder_unit
[12.007s] writing list of installed files to '/home/raspi-earth/project_ws/build/encoder_unit/install.log'
[12.254s] Invoked command in '/home/raspi-earth/project_ws/src/encoder_unit' returned '0': PYTHONPATH=/home/raspi-earth/project_ws/build/encoder_unit/prefix_override:/usr/lib/python3/dist-packages/colcon_core/task/python/colcon_distutils_commands:/home/raspi-earth/project_ws/install/encoder_unit/lib/python3.11/site-packages:${PYTHONPATH} /usr/bin/python3 -W ignore:setup.py install is deprecated -W ignore:easy_install command is deprecated setup.py egg_info --egg-base ../../build/encoder_unit build --build-base /home/raspi-earth/project_ws/build/encoder_unit/build install --record /home/raspi-earth/project_ws/build/encoder_unit/install.log --single-version-externally-managed install_data
