[8.161s] Invoking command in '/home/raspi-earth/project_ws/src/motor_control': PYTHONPATH=/home/raspi-earth/project_ws/build/motor_control/prefix_override:/usr/lib/python3/dist-packages/colcon_core/task/python/colcon_distutils_commands:/home/raspi-earth/project_ws/install/motor_control/lib/python3.11/site-packages:${PYTHONPATH} /usr/bin/python3 -W ignore:setup.py install is deprecated -W ignore:easy_install command is deprecated setup.py egg_info --egg-base ../../build/motor_control build --build-base /home/raspi-earth/project_ws/build/motor_control/build install --record /home/raspi-earth/project_ws/build/motor_control/install.log --single-version-externally-managed install_data
[10.112s] running egg_info
[10.200s] writing ../../build/motor_control/motor_control.egg-info/PKG-INFO
[10.202s] writing dependency_links to ../../build/motor_control/motor_control.egg-info/dependency_links.txt
[10.206s] writing entry points to ../../build/motor_control/motor_control.egg-info/entry_points.txt
[10.207s] writing requirements to ../../build/motor_control/motor_control.egg-info/requires.txt
[10.208s] writing top-level names to ../../build/motor_control/motor_control.egg-info/top_level.txt
[10.412s] reading manifest file '../../build/motor_control/motor_control.egg-info/SOURCES.txt'
[10.412s] adding license file 'LICENSE'
[10.412s] writing manifest file '../../build/motor_control/motor_control.egg-info/SOURCES.txt'
[10.412s] running build
[10.412s] running build_py
[10.413s] copying motor_control/servo_driver_i2c.py -> /home/raspi-earth/project_ws/build/motor_control/build/lib/motor_control
[10.417s] running install
[10.445s] running install_lib
[10.541s] copying /home/raspi-earth/project_ws/build/motor_control/build/lib/motor_control/servo_driver_i2c.py -> /home/raspi-earth/project_ws/install/motor_control/lib/python3.11/site-packages/motor_control
[10.551s] byte-compiling /home/raspi-earth/project_ws/install/motor_control/lib/python3.11/site-packages/motor_control/servo_driver_i2c.py to servo_driver_i2c.cpython-311.pyc
[10.558s] running install_data
[10.559s] running install_egg_info
[10.772s] removing '/home/raspi-earth/project_ws/install/motor_control/lib/python3.11/site-packages/motor_control-0.0.0-py3.11.egg-info' (and everything under it)
[10.772s] Copying ../../build/motor_control/motor_control.egg-info to /home/raspi-earth/project_ws/install/motor_control/lib/python3.11/site-packages/motor_control-0.0.0-py3.11.egg-info
[10.776s] running install_scripts
[11.201s] Installing joint1_node script to /home/raspi-earth/project_ws/install/motor_control/lib/motor_control
[11.202s] Installing joint2_node script to /home/raspi-earth/project_ws/install/motor_control/lib/motor_control
[11.204s] Installing joint3_node script to /home/raspi-earth/project_ws/install/motor_control/lib/motor_control
[11.206s] Installing servodrive script to /home/raspi-earth/project_ws/install/motor_control/lib/motor_control
[11.207s] Installing stepmotor1 script to /home/raspi-earth/project_ws/install/motor_control/lib/motor_control
[11.211s] Installing stepmotor2 script to /home/raspi-earth/project_ws/install/motor_control/lib/motor_control
[11.211s] Installing stepmotor3 script to /home/raspi-earth/project_ws/install/motor_control/lib/motor_control
[11.214s] writing list of installed files to '/home/raspi-earth/project_ws/build/motor_control/install.log'
[11.458s] Invoked command in '/home/raspi-earth/project_ws/src/motor_control' returned '0': PYTHONPATH=/home/raspi-earth/project_ws/build/motor_control/prefix_override:/usr/lib/python3/dist-packages/colcon_core/task/python/colcon_distutils_commands:/home/raspi-earth/project_ws/install/motor_control/lib/python3.11/site-packages:${PYTHONPATH} /usr/bin/python3 -W ignore:setup.py install is deprecated -W ignore:easy_install command is deprecated setup.py egg_info --egg-base ../../build/motor_control build --build-base /home/raspi-earth/project_ws/build/motor_control/build install --record /home/raspi-earth/project_ws/build/motor_control/install.log --single-version-externally-managed install_data
