[10.796s] Invoking command in '/home/raspi-earth/project_ws/src/motor_control': PYTHONPATH=/home/raspi-earth/project_ws/build/motor_control/prefix_override:/usr/lib/python3/dist-packages/colcon_core/task/python/colcon_distutils_commands:/home/raspi-earth/project_ws/install/motor_control/lib/python3.11/site-packages:${PYTHONPATH} /usr/bin/python3 -W ignore:setup.py install is deprecated -W ignore:easy_install command is deprecated setup.py egg_info --egg-base ../../build/motor_control build --build-base /home/raspi-earth/project_ws/build/motor_control/build install --record /home/raspi-earth/project_ws/build/motor_control/install.log --single-version-externally-managed install_data
[13.479s] running egg_info
[13.545s] writing ../../build/motor_control/motor_control.egg-info/PKG-INFO
[13.547s] writing dependency_links to ../../build/motor_control/motor_control.egg-info/dependency_links.txt
[13.549s] writing entry points to ../../build/motor_control/motor_control.egg-info/entry_points.txt
[13.550s] writing requirements to ../../build/motor_control/motor_control.egg-info/requires.txt
[13.551s] writing top-level names to ../../build/motor_control/motor_control.egg-info/top_level.txt
[13.708s] reading manifest file '../../build/motor_control/motor_control.egg-info/SOURCES.txt'
[13.709s] adding license file 'LICENSE'
[13.713s] writing manifest file '../../build/motor_control/motor_control.egg-info/SOURCES.txt'
[13.713s] running build
[13.713s] running build_py
[13.713s] running install
[13.728s] running install_lib
[13.792s] running install_data
[13.793s] running install_egg_info
[13.935s] removing '/home/raspi-earth/project_ws/install/motor_control/lib/python3.11/site-packages/motor_control-0.0.0-py3.11.egg-info' (and everything under it)
[13.936s] Copying ../../build/motor_control/motor_control.egg-info to /home/raspi-earth/project_ws/install/motor_control/lib/python3.11/site-packages/motor_control-0.0.0-py3.11.egg-info
[13.936s] running install_scripts
[14.179s] Installing joint1_node script to /home/raspi-earth/project_ws/install/motor_control/lib/motor_control
[14.182s] Installing joint2_node script to /home/raspi-earth/project_ws/install/motor_control/lib/motor_control
[14.182s] Installing joint3_node script to /home/raspi-earth/project_ws/install/motor_control/lib/motor_control
[14.182s] Installing servodrive script to /home/raspi-earth/project_ws/install/motor_control/lib/motor_control
[14.182s] Installing stepmotor1 script to /home/raspi-earth/project_ws/install/motor_control/lib/motor_control
[14.191s] Installing stepmotor2 script to /home/raspi-earth/project_ws/install/motor_control/lib/motor_control
[14.192s] Installing stepmotor3 script to /home/raspi-earth/project_ws/install/motor_control/lib/motor_control
[14.192s] writing list of installed files to '/home/raspi-earth/project_ws/build/motor_control/install.log'
[14.378s] Invoked command in '/home/raspi-earth/project_ws/src/motor_control' returned '0': PYTHONPATH=/home/raspi-earth/project_ws/build/motor_control/prefix_override:/usr/lib/python3/dist-packages/colcon_core/task/python/colcon_distutils_commands:/home/raspi-earth/project_ws/install/motor_control/lib/python3.11/site-packages:${PYTHONPATH} /usr/bin/python3 -W ignore:setup.py install is deprecated -W ignore:easy_install command is deprecated setup.py egg_info --egg-base ../../build/motor_control build --build-base /home/raspi-earth/project_ws/build/motor_control/build install --record /home/raspi-earth/project_ws/build/motor_control/install.log --single-version-externally-managed install_data
