[5.689s] Invoking command in '/home/raspi-earth/project_ws/src/encoder_unit': PYTHONPATH=/home/raspi-earth/project_ws/build/encoder_unit/prefix_override:/usr/lib/python3/dist-packages/colcon_core/task/python/colcon_distutils_commands:/home/raspi-earth/project_ws/install/encoder_unit/lib/python3.11/site-packages:${PYTHONPATH} /usr/bin/python3 -W ignore:setup.py install is deprecated -W ignore:easy_install command is deprecated setup.py egg_info --egg-base ../../build/encoder_unit build --build-base /home/raspi-earth/project_ws/build/encoder_unit/build install --record /home/raspi-earth/project_ws/build/encoder_unit/install.log --single-version-externally-managed install_data
[6.798s] running egg_info
[6.838s] writing ../../build/encoder_unit/encoder_unit.egg-info/PKG-INFO
[6.839s] writing dependency_links to ../../build/encoder_unit/encoder_unit.egg-info/dependency_links.txt
[6.840s] writing entry points to ../../build/encoder_unit/encoder_unit.egg-info/entry_points.txt
[6.841s] writing requirements to ../../build/encoder_unit/encoder_unit.egg-info/requires.txt
[6.842s] writing top-level names to ../../build/encoder_unit/encoder_unit.egg-info/top_level.txt
[6.933s] reading manifest file '../../build/encoder_unit/encoder_unit.egg-info/SOURCES.txt'
[6.933s] adding license file 'LICENSE'
[6.935s] writing manifest file '../../build/encoder_unit/encoder_unit.egg-info/SOURCES.txt'
[6.936s] running build
[6.936s] running build_py
[6.937s] running install
[6.948s] running install_lib
[7.003s] running install_data
[7.004s] running install_egg_info
[7.135s] removing '/home/raspi-earth/project_ws/install/encoder_unit/lib/python3.11/site-packages/encoder_unit-0.0.0-py3.11.egg-info' (and everything under it)
[7.144s] Copying ../../build/encoder_unit/encoder_unit.egg-info to /home/raspi-earth/project_ws/install/encoder_unit/lib/python3.11/site-packages/encoder_unit-0.0.0-py3.11.egg-info
[7.144s] running install_scripts
[7.467s] Installing as5600_1 script to /home/raspi-earth/project_ws/install/encoder_unit/lib/encoder_unit
[7.468s] Installing as5600_2 script to /home/raspi-earth/project_ws/install/encoder_unit/lib/encoder_unit
[7.469s] Installing as5600_3 script to /home/raspi-earth/project_ws/install/encoder_unit/lib/encoder_unit
[7.470s] Installing as5600_4 script to /home/raspi-earth/project_ws/install/encoder_unit/lib/encoder_unit
[7.471s] Installing as5600_5 script to /home/raspi-earth/project_ws/install/encoder_unit/lib/encoder_unit
[7.471s] Installing limit script to /home/raspi-earth/project_ws/install/encoder_unit/lib/encoder_unit
[7.473s] writing list of installed files to '/home/raspi-earth/project_ws/build/encoder_unit/install.log'
[7.668s] Invoked command in '/home/raspi-earth/project_ws/src/encoder_unit' returned '0': PYTHONPATH=/home/raspi-earth/project_ws/build/encoder_unit/prefix_override:/usr/lib/python3/dist-packages/colcon_core/task/python/colcon_distutils_commands:/home/raspi-earth/project_ws/install/encoder_unit/lib/python3.11/site-packages:${PYTHONPATH} /usr/bin/python3 -W ignore:setup.py install is deprecated -W ignore:easy_install command is deprecated setup.py egg_info --egg-base ../../build/encoder_unit build --build-base /home/raspi-earth/project_ws/build/encoder_unit/build install --record /home/raspi-earth/project_ws/build/encoder_unit/install.log --single-version-externally-managed install_data
