[8.762s] Invoking command in '/home/raspi-earth/project_ws/src/processor_unit': PYTHONPATH=/home/raspi-earth/project_ws/build/processor_unit/prefix_override:/usr/lib/python3/dist-packages/colcon_core/task/python/colcon_distutils_commands:/home/raspi-earth/project_ws/install/processor_unit/lib/python3.11/site-packages:${PYTHONPATH} /usr/bin/python3 -W ignore:setup.py install is deprecated -W ignore:easy_install command is deprecated setup.py egg_info --egg-base ../../build/processor_unit build --build-base /home/raspi-earth/project_ws/build/processor_unit/build install --record /home/raspi-earth/project_ws/build/processor_unit/install.log --single-version-externally-managed install_data
[11.061s] running egg_info
[11.147s] writing ../../build/processor_unit/processor_unit.egg-info/PKG-INFO
[11.148s] writing dependency_links to ../../build/processor_unit/processor_unit.egg-info/dependency_links.txt
[11.148s] writing entry points to ../../build/processor_unit/processor_unit.egg-info/entry_points.txt
[11.149s] writing requirements to ../../build/processor_unit/processor_unit.egg-info/requires.txt
[11.149s] writing top-level names to ../../build/processor_unit/processor_unit.egg-info/top_level.txt
[11.303s] reading manifest file '../../build/processor_unit/processor_unit.egg-info/SOURCES.txt'
[11.303s] adding license file 'LICENSE'
[11.303s] writing manifest file '../../build/processor_unit/processor_unit.egg-info/SOURCES.txt'
[11.304s] running build
[11.304s] running build_py
[11.304s] copying processor_unit/steam_opencv.py -> /home/raspi-earth/project_ws/build/processor_unit/build/lib/processor_unit
[11.306s] running install
[11.342s] running install_lib
[11.459s] copying /home/raspi-earth/project_ws/build/processor_unit/build/lib/processor_unit/steam_opencv.py -> /home/raspi-earth/project_ws/install/processor_unit/lib/python3.11/site-packages/processor_unit
[11.467s] byte-compiling /home/raspi-earth/project_ws/install/processor_unit/lib/python3.11/site-packages/processor_unit/steam_opencv.py to steam_opencv.cpython-311.pyc
[11.479s] running install_data
[11.479s] running install_egg_info
[11.675s] removing '/home/raspi-earth/project_ws/install/processor_unit/lib/python3.11/site-packages/processor_unit-0.0.0-py3.11.egg-info' (and everything under it)
[11.679s] Copying ../../build/processor_unit/processor_unit.egg-info to /home/raspi-earth/project_ws/install/processor_unit/lib/python3.11/site-packages/processor_unit-0.0.0-py3.11.egg-info
[11.685s] running install_scripts
[12.134s] Installing main_processor script to /home/raspi-earth/project_ws/install/processor_unit/lib/processor_unit
[12.140s] Installing steam_cam script to /home/raspi-earth/project_ws/install/processor_unit/lib/processor_unit
[12.140s] Installing test script to /home/raspi-earth/project_ws/install/processor_unit/lib/processor_unit
[12.141s] Installing test1 script to /home/raspi-earth/project_ws/install/processor_unit/lib/processor_unit
[12.142s] Installing uart_command_and_status_to_pi5 script to /home/raspi-earth/project_ws/install/processor_unit/lib/processor_unit
[12.143s] Installing uart_zero_two_w script to /home/raspi-earth/project_ws/install/processor_unit/lib/processor_unit
[12.151s] writing list of installed files to '/home/raspi-earth/project_ws/build/processor_unit/install.log'
[12.383s] Invoked command in '/home/raspi-earth/project_ws/src/processor_unit' returned '0': PYTHONPATH=/home/raspi-earth/project_ws/build/processor_unit/prefix_override:/usr/lib/python3/dist-packages/colcon_core/task/python/colcon_distutils_commands:/home/raspi-earth/project_ws/install/processor_unit/lib/python3.11/site-packages:${PYTHONPATH} /usr/bin/python3 -W ignore:setup.py install is deprecated -W ignore:easy_install command is deprecated setup.py egg_info --egg-base ../../build/processor_unit build --build-base /home/raspi-earth/project_ws/build/processor_unit/build install --record /home/raspi-earth/project_ws/build/processor_unit/install.log --single-version-externally-managed install_data
