[7.925s] Invoking command in '/home/raspi-earth/project_ws/src/launch_project': PYTHONPATH=/home/raspi-earth/project_ws/build/launch_project/prefix_override:/usr/lib/python3/dist-packages/colcon_core/task/python/colcon_distutils_commands:/home/raspi-earth/project_ws/install/launch_project/lib/python3.11/site-packages:${PYTHONPATH} /usr/bin/python3 -W ignore:setup.py install is deprecated -W ignore:easy_install command is deprecated setup.py egg_info --egg-base ../../build/launch_project build --build-base /home/raspi-earth/project_ws/build/launch_project/build install --record /home/raspi-earth/project_ws/build/launch_project/install.log --single-version-externally-managed install_data
[9.819s] running egg_info
[9.926s] writing ../../build/launch_project/launch_project.egg-info/PKG-INFO
[9.931s] writing dependency_links to ../../build/launch_project/launch_project.egg-info/dependency_links.txt
[9.931s] writing requirements to ../../build/launch_project/launch_project.egg-info/requires.txt
[9.933s] writing top-level names to ../../build/launch_project/launch_project.egg-info/top_level.txt
[10.158s] reading manifest file '../../build/launch_project/launch_project.egg-info/SOURCES.txt'
[10.164s] adding license file 'LICENSE'
[10.170s] writing manifest file '../../build/launch_project/launch_project.egg-info/SOURCES.txt'
[10.170s] running build
[10.170s] running build_py
[10.170s] running install
[10.194s] running install_lib
[10.300s] running install_data
[10.301s] running install_egg_info
[10.543s] removing '/home/raspi-earth/project_ws/install/launch_project/lib/python3.11/site-packages/launch_project-0.0.0-py3.11.egg-info' (and everything under it)
[10.543s] Copying ../../build/launch_project/launch_project.egg-info to /home/raspi-earth/project_ws/install/launch_project/lib/python3.11/site-packages/launch_project-0.0.0-py3.11.egg-info
[10.544s] running install_scripts
[11.008s] writing list of installed files to '/home/raspi-earth/project_ws/build/launch_project/install.log'
[11.281s] Invoked command in '/home/raspi-earth/project_ws/src/launch_project' returned '0': PYTHONPATH=/home/raspi-earth/project_ws/build/launch_project/prefix_override:/usr/lib/python3/dist-packages/colcon_core/task/python/colcon_distutils_commands:/home/raspi-earth/project_ws/install/launch_project/lib/python3.11/site-packages:${PYTHONPATH} /usr/bin/python3 -W ignore:setup.py install is deprecated -W ignore:easy_install command is deprecated setup.py egg_info --egg-base ../../build/launch_project build --build-base /home/raspi-earth/project_ws/build/launch_project/build install --record /home/raspi-earth/project_ws/build/launch_project/install.log --single-version-externally-managed install_data
