[0.366s] DEBUG:colcon:Command line arguments: ['/usr/bin/colcon', 'build']
[0.366s] DEBUG:colcon:Parsed command line arguments: Namespace(log_base=None, log_level=None, verb_name='build', build_base='build', install_base='install', merge_install=False, symlink_install=False, test_result_base=None, continue_on_error=False, executor='parallel', parallel_workers=4, event_handlers=None, ignore_user_meta=False, metas=['./colcon.meta'], base_paths=['.'], packages_ignore=None, packages_ignore_regex=None, paths=None, packages_up_to=None, packages_up_to_regex=None, packages_above=None, packages_above_and_dependencies=None, packages_above_depth=None, packages_select_by_dep=None, packages_skip_by_dep=None, packages_skip_up_to=None, packages_select_build_failed=False, packages_skip_build_finished=False, packages_select_test_failures=False, packages_skip_test_passed=False, packages_select=None, packages_skip=None, packages_select_regex=None, packages_skip_regex=None, packages_start=None, packages_end=None, cmake_args=None, cmake_target=None, cmake_target_skip_unavailable=False, cmake_clean_cache=False, cmake_clean_first=False, cmake_force_configure=False, ament_cmake_args=None, catkin_cmake_args=None, catkin_skip_building_tests=False, verb_parser=<colcon_defaults.argument_parser.defaults.DefaultArgumentsDecorator object at 0x7fff05d0fd50>, verb_extension=<colcon_core.verb.build.BuildVerb object at 0x7fff05f2db50>, main=<bound method BuildVerb.main of <colcon_core.verb.build.BuildVerb object at 0x7fff05f2db50>>)
[1.017s] Level 1:colcon.colcon_core.package_discovery:discover_packages(colcon_meta) check parameters
[1.018s] Level 1:colcon.colcon_core.package_discovery:discover_packages(recursive) check parameters
[1.018s] Level 1:colcon.colcon_core.package_discovery:discover_packages(ignore) check parameters
[1.018s] Level 1:colcon.colcon_core.package_discovery:discover_packages(path) check parameters
[1.018s] Level 1:colcon.colcon_core.package_discovery:discover_packages(colcon_meta) discover
[1.018s] Level 1:colcon.colcon_core.package_discovery:discover_packages(recursive) discover
[1.018s] INFO:colcon.colcon_core.package_discovery:Crawling recursively for packages in '/home/raspi-earth/project_ws'
[1.018s] Level 1:colcon.colcon_core.package_identification:_identify(.) by extensions ['ignore', 'ignore_ament_install']
[1.018s] Level 1:colcon.colcon_core.package_identification:_identify(.) by extension 'ignore'
[1.018s] Level 1:colcon.colcon_core.package_identification:_identify(.) by extension 'ignore_ament_install'
[1.018s] Level 1:colcon.colcon_core.package_identification:_identify(.) by extensions ['colcon_pkg']
[1.018s] Level 1:colcon.colcon_core.package_identification:_identify(.) by extension 'colcon_pkg'
[1.018s] Level 1:colcon.colcon_core.package_identification:_identify(.) by extensions ['colcon_meta']
[1.018s] Level 1:colcon.colcon_core.package_identification:_identify(.) by extension 'colcon_meta'
[1.018s] Level 1:colcon.colcon_core.package_identification:_identify(.) by extensions ['ros']
[1.018s] Level 1:colcon.colcon_core.package_identification:_identify(.) by extension 'ros'
[1.050s] Level 1:colcon.colcon_core.package_identification:_identify(.) by extensions ['cmake', 'python']
[1.050s] Level 1:colcon.colcon_core.package_identification:_identify(.) by extension 'cmake'
[1.050s] Level 1:colcon.colcon_core.package_identification:_identify(.) by extension 'python'
[1.051s] Level 1:colcon.colcon_core.package_identification:_identify(.) by extensions ['python_setup_py']
[1.051s] Level 1:colcon.colcon_core.package_identification:_identify(.) by extension 'python_setup_py'
[1.051s] Level 1:colcon.colcon_core.package_identification:_identify(build) by extensions ['ignore', 'ignore_ament_install']
[1.051s] Level 1:colcon.colcon_core.package_identification:_identify(build) by extension 'ignore'
[1.051s] Level 1:colcon.colcon_core.package_identification:_identify(build) ignored
[1.051s] Level 1:colcon.colcon_core.package_identification:_identify(install) by extensions ['ignore', 'ignore_ament_install']
[1.051s] Level 1:colcon.colcon_core.package_identification:_identify(install) by extension 'ignore'
[1.051s] Level 1:colcon.colcon_core.package_identification:_identify(install) ignored
[1.051s] Level 1:colcon.colcon_core.package_identification:_identify(log) by extensions ['ignore', 'ignore_ament_install']
[1.051s] Level 1:colcon.colcon_core.package_identification:_identify(log) by extension 'ignore'
[1.051s] Level 1:colcon.colcon_core.package_identification:_identify(log) ignored
[1.051s] Level 1:colcon.colcon_core.package_identification:_identify(src) by extensions ['ignore', 'ignore_ament_install']
[1.052s] Level 1:colcon.colcon_core.package_identification:_identify(src) by extension 'ignore'
[1.052s] Level 1:colcon.colcon_core.package_identification:_identify(src) by extension 'ignore_ament_install'
[1.052s] Level 1:colcon.colcon_core.package_identification:_identify(src) by extensions ['colcon_pkg']
[1.052s] Level 1:colcon.colcon_core.package_identification:_identify(src) by extension 'colcon_pkg'
[1.052s] Level 1:colcon.colcon_core.package_identification:_identify(src) by extensions ['colcon_meta']
[1.052s] Level 1:colcon.colcon_core.package_identification:_identify(src) by extension 'colcon_meta'
[1.052s] Level 1:colcon.colcon_core.package_identification:_identify(src) by extensions ['ros']
[1.052s] Level 1:colcon.colcon_core.package_identification:_identify(src) by extension 'ros'
[1.052s] Level 1:colcon.colcon_core.package_identification:_identify(src) by extensions ['cmake', 'python']
[1.052s] Level 1:colcon.colcon_core.package_identification:_identify(src) by extension 'cmake'
[1.052s] Level 1:colcon.colcon_core.package_identification:_identify(src) by extension 'python'
[1.052s] Level 1:colcon.colcon_core.package_identification:_identify(src) by extensions ['python_setup_py']
[1.052s] Level 1:colcon.colcon_core.package_identification:_identify(src) by extension 'python_setup_py'
[1.052s] Level 1:colcon.colcon_core.package_identification:_identify(src/encoder_unit) by extensions ['ignore', 'ignore_ament_install']
[1.052s] Level 1:colcon.colcon_core.package_identification:_identify(src/encoder_unit) by extension 'ignore'
[1.052s] Level 1:colcon.colcon_core.package_identification:_identify(src/encoder_unit) by extension 'ignore_ament_install'
[1.052s] Level 1:colcon.colcon_core.package_identification:_identify(src/encoder_unit) by extensions ['colcon_pkg']
[1.052s] Level 1:colcon.colcon_core.package_identification:_identify(src/encoder_unit) by extension 'colcon_pkg'
[1.052s] Level 1:colcon.colcon_core.package_identification:_identify(src/encoder_unit) by extensions ['colcon_meta']
[1.052s] Level 1:colcon.colcon_core.package_identification:_identify(src/encoder_unit) by extension 'colcon_meta'
[1.052s] Level 1:colcon.colcon_core.package_identification:_identify(src/encoder_unit) by extensions ['ros']
[1.052s] Level 1:colcon.colcon_core.package_identification:_identify(src/encoder_unit) by extension 'ros'
[1.060s] DEBUG:colcon.colcon_core.package_identification:Package 'src/encoder_unit' with type 'ros.ament_python' and name 'encoder_unit'
[1.060s] Level 1:colcon.colcon_core.package_identification:_identify(src/esp32_firmware) by extensions ['ignore', 'ignore_ament_install']
[1.060s] Level 1:colcon.colcon_core.package_identification:_identify(src/esp32_firmware) by extension 'ignore'
[1.060s] Level 1:colcon.colcon_core.package_identification:_identify(src/esp32_firmware) by extension 'ignore_ament_install'
[1.060s] Level 1:colcon.colcon_core.package_identification:_identify(src/esp32_firmware) by extensions ['colcon_pkg']
[1.060s] Level 1:colcon.colcon_core.package_identification:_identify(src/esp32_firmware) by extension 'colcon_pkg'
[1.060s] Level 1:colcon.colcon_core.package_identification:_identify(src/esp32_firmware) by extensions ['colcon_meta']
[1.060s] Level 1:colcon.colcon_core.package_identification:_identify(src/esp32_firmware) by extension 'colcon_meta'
[1.060s] Level 1:colcon.colcon_core.package_identification:_identify(src/esp32_firmware) by extensions ['ros']
[1.060s] Level 1:colcon.colcon_core.package_identification:_identify(src/esp32_firmware) by extension 'ros'
[1.060s] Level 1:colcon.colcon_core.package_identification:_identify(src/esp32_firmware) by extensions ['cmake', 'python']
[1.060s] Level 1:colcon.colcon_core.package_identification:_identify(src/esp32_firmware) by extension 'cmake'
[1.060s] Level 1:colcon.colcon_core.package_identification:_identify(src/esp32_firmware) by extension 'python'
[1.060s] Level 1:colcon.colcon_core.package_identification:_identify(src/esp32_firmware) by extensions ['python_setup_py']
[1.061s] Level 1:colcon.colcon_core.package_identification:_identify(src/esp32_firmware) by extension 'python_setup_py'
[1.061s] Level 1:colcon.colcon_core.package_identification:_identify(src/esp32_firmware/esp32_read_i2c) by extensions ['ignore', 'ignore_ament_install']
[1.061s] Level 1:colcon.colcon_core.package_identification:_identify(src/esp32_firmware/esp32_read_i2c) by extension 'ignore'
[1.061s] Level 1:colcon.colcon_core.package_identification:_identify(src/esp32_firmware/esp32_read_i2c) by extension 'ignore_ament_install'
[1.061s] Level 1:colcon.colcon_core.package_identification:_identify(src/esp32_firmware/esp32_read_i2c) by extensions ['colcon_pkg']
[1.061s] Level 1:colcon.colcon_core.package_identification:_identify(src/esp32_firmware/esp32_read_i2c) by extension 'colcon_pkg'
[1.061s] Level 1:colcon.colcon_core.package_identification:_identify(src/esp32_firmware/esp32_read_i2c) by extensions ['colcon_meta']
[1.061s] Level 1:colcon.colcon_core.package_identification:_identify(src/esp32_firmware/esp32_read_i2c) by extension 'colcon_meta'
[1.061s] Level 1:colcon.colcon_core.package_identification:_identify(src/esp32_firmware/esp32_read_i2c) by extensions ['ros']
[1.061s] Level 1:colcon.colcon_core.package_identification:_identify(src/esp32_firmware/esp32_read_i2c) by extension 'ros'
[1.061s] Level 1:colcon.colcon_core.package_identification:_identify(src/esp32_firmware/esp32_read_i2c) by extensions ['cmake', 'python']
[1.061s] Level 1:colcon.colcon_core.package_identification:_identify(src/esp32_firmware/esp32_read_i2c) by extension 'cmake'
[1.061s] Level 1:colcon.colcon_core.package_identification:_identify(src/esp32_firmware/esp32_read_i2c) by extension 'python'
[1.061s] Level 1:colcon.colcon_core.package_identification:_identify(src/esp32_firmware/esp32_read_i2c) by extensions ['python_setup_py']
[1.061s] Level 1:colcon.colcon_core.package_identification:_identify(src/esp32_firmware/esp32_read_i2c) by extension 'python_setup_py'
[1.061s] Level 1:colcon.colcon_core.package_identification:_identify(src/launch_project) by extensions ['ignore', 'ignore_ament_install']
[1.061s] Level 1:colcon.colcon_core.package_identification:_identify(src/launch_project) by extension 'ignore'
[1.061s] Level 1:colcon.colcon_core.package_identification:_identify(src/launch_project) by extension 'ignore_ament_install'
[1.061s] Level 1:colcon.colcon_core.package_identification:_identify(src/launch_project) by extensions ['colcon_pkg']
[1.061s] Level 1:colcon.colcon_core.package_identification:_identify(src/launch_project) by extension 'colcon_pkg'
[1.062s] Level 1:colcon.colcon_core.package_identification:_identify(src/launch_project) by extensions ['colcon_meta']
[1.062s] Level 1:colcon.colcon_core.package_identification:_identify(src/launch_project) by extension 'colcon_meta'
[1.062s] Level 1:colcon.colcon_core.package_identification:_identify(src/launch_project) by extensions ['ros']
[1.062s] Level 1:colcon.colcon_core.package_identification:_identify(src/launch_project) by extension 'ros'
[1.063s] DEBUG:colcon.colcon_core.package_identification:Package 'src/launch_project' with type 'ros.ament_python' and name 'launch_project'
[1.063s] Level 1:colcon.colcon_core.package_identification:_identify(src/motor_control) by extensions ['ignore', 'ignore_ament_install']
[1.063s] Level 1:colcon.colcon_core.package_identification:_identify(src/motor_control) by extension 'ignore'
[1.063s] Level 1:colcon.colcon_core.package_identification:_identify(src/motor_control) by extension 'ignore_ament_install'
[1.063s] Level 1:colcon.colcon_core.package_identification:_identify(src/motor_control) by extensions ['colcon_pkg']
[1.063s] Level 1:colcon.colcon_core.package_identification:_identify(src/motor_control) by extension 'colcon_pkg'
[1.063s] Level 1:colcon.colcon_core.package_identification:_identify(src/motor_control) by extensions ['colcon_meta']
[1.063s] Level 1:colcon.colcon_core.package_identification:_identify(src/motor_control) by extension 'colcon_meta'
[1.063s] Level 1:colcon.colcon_core.package_identification:_identify(src/motor_control) by extensions ['ros']
[1.063s] Level 1:colcon.colcon_core.package_identification:_identify(src/motor_control) by extension 'ros'
[1.064s] DEBUG:colcon.colcon_core.package_identification:Package 'src/motor_control' with type 'ros.ament_python' and name 'motor_control'
[1.065s] Level 1:colcon.colcon_core.package_identification:_identify(src/processor_unit) by extensions ['ignore', 'ignore_ament_install']
[1.065s] Level 1:colcon.colcon_core.package_identification:_identify(src/processor_unit) by extension 'ignore'
[1.065s] Level 1:colcon.colcon_core.package_identification:_identify(src/processor_unit) by extension 'ignore_ament_install'
[1.065s] Level 1:colcon.colcon_core.package_identification:_identify(src/processor_unit) by extensions ['colcon_pkg']
[1.065s] Level 1:colcon.colcon_core.package_identification:_identify(src/processor_unit) by extension 'colcon_pkg'
[1.065s] Level 1:colcon.colcon_core.package_identification:_identify(src/processor_unit) by extensions ['colcon_meta']
[1.065s] Level 1:colcon.colcon_core.package_identification:_identify(src/processor_unit) by extension 'colcon_meta'
[1.065s] Level 1:colcon.colcon_core.package_identification:_identify(src/processor_unit) by extensions ['ros']
[1.065s] Level 1:colcon.colcon_core.package_identification:_identify(src/processor_unit) by extension 'ros'
[1.066s] DEBUG:colcon.colcon_core.package_identification:Package 'src/processor_unit' with type 'ros.ament_python' and name 'processor_unit'
[1.066s] Level 1:colcon.colcon_core.package_identification:_identify(src/whitepost_description) by extensions ['ignore', 'ignore_ament_install']
[1.067s] Level 1:colcon.colcon_core.package_identification:_identify(src/whitepost_description) by extension 'ignore'
[1.067s] Level 1:colcon.colcon_core.package_identification:_identify(src/whitepost_description) by extension 'ignore_ament_install'
[1.067s] Level 1:colcon.colcon_core.package_identification:_identify(src/whitepost_description) by extensions ['colcon_pkg']
[1.067s] Level 1:colcon.colcon_core.package_identification:_identify(src/whitepost_description) by extension 'colcon_pkg'
[1.067s] Level 1:colcon.colcon_core.package_identification:_identify(src/whitepost_description) by extensions ['colcon_meta']
[1.067s] Level 1:colcon.colcon_core.package_identification:_identify(src/whitepost_description) by extension 'colcon_meta'
[1.067s] Level 1:colcon.colcon_core.package_identification:_identify(src/whitepost_description) by extensions ['ros']
[1.067s] Level 1:colcon.colcon_core.package_identification:_identify(src/whitepost_description) by extension 'ros'
[1.068s] DEBUG:colcon.colcon_core.package_identification:Package 'src/whitepost_description' with type 'ros.ament_cmake' and name 'whitepost_description'
[1.068s] Level 1:colcon.colcon_core.package_discovery:discover_packages(recursive) using defaults
[1.068s] Level 1:colcon.colcon_core.package_discovery:discover_packages(ignore) discover
[1.068s] Level 1:colcon.colcon_core.package_discovery:discover_packages(ignore) using defaults
[1.068s] Level 1:colcon.colcon_core.package_discovery:discover_packages(path) discover
[1.068s] Level 1:colcon.colcon_core.package_discovery:discover_packages(path) using defaults
[1.132s] Level 5:colcon.colcon_core.verb:set package 'encoder_unit' build argument 'cmake_args' from command line to 'None'
[1.133s] Level 5:colcon.colcon_core.verb:set package 'encoder_unit' build argument 'cmake_target' from command line to 'None'
[1.133s] Level 5:colcon.colcon_core.verb:set package 'encoder_unit' build argument 'cmake_target_skip_unavailable' from command line to 'False'
[1.133s] Level 5:colcon.colcon_core.verb:set package 'encoder_unit' build argument 'cmake_clean_cache' from command line to 'False'
[1.133s] Level 5:colcon.colcon_core.verb:set package 'encoder_unit' build argument 'cmake_clean_first' from command line to 'False'
[1.133s] Level 5:colcon.colcon_core.verb:set package 'encoder_unit' build argument 'cmake_force_configure' from command line to 'False'
[1.133s] Level 5:colcon.colcon_core.verb:set package 'encoder_unit' build argument 'ament_cmake_args' from command line to 'None'
[1.133s] Level 5:colcon.colcon_core.verb:set package 'encoder_unit' build argument 'catkin_cmake_args' from command line to 'None'
[1.133s] Level 5:colcon.colcon_core.verb:set package 'encoder_unit' build argument 'catkin_skip_building_tests' from command line to 'False'
[1.133s] DEBUG:colcon.colcon_core.verb:Building package 'encoder_unit' with the following arguments: {'ament_cmake_args': None, 'build_base': '/home/raspi-earth/project_ws/build/encoder_unit', 'catkin_cmake_args': None, 'catkin_skip_building_tests': False, 'cmake_args': None, 'cmake_clean_cache': False, 'cmake_clean_first': False, 'cmake_force_configure': False, 'cmake_target': None, 'cmake_target_skip_unavailable': False, 'install_base': '/home/raspi-earth/project_ws/install/encoder_unit', 'merge_install': False, 'path': '/home/raspi-earth/project_ws/src/encoder_unit', 'symlink_install': False, 'test_result_base': None}
[1.133s] Level 5:colcon.colcon_core.verb:set package 'launch_project' build argument 'cmake_args' from command line to 'None'
[1.133s] Level 5:colcon.colcon_core.verb:set package 'launch_project' build argument 'cmake_target' from command line to 'None'
[1.133s] Level 5:colcon.colcon_core.verb:set package 'launch_project' build argument 'cmake_target_skip_unavailable' from command line to 'False'
[1.133s] Level 5:colcon.colcon_core.verb:set package 'launch_project' build argument 'cmake_clean_cache' from command line to 'False'
[1.133s] Level 5:colcon.colcon_core.verb:set package 'launch_project' build argument 'cmake_clean_first' from command line to 'False'
[1.133s] Level 5:colcon.colcon_core.verb:set package 'launch_project' build argument 'cmake_force_configure' from command line to 'False'
[1.133s] Level 5:colcon.colcon_core.verb:set package 'launch_project' build argument 'ament_cmake_args' from command line to 'None'
[1.133s] Level 5:colcon.colcon_core.verb:set package 'launch_project' build argument 'catkin_cmake_args' from command line to 'None'
[1.133s] Level 5:colcon.colcon_core.verb:set package 'launch_project' build argument 'catkin_skip_building_tests' from command line to 'False'
[1.133s] DEBUG:colcon.colcon_core.verb:Building package 'launch_project' with the following arguments: {'ament_cmake_args': None, 'build_base': '/home/raspi-earth/project_ws/build/launch_project', 'catkin_cmake_args': None, 'catkin_skip_building_tests': False, 'cmake_args': None, 'cmake_clean_cache': False, 'cmake_clean_first': False, 'cmake_force_configure': False, 'cmake_target': None, 'cmake_target_skip_unavailable': False, 'install_base': '/home/raspi-earth/project_ws/install/launch_project', 'merge_install': False, 'path': '/home/raspi-earth/project_ws/src/launch_project', 'symlink_install': False, 'test_result_base': None}
[1.134s] Level 5:colcon.colcon_core.verb:set package 'motor_control' build argument 'cmake_args' from command line to 'None'
[1.134s] Level 5:colcon.colcon_core.verb:set package 'motor_control' build argument 'cmake_target' from command line to 'None'
[1.134s] Level 5:colcon.colcon_core.verb:set package 'motor_control' build argument 'cmake_target_skip_unavailable' from command line to 'False'
[1.134s] Level 5:colcon.colcon_core.verb:set package 'motor_control' build argument 'cmake_clean_cache' from command line to 'False'
[1.134s] Level 5:colcon.colcon_core.verb:set package 'motor_control' build argument 'cmake_clean_first' from command line to 'False'
[1.134s] Level 5:colcon.colcon_core.verb:set package 'motor_control' build argument 'cmake_force_configure' from command line to 'False'
[1.134s] Level 5:colcon.colcon_core.verb:set package 'motor_control' build argument 'ament_cmake_args' from command line to 'None'
[1.134s] Level 5:colcon.colcon_core.verb:set package 'motor_control' build argument 'catkin_cmake_args' from command line to 'None'
[1.134s] Level 5:colcon.colcon_core.verb:set package 'motor_control' build argument 'catkin_skip_building_tests' from command line to 'False'
[1.134s] DEBUG:colcon.colcon_core.verb:Building package 'motor_control' with the following arguments: {'ament_cmake_args': None, 'build_base': '/home/raspi-earth/project_ws/build/motor_control', 'catkin_cmake_args': None, 'catkin_skip_building_tests': False, 'cmake_args': None, 'cmake_clean_cache': False, 'cmake_clean_first': False, 'cmake_force_configure': False, 'cmake_target': None, 'cmake_target_skip_unavailable': False, 'install_base': '/home/raspi-earth/project_ws/install/motor_control', 'merge_install': False, 'path': '/home/raspi-earth/project_ws/src/motor_control', 'symlink_install': False, 'test_result_base': None}
[1.134s] Level 5:colcon.colcon_core.verb:set package 'processor_unit' build argument 'cmake_args' from command line to 'None'
[1.134s] Level 5:colcon.colcon_core.verb:set package 'processor_unit' build argument 'cmake_target' from command line to 'None'
[1.134s] Level 5:colcon.colcon_core.verb:set package 'processor_unit' build argument 'cmake_target_skip_unavailable' from command line to 'False'
[1.134s] Level 5:colcon.colcon_core.verb:set package 'processor_unit' build argument 'cmake_clean_cache' from command line to 'False'
[1.134s] Level 5:colcon.colcon_core.verb:set package 'processor_unit' build argument 'cmake_clean_first' from command line to 'False'
[1.134s] Level 5:colcon.colcon_core.verb:set package 'processor_unit' build argument 'cmake_force_configure' from command line to 'False'
[1.134s] Level 5:colcon.colcon_core.verb:set package 'processor_unit' build argument 'ament_cmake_args' from command line to 'None'
[1.134s] Level 5:colcon.colcon_core.verb:set package 'processor_unit' build argument 'catkin_cmake_args' from command line to 'None'
[1.134s] Level 5:colcon.colcon_core.verb:set package 'processor_unit' build argument 'catkin_skip_building_tests' from command line to 'False'
[1.134s] DEBUG:colcon.colcon_core.verb:Building package 'processor_unit' with the following arguments: {'ament_cmake_args': None, 'build_base': '/home/raspi-earth/project_ws/build/processor_unit', 'catkin_cmake_args': None, 'catkin_skip_building_tests': False, 'cmake_args': None, 'cmake_clean_cache': False, 'cmake_clean_first': False, 'cmake_force_configure': False, 'cmake_target': None, 'cmake_target_skip_unavailable': False, 'install_base': '/home/raspi-earth/project_ws/install/processor_unit', 'merge_install': False, 'path': '/home/raspi-earth/project_ws/src/processor_unit', 'symlink_install': False, 'test_result_base': None}
[1.135s] Level 5:colcon.colcon_core.verb:set package 'whitepost_description' build argument 'cmake_args' from command line to 'None'
[1.135s] Level 5:colcon.colcon_core.verb:set package 'whitepost_description' build argument 'cmake_target' from command line to 'None'
[1.135s] Level 5:colcon.colcon_core.verb:set package 'whitepost_description' build argument 'cmake_target_skip_unavailable' from command line to 'False'
[1.135s] Level 5:colcon.colcon_core.verb:set package 'whitepost_description' build argument 'cmake_clean_cache' from command line to 'False'
[1.135s] Level 5:colcon.colcon_core.verb:set package 'whitepost_description' build argument 'cmake_clean_first' from command line to 'False'
[1.135s] Level 5:colcon.colcon_core.verb:set package 'whitepost_description' build argument 'cmake_force_configure' from command line to 'False'
[1.135s] Level 5:colcon.colcon_core.verb:set package 'whitepost_description' build argument 'ament_cmake_args' from command line to 'None'
[1.135s] Level 5:colcon.colcon_core.verb:set package 'whitepost_description' build argument 'catkin_cmake_args' from command line to 'None'
[1.135s] Level 5:colcon.colcon_core.verb:set package 'whitepost_description' build argument 'catkin_skip_building_tests' from command line to 'False'
[1.135s] DEBUG:colcon.colcon_core.verb:Building package 'whitepost_description' with the following arguments: {'ament_cmake_args': None, 'build_base': '/home/raspi-earth/project_ws/build/whitepost_description', 'catkin_cmake_args': None, 'catkin_skip_building_tests': False, 'cmake_args': None, 'cmake_clean_cache': False, 'cmake_clean_first': False, 'cmake_force_configure': False, 'cmake_target': None, 'cmake_target_skip_unavailable': False, 'install_base': '/home/raspi-earth/project_ws/install/whitepost_description', 'merge_install': False, 'path': '/home/raspi-earth/project_ws/src/whitepost_description', 'symlink_install': False, 'test_result_base': None}
[1.135s] INFO:colcon.colcon_core.executor:Executing jobs using 'parallel' executor
[1.136s] DEBUG:colcon.colcon_parallel_executor.executor.parallel:run_until_complete
[1.137s] INFO:colcon.colcon_ros.task.ament_python.build:Building ROS package in '/home/raspi-earth/project_ws/src/encoder_unit' with build type 'ament_python'
[1.137s] Level 1:colcon.colcon_core.shell:create_environment_hook('encoder_unit', 'ament_prefix_path')
[1.150s] INFO:colcon.colcon_core.plugin_system:Skipping extension 'colcon_core.shell.bat': Not used on non-Windows systems
[1.151s] INFO:colcon.colcon_core.shell:Creating environment descriptor '/home/raspi-earth/project_ws/install/encoder_unit/share/encoder_unit/hook/ament_prefix_path.dsv'
[1.152s] INFO:colcon.colcon_core.shell:Creating environment hook '/home/raspi-earth/project_ws/install/encoder_unit/share/encoder_unit/hook/ament_prefix_path.sh'
[1.156s] DEBUG:colcon.colcon_core.shell:Skip shell extension 'dsv' for command environment
[1.184s] INFO:colcon.colcon_ros.task.ament_python.build:Building ROS package in '/home/raspi-earth/project_ws/src/launch_project' with build type 'ament_python'
[1.184s] Level 1:colcon.colcon_core.shell:create_environment_hook('launch_project', 'ament_prefix_path')
[1.184s] INFO:colcon.colcon_core.shell:Creating environment descriptor '/home/raspi-earth/project_ws/install/launch_project/share/launch_project/hook/ament_prefix_path.dsv'
[1.185s] INFO:colcon.colcon_core.shell:Creating environment hook '/home/raspi-earth/project_ws/install/launch_project/share/launch_project/hook/ament_prefix_path.sh'
[1.186s] DEBUG:colcon.colcon_core.shell:Skip shell extension 'dsv' for command environment
[1.209s] INFO:colcon.colcon_ros.task.ament_python.build:Building ROS package in '/home/raspi-earth/project_ws/src/motor_control' with build type 'ament_python'
[1.209s] Level 1:colcon.colcon_core.shell:create_environment_hook('motor_control', 'ament_prefix_path')
[1.209s] INFO:colcon.colcon_core.shell:Creating environment descriptor '/home/raspi-earth/project_ws/install/motor_control/share/motor_control/hook/ament_prefix_path.dsv'
[1.210s] INFO:colcon.colcon_core.shell:Creating environment hook '/home/raspi-earth/project_ws/install/motor_control/share/motor_control/hook/ament_prefix_path.sh'
[1.211s] DEBUG:colcon.colcon_core.shell:Skip shell extension 'dsv' for command environment
[1.233s] INFO:colcon.colcon_ros.task.ament_python.build:Building ROS package in '/home/raspi-earth/project_ws/src/processor_unit' with build type 'ament_python'
[1.234s] Level 1:colcon.colcon_core.shell:create_environment_hook('processor_unit', 'ament_prefix_path')
[1.234s] INFO:colcon.colcon_core.shell:Creating environment descriptor '/home/raspi-earth/project_ws/install/processor_unit/share/processor_unit/hook/ament_prefix_path.dsv'
[1.235s] INFO:colcon.colcon_core.shell:Creating environment hook '/home/raspi-earth/project_ws/install/processor_unit/share/processor_unit/hook/ament_prefix_path.sh'
[1.236s] DEBUG:colcon.colcon_core.shell:Skip shell extension 'dsv' for command environment
[2.180s] INFO:colcon.colcon_core.task.python.build:Building Python package in '/home/raspi-earth/project_ws/src/encoder_unit'
[2.180s] DEBUG:colcon.colcon_core.shell:Skip shell extension 'dsv' for command environment
[3.079s] INFO:colcon.colcon_core.task.python.build:Building Python package in '/home/raspi-earth/project_ws/src/launch_project'
[3.080s] DEBUG:colcon.colcon_core.shell:Skip shell extension 'dsv' for command environment
[4.014s] INFO:colcon.colcon_core.task.python.build:Building Python package in '/home/raspi-earth/project_ws/src/motor_control'
[4.015s] DEBUG:colcon.colcon_core.shell:Skip shell extension 'dsv' for command environment
[4.958s] INFO:colcon.colcon_core.task.python.build:Building Python package in '/home/raspi-earth/project_ws/src/processor_unit'
[4.958s] DEBUG:colcon.colcon_core.shell:Skip shell extension 'dsv' for command environment
[7.434s] DEBUG:colcon.colcon_core.event_handler.log_command:Invoking command in '/home/raspi-earth/project_ws/src/encoder_unit': PYTHONPATH=/home/raspi-earth/project_ws/build/encoder_unit/prefix_override:/usr/lib/python3/dist-packages/colcon_core/task/python/colcon_distutils_commands:/home/raspi-earth/project_ws/install/encoder_unit/lib/python3.11/site-packages:${PYTHONPATH} /usr/bin/python3 -W ignore:setup.py install is deprecated -W ignore:easy_install command is deprecated setup.py egg_info --egg-base ../../build/encoder_unit build --build-base /home/raspi-earth/project_ws/build/encoder_unit/build install --record /home/raspi-earth/project_ws/build/encoder_unit/install.log --single-version-externally-managed install_data
[7.457s] DEBUG:colcon.colcon_core.event_handler.log_command:Invoking command in '/home/raspi-earth/project_ws/src/motor_control': PYTHONPATH=/home/raspi-earth/project_ws/build/motor_control/prefix_override:/usr/lib/python3/dist-packages/colcon_core/task/python/colcon_distutils_commands:/home/raspi-earth/project_ws/install/motor_control/lib/python3.11/site-packages:${PYTHONPATH} /usr/bin/python3 -W ignore:setup.py install is deprecated -W ignore:easy_install command is deprecated setup.py egg_info --egg-base ../../build/motor_control build --build-base /home/raspi-earth/project_ws/build/motor_control/build install --record /home/raspi-earth/project_ws/build/motor_control/install.log --single-version-externally-managed install_data
[7.467s] DEBUG:colcon.colcon_core.event_handler.log_command:Invoking command in '/home/raspi-earth/project_ws/src/launch_project': PYTHONPATH=/home/raspi-earth/project_ws/build/launch_project/prefix_override:/usr/lib/python3/dist-packages/colcon_core/task/python/colcon_distutils_commands:/home/raspi-earth/project_ws/install/launch_project/lib/python3.11/site-packages:${PYTHONPATH} /usr/bin/python3 -W ignore:setup.py install is deprecated -W ignore:easy_install command is deprecated setup.py egg_info --egg-base ../../build/launch_project build --build-base /home/raspi-earth/project_ws/build/launch_project/build install --record /home/raspi-earth/project_ws/build/launch_project/install.log --single-version-externally-managed install_data
[7.468s] DEBUG:colcon.colcon_core.event_handler.log_command:Invoking command in '/home/raspi-earth/project_ws/src/processor_unit': PYTHONPATH=/home/raspi-earth/project_ws/build/processor_unit/prefix_override:/usr/lib/python3/dist-packages/colcon_core/task/python/colcon_distutils_commands:/home/raspi-earth/project_ws/install/processor_unit/lib/python3.11/site-packages:${PYTHONPATH} /usr/bin/python3 -W ignore:setup.py install is deprecated -W ignore:easy_install command is deprecated setup.py egg_info --egg-base ../../build/processor_unit build --build-base /home/raspi-earth/project_ws/build/processor_unit/build install --record /home/raspi-earth/project_ws/build/processor_unit/install.log --single-version-externally-managed install_data
[9.333s] DEBUG:colcon.colcon_core.event_handler.log_command:Invoked command in '/home/raspi-earth/project_ws/src/encoder_unit' returned '0': PYTHONPATH=/home/raspi-earth/project_ws/build/encoder_unit/prefix_override:/usr/lib/python3/dist-packages/colcon_core/task/python/colcon_distutils_commands:/home/raspi-earth/project_ws/install/encoder_unit/lib/python3.11/site-packages:${PYTHONPATH} /usr/bin/python3 -W ignore:setup.py install is deprecated -W ignore:easy_install command is deprecated setup.py egg_info --egg-base ../../build/encoder_unit build --build-base /home/raspi-earth/project_ws/build/encoder_unit/build install --record /home/raspi-earth/project_ws/build/encoder_unit/install.log --single-version-externally-managed install_data
[9.354s] Level 1:colcon.colcon_core.environment:checking '/home/raspi-earth/project_ws/install/encoder_unit' for CMake module files
[9.355s] Level 1:colcon.colcon_core.environment:checking '/home/raspi-earth/project_ws/install/encoder_unit' for CMake config files
[9.356s] Level 1:colcon.colcon_core.environment:checking '/home/raspi-earth/project_ws/install/encoder_unit/lib'
[9.357s] Level 1:colcon.colcon_core.environment:checking '/home/raspi-earth/project_ws/install/encoder_unit/bin'
[9.357s] Level 1:colcon.colcon_core.environment:checking '/home/raspi-earth/project_ws/install/encoder_unit/lib/pkgconfig/encoder_unit.pc'
[9.357s] Level 1:colcon.colcon_core.environment:checking '/home/raspi-earth/project_ws/install/encoder_unit/lib/python3.11/site-packages'
[9.358s] Level 1:colcon.colcon_core.shell:create_environment_hook('encoder_unit', 'pythonpath')
[9.358s] INFO:colcon.colcon_core.shell:Creating environment descriptor '/home/raspi-earth/project_ws/install/encoder_unit/share/encoder_unit/hook/pythonpath.dsv'
[9.359s] INFO:colcon.colcon_core.shell:Creating environment hook '/home/raspi-earth/project_ws/install/encoder_unit/share/encoder_unit/hook/pythonpath.sh'
[9.360s] Level 1:colcon.colcon_core.environment:checking '/home/raspi-earth/project_ws/install/encoder_unit/bin'
[9.360s] Level 1:colcon.colcon_core.environment:create_environment_scripts_only(encoder_unit)
[9.361s] INFO:colcon.colcon_core.shell:Creating package descriptor '/home/raspi-earth/project_ws/install/encoder_unit/share/encoder_unit/package.dsv'
[9.363s] INFO:colcon.colcon_core.shell:Creating package script '/home/raspi-earth/project_ws/install/encoder_unit/share/encoder_unit/package.sh'
[9.365s] INFO:colcon.colcon_core.shell:Creating package script '/home/raspi-earth/project_ws/install/encoder_unit/share/encoder_unit/package.bash'
[9.367s] INFO:colcon.colcon_core.shell:Creating package script '/home/raspi-earth/project_ws/install/encoder_unit/share/encoder_unit/package.zsh'
[9.369s] Level 1:colcon.colcon_core.environment:create_file_with_runtime_dependencies(/home/raspi-earth/project_ws/install/encoder_unit/share/colcon-core/packages/encoder_unit)
[9.370s] INFO:colcon.colcon_ros.task.ament_cmake.build:Building ROS package in '/home/raspi-earth/project_ws/src/whitepost_description' with build type 'ament_cmake'
[9.371s] INFO:colcon.colcon_cmake.task.cmake.build:Building CMake package in '/home/raspi-earth/project_ws/src/whitepost_description'
[9.371s] DEBUG:colcon.colcon_core.shell:Skip shell extension 'dsv' for command environment
[9.402s] Level 1:colcon.colcon_core.environment:checking '/home/raspi-earth/project_ws/install/launch_project' for CMake module files
[9.403s] DEBUG:colcon.colcon_core.event_handler.log_command:Invoked command in '/home/raspi-earth/project_ws/src/launch_project' returned '0': PYTHONPATH=/home/raspi-earth/project_ws/build/launch_project/prefix_override:/usr/lib/python3/dist-packages/colcon_core/task/python/colcon_distutils_commands:/home/raspi-earth/project_ws/install/launch_project/lib/python3.11/site-packages:${PYTHONPATH} /usr/bin/python3 -W ignore:setup.py install is deprecated -W ignore:easy_install command is deprecated setup.py egg_info --egg-base ../../build/launch_project build --build-base /home/raspi-earth/project_ws/build/launch_project/build install --record /home/raspi-earth/project_ws/build/launch_project/install.log --single-version-externally-managed install_data
[9.404s] Level 1:colcon.colcon_core.environment:checking '/home/raspi-earth/project_ws/install/launch_project' for CMake config files
[9.404s] Level 1:colcon.colcon_core.environment:checking '/home/raspi-earth/project_ws/install/launch_project/lib'
[9.405s] Level 1:colcon.colcon_core.environment:checking '/home/raspi-earth/project_ws/install/launch_project/bin'
[9.405s] Level 1:colcon.colcon_core.environment:checking '/home/raspi-earth/project_ws/install/launch_project/lib/pkgconfig/launch_project.pc'
[9.405s] Level 1:colcon.colcon_core.environment:checking '/home/raspi-earth/project_ws/install/launch_project/lib/python3.11/site-packages'
[9.406s] Level 1:colcon.colcon_core.shell:create_environment_hook('launch_project', 'pythonpath')
[9.406s] INFO:colcon.colcon_core.shell:Creating environment descriptor '/home/raspi-earth/project_ws/install/launch_project/share/launch_project/hook/pythonpath.dsv'
[9.407s] INFO:colcon.colcon_core.shell:Creating environment hook '/home/raspi-earth/project_ws/install/launch_project/share/launch_project/hook/pythonpath.sh'
[9.409s] Level 1:colcon.colcon_core.environment:checking '/home/raspi-earth/project_ws/install/launch_project/bin'
[9.410s] Level 1:colcon.colcon_core.environment:create_environment_scripts_only(launch_project)
[9.410s] INFO:colcon.colcon_core.shell:Creating package descriptor '/home/raspi-earth/project_ws/install/launch_project/share/launch_project/package.dsv'
[9.411s] INFO:colcon.colcon_core.shell:Creating package script '/home/raspi-earth/project_ws/install/launch_project/share/launch_project/package.sh'
[9.412s] INFO:colcon.colcon_core.shell:Creating package script '/home/raspi-earth/project_ws/install/launch_project/share/launch_project/package.bash'
[9.413s] INFO:colcon.colcon_core.shell:Creating package script '/home/raspi-earth/project_ws/install/launch_project/share/launch_project/package.zsh'
[9.414s] Level 1:colcon.colcon_core.environment:create_file_with_runtime_dependencies(/home/raspi-earth/project_ws/install/launch_project/share/colcon-core/packages/launch_project)
[9.427s] DEBUG:colcon.colcon_core.event_handler.log_command:Invoking command in '/home/raspi-earth/project_ws/build/whitepost_description': CMAKE_PREFIX_PATH=${CMAKE_PREFIX_PATH}:/home/raspi-earth/project_ws/install/processor_unit:/home/raspi-earth/project_ws/install/motor_control:/home/raspi-earth/project_ws/install/launch_project:/home/raspi-earth/project_ws/install/encoder_unit:/home/raspi-earth/ros2_humble/install/rqt_bag_plugins:/home/raspi-earth/ros2_humble/install/rqt_bag:/home/raspi-earth/ros2_humble/install/launch_testing_examples:/home/raspi-earth/ros2_humble/install/ros2bag:/home/raspi-earth/ros2_humble/install/tracetools_test:/home/raspi-earth/ros2_humble/install/tracetools_launch:/home/raspi-earth/ros2_humble/install/topic_monitor:/home/raspi-earth/ros2_humble/install/tf2_tools:/home/raspi-earth/ros2_humble/install/examples_tf2_py:/home/raspi-earth/ros2_humble/install/tf2_ros_py:/home/raspi-earth/ros2_humble/install/sros2:/home/raspi-earth/ros2_humble/install/rqt_topic:/home/raspi-earth/ros2_humble/install/rqt_srv:/home/raspi-earth/ros2_humble/install/rqt_shell:/home/raspi-earth/ros2_humble/install/rqt_service_caller:/home/raspi-earth/ros2_humble/install/rqt_reconfigure:/home/raspi-earth/ros2_humble/install/rqt_py_console:/home/raspi-earth/ros2_humble/install/rqt_publisher:/home/raspi-earth/ros2_humble/install/rqt_plot:/home/raspi-earth/ros2_humble/install/rqt_action:/home/raspi-earth/ros2_humble/install/rqt_msg:/home/raspi-earth/ros2_humble/install/rqt_console:/home/raspi-earth/ros2_humble/install/rqt:/home/raspi-earth/ros2_humble/install/rqt_graph:/home/raspi-earth/ros2_humble/install/rqt_gui_py:/home/raspi-earth/ros2_humble/install/rqt_gui:/home/raspi-earth/ros2_humble/install/ros2trace:/home/raspi-earth/ros2_humble/install/ros2topic:/home/raspi-earth/ros2_humble/install/ros2test:/home/raspi-earth/ros2_humble/install/ros2component:/home/raspi-earth/ros2_humble/install/ros2param:/home/raspi-earth/ros2_humble/install/ros2lifecycle:/home/raspi-earth/ros2_humble/install/ros2service:/home/raspi-earth/ros2_humble/install/ros2run:/home/raspi-earth/ros2_humble/install/ros2plugin:/home/raspi-earth/ros2_humble/install/ros2launch:/home/raspi-earth/ros2_humble/install/ros2pkg:/home/raspi-earth/ros2_humble/install/ros2node:/home/raspi-earth/ros2_humble/install/ros2multicast:/home/raspi-earth/ros2_humble/install/ros2interface:/home/raspi-earth/ros2_humble/install/ros2doctor:/home/raspi-earth/ros2_humble/install/ros2action:/home/raspi-earth/ros2_humble/install/ros2cli:/home/raspi-earth/ros2_humble/install/quality_of_service_demo_py:/home/raspi-earth/ros2_humble/install/lifecycle_py:/home/raspi-earth/ros2_humble/install/launch_testing_ros:/home/raspi-earth/ros2_humble/install/launch_ros:/home/raspi-earth/ros2_humble/install/examples_rclpy_pointcloud_publisher:/home/raspi-earth/ros2_humble/install/examples_rclpy_minimal_subscriber:/home/raspi-earth/ros2_humble/install/examples_rclpy_minimal_service:/home/raspi-earth/ros2_humble/install/examples_rclpy_minimal_publisher:/home/raspi-earth/ros2_humble/install/examples_rclpy_minimal_client:/home/raspi-earth/ros2_humble/install/examples_rclpy_minimal_action_server:/home/raspi-earth/ros2_humble/install/examples_rclpy_minimal_action_client:/home/raspi-earth/ros2_humble/install/examples_rclpy_guard_conditions:/home/raspi-earth/ros2_humble/install/examples_rclpy_executors:/home/raspi-earth/ros2_humble/install/demo_nodes_py:/home/raspi-earth/ros2_humble/install/camera_info_manager_py:/home/raspi-earth/ros2_humble/install/action_tutorials_py:/home/raspi-earth/ros2_humble/install/ament_uncrustify:/home/raspi-earth/ros2_humble/install/tracetools_trace:/home/raspi-earth/ros2_humble/install/tracetools_read:/home/raspi-earth/ros2_humble/install/test_tracetools_launch:/home/raspi-earth/ros2_humble/install/test_launch_ros:/home/raspi-earth/ros2_humble/install/sensor_msgs_py:/home/raspi-earth/ros2_humble/install/rpyutils:/home/raspi-earth/ros2_humble/install/rosidl_runtime_py:/home/raspi-earth/ros2_humble/install/rosidl_cli:/home/raspi-earth/ros2_humble/install/launch_pytest:/home/raspi-earth/ros2_humble/install/launch_testing:/home/raspi-earth/ros2_humble/install/launch_yaml:/home/raspi-earth/ros2_humble/install/launch_xml:/home/raspi-earth/ros2_humble/install/launch:/home/raspi-earth/ros2_humble/install/osrf_pycommon:/home/raspi-earth/ros2_humble/install/domain_coordinator:/home/raspi-earth/ros2_humble/install/ament_xmllint:/home/raspi-earth/ros2_humble/install/ament_pyflakes:/home/raspi-earth/ros2_humble/install/ament_pycodestyle:/home/raspi-earth/ros2_humble/install/ament_pep257:/home/raspi-earth/ros2_humble/install/ament_pclint:/home/raspi-earth/ros2_humble/install/ament_package:/home/raspi-earth/ros2_humble/install/ament_mypy:/home/raspi-earth/ros2_humble/install/ament_lint_cmake:/home/raspi-earth/ros2_humble/install/ament_flake8:/home/raspi-earth/ros2_humble/install/ament_copyright:/home/raspi-earth/ros2_humble/install/ament_lint:/home/raspi-earth/ros2_humble/install/ament_index_python:/home/raspi-earth/ros2_humble/install/ament_cpplint:/home/raspi-earth/ros2_humble/install/ament_cppcheck:/home/raspi-earth/ros2_humble/install/ament_clang_tidy:/home/raspi-earth/ros2_humble/install/ament_clang_format /usr/bin/cmake --build /home/raspi-earth/project_ws/build/whitepost_description -- -j4 -l4
[9.542s] Level 1:colcon.colcon_core.environment:checking '/home/raspi-earth/project_ws/install/processor_unit' for CMake module files
[9.542s] Level 1:colcon.colcon_core.environment:checking '/home/raspi-earth/project_ws/install/processor_unit' for CMake config files
[9.543s] Level 1:colcon.colcon_core.environment:checking '/home/raspi-earth/project_ws/install/processor_unit/lib'
[9.543s] Level 1:colcon.colcon_core.environment:checking '/home/raspi-earth/project_ws/install/processor_unit/bin'
[9.543s] Level 1:colcon.colcon_core.environment:checking '/home/raspi-earth/project_ws/install/processor_unit/lib/pkgconfig/processor_unit.pc'
[9.544s] Level 1:colcon.colcon_core.environment:checking '/home/raspi-earth/project_ws/install/processor_unit/lib/python3.11/site-packages'
[9.544s] Level 1:colcon.colcon_core.shell:create_environment_hook('processor_unit', 'pythonpath')
[9.544s] INFO:colcon.colcon_core.shell:Creating environment descriptor '/home/raspi-earth/project_ws/install/processor_unit/share/processor_unit/hook/pythonpath.dsv'
[9.545s] DEBUG:colcon.colcon_core.event_handler.log_command:Invoked command in '/home/raspi-earth/project_ws/src/processor_unit' returned '0': PYTHONPATH=/home/raspi-earth/project_ws/build/processor_unit/prefix_override:/usr/lib/python3/dist-packages/colcon_core/task/python/colcon_distutils_commands:/home/raspi-earth/project_ws/install/processor_unit/lib/python3.11/site-packages:${PYTHONPATH} /usr/bin/python3 -W ignore:setup.py install is deprecated -W ignore:easy_install command is deprecated setup.py egg_info --egg-base ../../build/processor_unit build --build-base /home/raspi-earth/project_ws/build/processor_unit/build install --record /home/raspi-earth/project_ws/build/processor_unit/install.log --single-version-externally-managed install_data
[9.546s] INFO:colcon.colcon_core.shell:Creating environment hook '/home/raspi-earth/project_ws/install/processor_unit/share/processor_unit/hook/pythonpath.sh'
[9.548s] Level 1:colcon.colcon_core.environment:checking '/home/raspi-earth/project_ws/install/processor_unit/bin'
[9.548s] Level 1:colcon.colcon_core.environment:create_environment_scripts_only(processor_unit)
[9.548s] INFO:colcon.colcon_core.shell:Creating package descriptor '/home/raspi-earth/project_ws/install/processor_unit/share/processor_unit/package.dsv'
[9.550s] INFO:colcon.colcon_core.shell:Creating package script '/home/raspi-earth/project_ws/install/processor_unit/share/processor_unit/package.sh'
[9.550s] INFO:colcon.colcon_core.shell:Creating package script '/home/raspi-earth/project_ws/install/processor_unit/share/processor_unit/package.bash'
[9.552s] INFO:colcon.colcon_core.shell:Creating package script '/home/raspi-earth/project_ws/install/processor_unit/share/processor_unit/package.zsh'
[9.552s] Level 1:colcon.colcon_core.environment:create_file_with_runtime_dependencies(/home/raspi-earth/project_ws/install/processor_unit/share/colcon-core/packages/processor_unit)
[9.607s] Level 1:colcon.colcon_core.environment:checking '/home/raspi-earth/project_ws/install/motor_control' for CMake module files
[9.607s] DEBUG:colcon.colcon_core.event_handler.log_command:Invoked command in '/home/raspi-earth/project_ws/src/motor_control' returned '0': PYTHONPATH=/home/raspi-earth/project_ws/build/motor_control/prefix_override:/usr/lib/python3/dist-packages/colcon_core/task/python/colcon_distutils_commands:/home/raspi-earth/project_ws/install/motor_control/lib/python3.11/site-packages:${PYTHONPATH} /usr/bin/python3 -W ignore:setup.py install is deprecated -W ignore:easy_install command is deprecated setup.py egg_info --egg-base ../../build/motor_control build --build-base /home/raspi-earth/project_ws/build/motor_control/build install --record /home/raspi-earth/project_ws/build/motor_control/install.log --single-version-externally-managed install_data
[9.608s] Level 1:colcon.colcon_core.environment:checking '/home/raspi-earth/project_ws/install/motor_control' for CMake config files
[9.609s] Level 1:colcon.colcon_core.environment:checking '/home/raspi-earth/project_ws/install/motor_control/lib'
[9.609s] Level 1:colcon.colcon_core.environment:checking '/home/raspi-earth/project_ws/install/motor_control/bin'
[9.609s] Level 1:colcon.colcon_core.environment:checking '/home/raspi-earth/project_ws/install/motor_control/lib/pkgconfig/motor_control.pc'
[9.609s] Level 1:colcon.colcon_core.environment:checking '/home/raspi-earth/project_ws/install/motor_control/lib/python3.11/site-packages'
[9.609s] Level 1:colcon.colcon_core.shell:create_environment_hook('motor_control', 'pythonpath')
[9.609s] INFO:colcon.colcon_core.shell:Creating environment descriptor '/home/raspi-earth/project_ws/install/motor_control/share/motor_control/hook/pythonpath.dsv'
[9.610s] INFO:colcon.colcon_core.shell:Creating environment hook '/home/raspi-earth/project_ws/install/motor_control/share/motor_control/hook/pythonpath.sh'
[9.612s] Level 1:colcon.colcon_core.environment:checking '/home/raspi-earth/project_ws/install/motor_control/bin'
[9.612s] Level 1:colcon.colcon_core.environment:create_environment_scripts_only(motor_control)
[9.612s] INFO:colcon.colcon_core.shell:Creating package descriptor '/home/raspi-earth/project_ws/install/motor_control/share/motor_control/package.dsv'
[9.613s] INFO:colcon.colcon_core.shell:Creating package script '/home/raspi-earth/project_ws/install/motor_control/share/motor_control/package.sh'
[9.614s] INFO:colcon.colcon_core.shell:Creating package script '/home/raspi-earth/project_ws/install/motor_control/share/motor_control/package.bash'
[9.615s] INFO:colcon.colcon_core.shell:Creating package script '/home/raspi-earth/project_ws/install/motor_control/share/motor_control/package.zsh'
[9.616s] Level 1:colcon.colcon_core.environment:create_file_with_runtime_dependencies(/home/raspi-earth/project_ws/install/motor_control/share/colcon-core/packages/motor_control)
[9.645s] DEBUG:colcon.colcon_core.event_handler.log_command:Invoked command in '/home/raspi-earth/project_ws/build/whitepost_description' returned '0': CMAKE_PREFIX_PATH=${CMAKE_PREFIX_PATH}:/home/raspi-earth/project_ws/install/processor_unit:/home/raspi-earth/project_ws/install/motor_control:/home/raspi-earth/project_ws/install/launch_project:/home/raspi-earth/project_ws/install/encoder_unit:/home/raspi-earth/ros2_humble/install/rqt_bag_plugins:/home/raspi-earth/ros2_humble/install/rqt_bag:/home/raspi-earth/ros2_humble/install/launch_testing_examples:/home/raspi-earth/ros2_humble/install/ros2bag:/home/raspi-earth/ros2_humble/install/tracetools_test:/home/raspi-earth/ros2_humble/install/tracetools_launch:/home/raspi-earth/ros2_humble/install/topic_monitor:/home/raspi-earth/ros2_humble/install/tf2_tools:/home/raspi-earth/ros2_humble/install/examples_tf2_py:/home/raspi-earth/ros2_humble/install/tf2_ros_py:/home/raspi-earth/ros2_humble/install/sros2:/home/raspi-earth/ros2_humble/install/rqt_topic:/home/raspi-earth/ros2_humble/install/rqt_srv:/home/raspi-earth/ros2_humble/install/rqt_shell:/home/raspi-earth/ros2_humble/install/rqt_service_caller:/home/raspi-earth/ros2_humble/install/rqt_reconfigure:/home/raspi-earth/ros2_humble/install/rqt_py_console:/home/raspi-earth/ros2_humble/install/rqt_publisher:/home/raspi-earth/ros2_humble/install/rqt_plot:/home/raspi-earth/ros2_humble/install/rqt_action:/home/raspi-earth/ros2_humble/install/rqt_msg:/home/raspi-earth/ros2_humble/install/rqt_console:/home/raspi-earth/ros2_humble/install/rqt:/home/raspi-earth/ros2_humble/install/rqt_graph:/home/raspi-earth/ros2_humble/install/rqt_gui_py:/home/raspi-earth/ros2_humble/install/rqt_gui:/home/raspi-earth/ros2_humble/install/ros2trace:/home/raspi-earth/ros2_humble/install/ros2topic:/home/raspi-earth/ros2_humble/install/ros2test:/home/raspi-earth/ros2_humble/install/ros2component:/home/raspi-earth/ros2_humble/install/ros2param:/home/raspi-earth/ros2_humble/install/ros2lifecycle:/home/raspi-earth/ros2_humble/install/ros2service:/home/raspi-earth/ros2_humble/install/ros2run:/home/raspi-earth/ros2_humble/install/ros2plugin:/home/raspi-earth/ros2_humble/install/ros2launch:/home/raspi-earth/ros2_humble/install/ros2pkg:/home/raspi-earth/ros2_humble/install/ros2node:/home/raspi-earth/ros2_humble/install/ros2multicast:/home/raspi-earth/ros2_humble/install/ros2interface:/home/raspi-earth/ros2_humble/install/ros2doctor:/home/raspi-earth/ros2_humble/install/ros2action:/home/raspi-earth/ros2_humble/install/ros2cli:/home/raspi-earth/ros2_humble/install/quality_of_service_demo_py:/home/raspi-earth/ros2_humble/install/lifecycle_py:/home/raspi-earth/ros2_humble/install/launch_testing_ros:/home/raspi-earth/ros2_humble/install/launch_ros:/home/raspi-earth/ros2_humble/install/examples_rclpy_pointcloud_publisher:/home/raspi-earth/ros2_humble/install/examples_rclpy_minimal_subscriber:/home/raspi-earth/ros2_humble/install/examples_rclpy_minimal_service:/home/raspi-earth/ros2_humble/install/examples_rclpy_minimal_publisher:/home/raspi-earth/ros2_humble/install/examples_rclpy_minimal_client:/home/raspi-earth/ros2_humble/install/examples_rclpy_minimal_action_server:/home/raspi-earth/ros2_humble/install/examples_rclpy_minimal_action_client:/home/raspi-earth/ros2_humble/install/examples_rclpy_guard_conditions:/home/raspi-earth/ros2_humble/install/examples_rclpy_executors:/home/raspi-earth/ros2_humble/install/demo_nodes_py:/home/raspi-earth/ros2_humble/install/camera_info_manager_py:/home/raspi-earth/ros2_humble/install/action_tutorials_py:/home/raspi-earth/ros2_humble/install/ament_uncrustify:/home/raspi-earth/ros2_humble/install/tracetools_trace:/home/raspi-earth/ros2_humble/install/tracetools_read:/home/raspi-earth/ros2_humble/install/test_tracetools_launch:/home/raspi-earth/ros2_humble/install/test_launch_ros:/home/raspi-earth/ros2_humble/install/sensor_msgs_py:/home/raspi-earth/ros2_humble/install/rpyutils:/home/raspi-earth/ros2_humble/install/rosidl_runtime_py:/home/raspi-earth/ros2_humble/install/rosidl_cli:/home/raspi-earth/ros2_humble/install/launch_pytest:/home/raspi-earth/ros2_humble/install/launch_testing:/home/raspi-earth/ros2_humble/install/launch_yaml:/home/raspi-earth/ros2_humble/install/launch_xml:/home/raspi-earth/ros2_humble/install/launch:/home/raspi-earth/ros2_humble/install/osrf_pycommon:/home/raspi-earth/ros2_humble/install/domain_coordinator:/home/raspi-earth/ros2_humble/install/ament_xmllint:/home/raspi-earth/ros2_humble/install/ament_pyflakes:/home/raspi-earth/ros2_humble/install/ament_pycodestyle:/home/raspi-earth/ros2_humble/install/ament_pep257:/home/raspi-earth/ros2_humble/install/ament_pclint:/home/raspi-earth/ros2_humble/install/ament_package:/home/raspi-earth/ros2_humble/install/ament_mypy:/home/raspi-earth/ros2_humble/install/ament_lint_cmake:/home/raspi-earth/ros2_humble/install/ament_flake8:/home/raspi-earth/ros2_humble/install/ament_copyright:/home/raspi-earth/ros2_humble/install/ament_lint:/home/raspi-earth/ros2_humble/install/ament_index_python:/home/raspi-earth/ros2_humble/install/ament_cpplint:/home/raspi-earth/ros2_humble/install/ament_cppcheck:/home/raspi-earth/ros2_humble/install/ament_clang_tidy:/home/raspi-earth/ros2_humble/install/ament_clang_format /usr/bin/cmake --build /home/raspi-earth/project_ws/build/whitepost_description -- -j4 -l4
[9.667s] DEBUG:colcon.colcon_core.event_handler.log_command:Invoking command in '/home/raspi-earth/project_ws/build/whitepost_description': CMAKE_PREFIX_PATH=${CMAKE_PREFIX_PATH}:/home/raspi-earth/project_ws/install/processor_unit:/home/raspi-earth/project_ws/install/motor_control:/home/raspi-earth/project_ws/install/launch_project:/home/raspi-earth/project_ws/install/encoder_unit:/home/raspi-earth/ros2_humble/install/rqt_bag_plugins:/home/raspi-earth/ros2_humble/install/rqt_bag:/home/raspi-earth/ros2_humble/install/launch_testing_examples:/home/raspi-earth/ros2_humble/install/ros2bag:/home/raspi-earth/ros2_humble/install/tracetools_test:/home/raspi-earth/ros2_humble/install/tracetools_launch:/home/raspi-earth/ros2_humble/install/topic_monitor:/home/raspi-earth/ros2_humble/install/tf2_tools:/home/raspi-earth/ros2_humble/install/examples_tf2_py:/home/raspi-earth/ros2_humble/install/tf2_ros_py:/home/raspi-earth/ros2_humble/install/sros2:/home/raspi-earth/ros2_humble/install/rqt_topic:/home/raspi-earth/ros2_humble/install/rqt_srv:/home/raspi-earth/ros2_humble/install/rqt_shell:/home/raspi-earth/ros2_humble/install/rqt_service_caller:/home/raspi-earth/ros2_humble/install/rqt_reconfigure:/home/raspi-earth/ros2_humble/install/rqt_py_console:/home/raspi-earth/ros2_humble/install/rqt_publisher:/home/raspi-earth/ros2_humble/install/rqt_plot:/home/raspi-earth/ros2_humble/install/rqt_action:/home/raspi-earth/ros2_humble/install/rqt_msg:/home/raspi-earth/ros2_humble/install/rqt_console:/home/raspi-earth/ros2_humble/install/rqt:/home/raspi-earth/ros2_humble/install/rqt_graph:/home/raspi-earth/ros2_humble/install/rqt_gui_py:/home/raspi-earth/ros2_humble/install/rqt_gui:/home/raspi-earth/ros2_humble/install/ros2trace:/home/raspi-earth/ros2_humble/install/ros2topic:/home/raspi-earth/ros2_humble/install/ros2test:/home/raspi-earth/ros2_humble/install/ros2component:/home/raspi-earth/ros2_humble/install/ros2param:/home/raspi-earth/ros2_humble/install/ros2lifecycle:/home/raspi-earth/ros2_humble/install/ros2service:/home/raspi-earth/ros2_humble/install/ros2run:/home/raspi-earth/ros2_humble/install/ros2plugin:/home/raspi-earth/ros2_humble/install/ros2launch:/home/raspi-earth/ros2_humble/install/ros2pkg:/home/raspi-earth/ros2_humble/install/ros2node:/home/raspi-earth/ros2_humble/install/ros2multicast:/home/raspi-earth/ros2_humble/install/ros2interface:/home/raspi-earth/ros2_humble/install/ros2doctor:/home/raspi-earth/ros2_humble/install/ros2action:/home/raspi-earth/ros2_humble/install/ros2cli:/home/raspi-earth/ros2_humble/install/quality_of_service_demo_py:/home/raspi-earth/ros2_humble/install/lifecycle_py:/home/raspi-earth/ros2_humble/install/launch_testing_ros:/home/raspi-earth/ros2_humble/install/launch_ros:/home/raspi-earth/ros2_humble/install/examples_rclpy_pointcloud_publisher:/home/raspi-earth/ros2_humble/install/examples_rclpy_minimal_subscriber:/home/raspi-earth/ros2_humble/install/examples_rclpy_minimal_service:/home/raspi-earth/ros2_humble/install/examples_rclpy_minimal_publisher:/home/raspi-earth/ros2_humble/install/examples_rclpy_minimal_client:/home/raspi-earth/ros2_humble/install/examples_rclpy_minimal_action_server:/home/raspi-earth/ros2_humble/install/examples_rclpy_minimal_action_client:/home/raspi-earth/ros2_humble/install/examples_rclpy_guard_conditions:/home/raspi-earth/ros2_humble/install/examples_rclpy_executors:/home/raspi-earth/ros2_humble/install/demo_nodes_py:/home/raspi-earth/ros2_humble/install/camera_info_manager_py:/home/raspi-earth/ros2_humble/install/action_tutorials_py:/home/raspi-earth/ros2_humble/install/ament_uncrustify:/home/raspi-earth/ros2_humble/install/tracetools_trace:/home/raspi-earth/ros2_humble/install/tracetools_read:/home/raspi-earth/ros2_humble/install/test_tracetools_launch:/home/raspi-earth/ros2_humble/install/test_launch_ros:/home/raspi-earth/ros2_humble/install/sensor_msgs_py:/home/raspi-earth/ros2_humble/install/rpyutils:/home/raspi-earth/ros2_humble/install/rosidl_runtime_py:/home/raspi-earth/ros2_humble/install/rosidl_cli:/home/raspi-earth/ros2_humble/install/launch_pytest:/home/raspi-earth/ros2_humble/install/launch_testing:/home/raspi-earth/ros2_humble/install/launch_yaml:/home/raspi-earth/ros2_humble/install/launch_xml:/home/raspi-earth/ros2_humble/install/launch:/home/raspi-earth/ros2_humble/install/osrf_pycommon:/home/raspi-earth/ros2_humble/install/domain_coordinator:/home/raspi-earth/ros2_humble/install/ament_xmllint:/home/raspi-earth/ros2_humble/install/ament_pyflakes:/home/raspi-earth/ros2_humble/install/ament_pycodestyle:/home/raspi-earth/ros2_humble/install/ament_pep257:/home/raspi-earth/ros2_humble/install/ament_pclint:/home/raspi-earth/ros2_humble/install/ament_package:/home/raspi-earth/ros2_humble/install/ament_mypy:/home/raspi-earth/ros2_humble/install/ament_lint_cmake:/home/raspi-earth/ros2_humble/install/ament_flake8:/home/raspi-earth/ros2_humble/install/ament_copyright:/home/raspi-earth/ros2_humble/install/ament_lint:/home/raspi-earth/ros2_humble/install/ament_index_python:/home/raspi-earth/ros2_humble/install/ament_cpplint:/home/raspi-earth/ros2_humble/install/ament_cppcheck:/home/raspi-earth/ros2_humble/install/ament_clang_tidy:/home/raspi-earth/ros2_humble/install/ament_clang_format /usr/bin/cmake --install /home/raspi-earth/project_ws/build/whitepost_description
[9.691s] Level 1:colcon.colcon_core.environment:create_environment_scripts_only(whitepost_description)
[9.692s] Level 1:colcon.colcon_core.environment:checking '/home/raspi-earth/project_ws/install/whitepost_description' for CMake module files
[9.692s] DEBUG:colcon.colcon_core.event_handler.log_command:Invoked command in '/home/raspi-earth/project_ws/build/whitepost_description' returned '0': CMAKE_PREFIX_PATH=${CMAKE_PREFIX_PATH}:/home/raspi-earth/project_ws/install/processor_unit:/home/raspi-earth/project_ws/install/motor_control:/home/raspi-earth/project_ws/install/launch_project:/home/raspi-earth/project_ws/install/encoder_unit:/home/raspi-earth/ros2_humble/install/rqt_bag_plugins:/home/raspi-earth/ros2_humble/install/rqt_bag:/home/raspi-earth/ros2_humble/install/launch_testing_examples:/home/raspi-earth/ros2_humble/install/ros2bag:/home/raspi-earth/ros2_humble/install/tracetools_test:/home/raspi-earth/ros2_humble/install/tracetools_launch:/home/raspi-earth/ros2_humble/install/topic_monitor:/home/raspi-earth/ros2_humble/install/tf2_tools:/home/raspi-earth/ros2_humble/install/examples_tf2_py:/home/raspi-earth/ros2_humble/install/tf2_ros_py:/home/raspi-earth/ros2_humble/install/sros2:/home/raspi-earth/ros2_humble/install/rqt_topic:/home/raspi-earth/ros2_humble/install/rqt_srv:/home/raspi-earth/ros2_humble/install/rqt_shell:/home/raspi-earth/ros2_humble/install/rqt_service_caller:/home/raspi-earth/ros2_humble/install/rqt_reconfigure:/home/raspi-earth/ros2_humble/install/rqt_py_console:/home/raspi-earth/ros2_humble/install/rqt_publisher:/home/raspi-earth/ros2_humble/install/rqt_plot:/home/raspi-earth/ros2_humble/install/rqt_action:/home/raspi-earth/ros2_humble/install/rqt_msg:/home/raspi-earth/ros2_humble/install/rqt_console:/home/raspi-earth/ros2_humble/install/rqt:/home/raspi-earth/ros2_humble/install/rqt_graph:/home/raspi-earth/ros2_humble/install/rqt_gui_py:/home/raspi-earth/ros2_humble/install/rqt_gui:/home/raspi-earth/ros2_humble/install/ros2trace:/home/raspi-earth/ros2_humble/install/ros2topic:/home/raspi-earth/ros2_humble/install/ros2test:/home/raspi-earth/ros2_humble/install/ros2component:/home/raspi-earth/ros2_humble/install/ros2param:/home/raspi-earth/ros2_humble/install/ros2lifecycle:/home/raspi-earth/ros2_humble/install/ros2service:/home/raspi-earth/ros2_humble/install/ros2run:/home/raspi-earth/ros2_humble/install/ros2plugin:/home/raspi-earth/ros2_humble/install/ros2launch:/home/raspi-earth/ros2_humble/install/ros2pkg:/home/raspi-earth/ros2_humble/install/ros2node:/home/raspi-earth/ros2_humble/install/ros2multicast:/home/raspi-earth/ros2_humble/install/ros2interface:/home/raspi-earth/ros2_humble/install/ros2doctor:/home/raspi-earth/ros2_humble/install/ros2action:/home/raspi-earth/ros2_humble/install/ros2cli:/home/raspi-earth/ros2_humble/install/quality_of_service_demo_py:/home/raspi-earth/ros2_humble/install/lifecycle_py:/home/raspi-earth/ros2_humble/install/launch_testing_ros:/home/raspi-earth/ros2_humble/install/launch_ros:/home/raspi-earth/ros2_humble/install/examples_rclpy_pointcloud_publisher:/home/raspi-earth/ros2_humble/install/examples_rclpy_minimal_subscriber:/home/raspi-earth/ros2_humble/install/examples_rclpy_minimal_service:/home/raspi-earth/ros2_humble/install/examples_rclpy_minimal_publisher:/home/raspi-earth/ros2_humble/install/examples_rclpy_minimal_client:/home/raspi-earth/ros2_humble/install/examples_rclpy_minimal_action_server:/home/raspi-earth/ros2_humble/install/examples_rclpy_minimal_action_client:/home/raspi-earth/ros2_humble/install/examples_rclpy_guard_conditions:/home/raspi-earth/ros2_humble/install/examples_rclpy_executors:/home/raspi-earth/ros2_humble/install/demo_nodes_py:/home/raspi-earth/ros2_humble/install/camera_info_manager_py:/home/raspi-earth/ros2_humble/install/action_tutorials_py:/home/raspi-earth/ros2_humble/install/ament_uncrustify:/home/raspi-earth/ros2_humble/install/tracetools_trace:/home/raspi-earth/ros2_humble/install/tracetools_read:/home/raspi-earth/ros2_humble/install/test_tracetools_launch:/home/raspi-earth/ros2_humble/install/test_launch_ros:/home/raspi-earth/ros2_humble/install/sensor_msgs_py:/home/raspi-earth/ros2_humble/install/rpyutils:/home/raspi-earth/ros2_humble/install/rosidl_runtime_py:/home/raspi-earth/ros2_humble/install/rosidl_cli:/home/raspi-earth/ros2_humble/install/launch_pytest:/home/raspi-earth/ros2_humble/install/launch_testing:/home/raspi-earth/ros2_humble/install/launch_yaml:/home/raspi-earth/ros2_humble/install/launch_xml:/home/raspi-earth/ros2_humble/install/launch:/home/raspi-earth/ros2_humble/install/osrf_pycommon:/home/raspi-earth/ros2_humble/install/domain_coordinator:/home/raspi-earth/ros2_humble/install/ament_xmllint:/home/raspi-earth/ros2_humble/install/ament_pyflakes:/home/raspi-earth/ros2_humble/install/ament_pycodestyle:/home/raspi-earth/ros2_humble/install/ament_pep257:/home/raspi-earth/ros2_humble/install/ament_pclint:/home/raspi-earth/ros2_humble/install/ament_package:/home/raspi-earth/ros2_humble/install/ament_mypy:/home/raspi-earth/ros2_humble/install/ament_lint_cmake:/home/raspi-earth/ros2_humble/install/ament_flake8:/home/raspi-earth/ros2_humble/install/ament_copyright:/home/raspi-earth/ros2_humble/install/ament_lint:/home/raspi-earth/ros2_humble/install/ament_index_python:/home/raspi-earth/ros2_humble/install/ament_cpplint:/home/raspi-earth/ros2_humble/install/ament_cppcheck:/home/raspi-earth/ros2_humble/install/ament_clang_tidy:/home/raspi-earth/ros2_humble/install/ament_clang_format /usr/bin/cmake --install /home/raspi-earth/project_ws/build/whitepost_description
[9.693s] Level 1:colcon.colcon_core.environment:checking '/home/raspi-earth/project_ws/install/whitepost_description' for CMake config files
[9.693s] Level 1:colcon.colcon_core.shell:create_environment_hook('whitepost_description', 'cmake_prefix_path')
[9.693s] INFO:colcon.colcon_core.shell:Creating environment descriptor '/home/raspi-earth/project_ws/install/whitepost_description/share/whitepost_description/hook/cmake_prefix_path.dsv'
[9.694s] INFO:colcon.colcon_core.shell:Creating environment hook '/home/raspi-earth/project_ws/install/whitepost_description/share/whitepost_description/hook/cmake_prefix_path.sh'
[9.695s] Level 1:colcon.colcon_core.environment:checking '/home/raspi-earth/project_ws/install/whitepost_description/bin'
[9.695s] Level 1:colcon.colcon_core.environment:checking '/home/raspi-earth/project_ws/install/whitepost_description/lib/pkgconfig/whitepost_description.pc'
[9.695s] Level 1:colcon.colcon_core.environment:checking '/home/raspi-earth/project_ws/install/whitepost_description/lib/python3.11/site-packages'
[9.695s] Level 1:colcon.colcon_core.environment:checking '/home/raspi-earth/project_ws/install/whitepost_description/bin'
[9.696s] INFO:colcon.colcon_core.shell:Creating package descriptor '/home/raspi-earth/project_ws/install/whitepost_description/share/whitepost_description/package.dsv'
[9.696s] INFO:colcon.colcon_core.shell:Creating package script '/home/raspi-earth/project_ws/install/whitepost_description/share/whitepost_description/package.sh'
[9.697s] INFO:colcon.colcon_core.shell:Creating package script '/home/raspi-earth/project_ws/install/whitepost_description/share/whitepost_description/package.bash'
[9.698s] INFO:colcon.colcon_core.shell:Creating package script '/home/raspi-earth/project_ws/install/whitepost_description/share/whitepost_description/package.zsh'
[9.699s] Level 1:colcon.colcon_core.environment:create_file_with_runtime_dependencies(/home/raspi-earth/project_ws/install/whitepost_description/share/colcon-core/packages/whitepost_description)
[9.700s] Level 1:colcon.colcon_core.environment:create_environment_scripts_only(whitepost_description)
[9.700s] Level 1:colcon.colcon_core.environment:checking '/home/raspi-earth/project_ws/install/whitepost_description' for CMake module files
[9.700s] Level 1:colcon.colcon_core.environment:checking '/home/raspi-earth/project_ws/install/whitepost_description' for CMake config files
[9.701s] Level 1:colcon.colcon_core.shell:create_environment_hook('whitepost_description', 'cmake_prefix_path')
[9.701s] INFO:colcon.colcon_core.shell:Creating environment descriptor '/home/raspi-earth/project_ws/install/whitepost_description/share/whitepost_description/hook/cmake_prefix_path.dsv'
[9.701s] INFO:colcon.colcon_core.shell:Creating environment hook '/home/raspi-earth/project_ws/install/whitepost_description/share/whitepost_description/hook/cmake_prefix_path.sh'
[9.702s] Level 1:colcon.colcon_core.environment:checking '/home/raspi-earth/project_ws/install/whitepost_description/bin'
[9.702s] Level 1:colcon.colcon_core.environment:checking '/home/raspi-earth/project_ws/install/whitepost_description/lib/pkgconfig/whitepost_description.pc'
[9.703s] Level 1:colcon.colcon_core.environment:checking '/home/raspi-earth/project_ws/install/whitepost_description/lib/python3.11/site-packages'
[9.703s] Level 1:colcon.colcon_core.environment:checking '/home/raspi-earth/project_ws/install/whitepost_description/bin'
[9.703s] INFO:colcon.colcon_core.shell:Creating package descriptor '/home/raspi-earth/project_ws/install/whitepost_description/share/whitepost_description/package.dsv'
[9.704s] INFO:colcon.colcon_core.shell:Creating package script '/home/raspi-earth/project_ws/install/whitepost_description/share/whitepost_description/package.sh'
[9.705s] INFO:colcon.colcon_core.shell:Creating package script '/home/raspi-earth/project_ws/install/whitepost_description/share/whitepost_description/package.bash'
[9.706s] INFO:colcon.colcon_core.shell:Creating package script '/home/raspi-earth/project_ws/install/whitepost_description/share/whitepost_description/package.zsh'
[9.707s] Level 1:colcon.colcon_core.environment:create_file_with_runtime_dependencies(/home/raspi-earth/project_ws/install/whitepost_description/share/colcon-core/packages/whitepost_description)
[9.708s] DEBUG:colcon.colcon_parallel_executor.executor.parallel:closing loop
[9.708s] DEBUG:colcon.colcon_parallel_executor.executor.parallel:loop closed
[9.709s] DEBUG:colcon.colcon_parallel_executor.executor.parallel:run_until_complete finished with '0'
[9.709s] DEBUG:colcon.colcon_core.event_reactor:joining thread
[9.710s] DEBUG:colcon.colcon_core.event_reactor:joined thread
[9.710s] INFO:colcon.colcon_core.shell:Creating prefix script '/home/raspi-earth/project_ws/install/local_setup.sh'
[9.713s] INFO:colcon.colcon_core.shell:Creating prefix util module '/home/raspi-earth/project_ws/install/_local_setup_util_sh.py'
[9.716s] INFO:colcon.colcon_core.shell:Creating prefix chain script '/home/raspi-earth/project_ws/install/setup.sh'
[9.728s] INFO:colcon.colcon_core.shell:Creating prefix script '/home/raspi-earth/project_ws/install/local_setup.bash'
[9.730s] INFO:colcon.colcon_core.shell:Creating prefix chain script '/home/raspi-earth/project_ws/install/setup.bash'
[9.742s] INFO:colcon.colcon_core.shell:Creating prefix script '/home/raspi-earth/project_ws/install/local_setup.zsh'
[9.743s] INFO:colcon.colcon_core.shell:Creating prefix chain script '/home/raspi-earth/project_ws/install/setup.zsh'
