[8.116s] Invoking command in '/home/raspi-earth/project_ws/src/encoder_unit': PYTHONPATH=/home/raspi-earth/project_ws/build/encoder_unit/prefix_override:/usr/lib/python3/dist-packages/colcon_core/task/python/colcon_distutils_commands:/home/raspi-earth/project_ws/install/encoder_unit/lib/python3.11/site-packages:${PYTHONPATH} /usr/bin/python3 -W ignore:setup.py install is deprecated -W ignore:easy_install command is deprecated setup.py egg_info --egg-base ../../build/encoder_unit build --build-base /home/raspi-earth/project_ws/build/encoder_unit/build install --record /home/raspi-earth/project_ws/build/encoder_unit/install.log --single-version-externally-managed install_data
[9.577s] running egg_info
[9.616s] writing ../../build/encoder_unit/encoder_unit.egg-info/PKG-INFO
[9.619s] writing dependency_links to ../../build/encoder_unit/encoder_unit.egg-info/dependency_links.txt
[9.619s] writing entry points to ../../build/encoder_unit/encoder_unit.egg-info/entry_points.txt
[9.619s] writing requirements to ../../build/encoder_unit/encoder_unit.egg-info/requires.txt
[9.619s] writing top-level names to ../../build/encoder_unit/encoder_unit.egg-info/top_level.txt
[9.743s] reading manifest file '../../build/encoder_unit/encoder_unit.egg-info/SOURCES.txt'
[9.744s] adding license file 'LICENSE'
[9.746s] writing manifest file '../../build/encoder_unit/encoder_unit.egg-info/SOURCES.txt'
[9.747s] running build
[9.747s] running build_py
[9.748s] copying encoder_unit/limit_switch_node.py -> /home/raspi-earth/project_ws/build/encoder_unit/build/lib/encoder_unit
[9.749s] running install
[9.764s] running install_lib
[9.841s] copying /home/raspi-earth/project_ws/build/encoder_unit/build/lib/encoder_unit/limit_switch_node.py -> /home/raspi-earth/project_ws/install/encoder_unit/lib/python3.11/site-packages/encoder_unit
[9.846s] byte-compiling /home/raspi-earth/project_ws/install/encoder_unit/lib/python3.11/site-packages/encoder_unit/limit_switch_node.py to limit_switch_node.cpython-311.pyc
[9.848s] running install_data
[9.849s] running install_egg_info
[10.019s] removing '/home/raspi-earth/project_ws/install/encoder_unit/lib/python3.11/site-packages/encoder_unit-0.0.0-py3.11.egg-info' (and everything under it)
[10.026s] Copying ../../build/encoder_unit/encoder_unit.egg-info to /home/raspi-earth/project_ws/install/encoder_unit/lib/python3.11/site-packages/encoder_unit-0.0.0-py3.11.egg-info
[10.029s] running install_scripts
[10.303s] Installing as5600_1 script to /home/raspi-earth/project_ws/install/encoder_unit/lib/encoder_unit
[10.307s] Installing as5600_2 script to /home/raspi-earth/project_ws/install/encoder_unit/lib/encoder_unit
[10.308s] Installing as5600_3 script to /home/raspi-earth/project_ws/install/encoder_unit/lib/encoder_unit
[10.309s] Installing as5600_4 script to /home/raspi-earth/project_ws/install/encoder_unit/lib/encoder_unit
[10.310s] Installing as5600_5 script to /home/raspi-earth/project_ws/install/encoder_unit/lib/encoder_unit
[10.311s] Installing limit script to /home/raspi-earth/project_ws/install/encoder_unit/lib/encoder_unit
[10.316s] writing list of installed files to '/home/raspi-earth/project_ws/build/encoder_unit/install.log'
[10.595s] Invoked command in '/home/raspi-earth/project_ws/src/encoder_unit' returned '0': PYTHONPATH=/home/raspi-earth/project_ws/build/encoder_unit/prefix_override:/usr/lib/python3/dist-packages/colcon_core/task/python/colcon_distutils_commands:/home/raspi-earth/project_ws/install/encoder_unit/lib/python3.11/site-packages:${PYTHONPATH} /usr/bin/python3 -W ignore:setup.py install is deprecated -W ignore:easy_install command is deprecated setup.py egg_info --egg-base ../../build/encoder_unit build --build-base /home/raspi-earth/project_ws/build/encoder_unit/build install --record /home/raspi-earth/project_ws/build/encoder_unit/install.log --single-version-externally-managed install_data
