[10.097s] Invoking command in '/home/raspi-earth/project_ws/src/launch_project': PYTHONPATH=/home/raspi-earth/project_ws/build/launch_project/prefix_override:/usr/lib/python3/dist-packages/colcon_core/task/python/colcon_distutils_commands:/home/raspi-earth/project_ws/install/launch_project/lib/python3.11/site-packages:${PYTHONPATH} /usr/bin/python3 -W ignore:setup.py install is deprecated -W ignore:easy_install command is deprecated setup.py egg_info --egg-base ../../build/launch_project build --build-base /home/raspi-earth/project_ws/build/launch_project/build install --record /home/raspi-earth/project_ws/build/launch_project/install.log --single-version-externally-managed install_data
[12.720s] running egg_info
[12.810s] writing ../../build/launch_project/launch_project.egg-info/PKG-INFO
[12.811s] writing dependency_links to ../../build/launch_project/launch_project.egg-info/dependency_links.txt
[12.812s] writing requirements to ../../build/launch_project/launch_project.egg-info/requires.txt
[12.813s] writing top-level names to ../../build/launch_project/launch_project.egg-info/top_level.txt
[12.979s] reading manifest file '../../build/launch_project/launch_project.egg-info/SOURCES.txt'
[12.979s] adding license file 'LICENSE'
[12.982s] writing manifest file '../../build/launch_project/launch_project.egg-info/SOURCES.txt'
[12.982s] running build
[12.982s] running build_py
[12.982s] running install
[12.994s] running install_lib
[13.042s] running install_data
[13.043s] running install_egg_info
[13.240s] removing '/home/raspi-earth/project_ws/install/launch_project/lib/python3.11/site-packages/launch_project-0.0.0-py3.11.egg-info' (and everything under it)
[13.247s] Copying ../../build/launch_project/launch_project.egg-info to /home/raspi-earth/project_ws/install/launch_project/lib/python3.11/site-packages/launch_project-0.0.0-py3.11.egg-info
[13.250s] running install_scripts
[13.533s] writing list of installed files to '/home/raspi-earth/project_ws/build/launch_project/install.log'
[13.785s] Invoked command in '/home/raspi-earth/project_ws/src/launch_project' returned '0': PYTHONPATH=/home/raspi-earth/project_ws/build/launch_project/prefix_override:/usr/lib/python3/dist-packages/colcon_core/task/python/colcon_distutils_commands:/home/raspi-earth/project_ws/install/launch_project/lib/python3.11/site-packages:${PYTHONPATH} /usr/bin/python3 -W ignore:setup.py install is deprecated -W ignore:easy_install command is deprecated setup.py egg_info --egg-base ../../build/launch_project build --build-base /home/raspi-earth/project_ws/build/launch_project/build install --record /home/raspi-earth/project_ws/build/launch_project/install.log --single-version-externally-managed install_data
