[16.300s] Invoking command in '/home/raspi-earth/project_ws/src/encoder_unit': PYTHONPATH=/home/raspi-earth/project_ws/build/encoder_unit/prefix_override:/usr/lib/python3/dist-packages/colcon_core/task/python/colcon_distutils_commands:/home/raspi-earth/project_ws/install/encoder_unit/lib/python3.11/site-packages:${PYTHONPATH} /usr/bin/python3 -W ignore:setup.py install is deprecated -W ignore:easy_install command is deprecated setup.py egg_info --egg-base ../../build/encoder_unit build --build-base /home/raspi-earth/project_ws/build/encoder_unit/build install --record /home/raspi-earth/project_ws/build/encoder_unit/install.log --single-version-externally-managed install_data
[19.796s] running egg_info
[20.046s] writing ../../build/encoder_unit/encoder_unit.egg-info/PKG-INFO
[20.052s] writing dependency_links to ../../build/encoder_unit/encoder_unit.egg-info/dependency_links.txt
[20.055s] writing entry points to ../../build/encoder_unit/encoder_unit.egg-info/entry_points.txt
[20.056s] writing requirements to ../../build/encoder_unit/encoder_unit.egg-info/requires.txt
[20.057s] writing top-level names to ../../build/encoder_unit/encoder_unit.egg-info/top_level.txt
[20.566s] reading manifest file '../../build/encoder_unit/encoder_unit.egg-info/SOURCES.txt'
[20.572s] adding license file 'LICENSE'
[20.572s] writing manifest file '../../build/encoder_unit/encoder_unit.egg-info/SOURCES.txt'
[20.572s] running build
[20.572s] running build_py
[20.573s] running install
[20.650s] running install_lib
[20.926s] running install_data
[20.930s] running install_egg_info
[21.161s] removing '/home/raspi-earth/project_ws/install/encoder_unit/lib/python3.11/site-packages/encoder_unit-0.0.0-py3.11.egg-info' (and everything under it)
[21.161s] Copying ../../build/encoder_unit/encoder_unit.egg-info to /home/raspi-earth/project_ws/install/encoder_unit/lib/python3.11/site-packages/encoder_unit-0.0.0-py3.11.egg-info
[21.161s] running install_scripts
[21.559s] Installing as5600_1 script to /home/raspi-earth/project_ws/install/encoder_unit/lib/encoder_unit
[21.564s] Installing as5600_2 script to /home/raspi-earth/project_ws/install/encoder_unit/lib/encoder_unit
[21.564s] Installing as5600_3 script to /home/raspi-earth/project_ws/install/encoder_unit/lib/encoder_unit
[21.564s] Installing as5600_4 script to /home/raspi-earth/project_ws/install/encoder_unit/lib/encoder_unit
[21.564s] Installing as5600_5 script to /home/raspi-earth/project_ws/install/encoder_unit/lib/encoder_unit
[21.565s] Installing limit script to /home/raspi-earth/project_ws/install/encoder_unit/lib/encoder_unit
[21.565s] writing list of installed files to '/home/raspi-earth/project_ws/build/encoder_unit/install.log'
[21.775s] Invoked command in '/home/raspi-earth/project_ws/src/encoder_unit' returned '0': PYTHONPATH=/home/raspi-earth/project_ws/build/encoder_unit/prefix_override:/usr/lib/python3/dist-packages/colcon_core/task/python/colcon_distutils_commands:/home/raspi-earth/project_ws/install/encoder_unit/lib/python3.11/site-packages:${PYTHONPATH} /usr/bin/python3 -W ignore:setup.py install is deprecated -W ignore:easy_install command is deprecated setup.py egg_info --egg-base ../../build/encoder_unit build --build-base /home/raspi-earth/project_ws/build/encoder_unit/build install --record /home/raspi-earth/project_ws/build/encoder_unit/install.log --single-version-externally-managed install_data
