[15.301s] Invoking command in '/home/raspi-earth/project_ws/src/processor_unit': PYTHONPATH=/home/raspi-earth/project_ws/build/processor_unit/prefix_override:/usr/lib/python3/dist-packages/colcon_core/task/python/colcon_distutils_commands:/home/raspi-earth/project_ws/install/processor_unit/lib/python3.11/site-packages:${PYTHONPATH} /usr/bin/python3 -W ignore:setup.py install is deprecated -W ignore:easy_install command is deprecated setup.py egg_info --egg-base ../../build/processor_unit build --build-base /home/raspi-earth/project_ws/build/processor_unit/build install --record /home/raspi-earth/project_ws/build/processor_unit/install.log --single-version-externally-managed install_data
[19.242s] running egg_info
[19.407s] writing ../../build/processor_unit/processor_unit.egg-info/PKG-INFO
[19.408s] writing dependency_links to ../../build/processor_unit/processor_unit.egg-info/dependency_links.txt
[19.409s] writing entry points to ../../build/processor_unit/processor_unit.egg-info/entry_points.txt
[19.409s] writing requirements to ../../build/processor_unit/processor_unit.egg-info/requires.txt
[19.409s] writing top-level names to ../../build/processor_unit/processor_unit.egg-info/top_level.txt
[19.766s] reading manifest file '../../build/processor_unit/processor_unit.egg-info/SOURCES.txt'
[19.780s] adding license file 'LICENSE'
[19.782s] writing manifest file '../../build/processor_unit/processor_unit.egg-info/SOURCES.txt'
[19.787s] running build
[19.787s] running build_py
[19.788s] running install
[19.851s] running install_lib
[20.091s] running install_data
[20.091s] running install_egg_info
[20.413s] removing '/home/raspi-earth/project_ws/install/processor_unit/lib/python3.11/site-packages/processor_unit-0.0.0-py3.11.egg-info' (and everything under it)
[20.413s] Copying ../../build/processor_unit/processor_unit.egg-info to /home/raspi-earth/project_ws/install/processor_unit/lib/python3.11/site-packages/processor_unit-0.0.0-py3.11.egg-info
[20.413s] running install_scripts
[20.805s] Installing main_processor script to /home/raspi-earth/project_ws/install/processor_unit/lib/processor_unit
[20.805s] Installing steam_cam script to /home/raspi-earth/project_ws/install/processor_unit/lib/processor_unit
[20.806s] Installing test script to /home/raspi-earth/project_ws/install/processor_unit/lib/processor_unit
[20.807s] Installing test1 script to /home/raspi-earth/project_ws/install/processor_unit/lib/processor_unit
[20.812s] Installing uart_zero_two_w script to /home/raspi-earth/project_ws/install/processor_unit/lib/processor_unit
[20.812s] writing list of installed files to '/home/raspi-earth/project_ws/build/processor_unit/install.log'
[21.021s] Invoked command in '/home/raspi-earth/project_ws/src/processor_unit' returned '0': PYTHONPATH=/home/raspi-earth/project_ws/build/processor_unit/prefix_override:/usr/lib/python3/dist-packages/colcon_core/task/python/colcon_distutils_commands:/home/raspi-earth/project_ws/install/processor_unit/lib/python3.11/site-packages:${PYTHONPATH} /usr/bin/python3 -W ignore:setup.py install is deprecated -W ignore:easy_install command is deprecated setup.py egg_info --egg-base ../../build/processor_unit build --build-base /home/raspi-earth/project_ws/build/processor_unit/build install --record /home/raspi-earth/project_ws/build/processor_unit/install.log --single-version-externally-managed install_data
