[7.711s] Invoking command in '/home/raspi-earth/project_ws/src/processor_unit': PYTHONPATH=/home/raspi-earth/project_ws/build/processor_unit/prefix_override:/usr/lib/python3/dist-packages/colcon_core/task/python/colcon_distutils_commands:/home/raspi-earth/project_ws/install/processor_unit/lib/python3.11/site-packages:${PYTHONPATH} /usr/bin/python3 -W ignore:setup.py install is deprecated -W ignore:easy_install command is deprecated setup.py egg_info --egg-base ../../build/processor_unit build --build-base /home/raspi-earth/project_ws/build/processor_unit/build install --record /home/raspi-earth/project_ws/build/processor_unit/install.log --single-version-externally-managed install_data
[9.392s] running egg_info
[9.482s] writing ../../build/processor_unit/processor_unit.egg-info/PKG-INFO
[9.484s] writing dependency_links to ../../build/processor_unit/processor_unit.egg-info/dependency_links.txt
[9.485s] writing entry points to ../../build/processor_unit/processor_unit.egg-info/entry_points.txt
[9.486s] writing requirements to ../../build/processor_unit/processor_unit.egg-info/requires.txt
[9.488s] writing top-level names to ../../build/processor_unit/processor_unit.egg-info/top_level.txt
[9.589s] reading manifest file '../../build/processor_unit/processor_unit.egg-info/SOURCES.txt'
[9.590s] adding license file 'LICENSE'
[9.591s] writing manifest file '../../build/processor_unit/processor_unit.egg-info/SOURCES.txt'
[9.592s] running build
[9.592s] running build_py
[9.593s] copying processor_unit/main_processor.py -> /home/raspi-earth/project_ws/build/processor_unit/build/lib/processor_unit
[9.594s] running install
[9.607s] running install_lib
[9.715s] copying /home/raspi-earth/project_ws/build/processor_unit/build/lib/processor_unit/main_processor.py -> /home/raspi-earth/project_ws/install/processor_unit/lib/python3.11/site-packages/processor_unit
[9.725s] byte-compiling /home/raspi-earth/project_ws/install/processor_unit/lib/python3.11/site-packages/processor_unit/main_processor.py to main_processor.cpython-311.pyc
[9.744s] running install_data
[9.744s] running install_egg_info
[9.886s] removing '/home/raspi-earth/project_ws/install/processor_unit/lib/python3.11/site-packages/processor_unit-0.0.0-py3.11.egg-info' (and everything under it)
[9.892s] Copying ../../build/processor_unit/processor_unit.egg-info to /home/raspi-earth/project_ws/install/processor_unit/lib/python3.11/site-packages/processor_unit-0.0.0-py3.11.egg-info
[9.893s] running install_scripts
[10.254s] Installing main_processor script to /home/raspi-earth/project_ws/install/processor_unit/lib/processor_unit
[10.255s] Installing steam_cam script to /home/raspi-earth/project_ws/install/processor_unit/lib/processor_unit
[10.255s] Installing test script to /home/raspi-earth/project_ws/install/processor_unit/lib/processor_unit
[10.256s] Installing test1 script to /home/raspi-earth/project_ws/install/processor_unit/lib/processor_unit
[10.257s] Installing uart_command_and_status_to_pi5 script to /home/raspi-earth/project_ws/install/processor_unit/lib/processor_unit
[10.258s] Installing uart_zero_two_w script to /home/raspi-earth/project_ws/install/processor_unit/lib/processor_unit
[10.261s] writing list of installed files to '/home/raspi-earth/project_ws/build/processor_unit/install.log'
[10.482s] Invoked command in '/home/raspi-earth/project_ws/src/processor_unit' returned '0': PYTHONPATH=/home/raspi-earth/project_ws/build/processor_unit/prefix_override:/usr/lib/python3/dist-packages/colcon_core/task/python/colcon_distutils_commands:/home/raspi-earth/project_ws/install/processor_unit/lib/python3.11/site-packages:${PYTHONPATH} /usr/bin/python3 -W ignore:setup.py install is deprecated -W ignore:easy_install command is deprecated setup.py egg_info --egg-base ../../build/processor_unit build --build-base /home/raspi-earth/project_ws/build/processor_unit/build install --record /home/raspi-earth/project_ws/build/processor_unit/install.log --single-version-externally-managed install_data
