[6.633s] Invoking command in '/home/raspi-earth/project_ws/src/motor_control': PYTHONPATH=/home/raspi-earth/project_ws/build/motor_control/prefix_override:/usr/lib/python3/dist-packages/colcon_core/task/python/colcon_distutils_commands:/home/raspi-earth/project_ws/install/motor_control/lib/python3.11/site-packages:${PYTHONPATH} /usr/bin/python3 -W ignore:setup.py install is deprecated -W ignore:easy_install command is deprecated setup.py egg_info --egg-base ../../build/motor_control build --build-base /home/raspi-earth/project_ws/build/motor_control/build install --record /home/raspi-earth/project_ws/build/motor_control/install.log --single-version-externally-managed install_data
[8.088s] running egg_info
[8.125s] writing ../../build/motor_control/motor_control.egg-info/PKG-INFO
[8.125s] writing dependency_links to ../../build/motor_control/motor_control.egg-info/dependency_links.txt
[8.126s] writing entry points to ../../build/motor_control/motor_control.egg-info/entry_points.txt
[8.126s] writing requirements to ../../build/motor_control/motor_control.egg-info/requires.txt
[8.126s] writing top-level names to ../../build/motor_control/motor_control.egg-info/top_level.txt
[8.248s] reading manifest file '../../build/motor_control/motor_control.egg-info/SOURCES.txt'
[8.251s] adding license file 'LICENSE'
[8.256s] writing manifest file '../../build/motor_control/motor_control.egg-info/SOURCES.txt'
[8.256s] running build
[8.257s] running build_py
[8.258s] running install
[8.288s] running install_lib
[8.342s] running install_data
[8.342s] running install_egg_info
[8.506s] removing '/home/raspi-earth/project_ws/install/motor_control/lib/python3.11/site-packages/motor_control-0.0.0-py3.11.egg-info' (and everything under it)
[8.512s] Copying ../../build/motor_control/motor_control.egg-info to /home/raspi-earth/project_ws/install/motor_control/lib/python3.11/site-packages/motor_control-0.0.0-py3.11.egg-info
[8.512s] running install_scripts
[8.750s] Installing joint1_node script to /home/raspi-earth/project_ws/install/motor_control/lib/motor_control
[8.752s] Installing joint2_node script to /home/raspi-earth/project_ws/install/motor_control/lib/motor_control
[8.753s] Installing joint3_node script to /home/raspi-earth/project_ws/install/motor_control/lib/motor_control
[8.755s] Installing servodrive script to /home/raspi-earth/project_ws/install/motor_control/lib/motor_control
[8.755s] Installing stepmotor1 script to /home/raspi-earth/project_ws/install/motor_control/lib/motor_control
[8.756s] Installing stepmotor2 script to /home/raspi-earth/project_ws/install/motor_control/lib/motor_control
[8.757s] Installing stepmotor3 script to /home/raspi-earth/project_ws/install/motor_control/lib/motor_control
[8.760s] writing list of installed files to '/home/raspi-earth/project_ws/build/motor_control/install.log'
[8.988s] Invoked command in '/home/raspi-earth/project_ws/src/motor_control' returned '0': PYTHONPATH=/home/raspi-earth/project_ws/build/motor_control/prefix_override:/usr/lib/python3/dist-packages/colcon_core/task/python/colcon_distutils_commands:/home/raspi-earth/project_ws/install/motor_control/lib/python3.11/site-packages:${PYTHONPATH} /usr/bin/python3 -W ignore:setup.py install is deprecated -W ignore:easy_install command is deprecated setup.py egg_info --egg-base ../../build/motor_control build --build-base /home/raspi-earth/project_ws/build/motor_control/build install --record /home/raspi-earth/project_ws/build/motor_control/install.log --single-version-externally-managed install_data
