[1.413s] Invoking command in '/home/erthirarat/Desktop/Senior_Project-WhitePost-Main_Arm/src/processor_unit': PYTHONPATH=/home/erthirarat/Desktop/Senior_Project-WhitePost-Main_Arm/build/processor_unit/prefix_override:/usr/lib/python3/dist-packages/colcon_core/task/python/colcon_distutils_commands:/home/erthirarat/Desktop/Senior_Project-WhitePost-Main_Arm/install/processor_unit/lib/python3.10/site-packages:${PYTHONPATH} /usr/bin/python3 -W ignore:setup.py install is deprecated -W ignore:easy_install command is deprecated setup.py egg_info --egg-base ../../build/processor_unit build --build-base /home/erthirarat/Desktop/Senior_Project-WhitePost-Main_Arm/build/processor_unit/build install --record /home/erthirarat/Desktop/Senior_Project-WhitePost-Main_Arm/build/processor_unit/install.log --single-version-externally-managed install_data
[1.689s] running egg_info
[1.690s] writing ../../build/processor_unit/processor_unit.egg-info/PKG-INFO
[1.690s] writing dependency_links to ../../build/processor_unit/processor_unit.egg-info/dependency_links.txt
[1.690s] writing entry points to ../../build/processor_unit/processor_unit.egg-info/entry_points.txt
[1.691s] writing requirements to ../../build/processor_unit/processor_unit.egg-info/requires.txt
[1.691s] writing top-level names to ../../build/processor_unit/processor_unit.egg-info/top_level.txt
[1.694s] reading manifest file '../../build/processor_unit/processor_unit.egg-info/SOURCES.txt'
[1.694s] adding license file 'LICENSE'
[1.695s] writing manifest file '../../build/processor_unit/processor_unit.egg-info/SOURCES.txt'
[1.695s] running build
[1.695s] running build_py
[1.695s] copying processor_unit/steam_opencv.py -> /home/erthirarat/Desktop/Senior_Project-WhitePost-Main_Arm/build/processor_unit/build/lib/processor_unit
[1.695s] running install
[1.695s] running install_lib
[1.697s] copying /home/erthirarat/Desktop/Senior_Project-WhitePost-Main_Arm/build/processor_unit/build/lib/processor_unit/steam_opencv.py -> /home/erthirarat/Desktop/Senior_Project-WhitePost-Main_Arm/install/processor_unit/lib/python3.10/site-packages/processor_unit
[1.697s] byte-compiling /home/erthirarat/Desktop/Senior_Project-WhitePost-Main_Arm/install/processor_unit/lib/python3.10/site-packages/processor_unit/steam_opencv.py to steam_opencv.cpython-310.pyc
[1.700s] running install_data
[1.700s] running install_egg_info
[1.702s] removing '/home/erthirarat/Desktop/Senior_Project-WhitePost-Main_Arm/install/processor_unit/lib/python3.10/site-packages/processor_unit-0.0.0-py3.10.egg-info' (and everything under it)
[1.703s] Copying ../../build/processor_unit/processor_unit.egg-info to /home/erthirarat/Desktop/Senior_Project-WhitePost-Main_Arm/install/processor_unit/lib/python3.10/site-packages/processor_unit-0.0.0-py3.10.egg-info
[1.703s] running install_scripts
[1.726s] Installing camera_front script to /home/erthirarat/Desktop/Senior_Project-WhitePost-Main_Arm/install/processor_unit/lib/processor_unit
[1.726s] Installing esp32_bridge_node script to /home/erthirarat/Desktop/Senior_Project-WhitePost-Main_Arm/install/processor_unit/lib/processor_unit
[1.726s] Installing main_processor script to /home/erthirarat/Desktop/Senior_Project-WhitePost-Main_Arm/install/processor_unit/lib/processor_unit
[1.726s] Installing steam_cam script to /home/erthirarat/Desktop/Senior_Project-WhitePost-Main_Arm/install/processor_unit/lib/processor_unit
[1.726s] Installing uart_command_and_status_to_pi5 script to /home/erthirarat/Desktop/Senior_Project-WhitePost-Main_Arm/install/processor_unit/lib/processor_unit
[1.726s] Installing uart_zero_two_w script to /home/erthirarat/Desktop/Senior_Project-WhitePost-Main_Arm/install/processor_unit/lib/processor_unit
[1.727s] writing list of installed files to '/home/erthirarat/Desktop/Senior_Project-WhitePost-Main_Arm/build/processor_unit/install.log'
[1.760s] Invoked command in '/home/erthirarat/Desktop/Senior_Project-WhitePost-Main_Arm/src/processor_unit' returned '0': PYTHONPATH=/home/erthirarat/Desktop/Senior_Project-WhitePost-Main_Arm/build/processor_unit/prefix_override:/usr/lib/python3/dist-packages/colcon_core/task/python/colcon_distutils_commands:/home/erthirarat/Desktop/Senior_Project-WhitePost-Main_Arm/install/processor_unit/lib/python3.10/site-packages:${PYTHONPATH} /usr/bin/python3 -W ignore:setup.py install is deprecated -W ignore:easy_install command is deprecated setup.py egg_info --egg-base ../../build/processor_unit build --build-base /home/erthirarat/Desktop/Senior_Project-WhitePost-Main_Arm/build/processor_unit/build install --record /home/erthirarat/Desktop/Senior_Project-WhitePost-Main_Arm/build/processor_unit/install.log --single-version-externally-managed install_data
