[6.183s] Invoking command in '/home/raspi-earth/project_ws/src/motor_control': PYTHONPATH=/home/raspi-earth/project_ws/build/motor_control/prefix_override:/usr/lib/python3/dist-packages/colcon_core/task/python/colcon_distutils_commands:/home/raspi-earth/project_ws/install/motor_control/lib/python3.11/site-packages:${PYTHONPATH} /usr/bin/python3 -W ignore:setup.py install is deprecated -W ignore:easy_install command is deprecated setup.py egg_info --egg-base ../../build/motor_control build --build-base /home/raspi-earth/project_ws/build/motor_control/build install --record /home/raspi-earth/project_ws/build/motor_control/install.log --single-version-externally-managed install_data
[7.388s] running egg_info
[7.432s] writing ../../build/motor_control/motor_control.egg-info/PKG-INFO
[7.432s] writing dependency_links to ../../build/motor_control/motor_control.egg-info/dependency_links.txt
[7.434s] writing entry points to ../../build/motor_control/motor_control.egg-info/entry_points.txt
[7.435s] writing requirements to ../../build/motor_control/motor_control.egg-info/requires.txt
[7.435s] writing top-level names to ../../build/motor_control/motor_control.egg-info/top_level.txt
[7.539s] reading manifest file '../../build/motor_control/motor_control.egg-info/SOURCES.txt'
[7.539s] adding license file 'LICENSE'
[7.541s] writing manifest file '../../build/motor_control/motor_control.egg-info/SOURCES.txt'
[7.541s] running build
[7.541s] running build_py
[7.542s] running install
[7.556s] running install_lib
[7.610s] running install_data
[7.611s] running install_egg_info
[7.740s] removing '/home/raspi-earth/project_ws/install/motor_control/lib/python3.11/site-packages/motor_control-0.0.0-py3.11.egg-info' (and everything under it)
[7.750s] Copying ../../build/motor_control/motor_control.egg-info to /home/raspi-earth/project_ws/install/motor_control/lib/python3.11/site-packages/motor_control-0.0.0-py3.11.egg-info
[7.751s] running install_scripts
[7.980s] Installing joint1_node script to /home/raspi-earth/project_ws/install/motor_control/lib/motor_control
[7.981s] Installing joint2_node script to /home/raspi-earth/project_ws/install/motor_control/lib/motor_control
[7.985s] Installing joint3_node script to /home/raspi-earth/project_ws/install/motor_control/lib/motor_control
[7.990s] Installing servodrive script to /home/raspi-earth/project_ws/install/motor_control/lib/motor_control
[7.990s] Installing stepmotor1 script to /home/raspi-earth/project_ws/install/motor_control/lib/motor_control
[7.990s] Installing stepmotor2 script to /home/raspi-earth/project_ws/install/motor_control/lib/motor_control
[7.993s] Installing stepmotor3 script to /home/raspi-earth/project_ws/install/motor_control/lib/motor_control
[7.994s] writing list of installed files to '/home/raspi-earth/project_ws/build/motor_control/install.log'
