[7.191s] Invoking command in '/home/raspi-earth/project_ws/src/processor_unit': PYTHONPATH=/home/raspi-earth/project_ws/build/processor_unit/prefix_override:/usr/lib/python3/dist-packages/colcon_core/task/python/colcon_distutils_commands:/home/raspi-earth/project_ws/install/processor_unit/lib/python3.11/site-packages:${PYTHONPATH} /usr/bin/python3 -W ignore:setup.py install is deprecated -W ignore:easy_install command is deprecated setup.py egg_info --egg-base ../../build/processor_unit build --build-base /home/raspi-earth/project_ws/build/processor_unit/build install --record /home/raspi-earth/project_ws/build/processor_unit/install.log --single-version-externally-managed install_data
[8.593s] running egg_info
[8.690s] writing ../../build/processor_unit/processor_unit.egg-info/PKG-INFO
[8.690s] writing dependency_links to ../../build/processor_unit/processor_unit.egg-info/dependency_links.txt
[8.692s] writing entry points to ../../build/processor_unit/processor_unit.egg-info/entry_points.txt
[8.697s] writing requirements to ../../build/processor_unit/processor_unit.egg-info/requires.txt
[8.698s] writing top-level names to ../../build/processor_unit/processor_unit.egg-info/top_level.txt
[8.909s] reading manifest file '../../build/processor_unit/processor_unit.egg-info/SOURCES.txt'
[8.909s] adding license file 'LICENSE'
[8.909s] writing manifest file '../../build/processor_unit/processor_unit.egg-info/SOURCES.txt'
[8.909s] running build
[8.909s] running build_py
[8.909s] running install
[8.933s] running install_lib
[9.038s] running install_data
[9.039s] running install_egg_info
[9.213s] removing '/home/raspi-earth/project_ws/install/processor_unit/lib/python3.11/site-packages/processor_unit-0.0.0-py3.11.egg-info' (and everything under it)
[9.213s] Copying ../../build/processor_unit/processor_unit.egg-info to /home/raspi-earth/project_ws/install/processor_unit/lib/python3.11/site-packages/processor_unit-0.0.0-py3.11.egg-info
[9.213s] running install_scripts
[9.426s] Installing camera_back script to /home/raspi-earth/project_ws/install/processor_unit/lib/processor_unit
[9.426s] Installing camera_front script to /home/raspi-earth/project_ws/install/processor_unit/lib/processor_unit
[9.427s] Installing esp32_bridge_node script to /home/raspi-earth/project_ws/install/processor_unit/lib/processor_unit
[9.442s] Installing main_processor script to /home/raspi-earth/project_ws/install/processor_unit/lib/processor_unit
[9.442s] Installing steam_cam script to /home/raspi-earth/project_ws/install/processor_unit/lib/processor_unit
[9.443s] Installing test script to /home/raspi-earth/project_ws/install/processor_unit/lib/processor_unit
[9.443s] Installing uart_command_and_status_to_pi5 script to /home/raspi-earth/project_ws/install/processor_unit/lib/processor_unit
[9.443s] Installing uart_zero_two_w script to /home/raspi-earth/project_ws/install/processor_unit/lib/processor_unit
[9.443s] writing list of installed files to '/home/raspi-earth/project_ws/build/processor_unit/install.log'
[9.693s] Invoked command in '/home/raspi-earth/project_ws/src/processor_unit' returned '0': PYTHONPATH=/home/raspi-earth/project_ws/build/processor_unit/prefix_override:/usr/lib/python3/dist-packages/colcon_core/task/python/colcon_distutils_commands:/home/raspi-earth/project_ws/install/processor_unit/lib/python3.11/site-packages:${PYTHONPATH} /usr/bin/python3 -W ignore:setup.py install is deprecated -W ignore:easy_install command is deprecated setup.py egg_info --egg-base ../../build/processor_unit build --build-base /home/raspi-earth/project_ws/build/processor_unit/build install --record /home/raspi-earth/project_ws/build/processor_unit/install.log --single-version-externally-managed install_data
