[10.012s] Invoking command in '/home/raspi-earth/project_ws/src/encoder_unit': PYTHONPATH=/home/raspi-earth/project_ws/build/encoder_unit/prefix_override:/usr/lib/python3/dist-packages/colcon_core/task/python/colcon_distutils_commands:/home/raspi-earth/project_ws/install/encoder_unit/lib/python3.11/site-packages:${PYTHONPATH} /usr/bin/python3 -W ignore:setup.py install is deprecated -W ignore:easy_install command is deprecated setup.py egg_info --egg-base ../../build/encoder_unit build --build-base /home/raspi-earth/project_ws/build/encoder_unit/build install --record /home/raspi-earth/project_ws/build/encoder_unit/install.log --single-version-externally-managed install_data
[12.820s] running egg_info
[12.986s] writing ../../build/encoder_unit/encoder_unit.egg-info/PKG-INFO
[12.991s] writing dependency_links to ../../build/encoder_unit/encoder_unit.egg-info/dependency_links.txt
[12.993s] writing entry points to ../../build/encoder_unit/encoder_unit.egg-info/entry_points.txt
[12.996s] writing requirements to ../../build/encoder_unit/encoder_unit.egg-info/requires.txt
[12.997s] writing top-level names to ../../build/encoder_unit/encoder_unit.egg-info/top_level.txt
[13.141s] reading manifest file '../../build/encoder_unit/encoder_unit.egg-info/SOURCES.txt'
[13.145s] adding license file 'LICENSE'
[13.146s] writing manifest file '../../build/encoder_unit/encoder_unit.egg-info/SOURCES.txt'
[13.148s] running build
[13.149s] running build_py
[13.152s] running install
[13.182s] running install_lib
[13.275s] running install_data
[13.276s] running install_egg_info
[13.398s] removing '/home/raspi-earth/project_ws/install/encoder_unit/lib/python3.11/site-packages/encoder_unit-0.0.0-py3.11.egg-info' (and everything under it)
[13.403s] Copying ../../build/encoder_unit/encoder_unit.egg-info to /home/raspi-earth/project_ws/install/encoder_unit/lib/python3.11/site-packages/encoder_unit-0.0.0-py3.11.egg-info
[13.415s] running install_scripts
[13.717s] Installing as5600_1 script to /home/raspi-earth/project_ws/install/encoder_unit/lib/encoder_unit
[13.717s] Installing as5600_2 script to /home/raspi-earth/project_ws/install/encoder_unit/lib/encoder_unit
[13.718s] Installing as5600_3 script to /home/raspi-earth/project_ws/install/encoder_unit/lib/encoder_unit
[13.719s] Installing as5600_4 script to /home/raspi-earth/project_ws/install/encoder_unit/lib/encoder_unit
[13.720s] Installing as5600_5 script to /home/raspi-earth/project_ws/install/encoder_unit/lib/encoder_unit
[13.721s] Installing limit script to /home/raspi-earth/project_ws/install/encoder_unit/lib/encoder_unit
[13.723s] writing list of installed files to '/home/raspi-earth/project_ws/build/encoder_unit/install.log'
[13.911s] Invoked command in '/home/raspi-earth/project_ws/src/encoder_unit' returned '0': PYTHONPATH=/home/raspi-earth/project_ws/build/encoder_unit/prefix_override:/usr/lib/python3/dist-packages/colcon_core/task/python/colcon_distutils_commands:/home/raspi-earth/project_ws/install/encoder_unit/lib/python3.11/site-packages:${PYTHONPATH} /usr/bin/python3 -W ignore:setup.py install is deprecated -W ignore:easy_install command is deprecated setup.py egg_info --egg-base ../../build/encoder_unit build --build-base /home/raspi-earth/project_ws/build/encoder_unit/build install --record /home/raspi-earth/project_ws/build/encoder_unit/install.log --single-version-externally-managed install_data
