[8.713s] Invoking command in '/home/raspi-earth/project_ws/src/launch_project': PYTHONPATH=/home/raspi-earth/project_ws/build/launch_project/prefix_override:/usr/lib/python3/dist-packages/colcon_core/task/python/colcon_distutils_commands:/home/raspi-earth/project_ws/install/launch_project/lib/python3.11/site-packages:${PYTHONPATH} /usr/bin/python3 -W ignore:setup.py install is deprecated -W ignore:easy_install command is deprecated setup.py egg_info --egg-base ../../build/launch_project build --build-base /home/raspi-earth/project_ws/build/launch_project/build install --record /home/raspi-earth/project_ws/build/launch_project/install.log --single-version-externally-managed install_data
[10.895s] running egg_info
[10.976s] writing ../../build/launch_project/launch_project.egg-info/PKG-INFO
[10.977s] writing dependency_links to ../../build/launch_project/launch_project.egg-info/dependency_links.txt
[10.978s] writing requirements to ../../build/launch_project/launch_project.egg-info/requires.txt
[10.981s] writing top-level names to ../../build/launch_project/launch_project.egg-info/top_level.txt
[11.160s] reading manifest file '../../build/launch_project/launch_project.egg-info/SOURCES.txt'
[11.161s] adding license file 'LICENSE'
[11.163s] writing manifest file '../../build/launch_project/launch_project.egg-info/SOURCES.txt'
[11.164s] running build
[11.165s] running build_py
[11.166s] running install
[11.190s] running install_lib
[11.291s] running install_data
[11.296s] running install_egg_info
[11.478s] removing '/home/raspi-earth/project_ws/install/launch_project/lib/python3.11/site-packages/launch_project-0.0.0-py3.11.egg-info' (and everything under it)
[11.492s] Copying ../../build/launch_project/launch_project.egg-info to /home/raspi-earth/project_ws/install/launch_project/lib/python3.11/site-packages/launch_project-0.0.0-py3.11.egg-info
[11.492s] running install_scripts
[11.784s] writing list of installed files to '/home/raspi-earth/project_ws/build/launch_project/install.log'
[12.028s] Invoked command in '/home/raspi-earth/project_ws/src/launch_project' returned '0': PYTHONPATH=/home/raspi-earth/project_ws/build/launch_project/prefix_override:/usr/lib/python3/dist-packages/colcon_core/task/python/colcon_distutils_commands:/home/raspi-earth/project_ws/install/launch_project/lib/python3.11/site-packages:${PYTHONPATH} /usr/bin/python3 -W ignore:setup.py install is deprecated -W ignore:easy_install command is deprecated setup.py egg_info --egg-base ../../build/launch_project build --build-base /home/raspi-earth/project_ws/build/launch_project/build install --record /home/raspi-earth/project_ws/build/launch_project/install.log --single-version-externally-managed install_data
