[8.168s] Invoking command in '/home/raspi-earth/project_ws/src/processor_unit': PYTHONPATH=/home/raspi-earth/project_ws/build/processor_unit/prefix_override:/usr/lib/python3/dist-packages/colcon_core/task/python/colcon_distutils_commands:/home/raspi-earth/project_ws/install/processor_unit/lib/python3.11/site-packages:${PYTHONPATH} /usr/bin/python3 -W ignore:setup.py install is deprecated -W ignore:easy_install command is deprecated setup.py egg_info --egg-base ../../build/processor_unit build --build-base /home/raspi-earth/project_ws/build/processor_unit/build install --record /home/raspi-earth/project_ws/build/processor_unit/install.log --single-version-externally-managed install_data
[10.314s] running egg_info
[10.397s] writing ../../build/processor_unit/processor_unit.egg-info/PKG-INFO
[10.397s] writing dependency_links to ../../build/processor_unit/processor_unit.egg-info/dependency_links.txt
[10.399s] writing entry points to ../../build/processor_unit/processor_unit.egg-info/entry_points.txt
[10.399s] writing requirements to ../../build/processor_unit/processor_unit.egg-info/requires.txt
[10.400s] writing top-level names to ../../build/processor_unit/processor_unit.egg-info/top_level.txt
[10.579s] reading manifest file '../../build/processor_unit/processor_unit.egg-info/SOURCES.txt'
[10.579s] adding license file 'LICENSE'
[10.581s] writing manifest file '../../build/processor_unit/processor_unit.egg-info/SOURCES.txt'
[10.582s] running build
[10.582s] running build_py
[10.583s] running install
[10.618s] running install_lib
[10.699s] running install_data
[10.699s] running install_egg_info
[10.841s] removing '/home/raspi-earth/project_ws/install/processor_unit/lib/python3.11/site-packages/processor_unit-0.0.0-py3.11.egg-info' (and everything under it)
[10.842s] Copying ../../build/processor_unit/processor_unit.egg-info to /home/raspi-earth/project_ws/install/processor_unit/lib/python3.11/site-packages/processor_unit-0.0.0-py3.11.egg-info
[10.845s] running install_scripts
[11.134s] Installing main_processor script to /home/raspi-earth/project_ws/install/processor_unit/lib/processor_unit
[11.134s] Installing steam_cam script to /home/raspi-earth/project_ws/install/processor_unit/lib/processor_unit
[11.134s] Installing test script to /home/raspi-earth/project_ws/install/processor_unit/lib/processor_unit
[11.136s] Installing test1 script to /home/raspi-earth/project_ws/install/processor_unit/lib/processor_unit
[11.137s] Installing uart_zero_two_w script to /home/raspi-earth/project_ws/install/processor_unit/lib/processor_unit
[11.139s] writing list of installed files to '/home/raspi-earth/project_ws/build/processor_unit/install.log'
[11.368s] Invoked command in '/home/raspi-earth/project_ws/src/processor_unit' returned '0': PYTHONPATH=/home/raspi-earth/project_ws/build/processor_unit/prefix_override:/usr/lib/python3/dist-packages/colcon_core/task/python/colcon_distutils_commands:/home/raspi-earth/project_ws/install/processor_unit/lib/python3.11/site-packages:${PYTHONPATH} /usr/bin/python3 -W ignore:setup.py install is deprecated -W ignore:easy_install command is deprecated setup.py egg_info --egg-base ../../build/processor_unit build --build-base /home/raspi-earth/project_ws/build/processor_unit/build install --record /home/raspi-earth/project_ws/build/processor_unit/install.log --single-version-externally-managed install_data
