[6.821s] Invoking command in '/home/raspi-earth/project_ws/src/motor_control': PYTHONPATH=/home/raspi-earth/project_ws/build/motor_control/prefix_override:/usr/lib/python3/dist-packages/colcon_core/task/python/colcon_distutils_commands:/home/raspi-earth/project_ws/install/motor_control/lib/python3.11/site-packages:${PYTHONPATH} /usr/bin/python3 -W ignore:setup.py install is deprecated -W ignore:easy_install command is deprecated setup.py egg_info --egg-base ../../build/motor_control build --build-base /home/raspi-earth/project_ws/build/motor_control/build install --record /home/raspi-earth/project_ws/build/motor_control/install.log --single-version-externally-managed install_data
[8.372s] running egg_info
[8.412s] writing ../../build/motor_control/motor_control.egg-info/PKG-INFO
[8.413s] writing dependency_links to ../../build/motor_control/motor_control.egg-info/dependency_links.txt
[8.414s] writing entry points to ../../build/motor_control/motor_control.egg-info/entry_points.txt
[8.415s] writing requirements to ../../build/motor_control/motor_control.egg-info/requires.txt
[8.416s] writing top-level names to ../../build/motor_control/motor_control.egg-info/top_level.txt
[8.548s] reading manifest file '../../build/motor_control/motor_control.egg-info/SOURCES.txt'
[8.549s] adding license file 'LICENSE'
[8.551s] writing manifest file '../../build/motor_control/motor_control.egg-info/SOURCES.txt'
[8.553s] running build
[8.553s] running build_py
[8.554s] copying motor_control/joint3_node.py -> /home/raspi-earth/project_ws/build/motor_control/build/lib/motor_control
[8.557s] running install
[8.580s] running install_lib
[8.631s] copying /home/raspi-earth/project_ws/build/motor_control/build/lib/motor_control/joint3_node.py -> /home/raspi-earth/project_ws/install/motor_control/lib/python3.11/site-packages/motor_control
[8.632s] byte-compiling /home/raspi-earth/project_ws/install/motor_control/lib/python3.11/site-packages/motor_control/joint3_node.py to joint3_node.cpython-311.pyc
[8.636s] running install_data
[8.636s] running install_egg_info
[8.777s] removing '/home/raspi-earth/project_ws/install/motor_control/lib/python3.11/site-packages/motor_control-0.0.0-py3.11.egg-info' (and everything under it)
[8.779s] Copying ../../build/motor_control/motor_control.egg-info to /home/raspi-earth/project_ws/install/motor_control/lib/python3.11/site-packages/motor_control-0.0.0-py3.11.egg-info
[8.785s] running install_scripts
[9.038s] Installing joint1_node script to /home/raspi-earth/project_ws/install/motor_control/lib/motor_control
[9.038s] Installing joint2_node script to /home/raspi-earth/project_ws/install/motor_control/lib/motor_control
[9.039s] Installing joint3_node script to /home/raspi-earth/project_ws/install/motor_control/lib/motor_control
[9.040s] Installing servodrive script to /home/raspi-earth/project_ws/install/motor_control/lib/motor_control
[9.041s] Installing stepmotor1 script to /home/raspi-earth/project_ws/install/motor_control/lib/motor_control
[9.042s] Installing stepmotor2 script to /home/raspi-earth/project_ws/install/motor_control/lib/motor_control
[9.043s] Installing stepmotor3 script to /home/raspi-earth/project_ws/install/motor_control/lib/motor_control
[9.044s] writing list of installed files to '/home/raspi-earth/project_ws/build/motor_control/install.log'
[9.252s] Invoked command in '/home/raspi-earth/project_ws/src/motor_control' returned '0': PYTHONPATH=/home/raspi-earth/project_ws/build/motor_control/prefix_override:/usr/lib/python3/dist-packages/colcon_core/task/python/colcon_distutils_commands:/home/raspi-earth/project_ws/install/motor_control/lib/python3.11/site-packages:${PYTHONPATH} /usr/bin/python3 -W ignore:setup.py install is deprecated -W ignore:easy_install command is deprecated setup.py egg_info --egg-base ../../build/motor_control build --build-base /home/raspi-earth/project_ws/build/motor_control/build install --record /home/raspi-earth/project_ws/build/motor_control/install.log --single-version-externally-managed install_data
