[15.050s] Invoking command in '/home/raspi-earth/project_ws/build/processor_unit': PYTHONPATH=/home/raspi-earth/project_ws/build/processor_unit/prefix_override:/usr/lib/python3/dist-packages/colcon_core/task/python/colcon_distutils_commands:/home/raspi-earth/project_ws/install/processor_unit/lib/python3.11/site-packages:${PYTHONPATH} /usr/bin/python3 -W ignore:setup.py install is deprecated -W ignore:easy_install command is deprecated setup.py develop --uninstall --editable --build-directory /home/raspi-earth/project_ws/build/processor_unit/build
[18.216s] running develop
[19.428s] Removing /home/raspi-earth/project_ws/install/processor_unit/lib/python3.11/site-packages/processor-unit.egg-link (link to .)
[19.864s] Invoked command in '/home/raspi-earth/project_ws/build/processor_unit' returned '0': PYTHONPATH=/home/raspi-earth/project_ws/build/processor_unit/prefix_override:/usr/lib/python3/dist-packages/colcon_core/task/python/colcon_distutils_commands:/home/raspi-earth/project_ws/install/processor_unit/lib/python3.11/site-packages:${PYTHONPATH} /usr/bin/python3 -W ignore:setup.py install is deprecated -W ignore:easy_install command is deprecated setup.py develop --uninstall --editable --build-directory /home/raspi-earth/project_ws/build/processor_unit/build
[19.870s] Invoking command in '/home/raspi-earth/project_ws/src/processor_unit': PYTHONPATH=/home/raspi-earth/project_ws/build/processor_unit/prefix_override:/usr/lib/python3/dist-packages/colcon_core/task/python/colcon_distutils_commands:/home/raspi-earth/project_ws/install/processor_unit/lib/python3.11/site-packages:${PYTHONPATH} /usr/bin/python3 -W ignore:setup.py install is deprecated -W ignore:easy_install command is deprecated setup.py egg_info --egg-base ../../build/processor_unit build --build-base /home/raspi-earth/project_ws/build/processor_unit/build install --record /home/raspi-earth/project_ws/build/processor_unit/install.log --single-version-externally-managed install_data --force
[23.255s] running egg_info
[23.394s] writing ../../build/processor_unit/processor_unit.egg-info/PKG-INFO
[23.403s] writing dependency_links to ../../build/processor_unit/processor_unit.egg-info/dependency_links.txt
[23.403s] writing entry points to ../../build/processor_unit/processor_unit.egg-info/entry_points.txt
[23.403s] writing requirements to ../../build/processor_unit/processor_unit.egg-info/requires.txt
[23.403s] writing top-level names to ../../build/processor_unit/processor_unit.egg-info/top_level.txt
[23.705s] reading manifest file '../../build/processor_unit/processor_unit.egg-info/SOURCES.txt'
[23.705s] adding license file 'LICENSE'
[23.715s] writing manifest file '../../build/processor_unit/processor_unit.egg-info/SOURCES.txt'
[23.715s] running build
[23.715s] running build_py
[23.715s] running install
[23.776s] running install_lib
[23.927s] creating /home/raspi-earth/project_ws/install/processor_unit/lib/python3.11/site-packages/processor_unit
[23.928s] copying /home/raspi-earth/project_ws/build/processor_unit/build/lib/processor_unit/camera_front.py -> /home/raspi-earth/project_ws/install/processor_unit/lib/python3.11/site-packages/processor_unit
[23.932s] copying /home/raspi-earth/project_ws/build/processor_unit/build/lib/processor_unit/main_processor.py -> /home/raspi-earth/project_ws/install/processor_unit/lib/python3.11/site-packages/processor_unit
[23.938s] copying /home/raspi-earth/project_ws/build/processor_unit/build/lib/processor_unit/test.py -> /home/raspi-earth/project_ws/install/processor_unit/lib/python3.11/site-packages/processor_unit
[23.938s] copying /home/raspi-earth/project_ws/build/processor_unit/build/lib/processor_unit/__init__.py -> /home/raspi-earth/project_ws/install/processor_unit/lib/python3.11/site-packages/processor_unit
[23.938s] copying /home/raspi-earth/project_ws/build/processor_unit/build/lib/processor_unit/camera_back.py -> /home/raspi-earth/project_ws/install/processor_unit/lib/python3.11/site-packages/processor_unit
[23.938s] copying /home/raspi-earth/project_ws/build/processor_unit/build/lib/processor_unit/test1.py -> /home/raspi-earth/project_ws/install/processor_unit/lib/python3.11/site-packages/processor_unit
[23.938s] copying /home/raspi-earth/project_ws/build/processor_unit/build/lib/processor_unit/steam_opencv.py -> /home/raspi-earth/project_ws/install/processor_unit/lib/python3.11/site-packages/processor_unit
[23.948s] copying /home/raspi-earth/project_ws/build/processor_unit/build/lib/processor_unit/uart_zero_two_w.py -> /home/raspi-earth/project_ws/install/processor_unit/lib/python3.11/site-packages/processor_unit
[23.959s] byte-compiling /home/raspi-earth/project_ws/install/processor_unit/lib/python3.11/site-packages/processor_unit/camera_front.py to camera_front.cpython-311.pyc
[23.962s] byte-compiling /home/raspi-earth/project_ws/install/processor_unit/lib/python3.11/site-packages/processor_unit/main_processor.py to main_processor.cpython-311.pyc
[23.985s] byte-compiling /home/raspi-earth/project_ws/install/processor_unit/lib/python3.11/site-packages/processor_unit/test.py to test.cpython-311.pyc
[24.003s] byte-compiling /home/raspi-earth/project_ws/install/processor_unit/lib/python3.11/site-packages/processor_unit/__init__.py to __init__.cpython-311.pyc
[24.003s] byte-compiling /home/raspi-earth/project_ws/install/processor_unit/lib/python3.11/site-packages/processor_unit/camera_back.py to camera_back.cpython-311.pyc
[24.007s] byte-compiling /home/raspi-earth/project_ws/install/processor_unit/lib/python3.11/site-packages/processor_unit/test1.py to test1.cpython-311.pyc
[24.019s] byte-compiling /home/raspi-earth/project_ws/install/processor_unit/lib/python3.11/site-packages/processor_unit/steam_opencv.py to steam_opencv.cpython-311.pyc
[24.039s] byte-compiling /home/raspi-earth/project_ws/install/processor_unit/lib/python3.11/site-packages/processor_unit/uart_zero_two_w.py to uart_zero_two_w.cpython-311.pyc
[24.042s] running install_data
[24.047s] copying resource/processor_unit -> /home/raspi-earth/project_ws/install/processor_unit/share/ament_index/resource_index/packages
[24.047s] copying package.xml -> /home/raspi-earth/project_ws/install/processor_unit/share/processor_unit
[24.047s] running install_egg_info
[24.371s] Copying ../../build/processor_unit/processor_unit.egg-info to /home/raspi-earth/project_ws/install/processor_unit/lib/python3.11/site-packages/processor_unit-0.0.0-py3.11.egg-info
[24.374s] running install_scripts
[24.909s] Installing main_processor script to /home/raspi-earth/project_ws/install/processor_unit/lib/processor_unit
[24.914s] Installing steam_cam script to /home/raspi-earth/project_ws/install/processor_unit/lib/processor_unit
[24.914s] Installing test script to /home/raspi-earth/project_ws/install/processor_unit/lib/processor_unit
[24.915s] Installing test1 script to /home/raspi-earth/project_ws/install/processor_unit/lib/processor_unit
[24.915s] Installing uart_zero_two_w script to /home/raspi-earth/project_ws/install/processor_unit/lib/processor_unit
[24.915s] writing list of installed files to '/home/raspi-earth/project_ws/build/processor_unit/install.log'
[25.208s] Invoked command in '/home/raspi-earth/project_ws/src/processor_unit' returned '0': PYTHONPATH=/home/raspi-earth/project_ws/build/processor_unit/prefix_override:/usr/lib/python3/dist-packages/colcon_core/task/python/colcon_distutils_commands:/home/raspi-earth/project_ws/install/processor_unit/lib/python3.11/site-packages:${PYTHONPATH} /usr/bin/python3 -W ignore:setup.py install is deprecated -W ignore:easy_install command is deprecated setup.py egg_info --egg-base ../../build/processor_unit build --build-base /home/raspi-earth/project_ws/build/processor_unit/build install --record /home/raspi-earth/project_ws/build/processor_unit/install.log --single-version-externally-managed install_data --force
