[8.608s] Invoking command in '/home/raspi-earth/project_ws/src/processor_unit': PYTHONPATH=/home/raspi-earth/project_ws/build/processor_unit/prefix_override:/usr/lib/python3/dist-packages/colcon_core/task/python/colcon_distutils_commands:/home/raspi-earth/project_ws/install/processor_unit/lib/python3.11/site-packages:${PYTHONPATH} /usr/bin/python3 -W ignore:setup.py install is deprecated -W ignore:easy_install command is deprecated setup.py egg_info --egg-base ../../build/processor_unit build --build-base /home/raspi-earth/project_ws/build/processor_unit/build install --record /home/raspi-earth/project_ws/build/processor_unit/install.log --single-version-externally-managed install_data
[10.313s] running egg_info
[10.360s] writing ../../build/processor_unit/processor_unit.egg-info/PKG-INFO
[10.362s] writing dependency_links to ../../build/processor_unit/processor_unit.egg-info/dependency_links.txt
[10.362s] writing entry points to ../../build/processor_unit/processor_unit.egg-info/entry_points.txt
[10.363s] writing requirements to ../../build/processor_unit/processor_unit.egg-info/requires.txt
[10.363s] writing top-level names to ../../build/processor_unit/processor_unit.egg-info/top_level.txt
[10.462s] reading manifest file '../../build/processor_unit/processor_unit.egg-info/SOURCES.txt'
[10.464s] adding license file 'LICENSE'
[10.469s] writing manifest file '../../build/processor_unit/processor_unit.egg-info/SOURCES.txt'
[10.469s] running build
[10.469s] running build_py
[10.469s] copying processor_unit/esp32_bridge_node.py -> /home/raspi-earth/project_ws/build/processor_unit/build/lib/processor_unit
[10.469s] running install
[10.487s] running install_lib
[10.570s] copying /home/raspi-earth/project_ws/build/processor_unit/build/lib/processor_unit/esp32_bridge_node.py -> /home/raspi-earth/project_ws/install/processor_unit/lib/python3.11/site-packages/processor_unit
[10.574s] byte-compiling /home/raspi-earth/project_ws/install/processor_unit/lib/python3.11/site-packages/processor_unit/esp32_bridge_node.py to esp32_bridge_node.cpython-311.pyc
[10.576s] running install_data
[10.576s] running install_egg_info
[10.695s] removing '/home/raspi-earth/project_ws/install/processor_unit/lib/python3.11/site-packages/processor_unit-0.0.0-py3.11.egg-info' (and everything under it)
[10.701s] Copying ../../build/processor_unit/processor_unit.egg-info to /home/raspi-earth/project_ws/install/processor_unit/lib/python3.11/site-packages/processor_unit-0.0.0-py3.11.egg-info
[10.704s] running install_scripts
[10.951s] Installing esp32_bridge_node script to /home/raspi-earth/project_ws/install/processor_unit/lib/processor_unit
[10.952s] Installing main_processor script to /home/raspi-earth/project_ws/install/processor_unit/lib/processor_unit
[10.953s] Installing steam_cam script to /home/raspi-earth/project_ws/install/processor_unit/lib/processor_unit
[10.954s] Installing test script to /home/raspi-earth/project_ws/install/processor_unit/lib/processor_unit
[10.955s] Installing test1 script to /home/raspi-earth/project_ws/install/processor_unit/lib/processor_unit
[10.955s] Installing uart_command_and_status_to_pi5 script to /home/raspi-earth/project_ws/install/processor_unit/lib/processor_unit
[10.956s] Installing uart_zero_two_w script to /home/raspi-earth/project_ws/install/processor_unit/lib/processor_unit
[10.958s] writing list of installed files to '/home/raspi-earth/project_ws/build/processor_unit/install.log'
[11.129s] Invoked command in '/home/raspi-earth/project_ws/src/processor_unit' returned '0': PYTHONPATH=/home/raspi-earth/project_ws/build/processor_unit/prefix_override:/usr/lib/python3/dist-packages/colcon_core/task/python/colcon_distutils_commands:/home/raspi-earth/project_ws/install/processor_unit/lib/python3.11/site-packages:${PYTHONPATH} /usr/bin/python3 -W ignore:setup.py install is deprecated -W ignore:easy_install command is deprecated setup.py egg_info --egg-base ../../build/processor_unit build --build-base /home/raspi-earth/project_ws/build/processor_unit/build install --record /home/raspi-earth/project_ws/build/processor_unit/install.log --single-version-externally-managed install_data
