[5.784s] Invoking command in '/home/raspi-earth/project_ws/src/launch_project': PYTHONPATH=/home/raspi-earth/project_ws/build/launch_project/prefix_override:/usr/lib/python3/dist-packages/colcon_core/task/python/colcon_distutils_commands:/home/raspi-earth/project_ws/install/launch_project/lib/python3.11/site-packages:${PYTHONPATH} /usr/bin/python3 -W ignore:setup.py install is deprecated -W ignore:easy_install command is deprecated setup.py egg_info --egg-base ../../build/launch_project build --build-base /home/raspi-earth/project_ws/build/launch_project/build install --record /home/raspi-earth/project_ws/build/launch_project/install.log --single-version-externally-managed install_data
[6.937s] running egg_info
[6.979s] writing ../../build/launch_project/launch_project.egg-info/PKG-INFO
[6.980s] writing dependency_links to ../../build/launch_project/launch_project.egg-info/dependency_links.txt
[6.982s] writing requirements to ../../build/launch_project/launch_project.egg-info/requires.txt
[6.982s] writing top-level names to ../../build/launch_project/launch_project.egg-info/top_level.txt
[7.070s] reading manifest file '../../build/launch_project/launch_project.egg-info/SOURCES.txt'
[7.070s] adding license file 'LICENSE'
[7.072s] writing manifest file '../../build/launch_project/launch_project.egg-info/SOURCES.txt'
[7.072s] running build
[7.072s] running build_py
[7.077s] running install
[7.085s] running install_lib
[7.133s] running install_data
[7.133s] running install_egg_info
[7.252s] removing '/home/raspi-earth/project_ws/install/launch_project/lib/python3.11/site-packages/launch_project-0.0.0-py3.11.egg-info' (and everything under it)
[7.264s] Copying ../../build/launch_project/launch_project.egg-info to /home/raspi-earth/project_ws/install/launch_project/lib/python3.11/site-packages/launch_project-0.0.0-py3.11.egg-info
[7.265s] running install_scripts
[7.532s] writing list of installed files to '/home/raspi-earth/project_ws/build/launch_project/install.log'
[7.731s] Invoked command in '/home/raspi-earth/project_ws/src/launch_project' returned '0': PYTHONPATH=/home/raspi-earth/project_ws/build/launch_project/prefix_override:/usr/lib/python3/dist-packages/colcon_core/task/python/colcon_distutils_commands:/home/raspi-earth/project_ws/install/launch_project/lib/python3.11/site-packages:${PYTHONPATH} /usr/bin/python3 -W ignore:setup.py install is deprecated -W ignore:easy_install command is deprecated setup.py egg_info --egg-base ../../build/launch_project build --build-base /home/raspi-earth/project_ws/build/launch_project/build install --record /home/raspi-earth/project_ws/build/launch_project/install.log --single-version-externally-managed install_data
