[9.284s] Invoking command in '/home/raspi-earth/project_ws/src/motor_control': PYTHONPATH=/home/raspi-earth/project_ws/build/motor_control/prefix_override:/usr/lib/python3/dist-packages/colcon_core/task/python/colcon_distutils_commands:/home/raspi-earth/project_ws/install/motor_control/lib/python3.11/site-packages:${PYTHONPATH} /usr/bin/python3 -W ignore:setup.py install is deprecated -W ignore:easy_install command is deprecated setup.py egg_info --egg-base ../../build/motor_control build --build-base /home/raspi-earth/project_ws/build/motor_control/build install --record /home/raspi-earth/project_ws/build/motor_control/install.log --single-version-externally-managed install_data
[12.056s] running egg_info
[12.171s] writing ../../build/motor_control/motor_control.egg-info/PKG-INFO
[12.177s] writing dependency_links to ../../build/motor_control/motor_control.egg-info/dependency_links.txt
[12.181s] writing entry points to ../../build/motor_control/motor_control.egg-info/entry_points.txt
[12.183s] writing requirements to ../../build/motor_control/motor_control.egg-info/requires.txt
[12.184s] writing top-level names to ../../build/motor_control/motor_control.egg-info/top_level.txt
[12.282s] reading manifest file '../../build/motor_control/motor_control.egg-info/SOURCES.txt'
[12.282s] adding license file 'LICENSE'
[12.284s] writing manifest file '../../build/motor_control/motor_control.egg-info/SOURCES.txt'
[12.284s] running build
[12.284s] running build_py
[12.286s] running install
[12.297s] running install_lib
[12.440s] running install_data
[12.441s] running install_egg_info
[12.777s] removing '/home/raspi-earth/project_ws/install/motor_control/lib/python3.11/site-packages/motor_control-0.0.0-py3.11.egg-info' (and everything under it)
[12.778s] Copying ../../build/motor_control/motor_control.egg-info to /home/raspi-earth/project_ws/install/motor_control/lib/python3.11/site-packages/motor_control-0.0.0-py3.11.egg-info
[12.782s] running install_scripts
[13.174s] Installing joint1_node script to /home/raspi-earth/project_ws/install/motor_control/lib/motor_control
[13.175s] Installing joint2_node script to /home/raspi-earth/project_ws/install/motor_control/lib/motor_control
[13.177s] Installing joint3_node script to /home/raspi-earth/project_ws/install/motor_control/lib/motor_control
[13.177s] Installing servodrive script to /home/raspi-earth/project_ws/install/motor_control/lib/motor_control
[13.180s] Installing stepmotor1 script to /home/raspi-earth/project_ws/install/motor_control/lib/motor_control
[13.180s] Installing stepmotor2 script to /home/raspi-earth/project_ws/install/motor_control/lib/motor_control
[13.180s] Installing stepmotor3 script to /home/raspi-earth/project_ws/install/motor_control/lib/motor_control
[13.181s] writing list of installed files to '/home/raspi-earth/project_ws/build/motor_control/install.log'
[13.403s] Invoked command in '/home/raspi-earth/project_ws/src/motor_control' returned '0': PYTHONPATH=/home/raspi-earth/project_ws/build/motor_control/prefix_override:/usr/lib/python3/dist-packages/colcon_core/task/python/colcon_distutils_commands:/home/raspi-earth/project_ws/install/motor_control/lib/python3.11/site-packages:${PYTHONPATH} /usr/bin/python3 -W ignore:setup.py install is deprecated -W ignore:easy_install command is deprecated setup.py egg_info --egg-base ../../build/motor_control build --build-base /home/raspi-earth/project_ws/build/motor_control/build install --record /home/raspi-earth/project_ws/build/motor_control/install.log --single-version-externally-managed install_data
