[15.347s] Invoking command in '/home/raspi-earth/project_ws/src/encoder_unit': PYTHONPATH=/home/raspi-earth/project_ws/build/encoder_unit/prefix_override:/usr/lib/python3/dist-packages/colcon_core/task/python/colcon_distutils_commands:/home/raspi-earth/project_ws/install/encoder_unit/lib/python3.11/site-packages:${PYTHONPATH} /usr/bin/python3 -W ignore:setup.py install is deprecated -W ignore:easy_install command is deprecated setup.py egg_info --egg-base ../../build/encoder_unit build --build-base /home/raspi-earth/project_ws/build/encoder_unit/build install --record /home/raspi-earth/project_ws/build/encoder_unit/install.log --single-version-externally-managed install_data
[18.841s] running egg_info
[18.958s] writing ../../build/encoder_unit/encoder_unit.egg-info/PKG-INFO
[18.967s] writing dependency_links to ../../build/encoder_unit/encoder_unit.egg-info/dependency_links.txt
[18.970s] writing entry points to ../../build/encoder_unit/encoder_unit.egg-info/entry_points.txt
[18.970s] writing requirements to ../../build/encoder_unit/encoder_unit.egg-info/requires.txt
[18.976s] writing top-level names to ../../build/encoder_unit/encoder_unit.egg-info/top_level.txt
[19.404s] reading manifest file '../../build/encoder_unit/encoder_unit.egg-info/SOURCES.txt'
[19.407s] adding license file 'LICENSE'
[19.409s] writing manifest file '../../build/encoder_unit/encoder_unit.egg-info/SOURCES.txt'
[19.410s] running build
[19.412s] running build_py
[19.412s] running install
[19.472s] running install_lib
[19.604s] running install_data
[19.605s] running install_egg_info
[19.826s] removing '/home/raspi-earth/project_ws/install/encoder_unit/lib/python3.11/site-packages/encoder_unit-0.0.0-py3.11.egg-info' (and everything under it)
[19.828s] Copying ../../build/encoder_unit/encoder_unit.egg-info to /home/raspi-earth/project_ws/install/encoder_unit/lib/python3.11/site-packages/encoder_unit-0.0.0-py3.11.egg-info
[19.836s] running install_scripts
[20.345s] Installing as5600_1 script to /home/raspi-earth/project_ws/install/encoder_unit/lib/encoder_unit
[20.348s] Installing as5600_2 script to /home/raspi-earth/project_ws/install/encoder_unit/lib/encoder_unit
[20.348s] Installing as5600_3 script to /home/raspi-earth/project_ws/install/encoder_unit/lib/encoder_unit
[20.349s] Installing as5600_4 script to /home/raspi-earth/project_ws/install/encoder_unit/lib/encoder_unit
[20.350s] Installing as5600_5 script to /home/raspi-earth/project_ws/install/encoder_unit/lib/encoder_unit
[20.351s] Installing limit script to /home/raspi-earth/project_ws/install/encoder_unit/lib/encoder_unit
[20.352s] writing list of installed files to '/home/raspi-earth/project_ws/build/encoder_unit/install.log'
[20.560s] Invoked command in '/home/raspi-earth/project_ws/src/encoder_unit' returned '0': PYTHONPATH=/home/raspi-earth/project_ws/build/encoder_unit/prefix_override:/usr/lib/python3/dist-packages/colcon_core/task/python/colcon_distutils_commands:/home/raspi-earth/project_ws/install/encoder_unit/lib/python3.11/site-packages:${PYTHONPATH} /usr/bin/python3 -W ignore:setup.py install is deprecated -W ignore:easy_install command is deprecated setup.py egg_info --egg-base ../../build/encoder_unit build --build-base /home/raspi-earth/project_ws/build/encoder_unit/build install --record /home/raspi-earth/project_ws/build/encoder_unit/install.log --single-version-externally-managed install_data
