[11.465s] Invoking command in '/home/raspi-earth/project_ws/src/motor_control': PYTHONPATH=/home/raspi-earth/project_ws/build/motor_control/prefix_override:/usr/lib/python3/dist-packages/colcon_core/task/python/colcon_distutils_commands:/home/raspi-earth/project_ws/install/motor_control/lib/python3.11/site-packages:${PYTHONPATH} /usr/bin/python3 -W ignore:setup.py install is deprecated -W ignore:easy_install command is deprecated setup.py egg_info --egg-base ../../build/motor_control build --build-base /home/raspi-earth/project_ws/build/motor_control/build install --record /home/raspi-earth/project_ws/build/motor_control/install.log --single-version-externally-managed install_data
[14.730s] running egg_info
[14.859s] writing ../../build/motor_control/motor_control.egg-info/PKG-INFO
[14.860s] writing dependency_links to ../../build/motor_control/motor_control.egg-info/dependency_links.txt
[14.863s] writing entry points to ../../build/motor_control/motor_control.egg-info/entry_points.txt
[14.865s] writing requirements to ../../build/motor_control/motor_control.egg-info/requires.txt
[14.865s] writing top-level names to ../../build/motor_control/motor_control.egg-info/top_level.txt
[15.071s] reading manifest file '../../build/motor_control/motor_control.egg-info/SOURCES.txt'
[15.079s] adding license file 'LICENSE'
[15.079s] writing manifest file '../../build/motor_control/motor_control.egg-info/SOURCES.txt'
[15.079s] running build
[15.079s] running build_py
[15.079s] copying motor_control/joint2_node.py -> /home/raspi-earth/project_ws/build/motor_control/build/lib/motor_control
[15.080s] running install
[15.104s] running install_lib
[15.233s] copying /home/raspi-earth/project_ws/build/motor_control/build/lib/motor_control/joint2_node.py -> /home/raspi-earth/project_ws/install/motor_control/lib/python3.11/site-packages/motor_control
[15.245s] byte-compiling /home/raspi-earth/project_ws/install/motor_control/lib/python3.11/site-packages/motor_control/joint2_node.py to joint2_node.cpython-311.pyc
[15.267s] running install_data
[15.267s] running install_egg_info
[15.659s] removing '/home/raspi-earth/project_ws/install/motor_control/lib/python3.11/site-packages/motor_control-0.0.0-py3.11.egg-info' (and everything under it)
[15.659s] Copying ../../build/motor_control/motor_control.egg-info to /home/raspi-earth/project_ws/install/motor_control/lib/python3.11/site-packages/motor_control-0.0.0-py3.11.egg-info
[15.659s] running install_scripts
[15.907s] Installing joint1_node script to /home/raspi-earth/project_ws/install/motor_control/lib/motor_control
[15.911s] Installing joint2_node script to /home/raspi-earth/project_ws/install/motor_control/lib/motor_control
[15.911s] Installing joint3_node script to /home/raspi-earth/project_ws/install/motor_control/lib/motor_control
[15.911s] Installing servodrive script to /home/raspi-earth/project_ws/install/motor_control/lib/motor_control
[15.911s] Installing stepmotor1 script to /home/raspi-earth/project_ws/install/motor_control/lib/motor_control
[15.912s] Installing stepmotor2 script to /home/raspi-earth/project_ws/install/motor_control/lib/motor_control
[15.913s] Installing stepmotor3 script to /home/raspi-earth/project_ws/install/motor_control/lib/motor_control
[15.914s] writing list of installed files to '/home/raspi-earth/project_ws/build/motor_control/install.log'
[16.136s] Invoked command in '/home/raspi-earth/project_ws/src/motor_control' returned '0': PYTHONPATH=/home/raspi-earth/project_ws/build/motor_control/prefix_override:/usr/lib/python3/dist-packages/colcon_core/task/python/colcon_distutils_commands:/home/raspi-earth/project_ws/install/motor_control/lib/python3.11/site-packages:${PYTHONPATH} /usr/bin/python3 -W ignore:setup.py install is deprecated -W ignore:easy_install command is deprecated setup.py egg_info --egg-base ../../build/motor_control build --build-base /home/raspi-earth/project_ws/build/motor_control/build install --record /home/raspi-earth/project_ws/build/motor_control/install.log --single-version-externally-managed install_data
