[9.879s] Invoking command in '/home/raspi-earth/project_ws/src/processor_unit': PYTHONPATH=/home/raspi-earth/project_ws/build/processor_unit/prefix_override:/usr/lib/python3/dist-packages/colcon_core/task/python/colcon_distutils_commands:/home/raspi-earth/project_ws/install/processor_unit/lib/python3.11/site-packages:${PYTHONPATH} /usr/bin/python3 -W ignore:setup.py install is deprecated -W ignore:easy_install command is deprecated setup.py egg_info --egg-base ../../build/processor_unit build --build-base /home/raspi-earth/project_ws/build/processor_unit/build install --record /home/raspi-earth/project_ws/build/processor_unit/install.log --single-version-externally-managed install_data
[12.400s] running egg_info
[12.504s] writing ../../build/processor_unit/processor_unit.egg-info/PKG-INFO
[12.506s] writing dependency_links to ../../build/processor_unit/processor_unit.egg-info/dependency_links.txt
[12.506s] writing entry points to ../../build/processor_unit/processor_unit.egg-info/entry_points.txt
[12.506s] writing requirements to ../../build/processor_unit/processor_unit.egg-info/requires.txt
[12.506s] writing top-level names to ../../build/processor_unit/processor_unit.egg-info/top_level.txt
[12.734s] reading manifest file '../../build/processor_unit/processor_unit.egg-info/SOURCES.txt'
[12.740s] adding license file 'LICENSE'
[12.747s] writing manifest file '../../build/processor_unit/processor_unit.egg-info/SOURCES.txt'
[12.747s] running build
[12.750s] running build_py
[12.750s] copying processor_unit/test.py -> /home/raspi-earth/project_ws/build/processor_unit/build/lib/processor_unit
[12.752s] running install
[12.812s] running install_lib
[12.876s] copying /home/raspi-earth/project_ws/build/processor_unit/build/lib/processor_unit/test.py -> /home/raspi-earth/project_ws/install/processor_unit/lib/python3.11/site-packages/processor_unit
[12.882s] byte-compiling /home/raspi-earth/project_ws/install/processor_unit/lib/python3.11/site-packages/processor_unit/test.py to test.cpython-311.pyc
[12.886s] running install_data
[12.886s] running install_egg_info
[13.034s] removing '/home/raspi-earth/project_ws/install/processor_unit/lib/python3.11/site-packages/processor_unit-0.0.0-py3.11.egg-info' (and everything under it)
[13.038s] Copying ../../build/processor_unit/processor_unit.egg-info to /home/raspi-earth/project_ws/install/processor_unit/lib/python3.11/site-packages/processor_unit-0.0.0-py3.11.egg-info
[13.040s] running install_scripts
[13.366s] Installing main_processor script to /home/raspi-earth/project_ws/install/processor_unit/lib/processor_unit
[13.366s] Installing test script to /home/raspi-earth/project_ws/install/processor_unit/lib/processor_unit
[13.367s] Installing test1 script to /home/raspi-earth/project_ws/install/processor_unit/lib/processor_unit
[13.369s] writing list of installed files to '/home/raspi-earth/project_ws/build/processor_unit/install.log'
[13.592s] Invoked command in '/home/raspi-earth/project_ws/src/processor_unit' returned '0': PYTHONPATH=/home/raspi-earth/project_ws/build/processor_unit/prefix_override:/usr/lib/python3/dist-packages/colcon_core/task/python/colcon_distutils_commands:/home/raspi-earth/project_ws/install/processor_unit/lib/python3.11/site-packages:${PYTHONPATH} /usr/bin/python3 -W ignore:setup.py install is deprecated -W ignore:easy_install command is deprecated setup.py egg_info --egg-base ../../build/processor_unit build --build-base /home/raspi-earth/project_ws/build/processor_unit/build install --record /home/raspi-earth/project_ws/build/processor_unit/install.log --single-version-externally-managed install_data
