[6.632s] Invoking command in '/home/raspi-earth/project_ws/src/processor_unit': PYTHONPATH=/home/raspi-earth/project_ws/build/processor_unit/prefix_override:/usr/lib/python3/dist-packages/colcon_core/task/python/colcon_distutils_commands:/home/raspi-earth/project_ws/install/processor_unit/lib/python3.11/site-packages:${PYTHONPATH} /usr/bin/python3 -W ignore:setup.py install is deprecated -W ignore:easy_install command is deprecated setup.py egg_info --egg-base ../../build/processor_unit build --build-base /home/raspi-earth/project_ws/build/processor_unit/build install --record /home/raspi-earth/project_ws/build/processor_unit/install.log --single-version-externally-managed install_data
[8.127s] running egg_info
[8.171s] writing ../../build/processor_unit/processor_unit.egg-info/PKG-INFO
[8.172s] writing dependency_links to ../../build/processor_unit/processor_unit.egg-info/dependency_links.txt
[8.172s] writing entry points to ../../build/processor_unit/processor_unit.egg-info/entry_points.txt
[8.172s] writing requirements to ../../build/processor_unit/processor_unit.egg-info/requires.txt
[8.172s] writing top-level names to ../../build/processor_unit/processor_unit.egg-info/top_level.txt
[8.333s] reading manifest file '../../build/processor_unit/processor_unit.egg-info/SOURCES.txt'
[8.333s] adding license file 'LICENSE'
[8.334s] writing manifest file '../../build/processor_unit/processor_unit.egg-info/SOURCES.txt'
[8.335s] running build
[8.335s] running build_py
[8.335s] copying processor_unit/main_processor.py -> /home/raspi-earth/project_ws/build/processor_unit/build/lib/processor_unit
[8.336s] running install
[8.351s] running install_lib
[8.411s] copying /home/raspi-earth/project_ws/build/processor_unit/build/lib/processor_unit/main_processor.py -> /home/raspi-earth/project_ws/install/processor_unit/lib/python3.11/site-packages/processor_unit
[8.415s] byte-compiling /home/raspi-earth/project_ws/install/processor_unit/lib/python3.11/site-packages/processor_unit/main_processor.py to main_processor.cpython-311.pyc
[8.418s] running install_data
[8.418s] running install_egg_info
[8.558s] removing '/home/raspi-earth/project_ws/install/processor_unit/lib/python3.11/site-packages/processor_unit-0.0.0-py3.11.egg-info' (and everything under it)
[8.561s] Copying ../../build/processor_unit/processor_unit.egg-info to /home/raspi-earth/project_ws/install/processor_unit/lib/python3.11/site-packages/processor_unit-0.0.0-py3.11.egg-info
[8.561s] running install_scripts
[8.835s] Installing main_processor script to /home/raspi-earth/project_ws/install/processor_unit/lib/processor_unit
[8.835s] Installing test script to /home/raspi-earth/project_ws/install/processor_unit/lib/processor_unit
[8.836s] Installing test1 script to /home/raspi-earth/project_ws/install/processor_unit/lib/processor_unit
[8.837s] Installing uart_zero_two_w script to /home/raspi-earth/project_ws/install/processor_unit/lib/processor_unit
[8.843s] writing list of installed files to '/home/raspi-earth/project_ws/build/processor_unit/install.log'
[9.071s] Invoked command in '/home/raspi-earth/project_ws/src/processor_unit' returned '0': PYTHONPATH=/home/raspi-earth/project_ws/build/processor_unit/prefix_override:/usr/lib/python3/dist-packages/colcon_core/task/python/colcon_distutils_commands:/home/raspi-earth/project_ws/install/processor_unit/lib/python3.11/site-packages:${PYTHONPATH} /usr/bin/python3 -W ignore:setup.py install is deprecated -W ignore:easy_install command is deprecated setup.py egg_info --egg-base ../../build/processor_unit build --build-base /home/raspi-earth/project_ws/build/processor_unit/build install --record /home/raspi-earth/project_ws/build/processor_unit/install.log --single-version-externally-managed install_data
