[1.156s] Invoking command in '/home/erthirarat/Desktop/Senior_Project-WhitePost-Main_Arm/build/whitepost_description': CMAKE_PREFIX_PATH=${CMAKE_PREFIX_PATH}:/home/erthirarat/Desktop/Senior_Project-WhitePost-Main_Arm/install/processor_unit:/home/erthirarat/Desktop/Senior_Project-WhitePost-Main_Arm/install/motor_control:/home/erthirarat/Desktop/Senior_Project-WhitePost-Main_Arm/install/launch_project:/home/erthirarat/Desktop/Senior_Project-WhitePost-Main_Arm/install/encoder_unit:/opt/ros/humble /usr/bin/cmake /home/erthirarat/Desktop/Senior_Project-WhitePost-Main_Arm/src/whitepost_description -DCMAKE_INSTALL_PREFIX=/home/erthirarat/Desktop/Senior_Project-WhitePost-Main_Arm/install/whitepost_description
[1.234s] -- The C compiler identification is GNU 11.4.0
[1.302s] -- The CXX compiler identification is GNU 11.4.0
[1.312s] -- Detecting C compiler ABI info
[1.413s] -- Detecting C compiler ABI info - done
[1.433s] -- Check for working C compiler: /usr/bin/cc - skipped
[1.434s] -- Detecting C compile features
[1.437s] -- Detecting C compile features - done
[1.443s] -- Detecting CXX compiler ABI info
[1.559s] -- Detecting CXX compiler ABI info - done
[1.572s] -- Check for working CXX compiler: /usr/bin/c++ - skipped
[1.573s] -- Detecting CXX compile features
[1.573s] -- Detecting CXX compile features - done
[1.578s] -- Found ament_cmake: 1.3.13 (/opt/ros/humble/share/ament_cmake/cmake)
[1.822s] -- Found Python3: /usr/bin/python3 (found version "3.10.12") found components: Interpreter 
[2.062s] -- Configuring done
[2.064s] -- Generating done
[2.067s] -- Build files have been written to: /home/erthirarat/Desktop/Senior_Project-WhitePost-Main_Arm/build/whitepost_description
[2.071s] Invoked command in '/home/erthirarat/Desktop/Senior_Project-WhitePost-Main_Arm/build/whitepost_description' returned '0': CMAKE_PREFIX_PATH=${CMAKE_PREFIX_PATH}:/home/erthirarat/Desktop/Senior_Project-WhitePost-Main_Arm/install/processor_unit:/home/erthirarat/Desktop/Senior_Project-WhitePost-Main_Arm/install/motor_control:/home/erthirarat/Desktop/Senior_Project-WhitePost-Main_Arm/install/launch_project:/home/erthirarat/Desktop/Senior_Project-WhitePost-Main_Arm/install/encoder_unit:/opt/ros/humble /usr/bin/cmake /home/erthirarat/Desktop/Senior_Project-WhitePost-Main_Arm/src/whitepost_description -DCMAKE_INSTALL_PREFIX=/home/erthirarat/Desktop/Senior_Project-WhitePost-Main_Arm/install/whitepost_description
[2.073s] Invoking command in '/home/erthirarat/Desktop/Senior_Project-WhitePost-Main_Arm/build/whitepost_description': CMAKE_PREFIX_PATH=${CMAKE_PREFIX_PATH}:/home/erthirarat/Desktop/Senior_Project-WhitePost-Main_Arm/install/processor_unit:/home/erthirarat/Desktop/Senior_Project-WhitePost-Main_Arm/install/motor_control:/home/erthirarat/Desktop/Senior_Project-WhitePost-Main_Arm/install/launch_project:/home/erthirarat/Desktop/Senior_Project-WhitePost-Main_Arm/install/encoder_unit:/opt/ros/humble /usr/bin/cmake --build /home/erthirarat/Desktop/Senior_Project-WhitePost-Main_Arm/build/whitepost_description -- -j8 -l8
[2.130s] Invoked command in '/home/erthirarat/Desktop/Senior_Project-WhitePost-Main_Arm/build/whitepost_description' returned '0': CMAKE_PREFIX_PATH=${CMAKE_PREFIX_PATH}:/home/erthirarat/Desktop/Senior_Project-WhitePost-Main_Arm/install/processor_unit:/home/erthirarat/Desktop/Senior_Project-WhitePost-Main_Arm/install/motor_control:/home/erthirarat/Desktop/Senior_Project-WhitePost-Main_Arm/install/launch_project:/home/erthirarat/Desktop/Senior_Project-WhitePost-Main_Arm/install/encoder_unit:/opt/ros/humble /usr/bin/cmake --build /home/erthirarat/Desktop/Senior_Project-WhitePost-Main_Arm/build/whitepost_description -- -j8 -l8
[2.144s] Invoking command in '/home/erthirarat/Desktop/Senior_Project-WhitePost-Main_Arm/build/whitepost_description': CMAKE_PREFIX_PATH=${CMAKE_PREFIX_PATH}:/home/erthirarat/Desktop/Senior_Project-WhitePost-Main_Arm/install/processor_unit:/home/erthirarat/Desktop/Senior_Project-WhitePost-Main_Arm/install/motor_control:/home/erthirarat/Desktop/Senior_Project-WhitePost-Main_Arm/install/launch_project:/home/erthirarat/Desktop/Senior_Project-WhitePost-Main_Arm/install/encoder_unit:/opt/ros/humble /usr/bin/cmake --install /home/erthirarat/Desktop/Senior_Project-WhitePost-Main_Arm/build/whitepost_description
[2.158s] -- Install configuration: ""
[2.158s] -- Installing: /home/erthirarat/Desktop/Senior_Project-WhitePost-Main_Arm/install/whitepost_description/share/whitepost_description/config
[2.159s] -- Installing: /home/erthirarat/Desktop/Senior_Project-WhitePost-Main_Arm/install/whitepost_description/share/whitepost_description/config/joint_names_whitepost_description.yaml
[2.159s] -- Installing: /home/erthirarat/Desktop/Senior_Project-WhitePost-Main_Arm/install/whitepost_description/share/whitepost_description/launch
[2.159s] -- Installing: /home/erthirarat/Desktop/Senior_Project-WhitePost-Main_Arm/install/whitepost_description/share/whitepost_description/launch/gazebo.launch
[2.160s] -- Installing: /home/erthirarat/Desktop/Senior_Project-WhitePost-Main_Arm/install/whitepost_description/share/whitepost_description/launch/display.launch
[2.160s] -- Installing: /home/erthirarat/Desktop/Senior_Project-WhitePost-Main_Arm/install/whitepost_description/share/whitepost_description/meshes
[2.160s] -- Installing: /home/erthirarat/Desktop/Senior_Project-WhitePost-Main_Arm/install/whitepost_description/share/whitepost_description/meshes/link4.STL
[2.165s] -- Installing: /home/erthirarat/Desktop/Senior_Project-WhitePost-Main_Arm/install/whitepost_description/share/whitepost_description/meshes/link1.STL
[2.166s] -- Installing: /home/erthirarat/Desktop/Senior_Project-WhitePost-Main_Arm/install/whitepost_description/share/whitepost_description/meshes/base_link.STL
[2.170s] -- Installing: /home/erthirarat/Desktop/Senior_Project-WhitePost-Main_Arm/install/whitepost_description/share/whitepost_description/meshes/link2.STL
[2.174s] -- Installing: /home/erthirarat/Desktop/Senior_Project-WhitePost-Main_Arm/install/whitepost_description/share/whitepost_description/meshes/link5.STL
[2.175s] -- Installing: /home/erthirarat/Desktop/Senior_Project-WhitePost-Main_Arm/install/whitepost_description/share/whitepost_description/meshes/link3.STL
[2.177s] -- Installing: /home/erthirarat/Desktop/Senior_Project-WhitePost-Main_Arm/install/whitepost_description/share/whitepost_description/urdf
[2.177s] -- Installing: /home/erthirarat/Desktop/Senior_Project-WhitePost-Main_Arm/install/whitepost_description/share/whitepost_description/urdf/whitepost_description.urdf
[2.177s] -- Installing: /home/erthirarat/Desktop/Senior_Project-WhitePost-Main_Arm/install/whitepost_description/share/whitepost_description/urdf/whitepost_description.csv
[2.177s] -- Installing: /home/erthirarat/Desktop/Senior_Project-WhitePost-Main_Arm/install/whitepost_description/share/ament_index/resource_index/package_run_dependencies/whitepost_description
[2.177s] -- Installing: /home/erthirarat/Desktop/Senior_Project-WhitePost-Main_Arm/install/whitepost_description/share/ament_index/resource_index/parent_prefix_path/whitepost_description
[2.178s] -- Installing: /home/erthirarat/Desktop/Senior_Project-WhitePost-Main_Arm/install/whitepost_description/share/whitepost_description/environment/ament_prefix_path.sh
[2.178s] -- Installing: /home/erthirarat/Desktop/Senior_Project-WhitePost-Main_Arm/install/whitepost_description/share/whitepost_description/environment/ament_prefix_path.dsv
[2.179s] -- Installing: /home/erthirarat/Desktop/Senior_Project-WhitePost-Main_Arm/install/whitepost_description/share/whitepost_description/environment/path.sh
[2.179s] -- Installing: /home/erthirarat/Desktop/Senior_Project-WhitePost-Main_Arm/install/whitepost_description/share/whitepost_description/environment/path.dsv
[2.180s] -- Installing: /home/erthirarat/Desktop/Senior_Project-WhitePost-Main_Arm/install/whitepost_description/share/whitepost_description/local_setup.bash
[2.181s] -- Installing: /home/erthirarat/Desktop/Senior_Project-WhitePost-Main_Arm/install/whitepost_description/share/whitepost_description/local_setup.sh
[2.181s] -- Installing: /home/erthirarat/Desktop/Senior_Project-WhitePost-Main_Arm/install/whitepost_description/share/whitepost_description/local_setup.zsh
[2.181s] -- Installing: /home/erthirarat/Desktop/Senior_Project-WhitePost-Main_Arm/install/whitepost_description/share/whitepost_description/local_setup.dsv
[2.181s] -- Installing: /home/erthirarat/Desktop/Senior_Project-WhitePost-Main_Arm/install/whitepost_description/share/whitepost_description/package.dsv
[2.181s] -- Installing: /home/erthirarat/Desktop/Senior_Project-WhitePost-Main_Arm/install/whitepost_description/share/ament_index/resource_index/packages/whitepost_description
[2.182s] -- Installing: /home/erthirarat/Desktop/Senior_Project-WhitePost-Main_Arm/install/whitepost_description/share/whitepost_description/cmake/whitepost_descriptionConfig.cmake
[2.182s] -- Installing: /home/erthirarat/Desktop/Senior_Project-WhitePost-Main_Arm/install/whitepost_description/share/whitepost_description/cmake/whitepost_descriptionConfig-version.cmake
[2.182s] -- Installing: /home/erthirarat/Desktop/Senior_Project-WhitePost-Main_Arm/install/whitepost_description/share/whitepost_description/package.xml
[2.191s] Invoked command in '/home/erthirarat/Desktop/Senior_Project-WhitePost-Main_Arm/build/whitepost_description' returned '0': CMAKE_PREFIX_PATH=${CMAKE_PREFIX_PATH}:/home/erthirarat/Desktop/Senior_Project-WhitePost-Main_Arm/install/processor_unit:/home/erthirarat/Desktop/Senior_Project-WhitePost-Main_Arm/install/motor_control:/home/erthirarat/Desktop/Senior_Project-WhitePost-Main_Arm/install/launch_project:/home/erthirarat/Desktop/Senior_Project-WhitePost-Main_Arm/install/encoder_unit:/opt/ros/humble /usr/bin/cmake --install /home/erthirarat/Desktop/Senior_Project-WhitePost-Main_Arm/build/whitepost_description
