[15.428s] Invoking command in '/home/raspi-earth/project_ws/src/encoder_unit': PYTHONPATH=/home/raspi-earth/project_ws/build/encoder_unit/prefix_override:/usr/lib/python3/dist-packages/colcon_core/task/python/colcon_distutils_commands:/home/raspi-earth/project_ws/install/encoder_unit/lib/python3.11/site-packages:${PYTHONPATH} /usr/bin/python3 -W ignore:setup.py install is deprecated -W ignore:easy_install command is deprecated setup.py egg_info --egg-base ../../build/encoder_unit build --build-base /home/raspi-earth/project_ws/build/encoder_unit/build install --record /home/raspi-earth/project_ws/build/encoder_unit/install.log --single-version-externally-managed install_data
[19.040s] running egg_info
[19.194s] writing ../../build/encoder_unit/encoder_unit.egg-info/PKG-INFO
[19.195s] writing dependency_links to ../../build/encoder_unit/encoder_unit.egg-info/dependency_links.txt
[19.202s] writing entry points to ../../build/encoder_unit/encoder_unit.egg-info/entry_points.txt
[19.204s] writing requirements to ../../build/encoder_unit/encoder_unit.egg-info/requires.txt
[19.207s] writing top-level names to ../../build/encoder_unit/encoder_unit.egg-info/top_level.txt
[19.668s] reading manifest file '../../build/encoder_unit/encoder_unit.egg-info/SOURCES.txt'
[19.672s] adding license file 'LICENSE'
[19.673s] writing manifest file '../../build/encoder_unit/encoder_unit.egg-info/SOURCES.txt'
[19.678s] running build
[19.678s] running build_py
[19.684s] running install
[19.739s] running install_lib
[19.840s] running install_data
[19.841s] running install_egg_info
[20.029s] removing '/home/raspi-earth/project_ws/install/encoder_unit/lib/python3.11/site-packages/encoder_unit-0.0.0-py3.11.egg-info' (and everything under it)
[20.033s] Copying ../../build/encoder_unit/encoder_unit.egg-info to /home/raspi-earth/project_ws/install/encoder_unit/lib/python3.11/site-packages/encoder_unit-0.0.0-py3.11.egg-info
[20.037s] running install_scripts
[20.450s] Installing as5600_1 script to /home/raspi-earth/project_ws/install/encoder_unit/lib/encoder_unit
[20.453s] Installing as5600_2 script to /home/raspi-earth/project_ws/install/encoder_unit/lib/encoder_unit
[20.454s] Installing as5600_3 script to /home/raspi-earth/project_ws/install/encoder_unit/lib/encoder_unit
[20.458s] Installing as5600_4 script to /home/raspi-earth/project_ws/install/encoder_unit/lib/encoder_unit
[20.458s] Installing as5600_5 script to /home/raspi-earth/project_ws/install/encoder_unit/lib/encoder_unit
[20.461s] Installing limit script to /home/raspi-earth/project_ws/install/encoder_unit/lib/encoder_unit
[20.463s] writing list of installed files to '/home/raspi-earth/project_ws/build/encoder_unit/install.log'
[20.713s] Invoked command in '/home/raspi-earth/project_ws/src/encoder_unit' returned '0': PYTHONPATH=/home/raspi-earth/project_ws/build/encoder_unit/prefix_override:/usr/lib/python3/dist-packages/colcon_core/task/python/colcon_distutils_commands:/home/raspi-earth/project_ws/install/encoder_unit/lib/python3.11/site-packages:${PYTHONPATH} /usr/bin/python3 -W ignore:setup.py install is deprecated -W ignore:easy_install command is deprecated setup.py egg_info --egg-base ../../build/encoder_unit build --build-base /home/raspi-earth/project_ws/build/encoder_unit/build install --record /home/raspi-earth/project_ws/build/encoder_unit/install.log --single-version-externally-managed install_data
