[8.887s] Invoking command in '/home/raspi-earth/project_ws/src/processor_unit': PYTHONPATH=/home/raspi-earth/project_ws/build/processor_unit/prefix_override:/usr/lib/python3/dist-packages/colcon_core/task/python/colcon_distutils_commands:/home/raspi-earth/project_ws/install/processor_unit/lib/python3.11/site-packages:${PYTHONPATH} /usr/bin/python3 -W ignore:setup.py install is deprecated -W ignore:easy_install command is deprecated setup.py egg_info --egg-base ../../build/processor_unit build --build-base /home/raspi-earth/project_ws/build/processor_unit/build install --record /home/raspi-earth/project_ws/build/processor_unit/install.log --single-version-externally-managed install_data
[11.162s] running egg_info
[11.250s] writing ../../build/processor_unit/processor_unit.egg-info/PKG-INFO
[11.251s] writing dependency_links to ../../build/processor_unit/processor_unit.egg-info/dependency_links.txt
[11.253s] writing entry points to ../../build/processor_unit/processor_unit.egg-info/entry_points.txt
[11.254s] writing requirements to ../../build/processor_unit/processor_unit.egg-info/requires.txt
[11.255s] writing top-level names to ../../build/processor_unit/processor_unit.egg-info/top_level.txt
[11.466s] reading manifest file '../../build/processor_unit/processor_unit.egg-info/SOURCES.txt'
[11.469s] adding license file 'LICENSE'
[11.471s] writing manifest file '../../build/processor_unit/processor_unit.egg-info/SOURCES.txt'
[11.474s] running build
[11.476s] running build_py
[11.477s] running install
[11.505s] running install_lib
[11.619s] running install_data
[11.621s] running install_egg_info
[11.812s] removing '/home/raspi-earth/project_ws/install/processor_unit/lib/python3.11/site-packages/processor_unit-0.0.0-py3.11.egg-info' (and everything under it)
[11.817s] Copying ../../build/processor_unit/processor_unit.egg-info to /home/raspi-earth/project_ws/install/processor_unit/lib/python3.11/site-packages/processor_unit-0.0.0-py3.11.egg-info
[11.818s] running install_scripts
[12.205s] Installing main_processor script to /home/raspi-earth/project_ws/install/processor_unit/lib/processor_unit
[12.205s] Installing steam_cam script to /home/raspi-earth/project_ws/install/processor_unit/lib/processor_unit
[12.206s] Installing test script to /home/raspi-earth/project_ws/install/processor_unit/lib/processor_unit
[12.206s] Installing test1 script to /home/raspi-earth/project_ws/install/processor_unit/lib/processor_unit
[12.207s] Installing uart_zero_two_w script to /home/raspi-earth/project_ws/install/processor_unit/lib/processor_unit
[12.208s] writing list of installed files to '/home/raspi-earth/project_ws/build/processor_unit/install.log'
[12.354s] Invoked command in '/home/raspi-earth/project_ws/src/processor_unit' returned '0': PYTHONPATH=/home/raspi-earth/project_ws/build/processor_unit/prefix_override:/usr/lib/python3/dist-packages/colcon_core/task/python/colcon_distutils_commands:/home/raspi-earth/project_ws/install/processor_unit/lib/python3.11/site-packages:${PYTHONPATH} /usr/bin/python3 -W ignore:setup.py install is deprecated -W ignore:easy_install command is deprecated setup.py egg_info --egg-base ../../build/processor_unit build --build-base /home/raspi-earth/project_ws/build/processor_unit/build install --record /home/raspi-earth/project_ws/build/processor_unit/install.log --single-version-externally-managed install_data
