[8.459s] Invoking command in '/home/raspi-earth/project_ws/src/encoder_unit': PYTHONPATH=/home/raspi-earth/project_ws/build/encoder_unit/prefix_override:/usr/lib/python3/dist-packages/colcon_core/task/python/colcon_distutils_commands:/home/raspi-earth/project_ws/install/encoder_unit/lib/python3.11/site-packages:${PYTHONPATH} /usr/bin/python3 -W ignore:setup.py install is deprecated -W ignore:easy_install command is deprecated setup.py egg_info --egg-base ../../build/encoder_unit build --build-base /home/raspi-earth/project_ws/build/encoder_unit/build install --record /home/raspi-earth/project_ws/build/encoder_unit/install.log --single-version-externally-managed install_data
[10.628s] running egg_info
[10.715s] writing ../../build/encoder_unit/encoder_unit.egg-info/PKG-INFO
[10.717s] writing dependency_links to ../../build/encoder_unit/encoder_unit.egg-info/dependency_links.txt
[10.720s] writing entry points to ../../build/encoder_unit/encoder_unit.egg-info/entry_points.txt
[10.724s] writing requirements to ../../build/encoder_unit/encoder_unit.egg-info/requires.txt
[10.725s] writing top-level names to ../../build/encoder_unit/encoder_unit.egg-info/top_level.txt
[10.904s] reading manifest file '../../build/encoder_unit/encoder_unit.egg-info/SOURCES.txt'
[10.906s] adding license file 'LICENSE'
[10.908s] writing manifest file '../../build/encoder_unit/encoder_unit.egg-info/SOURCES.txt'
[10.909s] running build
[10.909s] running build_py
[10.911s] running install
[10.938s] running install_lib
[11.041s] running install_data
[11.042s] running install_egg_info
[11.225s] removing '/home/raspi-earth/project_ws/install/encoder_unit/lib/python3.11/site-packages/encoder_unit-0.0.0-py3.11.egg-info' (and everything under it)
[11.233s] Copying ../../build/encoder_unit/encoder_unit.egg-info to /home/raspi-earth/project_ws/install/encoder_unit/lib/python3.11/site-packages/encoder_unit-0.0.0-py3.11.egg-info
[11.236s] running install_scripts
[11.517s] Installing as5600_1 script to /home/raspi-earth/project_ws/install/encoder_unit/lib/encoder_unit
[11.517s] Installing as5600_2 script to /home/raspi-earth/project_ws/install/encoder_unit/lib/encoder_unit
[11.518s] Installing as5600_3 script to /home/raspi-earth/project_ws/install/encoder_unit/lib/encoder_unit
[11.519s] Installing as5600_4 script to /home/raspi-earth/project_ws/install/encoder_unit/lib/encoder_unit
[11.520s] Installing as5600_5 script to /home/raspi-earth/project_ws/install/encoder_unit/lib/encoder_unit
[11.521s] Installing limit script to /home/raspi-earth/project_ws/install/encoder_unit/lib/encoder_unit
[11.522s] writing list of installed files to '/home/raspi-earth/project_ws/build/encoder_unit/install.log'
[11.754s] Invoked command in '/home/raspi-earth/project_ws/src/encoder_unit' returned '0': PYTHONPATH=/home/raspi-earth/project_ws/build/encoder_unit/prefix_override:/usr/lib/python3/dist-packages/colcon_core/task/python/colcon_distutils_commands:/home/raspi-earth/project_ws/install/encoder_unit/lib/python3.11/site-packages:${PYTHONPATH} /usr/bin/python3 -W ignore:setup.py install is deprecated -W ignore:easy_install command is deprecated setup.py egg_info --egg-base ../../build/encoder_unit build --build-base /home/raspi-earth/project_ws/build/encoder_unit/build install --record /home/raspi-earth/project_ws/build/encoder_unit/install.log --single-version-externally-managed install_data
