[10.023s] Invoking command in '/home/raspi-earth/project_ws/src/launch_project': PYTHONPATH=/home/raspi-earth/project_ws/build/launch_project/prefix_override:/usr/lib/python3/dist-packages/colcon_core/task/python/colcon_distutils_commands:/home/raspi-earth/project_ws/install/launch_project/lib/python3.11/site-packages:${PYTHONPATH} /usr/bin/python3 -W ignore:setup.py install is deprecated -W ignore:easy_install command is deprecated setup.py egg_info --egg-base ../../build/launch_project build --build-base /home/raspi-earth/project_ws/build/launch_project/build install --record /home/raspi-earth/project_ws/build/launch_project/install.log --single-version-externally-managed install_data
[12.485s] running egg_info
[12.588s] writing ../../build/launch_project/launch_project.egg-info/PKG-INFO
[12.589s] writing dependency_links to ../../build/launch_project/launch_project.egg-info/dependency_links.txt
[12.592s] writing requirements to ../../build/launch_project/launch_project.egg-info/requires.txt
[12.593s] writing top-level names to ../../build/launch_project/launch_project.egg-info/top_level.txt
[12.731s] reading manifest file '../../build/launch_project/launch_project.egg-info/SOURCES.txt'
[12.731s] adding license file 'LICENSE'
[12.731s] writing manifest file '../../build/launch_project/launch_project.egg-info/SOURCES.txt'
[12.731s] running build
[12.735s] running build_py
[12.735s] running install
[12.760s] running install_lib
[12.856s] running install_data
[12.857s] running install_egg_info
[13.002s] removing '/home/raspi-earth/project_ws/install/launch_project/lib/python3.11/site-packages/launch_project-0.0.0-py3.11.egg-info' (and everything under it)
[13.004s] Copying ../../build/launch_project/launch_project.egg-info to /home/raspi-earth/project_ws/install/launch_project/lib/python3.11/site-packages/launch_project-0.0.0-py3.11.egg-info
[13.007s] running install_scripts
[13.303s] writing list of installed files to '/home/raspi-earth/project_ws/build/launch_project/install.log'
[13.534s] Invoked command in '/home/raspi-earth/project_ws/src/launch_project' returned '0': PYTHONPATH=/home/raspi-earth/project_ws/build/launch_project/prefix_override:/usr/lib/python3/dist-packages/colcon_core/task/python/colcon_distutils_commands:/home/raspi-earth/project_ws/install/launch_project/lib/python3.11/site-packages:${PYTHONPATH} /usr/bin/python3 -W ignore:setup.py install is deprecated -W ignore:easy_install command is deprecated setup.py egg_info --egg-base ../../build/launch_project build --build-base /home/raspi-earth/project_ws/build/launch_project/build install --record /home/raspi-earth/project_ws/build/launch_project/install.log --single-version-externally-managed install_data
