[6.254s] Invoking command in '/home/raspi-earth/project_ws/src/processor_unit': PYTHONPATH=/home/raspi-earth/project_ws/build/processor_unit/prefix_override:/usr/lib/python3/dist-packages/colcon_core/task/python/colcon_distutils_commands:/home/raspi-earth/project_ws/install/processor_unit/lib/python3.11/site-packages:${PYTHONPATH} /usr/bin/python3 -W ignore:setup.py install is deprecated -W ignore:easy_install command is deprecated setup.py egg_info --egg-base ../../build/processor_unit build --build-base /home/raspi-earth/project_ws/build/processor_unit/build install --record /home/raspi-earth/project_ws/build/processor_unit/install.log --single-version-externally-managed install_data
[7.575s] running egg_info
[7.627s] writing ../../build/processor_unit/processor_unit.egg-info/PKG-INFO
[7.628s] writing dependency_links to ../../build/processor_unit/processor_unit.egg-info/dependency_links.txt
[7.631s] writing entry points to ../../build/processor_unit/processor_unit.egg-info/entry_points.txt
[7.632s] writing requirements to ../../build/processor_unit/processor_unit.egg-info/requires.txt
[7.637s] writing top-level names to ../../build/processor_unit/processor_unit.egg-info/top_level.txt
[7.730s] reading manifest file '../../build/processor_unit/processor_unit.egg-info/SOURCES.txt'
[7.732s] adding license file 'LICENSE'
[7.732s] writing manifest file '../../build/processor_unit/processor_unit.egg-info/SOURCES.txt'
[7.733s] running build
[7.734s] running build_py
[7.735s] copying processor_unit/steam_opencv.py -> /home/raspi-earth/project_ws/build/processor_unit/build/lib/processor_unit
[7.736s] running install
[7.751s] running install_lib
[7.809s] copying /home/raspi-earth/project_ws/build/processor_unit/build/lib/processor_unit/steam_opencv.py -> /home/raspi-earth/project_ws/install/processor_unit/lib/python3.11/site-packages/processor_unit
[7.817s] byte-compiling /home/raspi-earth/project_ws/install/processor_unit/lib/python3.11/site-packages/processor_unit/steam_opencv.py to steam_opencv.cpython-311.pyc
[7.826s] running install_data
[7.827s] running install_egg_info
[7.956s] removing '/home/raspi-earth/project_ws/install/processor_unit/lib/python3.11/site-packages/processor_unit-0.0.0-py3.11.egg-info' (and everything under it)
[7.961s] Copying ../../build/processor_unit/processor_unit.egg-info to /home/raspi-earth/project_ws/install/processor_unit/lib/python3.11/site-packages/processor_unit-0.0.0-py3.11.egg-info
[7.968s] running install_scripts
[8.198s] Installing camera_back script to /home/raspi-earth/project_ws/install/processor_unit/lib/processor_unit
[8.198s] Installing camera_front script to /home/raspi-earth/project_ws/install/processor_unit/lib/processor_unit
[8.199s] Installing esp32_bridge_node script to /home/raspi-earth/project_ws/install/processor_unit/lib/processor_unit
[8.201s] Installing force_receiver_node script to /home/raspi-earth/project_ws/install/processor_unit/lib/processor_unit
[8.202s] Installing main_processor script to /home/raspi-earth/project_ws/install/processor_unit/lib/processor_unit
[8.202s] Installing steam_cam script to /home/raspi-earth/project_ws/install/processor_unit/lib/processor_unit
[8.203s] Installing test script to /home/raspi-earth/project_ws/install/processor_unit/lib/processor_unit
[8.205s] Installing uart_command_and_status_to_pi5 script to /home/raspi-earth/project_ws/install/processor_unit/lib/processor_unit
[8.205s] Installing uart_zero_two_w script to /home/raspi-earth/project_ws/install/processor_unit/lib/processor_unit
[8.207s] writing list of installed files to '/home/raspi-earth/project_ws/build/processor_unit/install.log'
[8.469s] Invoked command in '/home/raspi-earth/project_ws/src/processor_unit' returned '0': PYTHONPATH=/home/raspi-earth/project_ws/build/processor_unit/prefix_override:/usr/lib/python3/dist-packages/colcon_core/task/python/colcon_distutils_commands:/home/raspi-earth/project_ws/install/processor_unit/lib/python3.11/site-packages:${PYTHONPATH} /usr/bin/python3 -W ignore:setup.py install is deprecated -W ignore:easy_install command is deprecated setup.py egg_info --egg-base ../../build/processor_unit build --build-base /home/raspi-earth/project_ws/build/processor_unit/build install --record /home/raspi-earth/project_ws/build/processor_unit/install.log --single-version-externally-managed install_data
