[5.713s] Invoking command in '/home/raspi-earth/project_ws/src/motor_control': PYTHONPATH=/home/raspi-earth/project_ws/build/motor_control/prefix_override:/usr/lib/python3/dist-packages/colcon_core/task/python/colcon_distutils_commands:/home/raspi-earth/project_ws/install/motor_control/lib/python3.11/site-packages:${PYTHONPATH} /usr/bin/python3 -W ignore:setup.py install is deprecated -W ignore:easy_install command is deprecated setup.py egg_info --egg-base ../../build/motor_control build --build-base /home/raspi-earth/project_ws/build/motor_control/build install --record /home/raspi-earth/project_ws/build/motor_control/install.log --single-version-externally-managed install_data
[6.812s] running egg_info
[6.845s] writing ../../build/motor_control/motor_control.egg-info/PKG-INFO
[6.846s] writing dependency_links to ../../build/motor_control/motor_control.egg-info/dependency_links.txt
[6.848s] writing entry points to ../../build/motor_control/motor_control.egg-info/entry_points.txt
[6.848s] writing requirements to ../../build/motor_control/motor_control.egg-info/requires.txt
[6.848s] writing top-level names to ../../build/motor_control/motor_control.egg-info/top_level.txt
[6.933s] reading manifest file '../../build/motor_control/motor_control.egg-info/SOURCES.txt'
[6.934s] adding license file 'LICENSE'
[6.935s] writing manifest file '../../build/motor_control/motor_control.egg-info/SOURCES.txt'
[6.935s] running build
[6.935s] running build_py
[6.937s] running install
[6.947s] running install_lib
[6.994s] running install_data
[6.997s] running install_egg_info
[7.115s] removing '/home/raspi-earth/project_ws/install/motor_control/lib/python3.11/site-packages/motor_control-0.0.0-py3.11.egg-info' (and everything under it)
[7.118s] Copying ../../build/motor_control/motor_control.egg-info to /home/raspi-earth/project_ws/install/motor_control/lib/python3.11/site-packages/motor_control-0.0.0-py3.11.egg-info
[7.118s] running install_scripts
[7.396s] Installing joint1_node script to /home/raspi-earth/project_ws/install/motor_control/lib/motor_control
[7.399s] Installing joint2_node script to /home/raspi-earth/project_ws/install/motor_control/lib/motor_control
[7.402s] Installing joint3_node script to /home/raspi-earth/project_ws/install/motor_control/lib/motor_control
[7.402s] Installing servodrive script to /home/raspi-earth/project_ws/install/motor_control/lib/motor_control
[7.402s] Installing stepmotor1 script to /home/raspi-earth/project_ws/install/motor_control/lib/motor_control
[7.403s] Installing stepmotor2 script to /home/raspi-earth/project_ws/install/motor_control/lib/motor_control
[7.403s] Installing stepmotor3 script to /home/raspi-earth/project_ws/install/motor_control/lib/motor_control
[7.405s] writing list of installed files to '/home/raspi-earth/project_ws/build/motor_control/install.log'
[7.674s] Invoked command in '/home/raspi-earth/project_ws/src/motor_control' returned '0': PYTHONPATH=/home/raspi-earth/project_ws/build/motor_control/prefix_override:/usr/lib/python3/dist-packages/colcon_core/task/python/colcon_distutils_commands:/home/raspi-earth/project_ws/install/motor_control/lib/python3.11/site-packages:${PYTHONPATH} /usr/bin/python3 -W ignore:setup.py install is deprecated -W ignore:easy_install command is deprecated setup.py egg_info --egg-base ../../build/motor_control build --build-base /home/raspi-earth/project_ws/build/motor_control/build install --record /home/raspi-earth/project_ws/build/motor_control/install.log --single-version-externally-managed install_data
