[6.296s] Invoking command in '/home/raspi-earth/project_ws/src/processor_unit': PYTHONPATH=/home/raspi-earth/project_ws/build/processor_unit/prefix_override:/usr/lib/python3/dist-packages/colcon_core/task/python/colcon_distutils_commands:/home/raspi-earth/project_ws/install/processor_unit/lib/python3.11/site-packages:${PYTHONPATH} /usr/bin/python3 -W ignore:setup.py install is deprecated -W ignore:easy_install command is deprecated setup.py egg_info --egg-base ../../build/processor_unit build --build-base /home/raspi-earth/project_ws/build/processor_unit/build install --record /home/raspi-earth/project_ws/build/processor_unit/install.log --single-version-externally-managed install_data
[7.774s] running egg_info
[7.853s] writing ../../build/processor_unit/processor_unit.egg-info/PKG-INFO
[7.854s] writing dependency_links to ../../build/processor_unit/processor_unit.egg-info/dependency_links.txt
[7.859s] writing entry points to ../../build/processor_unit/processor_unit.egg-info/entry_points.txt
[7.860s] writing requirements to ../../build/processor_unit/processor_unit.egg-info/requires.txt
[7.860s] writing top-level names to ../../build/processor_unit/processor_unit.egg-info/top_level.txt
[8.060s] reading manifest file '../../build/processor_unit/processor_unit.egg-info/SOURCES.txt'
[8.061s] adding license file 'LICENSE'
[8.062s] writing manifest file '../../build/processor_unit/processor_unit.egg-info/SOURCES.txt'
[8.062s] running build
[8.062s] running build_py
[8.063s] running install
[8.080s] running install_lib
[8.140s] running install_data
[8.140s] running install_egg_info
[8.282s] removing '/home/raspi-earth/project_ws/install/processor_unit/lib/python3.11/site-packages/processor_unit-0.0.0-py3.11.egg-info' (and everything under it)
[8.287s] Copying ../../build/processor_unit/processor_unit.egg-info to /home/raspi-earth/project_ws/install/processor_unit/lib/python3.11/site-packages/processor_unit-0.0.0-py3.11.egg-info
[8.291s] running install_scripts
[8.604s] Installing main_processor script to /home/raspi-earth/project_ws/install/processor_unit/lib/processor_unit
[8.604s] Installing test script to /home/raspi-earth/project_ws/install/processor_unit/lib/processor_unit
[8.604s] Installing test1 script to /home/raspi-earth/project_ws/install/processor_unit/lib/processor_unit
[8.604s] Installing uart_zero_two_w script to /home/raspi-earth/project_ws/install/processor_unit/lib/processor_unit
[8.604s] writing list of installed files to '/home/raspi-earth/project_ws/build/processor_unit/install.log'
[8.803s] Invoked command in '/home/raspi-earth/project_ws/src/processor_unit' returned '0': PYTHONPATH=/home/raspi-earth/project_ws/build/processor_unit/prefix_override:/usr/lib/python3/dist-packages/colcon_core/task/python/colcon_distutils_commands:/home/raspi-earth/project_ws/install/processor_unit/lib/python3.11/site-packages:${PYTHONPATH} /usr/bin/python3 -W ignore:setup.py install is deprecated -W ignore:easy_install command is deprecated setup.py egg_info --egg-base ../../build/processor_unit build --build-base /home/raspi-earth/project_ws/build/processor_unit/build install --record /home/raspi-earth/project_ws/build/processor_unit/install.log --single-version-externally-managed install_data
