[10.743s] Invoking command in '/home/raspi-earth/project_ws/src/motor_control': PYTHONPATH=/home/raspi-earth/project_ws/build/motor_control/prefix_override:/usr/lib/python3/dist-packages/colcon_core/task/python/colcon_distutils_commands:/home/raspi-earth/project_ws/install/motor_control/lib/python3.11/site-packages:${PYTHONPATH} /usr/bin/python3 -W ignore:setup.py install is deprecated -W ignore:easy_install command is deprecated setup.py egg_info --egg-base ../../build/motor_control build --build-base /home/raspi-earth/project_ws/build/motor_control/build install --record /home/raspi-earth/project_ws/build/motor_control/install.log --single-version-externally-managed install_data
[13.040s] running egg_info
[13.132s] writing ../../build/motor_control/motor_control.egg-info/PKG-INFO
[13.134s] writing dependency_links to ../../build/motor_control/motor_control.egg-info/dependency_links.txt
[13.135s] writing entry points to ../../build/motor_control/motor_control.egg-info/entry_points.txt
[13.135s] writing requirements to ../../build/motor_control/motor_control.egg-info/requires.txt
[13.136s] writing top-level names to ../../build/motor_control/motor_control.egg-info/top_level.txt
[13.241s] reading manifest file '../../build/motor_control/motor_control.egg-info/SOURCES.txt'
[13.243s] adding license file 'LICENSE'
[13.245s] writing manifest file '../../build/motor_control/motor_control.egg-info/SOURCES.txt'
[13.246s] running build
[13.247s] running build_py
[13.248s] running install
[13.285s] running install_lib
[13.432s] running install_data
[13.433s] running install_egg_info
[13.668s] removing '/home/raspi-earth/project_ws/install/motor_control/lib/python3.11/site-packages/motor_control-0.0.0-py3.11.egg-info' (and everything under it)
[13.669s] Copying ../../build/motor_control/motor_control.egg-info to /home/raspi-earth/project_ws/install/motor_control/lib/python3.11/site-packages/motor_control-0.0.0-py3.11.egg-info
[13.669s] running install_scripts
[14.100s] Installing joint1_node script to /home/raspi-earth/project_ws/install/motor_control/lib/motor_control
[14.100s] Installing joint2_node script to /home/raspi-earth/project_ws/install/motor_control/lib/motor_control
[14.101s] Installing joint3_node script to /home/raspi-earth/project_ws/install/motor_control/lib/motor_control
[14.102s] Installing servodrive script to /home/raspi-earth/project_ws/install/motor_control/lib/motor_control
[14.103s] Installing stepmotor1 script to /home/raspi-earth/project_ws/install/motor_control/lib/motor_control
[14.104s] Installing stepmotor2 script to /home/raspi-earth/project_ws/install/motor_control/lib/motor_control
[14.106s] Installing stepmotor3 script to /home/raspi-earth/project_ws/install/motor_control/lib/motor_control
[14.108s] writing list of installed files to '/home/raspi-earth/project_ws/build/motor_control/install.log'
[14.292s] Invoked command in '/home/raspi-earth/project_ws/src/motor_control' returned '0': PYTHONPATH=/home/raspi-earth/project_ws/build/motor_control/prefix_override:/usr/lib/python3/dist-packages/colcon_core/task/python/colcon_distutils_commands:/home/raspi-earth/project_ws/install/motor_control/lib/python3.11/site-packages:${PYTHONPATH} /usr/bin/python3 -W ignore:setup.py install is deprecated -W ignore:easy_install command is deprecated setup.py egg_info --egg-base ../../build/motor_control build --build-base /home/raspi-earth/project_ws/build/motor_control/build install --record /home/raspi-earth/project_ws/build/motor_control/install.log --single-version-externally-managed install_data
