[5.865s] Invoking command in '/home/raspi-earth/project_ws/src/processor_unit': PYTHONPATH=/home/raspi-earth/project_ws/build/processor_unit/prefix_override:/usr/lib/python3/dist-packages/colcon_core/task/python/colcon_distutils_commands:/home/raspi-earth/project_ws/install/processor_unit/lib/python3.11/site-packages:${PYTHONPATH} /usr/bin/python3 -W ignore:setup.py install is deprecated -W ignore:easy_install command is deprecated setup.py egg_info --egg-base ../../build/processor_unit build --build-base /home/raspi-earth/project_ws/build/processor_unit/build install --record /home/raspi-earth/project_ws/build/processor_unit/install.log --single-version-externally-managed install_data
[6.994s] running egg_info
[7.035s] writing ../../build/processor_unit/processor_unit.egg-info/PKG-INFO
[7.035s] writing dependency_links to ../../build/processor_unit/processor_unit.egg-info/dependency_links.txt
[7.039s] writing entry points to ../../build/processor_unit/processor_unit.egg-info/entry_points.txt
[7.056s] writing requirements to ../../build/processor_unit/processor_unit.egg-info/requires.txt
[7.058s] writing top-level names to ../../build/processor_unit/processor_unit.egg-info/top_level.txt
[7.151s] reading manifest file '../../build/processor_unit/processor_unit.egg-info/SOURCES.txt'
[7.152s] adding license file 'LICENSE'
[7.153s] writing manifest file '../../build/processor_unit/processor_unit.egg-info/SOURCES.txt'
[7.153s] running build
[7.154s] running build_py
[7.154s] copying processor_unit/esp32_bridge_node.py -> /home/raspi-earth/project_ws/build/processor_unit/build/lib/processor_unit
[7.155s] running install
[7.168s] running install_lib
[7.239s] copying /home/raspi-earth/project_ws/build/processor_unit/build/lib/processor_unit/esp32_bridge_node.py -> /home/raspi-earth/project_ws/install/processor_unit/lib/python3.11/site-packages/processor_unit
[7.245s] byte-compiling /home/raspi-earth/project_ws/install/processor_unit/lib/python3.11/site-packages/processor_unit/esp32_bridge_node.py to esp32_bridge_node.cpython-311.pyc
[7.249s] running install_data
[7.252s] running install_egg_info
[7.384s] removing '/home/raspi-earth/project_ws/install/processor_unit/lib/python3.11/site-packages/processor_unit-0.0.0-py3.11.egg-info' (and everything under it)
[7.385s] Copying ../../build/processor_unit/processor_unit.egg-info to /home/raspi-earth/project_ws/install/processor_unit/lib/python3.11/site-packages/processor_unit-0.0.0-py3.11.egg-info
[7.388s] running install_scripts
[7.589s] Installing camera_back script to /home/raspi-earth/project_ws/install/processor_unit/lib/processor_unit
[7.590s] Installing camera_front script to /home/raspi-earth/project_ws/install/processor_unit/lib/processor_unit
[7.591s] Installing esp32_bridge_node script to /home/raspi-earth/project_ws/install/processor_unit/lib/processor_unit
[7.591s] Installing force_receiver_node script to /home/raspi-earth/project_ws/install/processor_unit/lib/processor_unit
[7.592s] Installing main_processor script to /home/raspi-earth/project_ws/install/processor_unit/lib/processor_unit
[7.593s] Installing steam_cam script to /home/raspi-earth/project_ws/install/processor_unit/lib/processor_unit
[7.594s] Installing test script to /home/raspi-earth/project_ws/install/processor_unit/lib/processor_unit
[7.596s] Installing uart_command_and_status_to_pi5 script to /home/raspi-earth/project_ws/install/processor_unit/lib/processor_unit
[7.597s] Installing uart_zero_two_w script to /home/raspi-earth/project_ws/install/processor_unit/lib/processor_unit
[7.599s] writing list of installed files to '/home/raspi-earth/project_ws/build/processor_unit/install.log'
[7.840s] Invoked command in '/home/raspi-earth/project_ws/src/processor_unit' returned '0': PYTHONPATH=/home/raspi-earth/project_ws/build/processor_unit/prefix_override:/usr/lib/python3/dist-packages/colcon_core/task/python/colcon_distutils_commands:/home/raspi-earth/project_ws/install/processor_unit/lib/python3.11/site-packages:${PYTHONPATH} /usr/bin/python3 -W ignore:setup.py install is deprecated -W ignore:easy_install command is deprecated setup.py egg_info --egg-base ../../build/processor_unit build --build-base /home/raspi-earth/project_ws/build/processor_unit/build install --record /home/raspi-earth/project_ws/build/processor_unit/install.log --single-version-externally-managed install_data
