[7.250s] Invoking command in '/home/raspi-earth/project_ws/src/motor_control': PYTHONPATH=/home/raspi-earth/project_ws/build/motor_control/prefix_override:/usr/lib/python3/dist-packages/colcon_core/task/python/colcon_distutils_commands:/home/raspi-earth/project_ws/install/motor_control/lib/python3.11/site-packages:${PYTHONPATH} /usr/bin/python3 -W ignore:setup.py install is deprecated -W ignore:easy_install command is deprecated setup.py egg_info --egg-base ../../build/motor_control build --build-base /home/raspi-earth/project_ws/build/motor_control/build install --record /home/raspi-earth/project_ws/build/motor_control/install.log --single-version-externally-managed install_data
[8.786s] running egg_info
[8.859s] writing ../../build/motor_control/motor_control.egg-info/PKG-INFO
[8.860s] writing dependency_links to ../../build/motor_control/motor_control.egg-info/dependency_links.txt
[8.862s] writing entry points to ../../build/motor_control/motor_control.egg-info/entry_points.txt
[8.862s] writing requirements to ../../build/motor_control/motor_control.egg-info/requires.txt
[8.863s] writing top-level names to ../../build/motor_control/motor_control.egg-info/top_level.txt
[8.972s] reading manifest file '../../build/motor_control/motor_control.egg-info/SOURCES.txt'
[8.973s] adding license file 'LICENSE'
[8.975s] writing manifest file '../../build/motor_control/motor_control.egg-info/SOURCES.txt'
[8.977s] running build
[8.978s] running build_py
[8.978s] running install
[9.007s] running install_lib
[9.078s] running install_data
[9.078s] running install_egg_info
[9.255s] removing '/home/raspi-earth/project_ws/install/motor_control/lib/python3.11/site-packages/motor_control-0.0.0-py3.11.egg-info' (and everything under it)
[9.262s] Copying ../../build/motor_control/motor_control.egg-info to /home/raspi-earth/project_ws/install/motor_control/lib/python3.11/site-packages/motor_control-0.0.0-py3.11.egg-info
[9.264s] running install_scripts
[9.501s] Installing joint1_node script to /home/raspi-earth/project_ws/install/motor_control/lib/motor_control
[9.501s] Installing joint2_node script to /home/raspi-earth/project_ws/install/motor_control/lib/motor_control
[9.501s] Installing joint3_node script to /home/raspi-earth/project_ws/install/motor_control/lib/motor_control
[9.501s] Installing servodrive script to /home/raspi-earth/project_ws/install/motor_control/lib/motor_control
[9.501s] Installing stepmotor1 script to /home/raspi-earth/project_ws/install/motor_control/lib/motor_control
[9.501s] Installing stepmotor2 script to /home/raspi-earth/project_ws/install/motor_control/lib/motor_control
[9.501s] Installing stepmotor3 script to /home/raspi-earth/project_ws/install/motor_control/lib/motor_control
[9.501s] writing list of installed files to '/home/raspi-earth/project_ws/build/motor_control/install.log'
[9.655s] Invoked command in '/home/raspi-earth/project_ws/src/motor_control' returned '0': PYTHONPATH=/home/raspi-earth/project_ws/build/motor_control/prefix_override:/usr/lib/python3/dist-packages/colcon_core/task/python/colcon_distutils_commands:/home/raspi-earth/project_ws/install/motor_control/lib/python3.11/site-packages:${PYTHONPATH} /usr/bin/python3 -W ignore:setup.py install is deprecated -W ignore:easy_install command is deprecated setup.py egg_info --egg-base ../../build/motor_control build --build-base /home/raspi-earth/project_ws/build/motor_control/build install --record /home/raspi-earth/project_ws/build/motor_control/install.log --single-version-externally-managed install_data
