[5.601s] Invoking command in '/home/raspi-earth/project_ws/src/motor_control': PYTHONPATH=/home/raspi-earth/project_ws/build/motor_control/prefix_override:/usr/lib/python3/dist-packages/colcon_core/task/python/colcon_distutils_commands:/home/raspi-earth/project_ws/install/motor_control/lib/python3.11/site-packages:${PYTHONPATH} /usr/bin/python3 -W ignore:setup.py install is deprecated -W ignore:easy_install command is deprecated setup.py egg_info --egg-base ../../build/motor_control build --build-base /home/raspi-earth/project_ws/build/motor_control/build install --record /home/raspi-earth/project_ws/build/motor_control/install.log --single-version-externally-managed install_data
[6.671s] running egg_info
[6.709s] writing ../../build/motor_control/motor_control.egg-info/PKG-INFO
[6.709s] writing dependency_links to ../../build/motor_control/motor_control.egg-info/dependency_links.txt
[6.709s] writing entry points to ../../build/motor_control/motor_control.egg-info/entry_points.txt
[6.709s] writing requirements to ../../build/motor_control/motor_control.egg-info/requires.txt
[6.709s] writing top-level names to ../../build/motor_control/motor_control.egg-info/top_level.txt
[6.794s] reading manifest file '../../build/motor_control/motor_control.egg-info/SOURCES.txt'
[6.795s] adding license file 'LICENSE'
[6.796s] writing manifest file '../../build/motor_control/motor_control.egg-info/SOURCES.txt'
[6.796s] running build
[6.796s] running build_py
[6.797s] running install
[6.809s] running install_lib
[6.857s] running install_data
[6.857s] running install_egg_info
[6.982s] removing '/home/raspi-earth/project_ws/install/motor_control/lib/python3.11/site-packages/motor_control-0.0.0-py3.11.egg-info' (and everything under it)
[6.982s] Copying ../../build/motor_control/motor_control.egg-info to /home/raspi-earth/project_ws/install/motor_control/lib/python3.11/site-packages/motor_control-0.0.0-py3.11.egg-info
[6.983s] running install_scripts
[7.171s] Installing joint1_node script to /home/raspi-earth/project_ws/install/motor_control/lib/motor_control
[7.171s] Installing joint2_node script to /home/raspi-earth/project_ws/install/motor_control/lib/motor_control
[7.172s] Installing joint3_node script to /home/raspi-earth/project_ws/install/motor_control/lib/motor_control
[7.173s] Installing servodrive script to /home/raspi-earth/project_ws/install/motor_control/lib/motor_control
[7.173s] Installing stepmotor1 script to /home/raspi-earth/project_ws/install/motor_control/lib/motor_control
[7.174s] Installing stepmotor2 script to /home/raspi-earth/project_ws/install/motor_control/lib/motor_control
[7.175s] Installing stepmotor3 script to /home/raspi-earth/project_ws/install/motor_control/lib/motor_control
[7.176s] writing list of installed files to '/home/raspi-earth/project_ws/build/motor_control/install.log'
[7.367s] Invoked command in '/home/raspi-earth/project_ws/src/motor_control' returned '0': PYTHONPATH=/home/raspi-earth/project_ws/build/motor_control/prefix_override:/usr/lib/python3/dist-packages/colcon_core/task/python/colcon_distutils_commands:/home/raspi-earth/project_ws/install/motor_control/lib/python3.11/site-packages:${PYTHONPATH} /usr/bin/python3 -W ignore:setup.py install is deprecated -W ignore:easy_install command is deprecated setup.py egg_info --egg-base ../../build/motor_control build --build-base /home/raspi-earth/project_ws/build/motor_control/build install --record /home/raspi-earth/project_ws/build/motor_control/install.log --single-version-externally-managed install_data
