[6.250s] Invoking command in '/home/raspi-earth/project_ws/src/launch_project': PYTHONPATH=/home/raspi-earth/project_ws/build/launch_project/prefix_override:/usr/lib/python3/dist-packages/colcon_core/task/python/colcon_distutils_commands:/home/raspi-earth/project_ws/install/launch_project/lib/python3.11/site-packages:${PYTHONPATH} /usr/bin/python3 -W ignore:setup.py install is deprecated -W ignore:easy_install command is deprecated setup.py egg_info --egg-base ../../build/launch_project build --build-base /home/raspi-earth/project_ws/build/launch_project/build install --record /home/raspi-earth/project_ws/build/launch_project/install.log --single-version-externally-managed install_data
[7.341s] running egg_info
[7.381s] writing ../../build/launch_project/launch_project.egg-info/PKG-INFO
[7.386s] writing dependency_links to ../../build/launch_project/launch_project.egg-info/dependency_links.txt
[7.388s] writing requirements to ../../build/launch_project/launch_project.egg-info/requires.txt
[7.388s] writing top-level names to ../../build/launch_project/launch_project.egg-info/top_level.txt
[7.482s] reading manifest file '../../build/launch_project/launch_project.egg-info/SOURCES.txt'
[7.483s] adding license file 'LICENSE'
[7.484s] writing manifest file '../../build/launch_project/launch_project.egg-info/SOURCES.txt'
[7.485s] running build
[7.485s] running build_py
[7.486s] running install
[7.498s] running install_lib
[7.549s] running install_data
[7.553s] running install_egg_info
[7.677s] removing '/home/raspi-earth/project_ws/install/launch_project/lib/python3.11/site-packages/launch_project-0.0.0-py3.11.egg-info' (and everything under it)
[7.678s] Copying ../../build/launch_project/launch_project.egg-info to /home/raspi-earth/project_ws/install/launch_project/lib/python3.11/site-packages/launch_project-0.0.0-py3.11.egg-info
[7.682s] running install_scripts
[7.946s] writing list of installed files to '/home/raspi-earth/project_ws/build/launch_project/install.log'
[8.193s] Invoked command in '/home/raspi-earth/project_ws/src/launch_project' returned '0': PYTHONPATH=/home/raspi-earth/project_ws/build/launch_project/prefix_override:/usr/lib/python3/dist-packages/colcon_core/task/python/colcon_distutils_commands:/home/raspi-earth/project_ws/install/launch_project/lib/python3.11/site-packages:${PYTHONPATH} /usr/bin/python3 -W ignore:setup.py install is deprecated -W ignore:easy_install command is deprecated setup.py egg_info --egg-base ../../build/launch_project build --build-base /home/raspi-earth/project_ws/build/launch_project/build install --record /home/raspi-earth/project_ws/build/launch_project/install.log --single-version-externally-managed install_data
