[15.358s] Invoking command in '/home/raspi-earth/project_ws/src/encoder_unit': PYTHONPATH=/home/raspi-earth/project_ws/build/encoder_unit/prefix_override:/usr/lib/python3/dist-packages/colcon_core/task/python/colcon_distutils_commands:/home/raspi-earth/project_ws/install/encoder_unit/lib/python3.11/site-packages:${PYTHONPATH} /usr/bin/python3 -W ignore:setup.py install is deprecated -W ignore:easy_install command is deprecated setup.py egg_info --egg-base ../../build/encoder_unit build --build-base /home/raspi-earth/project_ws/build/encoder_unit/build install --record /home/raspi-earth/project_ws/build/encoder_unit/install.log --single-version-externally-managed install_data
[18.687s] running egg_info
[18.787s] writing ../../build/encoder_unit/encoder_unit.egg-info/PKG-INFO
[18.787s] writing dependency_links to ../../build/encoder_unit/encoder_unit.egg-info/dependency_links.txt
[18.788s] writing entry points to ../../build/encoder_unit/encoder_unit.egg-info/entry_points.txt
[18.791s] writing requirements to ../../build/encoder_unit/encoder_unit.egg-info/requires.txt
[18.792s] writing top-level names to ../../build/encoder_unit/encoder_unit.egg-info/top_level.txt
[19.005s] reading manifest file '../../build/encoder_unit/encoder_unit.egg-info/SOURCES.txt'
[19.006s] adding license file 'LICENSE'
[19.009s] writing manifest file '../../build/encoder_unit/encoder_unit.egg-info/SOURCES.txt'
[19.010s] running build
[19.010s] running build_py
[19.017s] running install
[19.041s] running install_lib
[19.156s] running install_data
[19.157s] running install_egg_info
[19.378s] removing '/home/raspi-earth/project_ws/install/encoder_unit/lib/python3.11/site-packages/encoder_unit-0.0.0-py3.11.egg-info' (and everything under it)
[19.379s] Copying ../../build/encoder_unit/encoder_unit.egg-info to /home/raspi-earth/project_ws/install/encoder_unit/lib/python3.11/site-packages/encoder_unit-0.0.0-py3.11.egg-info
[19.385s] running install_scripts
[19.850s] Installing as5600_1 script to /home/raspi-earth/project_ws/install/encoder_unit/lib/encoder_unit
[19.850s] Installing as5600_2 script to /home/raspi-earth/project_ws/install/encoder_unit/lib/encoder_unit
[19.855s] Installing as5600_3 script to /home/raspi-earth/project_ws/install/encoder_unit/lib/encoder_unit
[19.855s] Installing as5600_4 script to /home/raspi-earth/project_ws/install/encoder_unit/lib/encoder_unit
[19.855s] Installing as5600_5 script to /home/raspi-earth/project_ws/install/encoder_unit/lib/encoder_unit
[19.855s] Installing limit script to /home/raspi-earth/project_ws/install/encoder_unit/lib/encoder_unit
[19.866s] writing list of installed files to '/home/raspi-earth/project_ws/build/encoder_unit/install.log'
[20.190s] Invoked command in '/home/raspi-earth/project_ws/src/encoder_unit' returned '0': PYTHONPATH=/home/raspi-earth/project_ws/build/encoder_unit/prefix_override:/usr/lib/python3/dist-packages/colcon_core/task/python/colcon_distutils_commands:/home/raspi-earth/project_ws/install/encoder_unit/lib/python3.11/site-packages:${PYTHONPATH} /usr/bin/python3 -W ignore:setup.py install is deprecated -W ignore:easy_install command is deprecated setup.py egg_info --egg-base ../../build/encoder_unit build --build-base /home/raspi-earth/project_ws/build/encoder_unit/build install --record /home/raspi-earth/project_ws/build/encoder_unit/install.log --single-version-externally-managed install_data
