[16.448s] Invoking command in '/home/raspi-earth/project_ws/src/motor_control': PYTHONPATH=/home/raspi-earth/project_ws/build/motor_control/prefix_override:/usr/lib/python3/dist-packages/colcon_core/task/python/colcon_distutils_commands:/home/raspi-earth/project_ws/install/motor_control/lib/python3.11/site-packages:${PYTHONPATH} /usr/bin/python3 -W ignore:setup.py install is deprecated -W ignore:easy_install command is deprecated setup.py egg_info --egg-base ../../build/motor_control build --build-base /home/raspi-earth/project_ws/build/motor_control/build install --record /home/raspi-earth/project_ws/build/motor_control/install.log --single-version-externally-managed install_data
[21.817s] running egg_info
[22.119s] writing ../../build/motor_control/motor_control.egg-info/PKG-INFO
[22.120s] writing dependency_links to ../../build/motor_control/motor_control.egg-info/dependency_links.txt
[22.124s] writing entry points to ../../build/motor_control/motor_control.egg-info/entry_points.txt
[22.124s] writing requirements to ../../build/motor_control/motor_control.egg-info/requires.txt
[22.124s] writing top-level names to ../../build/motor_control/motor_control.egg-info/top_level.txt
[22.617s] reading manifest file '../../build/motor_control/motor_control.egg-info/SOURCES.txt'
[22.617s] adding license file 'LICENSE'
[22.617s] writing manifest file '../../build/motor_control/motor_control.egg-info/SOURCES.txt'
[22.619s] running build
[22.619s] running build_py
[22.619s] copying motor_control/joint2_node.py -> /home/raspi-earth/project_ws/build/motor_control/build/lib/motor_control
[22.622s] running install
[22.664s] running install_lib
[22.829s] copying /home/raspi-earth/project_ws/build/motor_control/build/lib/motor_control/joint2_node.py -> /home/raspi-earth/project_ws/install/motor_control/lib/python3.11/site-packages/motor_control
[22.841s] byte-compiling /home/raspi-earth/project_ws/install/motor_control/lib/python3.11/site-packages/motor_control/joint2_node.py to joint2_node.cpython-311.pyc
[22.860s] running install_data
[22.862s] running install_egg_info
[23.186s] removing '/home/raspi-earth/project_ws/install/motor_control/lib/python3.11/site-packages/motor_control-0.0.0-py3.11.egg-info' (and everything under it)
[23.197s] Copying ../../build/motor_control/motor_control.egg-info to /home/raspi-earth/project_ws/install/motor_control/lib/python3.11/site-packages/motor_control-0.0.0-py3.11.egg-info
[23.197s] running install_scripts
[23.575s] Installing joint1_node script to /home/raspi-earth/project_ws/install/motor_control/lib/motor_control
[23.577s] Installing joint2_node script to /home/raspi-earth/project_ws/install/motor_control/lib/motor_control
[23.577s] Installing joint3_node script to /home/raspi-earth/project_ws/install/motor_control/lib/motor_control
[23.578s] Installing servodrive script to /home/raspi-earth/project_ws/install/motor_control/lib/motor_control
[23.578s] Installing stepmotor1 script to /home/raspi-earth/project_ws/install/motor_control/lib/motor_control
[23.581s] Installing stepmotor2 script to /home/raspi-earth/project_ws/install/motor_control/lib/motor_control
[23.582s] Installing stepmotor3 script to /home/raspi-earth/project_ws/install/motor_control/lib/motor_control
[23.585s] writing list of installed files to '/home/raspi-earth/project_ws/build/motor_control/install.log'
[23.825s] Invoked command in '/home/raspi-earth/project_ws/src/motor_control' returned '0': PYTHONPATH=/home/raspi-earth/project_ws/build/motor_control/prefix_override:/usr/lib/python3/dist-packages/colcon_core/task/python/colcon_distutils_commands:/home/raspi-earth/project_ws/install/motor_control/lib/python3.11/site-packages:${PYTHONPATH} /usr/bin/python3 -W ignore:setup.py install is deprecated -W ignore:easy_install command is deprecated setup.py egg_info --egg-base ../../build/motor_control build --build-base /home/raspi-earth/project_ws/build/motor_control/build install --record /home/raspi-earth/project_ws/build/motor_control/install.log --single-version-externally-managed install_data
