[2.620s] Invoking command in '/home/raspi-earth/project_ws/src/processor_unit': PYTHONPATH=/home/raspi-earth/project_ws/build/processor_unit/prefix_override:/usr/lib/python3/dist-packages/colcon_core/task/python/colcon_distutils_commands:/home/raspi-earth/project_ws/install/processor_unit/lib/python3.11/site-packages:${PYTHONPATH} /usr/bin/python3 -W ignore:setup.py install is deprecated -W ignore:easy_install command is deprecated setup.py egg_info --egg-base ../../build/processor_unit build --build-base /home/raspi-earth/project_ws/build/processor_unit/build install --record /home/raspi-earth/project_ws/build/processor_unit/install.log --single-version-externally-managed install_data
[3.540s] running egg_info
[3.577s] writing ../../build/processor_unit/processor_unit.egg-info/PKG-INFO
[3.577s] writing dependency_links to ../../build/processor_unit/processor_unit.egg-info/dependency_links.txt
[3.580s] writing entry points to ../../build/processor_unit/processor_unit.egg-info/entry_points.txt
[3.601s] writing requirements to ../../build/processor_unit/processor_unit.egg-info/requires.txt
[3.601s] writing top-level names to ../../build/processor_unit/processor_unit.egg-info/top_level.txt
[3.674s] reading manifest file '../../build/processor_unit/processor_unit.egg-info/SOURCES.txt'
[3.674s] adding license file 'LICENSE'
[3.675s] writing manifest file '../../build/processor_unit/processor_unit.egg-info/SOURCES.txt'
[3.675s] running build
[3.675s] running build_py
[3.676s] running install
[3.686s] running install_lib
[3.725s] running install_data
[3.725s] running install_egg_info
[3.813s] removing '/home/raspi-earth/project_ws/install/processor_unit/lib/python3.11/site-packages/processor_unit-0.0.0-py3.11.egg-info' (and everything under it)
[3.819s] Copying ../../build/processor_unit/processor_unit.egg-info to /home/raspi-earth/project_ws/install/processor_unit/lib/python3.11/site-packages/processor_unit-0.0.0-py3.11.egg-info
[3.820s] running install_scripts
[3.980s] Installing camera_back script to /home/raspi-earth/project_ws/install/processor_unit/lib/processor_unit
[3.980s] Installing camera_front script to /home/raspi-earth/project_ws/install/processor_unit/lib/processor_unit
[3.980s] Installing esp32_bridge_node script to /home/raspi-earth/project_ws/install/processor_unit/lib/processor_unit
[3.980s] Installing force_receiver_node script to /home/raspi-earth/project_ws/install/processor_unit/lib/processor_unit
[3.980s] Installing main_processor script to /home/raspi-earth/project_ws/install/processor_unit/lib/processor_unit
[3.981s] Installing steam_cam script to /home/raspi-earth/project_ws/install/processor_unit/lib/processor_unit
[3.981s] Installing test script to /home/raspi-earth/project_ws/install/processor_unit/lib/processor_unit
[3.982s] Installing uart_command_and_status_to_pi5 script to /home/raspi-earth/project_ws/install/processor_unit/lib/processor_unit
[3.983s] Installing uart_zero_two_w script to /home/raspi-earth/project_ws/install/processor_unit/lib/processor_unit
[3.984s] writing list of installed files to '/home/raspi-earth/project_ws/build/processor_unit/install.log'
[4.116s] Invoked command in '/home/raspi-earth/project_ws/src/processor_unit' returned '0': PYTHONPATH=/home/raspi-earth/project_ws/build/processor_unit/prefix_override:/usr/lib/python3/dist-packages/colcon_core/task/python/colcon_distutils_commands:/home/raspi-earth/project_ws/install/processor_unit/lib/python3.11/site-packages:${PYTHONPATH} /usr/bin/python3 -W ignore:setup.py install is deprecated -W ignore:easy_install command is deprecated setup.py egg_info --egg-base ../../build/processor_unit build --build-base /home/raspi-earth/project_ws/build/processor_unit/build install --record /home/raspi-earth/project_ws/build/processor_unit/install.log --single-version-externally-managed install_data
