[6.863s] Invoking command in '/home/raspi-earth/project_ws/src/encoder_unit': PYTHONPATH=/home/raspi-earth/project_ws/build/encoder_unit/prefix_override:/usr/lib/python3/dist-packages/colcon_core/task/python/colcon_distutils_commands:/home/raspi-earth/project_ws/install/encoder_unit/lib/python3.11/site-packages:${PYTHONPATH} /usr/bin/python3 -W ignore:setup.py install is deprecated -W ignore:easy_install command is deprecated setup.py egg_info --egg-base ../../build/encoder_unit build --build-base /home/raspi-earth/project_ws/build/encoder_unit/build install --record /home/raspi-earth/project_ws/build/encoder_unit/install.log --single-version-externally-managed install_data
[8.470s] running egg_info
[8.512s] writing ../../build/encoder_unit/encoder_unit.egg-info/PKG-INFO
[8.512s] writing dependency_links to ../../build/encoder_unit/encoder_unit.egg-info/dependency_links.txt
[8.514s] writing entry points to ../../build/encoder_unit/encoder_unit.egg-info/entry_points.txt
[8.514s] writing requirements to ../../build/encoder_unit/encoder_unit.egg-info/requires.txt
[8.515s] writing top-level names to ../../build/encoder_unit/encoder_unit.egg-info/top_level.txt
[8.663s] reading manifest file '../../build/encoder_unit/encoder_unit.egg-info/SOURCES.txt'
[8.664s] adding license file 'LICENSE'
[8.666s] writing manifest file '../../build/encoder_unit/encoder_unit.egg-info/SOURCES.txt'
[8.667s] running build
[8.668s] running build_py
[8.674s] running install
[8.685s] running install_lib
[8.754s] running install_data
[8.754s] running install_egg_info
[8.920s] removing '/home/raspi-earth/project_ws/install/encoder_unit/lib/python3.11/site-packages/encoder_unit-0.0.0-py3.11.egg-info' (and everything under it)
[8.922s] Copying ../../build/encoder_unit/encoder_unit.egg-info to /home/raspi-earth/project_ws/install/encoder_unit/lib/python3.11/site-packages/encoder_unit-0.0.0-py3.11.egg-info
[8.923s] running install_scripts
[9.311s] Installing as5600_1 script to /home/raspi-earth/project_ws/install/encoder_unit/lib/encoder_unit
[9.312s] Installing as5600_2 script to /home/raspi-earth/project_ws/install/encoder_unit/lib/encoder_unit
[9.314s] Installing as5600_3 script to /home/raspi-earth/project_ws/install/encoder_unit/lib/encoder_unit
[9.315s] Installing as5600_4 script to /home/raspi-earth/project_ws/install/encoder_unit/lib/encoder_unit
[9.316s] Installing as5600_5 script to /home/raspi-earth/project_ws/install/encoder_unit/lib/encoder_unit
[9.318s] Installing limit script to /home/raspi-earth/project_ws/install/encoder_unit/lib/encoder_unit
[9.321s] writing list of installed files to '/home/raspi-earth/project_ws/build/encoder_unit/install.log'
[9.528s] Invoked command in '/home/raspi-earth/project_ws/src/encoder_unit' returned '0': PYTHONPATH=/home/raspi-earth/project_ws/build/encoder_unit/prefix_override:/usr/lib/python3/dist-packages/colcon_core/task/python/colcon_distutils_commands:/home/raspi-earth/project_ws/install/encoder_unit/lib/python3.11/site-packages:${PYTHONPATH} /usr/bin/python3 -W ignore:setup.py install is deprecated -W ignore:easy_install command is deprecated setup.py egg_info --egg-base ../../build/encoder_unit build --build-base /home/raspi-earth/project_ws/build/encoder_unit/build install --record /home/raspi-earth/project_ws/build/encoder_unit/install.log --single-version-externally-managed install_data
