[12.747s] Invoking command in '/home/raspi-earth/project_ws/src/launch_project': PYTHONPATH=/home/raspi-earth/project_ws/build/launch_project/prefix_override:/usr/lib/python3/dist-packages/colcon_core/task/python/colcon_distutils_commands:/home/raspi-earth/project_ws/install/launch_project/lib/python3.11/site-packages:${PYTHONPATH} /usr/bin/python3 -W ignore:setup.py install is deprecated -W ignore:easy_install command is deprecated setup.py egg_info --egg-base ../../build/launch_project build --build-base /home/raspi-earth/project_ws/build/launch_project/build install --record /home/raspi-earth/project_ws/build/launch_project/install.log --single-version-externally-managed install_data
[15.232s] running egg_info
[15.287s] writing ../../build/launch_project/launch_project.egg-info/PKG-INFO
[15.289s] writing dependency_links to ../../build/launch_project/launch_project.egg-info/dependency_links.txt
[15.291s] writing requirements to ../../build/launch_project/launch_project.egg-info/requires.txt
[15.296s] writing top-level names to ../../build/launch_project/launch_project.egg-info/top_level.txt
[15.514s] reading manifest file '../../build/launch_project/launch_project.egg-info/SOURCES.txt'
[15.515s] adding license file 'LICENSE'
[15.517s] writing manifest file '../../build/launch_project/launch_project.egg-info/SOURCES.txt'
[15.518s] running build
[15.518s] running build_py
[15.519s] running install
[15.533s] running install_lib
[15.620s] running install_data
[15.620s] running install_egg_info
[15.903s] removing '/home/raspi-earth/project_ws/install/launch_project/lib/python3.11/site-packages/launch_project-0.0.0-py3.11.egg-info' (and everything under it)
[15.904s] Copying ../../build/launch_project/launch_project.egg-info to /home/raspi-earth/project_ws/install/launch_project/lib/python3.11/site-packages/launch_project-0.0.0-py3.11.egg-info
[15.916s] running install_scripts
[16.470s] writing list of installed files to '/home/raspi-earth/project_ws/build/launch_project/install.log'
[16.792s] Invoked command in '/home/raspi-earth/project_ws/src/launch_project' returned '0': PYTHONPATH=/home/raspi-earth/project_ws/build/launch_project/prefix_override:/usr/lib/python3/dist-packages/colcon_core/task/python/colcon_distutils_commands:/home/raspi-earth/project_ws/install/launch_project/lib/python3.11/site-packages:${PYTHONPATH} /usr/bin/python3 -W ignore:setup.py install is deprecated -W ignore:easy_install command is deprecated setup.py egg_info --egg-base ../../build/launch_project build --build-base /home/raspi-earth/project_ws/build/launch_project/build install --record /home/raspi-earth/project_ws/build/launch_project/install.log --single-version-externally-managed install_data
