[1.846s] Invoking command in '/home/erthirarat/Desktop/Senior_Project-WhitePost-Main_Arm/src/processor_unit': PYTHONPATH=/home/erthirarat/Desktop/Senior_Project-WhitePost-Main_Arm/build/processor_unit/prefix_override:/usr/lib/python3/dist-packages/colcon_core/task/python/colcon_distutils_commands:/home/erthirarat/Desktop/Senior_Project-WhitePost-Main_Arm/install/processor_unit/lib/python3.10/site-packages:${PYTHONPATH} /usr/bin/python3 -W ignore:setup.py install is deprecated -W ignore:easy_install command is deprecated setup.py egg_info --egg-base ../../build/processor_unit build --build-base /home/erthirarat/Desktop/Senior_Project-WhitePost-Main_Arm/build/processor_unit/build install --record /home/erthirarat/Desktop/Senior_Project-WhitePost-Main_Arm/build/processor_unit/install.log --single-version-externally-managed install_data
[2.315s] running egg_info
[2.317s] creating ../../build/processor_unit/processor_unit.egg-info
[2.317s] writing ../../build/processor_unit/processor_unit.egg-info/PKG-INFO
[2.322s] writing dependency_links to ../../build/processor_unit/processor_unit.egg-info/dependency_links.txt
[2.322s] writing entry points to ../../build/processor_unit/processor_unit.egg-info/entry_points.txt
[2.323s] writing requirements to ../../build/processor_unit/processor_unit.egg-info/requires.txt
[2.323s] writing top-level names to ../../build/processor_unit/processor_unit.egg-info/top_level.txt
[2.323s] writing manifest file '../../build/processor_unit/processor_unit.egg-info/SOURCES.txt'
[2.323s] reading manifest file '../../build/processor_unit/processor_unit.egg-info/SOURCES.txt'
[2.323s] adding license file 'LICENSE'
[2.325s] writing manifest file '../../build/processor_unit/processor_unit.egg-info/SOURCES.txt'
[2.326s] running build
[2.328s] running build_py
[2.328s] creating /home/erthirarat/Desktop/Senior_Project-WhitePost-Main_Arm/build/processor_unit/build
[2.328s] creating /home/erthirarat/Desktop/Senior_Project-WhitePost-Main_Arm/build/processor_unit/build/lib
[2.328s] creating /home/erthirarat/Desktop/Senior_Project-WhitePost-Main_Arm/build/processor_unit/build/lib/processor_unit
[2.334s] copying processor_unit/uart_command_and_status_to_pi5.py -> /home/erthirarat/Desktop/Senior_Project-WhitePost-Main_Arm/build/processor_unit/build/lib/processor_unit
[2.334s] copying processor_unit/camera_back.py -> /home/erthirarat/Desktop/Senior_Project-WhitePost-Main_Arm/build/processor_unit/build/lib/processor_unit
[2.334s] copying processor_unit/steam_opencv.py -> /home/erthirarat/Desktop/Senior_Project-WhitePost-Main_Arm/build/processor_unit/build/lib/processor_unit
[2.334s] copying processor_unit/uart_zero_two_w.py -> /home/erthirarat/Desktop/Senior_Project-WhitePost-Main_Arm/build/processor_unit/build/lib/processor_unit
[2.334s] copying processor_unit/esp32_bridge_node.py -> /home/erthirarat/Desktop/Senior_Project-WhitePost-Main_Arm/build/processor_unit/build/lib/processor_unit
[2.334s] copying processor_unit/main_processor.py -> /home/erthirarat/Desktop/Senior_Project-WhitePost-Main_Arm/build/processor_unit/build/lib/processor_unit
[2.334s] copying processor_unit/__init__.py -> /home/erthirarat/Desktop/Senior_Project-WhitePost-Main_Arm/build/processor_unit/build/lib/processor_unit
[2.334s] copying processor_unit/camera_front.py -> /home/erthirarat/Desktop/Senior_Project-WhitePost-Main_Arm/build/processor_unit/build/lib/processor_unit
[2.334s] running install
[2.334s] running install_lib
[2.335s] creating /home/erthirarat/Desktop/Senior_Project-WhitePost-Main_Arm/install/processor_unit/lib/python3.10/site-packages/processor_unit
[2.335s] copying /home/erthirarat/Desktop/Senior_Project-WhitePost-Main_Arm/build/processor_unit/build/lib/processor_unit/uart_command_and_status_to_pi5.py -> /home/erthirarat/Desktop/Senior_Project-WhitePost-Main_Arm/install/processor_unit/lib/python3.10/site-packages/processor_unit
[2.335s] copying /home/erthirarat/Desktop/Senior_Project-WhitePost-Main_Arm/build/processor_unit/build/lib/processor_unit/camera_back.py -> /home/erthirarat/Desktop/Senior_Project-WhitePost-Main_Arm/install/processor_unit/lib/python3.10/site-packages/processor_unit
[2.336s] copying /home/erthirarat/Desktop/Senior_Project-WhitePost-Main_Arm/build/processor_unit/build/lib/processor_unit/steam_opencv.py -> /home/erthirarat/Desktop/Senior_Project-WhitePost-Main_Arm/install/processor_unit/lib/python3.10/site-packages/processor_unit
[2.336s] copying /home/erthirarat/Desktop/Senior_Project-WhitePost-Main_Arm/build/processor_unit/build/lib/processor_unit/uart_zero_two_w.py -> /home/erthirarat/Desktop/Senior_Project-WhitePost-Main_Arm/install/processor_unit/lib/python3.10/site-packages/processor_unit
[2.336s] copying /home/erthirarat/Desktop/Senior_Project-WhitePost-Main_Arm/build/processor_unit/build/lib/processor_unit/esp32_bridge_node.py -> /home/erthirarat/Desktop/Senior_Project-WhitePost-Main_Arm/install/processor_unit/lib/python3.10/site-packages/processor_unit
[2.336s] copying /home/erthirarat/Desktop/Senior_Project-WhitePost-Main_Arm/build/processor_unit/build/lib/processor_unit/main_processor.py -> /home/erthirarat/Desktop/Senior_Project-WhitePost-Main_Arm/install/processor_unit/lib/python3.10/site-packages/processor_unit
[2.337s] copying /home/erthirarat/Desktop/Senior_Project-WhitePost-Main_Arm/build/processor_unit/build/lib/processor_unit/__init__.py -> /home/erthirarat/Desktop/Senior_Project-WhitePost-Main_Arm/install/processor_unit/lib/python3.10/site-packages/processor_unit
[2.337s] copying /home/erthirarat/Desktop/Senior_Project-WhitePost-Main_Arm/build/processor_unit/build/lib/processor_unit/camera_front.py -> /home/erthirarat/Desktop/Senior_Project-WhitePost-Main_Arm/install/processor_unit/lib/python3.10/site-packages/processor_unit
[2.338s] byte-compiling /home/erthirarat/Desktop/Senior_Project-WhitePost-Main_Arm/install/processor_unit/lib/python3.10/site-packages/processor_unit/uart_command_and_status_to_pi5.py to uart_command_and_status_to_pi5.cpython-310.pyc
[2.339s] byte-compiling /home/erthirarat/Desktop/Senior_Project-WhitePost-Main_Arm/install/processor_unit/lib/python3.10/site-packages/processor_unit/camera_back.py to camera_back.cpython-310.pyc
[2.340s] byte-compiling /home/erthirarat/Desktop/Senior_Project-WhitePost-Main_Arm/install/processor_unit/lib/python3.10/site-packages/processor_unit/steam_opencv.py to steam_opencv.cpython-310.pyc
[2.341s] byte-compiling /home/erthirarat/Desktop/Senior_Project-WhitePost-Main_Arm/install/processor_unit/lib/python3.10/site-packages/processor_unit/uart_zero_two_w.py to uart_zero_two_w.cpython-310.pyc
[2.342s] byte-compiling /home/erthirarat/Desktop/Senior_Project-WhitePost-Main_Arm/install/processor_unit/lib/python3.10/site-packages/processor_unit/esp32_bridge_node.py to esp32_bridge_node.cpython-310.pyc
[2.343s] byte-compiling /home/erthirarat/Desktop/Senior_Project-WhitePost-Main_Arm/install/processor_unit/lib/python3.10/site-packages/processor_unit/main_processor.py to main_processor.cpython-310.pyc
[2.350s] byte-compiling /home/erthirarat/Desktop/Senior_Project-WhitePost-Main_Arm/install/processor_unit/lib/python3.10/site-packages/processor_unit/__init__.py to __init__.cpython-310.pyc
[2.350s] byte-compiling /home/erthirarat/Desktop/Senior_Project-WhitePost-Main_Arm/install/processor_unit/lib/python3.10/site-packages/processor_unit/camera_front.py to camera_front.cpython-310.pyc
[2.351s] running install_data
[2.351s] creating /home/erthirarat/Desktop/Senior_Project-WhitePost-Main_Arm/install/processor_unit/share/ament_index
[2.351s] creating /home/erthirarat/Desktop/Senior_Project-WhitePost-Main_Arm/install/processor_unit/share/ament_index/resource_index
[2.351s] creating /home/erthirarat/Desktop/Senior_Project-WhitePost-Main_Arm/install/processor_unit/share/ament_index/resource_index/packages
[2.351s] copying resource/processor_unit -> /home/erthirarat/Desktop/Senior_Project-WhitePost-Main_Arm/install/processor_unit/share/ament_index/resource_index/packages
[2.351s] copying package.xml -> /home/erthirarat/Desktop/Senior_Project-WhitePost-Main_Arm/install/processor_unit/share/processor_unit
[2.351s] running install_egg_info
[2.353s] Copying ../../build/processor_unit/processor_unit.egg-info to /home/erthirarat/Desktop/Senior_Project-WhitePost-Main_Arm/install/processor_unit/lib/python3.10/site-packages/processor_unit-0.0.0-py3.10.egg-info
[2.354s] running install_scripts
[2.380s] Installing esp32_bridge_node script to /home/erthirarat/Desktop/Senior_Project-WhitePost-Main_Arm/install/processor_unit/lib/processor_unit
[2.381s] Installing main_processor script to /home/erthirarat/Desktop/Senior_Project-WhitePost-Main_Arm/install/processor_unit/lib/processor_unit
[2.381s] Installing steam_cam script to /home/erthirarat/Desktop/Senior_Project-WhitePost-Main_Arm/install/processor_unit/lib/processor_unit
[2.381s] Installing test script to /home/erthirarat/Desktop/Senior_Project-WhitePost-Main_Arm/install/processor_unit/lib/processor_unit
[2.381s] Installing test1 script to /home/erthirarat/Desktop/Senior_Project-WhitePost-Main_Arm/install/processor_unit/lib/processor_unit
[2.381s] Installing uart_command_and_status_to_pi5 script to /home/erthirarat/Desktop/Senior_Project-WhitePost-Main_Arm/install/processor_unit/lib/processor_unit
[2.382s] Installing uart_zero_two_w script to /home/erthirarat/Desktop/Senior_Project-WhitePost-Main_Arm/install/processor_unit/lib/processor_unit
[2.382s] writing list of installed files to '/home/erthirarat/Desktop/Senior_Project-WhitePost-Main_Arm/build/processor_unit/install.log'
