[1.164s] Invoking command in '/home/erthirarat/Desktop/Senior_Project-WhitePost-Main_Arm/build/whitepost_description': CMAKE_PREFIX_PATH=${CMAKE_PREFIX_PATH}:/home/erthirarat/Desktop/Senior_Project-WhitePost-Main_Arm/install/processor_unit:/home/erthirarat/Desktop/Senior_Project-WhitePost-Main_Arm/install/motor_control:/home/erthirarat/Desktop/Senior_Project-WhitePost-Main_Arm/install/launch_project:/home/erthirarat/Desktop/Senior_Project-WhitePost-Main_Arm/install/encoder_unit:/opt/ros/humble /usr/bin/cmake /home/erthirarat/Desktop/Senior_Project-WhitePost-Main_Arm/src/whitepost_description -DCMAKE_INSTALL_PREFIX=/home/erthirarat/Desktop/Senior_Project-WhitePost-Main_Arm/install/whitepost_description
[1.179s] -- Found ament_cmake: 1.3.13 (/opt/ros/humble/share/ament_cmake/cmake)
[1.375s] Traceback (most recent call last):
[1.375s]   File "/opt/ros/humble/share/ament_cmake_core/cmake/core/package_xml_2_cmake.py", line 22, in <module>
[1.375s]     from catkin_pkg.package import parse_package_string
[1.375s] ModuleNotFoundError: No module named 'catkin_pkg'
[1.378s] [31mCMake Error at /opt/ros/humble/share/ament_cmake_core/cmake/core/ament_package_xml.cmake:95 (message):
[1.379s]   execute_process(/home/erthirarat/.venvs/ogrid/bin/python3
[1.379s]   /opt/ros/humble/share/ament_cmake_core/cmake/core/package_xml_2_cmake.py
[1.379s]   /home/erthirarat/Desktop/Senior_Project-WhitePost-Main_Arm/src/whitepost_description/package.xml
[1.379s]   /home/erthirarat/Desktop/Senior_Project-WhitePost-Main_Arm/build/whitepost_description/ament_cmake_core/package.cmake)
[1.379s]   returned error code 1
[1.379s] Call Stack (most recent call first):
[1.379s]   /opt/ros/humble/share/ament_cmake_core/cmake/core/ament_package_xml.cmake:49 (_ament_package_xml)
[1.379s]   /opt/ros/humble/share/ament_cmake_core/cmake/core/ament_package.cmake:63 (ament_package_xml)
[1.380s]   CMakeLists.txt:15 (ament_package)
[1.380s] 
[1.380s] [0m
[1.382s] -- Configuring incomplete, errors occurred!
[1.382s] See also "/home/erthirarat/Desktop/Senior_Project-WhitePost-Main_Arm/build/whitepost_description/CMakeFiles/CMakeOutput.log".
[1.387s] Invoked command in '/home/erthirarat/Desktop/Senior_Project-WhitePost-Main_Arm/build/whitepost_description' returned '1': CMAKE_PREFIX_PATH=${CMAKE_PREFIX_PATH}:/home/erthirarat/Desktop/Senior_Project-WhitePost-Main_Arm/install/processor_unit:/home/erthirarat/Desktop/Senior_Project-WhitePost-Main_Arm/install/motor_control:/home/erthirarat/Desktop/Senior_Project-WhitePost-Main_Arm/install/launch_project:/home/erthirarat/Desktop/Senior_Project-WhitePost-Main_Arm/install/encoder_unit:/opt/ros/humble /usr/bin/cmake /home/erthirarat/Desktop/Senior_Project-WhitePost-Main_Arm/src/whitepost_description -DCMAKE_INSTALL_PREFIX=/home/erthirarat/Desktop/Senior_Project-WhitePost-Main_Arm/install/whitepost_description
