[14.562s] Invoking command in '/home/raspi-earth/project_ws/src/processor_unit': PYTHONPATH=/home/raspi-earth/project_ws/build/processor_unit/prefix_override:/usr/lib/python3/dist-packages/colcon_core/task/python/colcon_distutils_commands:/home/raspi-earth/project_ws/install/processor_unit/lib/python3.11/site-packages:${PYTHONPATH} /usr/bin/python3 -W ignore:setup.py install is deprecated -W ignore:easy_install command is deprecated setup.py egg_info --egg-base ../../build/processor_unit build --build-base /home/raspi-earth/project_ws/build/processor_unit/build install --record /home/raspi-earth/project_ws/build/processor_unit/install.log --single-version-externally-managed install_data
[18.087s] running egg_info
[18.221s] writing ../../build/processor_unit/processor_unit.egg-info/PKG-INFO
[18.221s] writing dependency_links to ../../build/processor_unit/processor_unit.egg-info/dependency_links.txt
[18.226s] writing entry points to ../../build/processor_unit/processor_unit.egg-info/entry_points.txt
[18.229s] writing requirements to ../../build/processor_unit/processor_unit.egg-info/requires.txt
[18.231s] writing top-level names to ../../build/processor_unit/processor_unit.egg-info/top_level.txt
[18.582s] reading manifest file '../../build/processor_unit/processor_unit.egg-info/SOURCES.txt'
[18.583s] adding license file 'LICENSE'
[18.585s] writing manifest file '../../build/processor_unit/processor_unit.egg-info/SOURCES.txt'
[18.586s] running build
[18.586s] running build_py
[18.590s] running install
[18.642s] running install_lib
[18.768s] running install_data
[18.768s] running install_egg_info
[19.211s] removing '/home/raspi-earth/project_ws/install/processor_unit/lib/python3.11/site-packages/processor_unit-0.0.0-py3.11.egg-info' (and everything under it)
[19.216s] Copying ../../build/processor_unit/processor_unit.egg-info to /home/raspi-earth/project_ws/install/processor_unit/lib/python3.11/site-packages/processor_unit-0.0.0-py3.11.egg-info
[19.219s] running install_scripts
[19.764s] Installing main_processor script to /home/raspi-earth/project_ws/install/processor_unit/lib/processor_unit
[19.768s] Installing steam_cam script to /home/raspi-earth/project_ws/install/processor_unit/lib/processor_unit
[19.769s] Installing test script to /home/raspi-earth/project_ws/install/processor_unit/lib/processor_unit
[19.770s] Installing test1 script to /home/raspi-earth/project_ws/install/processor_unit/lib/processor_unit
[19.770s] Installing uart_zero_two_w script to /home/raspi-earth/project_ws/install/processor_unit/lib/processor_unit
[19.775s] writing list of installed files to '/home/raspi-earth/project_ws/build/processor_unit/install.log'
[20.047s] Invoked command in '/home/raspi-earth/project_ws/src/processor_unit' returned '0': PYTHONPATH=/home/raspi-earth/project_ws/build/processor_unit/prefix_override:/usr/lib/python3/dist-packages/colcon_core/task/python/colcon_distutils_commands:/home/raspi-earth/project_ws/install/processor_unit/lib/python3.11/site-packages:${PYTHONPATH} /usr/bin/python3 -W ignore:setup.py install is deprecated -W ignore:easy_install command is deprecated setup.py egg_info --egg-base ../../build/processor_unit build --build-base /home/raspi-earth/project_ws/build/processor_unit/build install --record /home/raspi-earth/project_ws/build/processor_unit/install.log --single-version-externally-managed install_data
