[5.698s] Invoking command in '/home/raspi-earth/project_ws/src/processor_unit': PYTHONPATH=/home/raspi-earth/project_ws/build/processor_unit/prefix_override:/usr/lib/python3/dist-packages/colcon_core/task/python/colcon_distutils_commands:/home/raspi-earth/project_ws/install/processor_unit/lib/python3.11/site-packages:${PYTHONPATH} /usr/bin/python3 -W ignore:setup.py install is deprecated -W ignore:easy_install command is deprecated setup.py egg_info --egg-base ../../build/processor_unit build --build-base /home/raspi-earth/project_ws/build/processor_unit/build install --record /home/raspi-earth/project_ws/build/processor_unit/install.log --single-version-externally-managed install_data
[6.812s] running egg_info
[6.849s] writing ../../build/processor_unit/processor_unit.egg-info/PKG-INFO
[6.851s] writing dependency_links to ../../build/processor_unit/processor_unit.egg-info/dependency_links.txt
[6.853s] writing entry points to ../../build/processor_unit/processor_unit.egg-info/entry_points.txt
[6.854s] writing requirements to ../../build/processor_unit/processor_unit.egg-info/requires.txt
[6.854s] writing top-level names to ../../build/processor_unit/processor_unit.egg-info/top_level.txt
[6.938s] reading manifest file '../../build/processor_unit/processor_unit.egg-info/SOURCES.txt'
[6.938s] adding license file 'LICENSE'
[6.938s] writing manifest file '../../build/processor_unit/processor_unit.egg-info/SOURCES.txt'
[6.939s] running build
[6.939s] running build_py
[6.939s] running install
[6.951s] running install_lib
[6.997s] running install_data
[6.997s] running install_egg_info
[7.138s] removing '/home/raspi-earth/project_ws/install/processor_unit/lib/python3.11/site-packages/processor_unit-0.0.0-py3.11.egg-info' (and everything under it)
[7.138s] Copying ../../build/processor_unit/processor_unit.egg-info to /home/raspi-earth/project_ws/install/processor_unit/lib/python3.11/site-packages/processor_unit-0.0.0-py3.11.egg-info
[7.138s] running install_scripts
[7.321s] Installing camera_back script to /home/raspi-earth/project_ws/install/processor_unit/lib/processor_unit
[7.322s] Installing camera_front script to /home/raspi-earth/project_ws/install/processor_unit/lib/processor_unit
[7.331s] Installing esp32_bridge_node script to /home/raspi-earth/project_ws/install/processor_unit/lib/processor_unit
[7.332s] Installing force_receiver_node script to /home/raspi-earth/project_ws/install/processor_unit/lib/processor_unit
[7.334s] Installing main_processor script to /home/raspi-earth/project_ws/install/processor_unit/lib/processor_unit
[7.335s] Installing steam_cam script to /home/raspi-earth/project_ws/install/processor_unit/lib/processor_unit
[7.336s] Installing test script to /home/raspi-earth/project_ws/install/processor_unit/lib/processor_unit
[7.337s] Installing uart_command_and_status_to_pi5 script to /home/raspi-earth/project_ws/install/processor_unit/lib/processor_unit
[7.338s] Installing uart_zero_two_w script to /home/raspi-earth/project_ws/install/processor_unit/lib/processor_unit
[7.342s] writing list of installed files to '/home/raspi-earth/project_ws/build/processor_unit/install.log'
[7.596s] Invoked command in '/home/raspi-earth/project_ws/src/processor_unit' returned '0': PYTHONPATH=/home/raspi-earth/project_ws/build/processor_unit/prefix_override:/usr/lib/python3/dist-packages/colcon_core/task/python/colcon_distutils_commands:/home/raspi-earth/project_ws/install/processor_unit/lib/python3.11/site-packages:${PYTHONPATH} /usr/bin/python3 -W ignore:setup.py install is deprecated -W ignore:easy_install command is deprecated setup.py egg_info --egg-base ../../build/processor_unit build --build-base /home/raspi-earth/project_ws/build/processor_unit/build install --record /home/raspi-earth/project_ws/build/processor_unit/install.log --single-version-externally-managed install_data
