[2.503s] Invoking command in '/home/raspi-earth/project_ws/src/processor_unit': PYTHONPATH=/home/raspi-earth/project_ws/build/processor_unit/prefix_override:/usr/lib/python3/dist-packages/colcon_core/task/python/colcon_distutils_commands:/home/raspi-earth/project_ws/install/processor_unit/lib/python3.11/site-packages:${PYTHONPATH} /usr/bin/python3 -W ignore:setup.py install is deprecated -W ignore:easy_install command is deprecated setup.py egg_info --egg-base ../../build/processor_unit build --build-base /home/raspi-earth/project_ws/build/processor_unit/build install --record /home/raspi-earth/project_ws/build/processor_unit/install.log --single-version-externally-managed install_data
[3.393s] running egg_info
[3.427s] writing ../../build/processor_unit/processor_unit.egg-info/PKG-INFO
[3.427s] writing dependency_links to ../../build/processor_unit/processor_unit.egg-info/dependency_links.txt
[3.473s] writing entry points to ../../build/processor_unit/processor_unit.egg-info/entry_points.txt
[3.474s] writing requirements to ../../build/processor_unit/processor_unit.egg-info/requires.txt
[3.475s] writing top-level names to ../../build/processor_unit/processor_unit.egg-info/top_level.txt
[3.547s] reading manifest file '../../build/processor_unit/processor_unit.egg-info/SOURCES.txt'
[3.548s] adding license file 'LICENSE'
[3.549s] writing manifest file '../../build/processor_unit/processor_unit.egg-info/SOURCES.txt'
[3.549s] running build
[3.549s] running build_py
[3.550s] running install
[3.560s] running install_lib
[3.599s] running install_data
[3.600s] running install_egg_info
[3.681s] removing '/home/raspi-earth/project_ws/install/processor_unit/lib/python3.11/site-packages/processor_unit-0.0.0-py3.11.egg-info' (and everything under it)
[3.698s] Copying ../../build/processor_unit/processor_unit.egg-info to /home/raspi-earth/project_ws/install/processor_unit/lib/python3.11/site-packages/processor_unit-0.0.0-py3.11.egg-info
[3.698s] running install_scripts
[3.835s] Installing camera_back script to /home/raspi-earth/project_ws/install/processor_unit/lib/processor_unit
[3.836s] Installing camera_front script to /home/raspi-earth/project_ws/install/processor_unit/lib/processor_unit
[3.837s] Installing esp32_bridge_node script to /home/raspi-earth/project_ws/install/processor_unit/lib/processor_unit
[3.837s] Installing force_receiver_node script to /home/raspi-earth/project_ws/install/processor_unit/lib/processor_unit
[3.838s] Installing main_processor script to /home/raspi-earth/project_ws/install/processor_unit/lib/processor_unit
[3.839s] Installing steam_cam script to /home/raspi-earth/project_ws/install/processor_unit/lib/processor_unit
[3.840s] Installing test script to /home/raspi-earth/project_ws/install/processor_unit/lib/processor_unit
[3.841s] Installing uart_command_and_status_to_pi5 script to /home/raspi-earth/project_ws/install/processor_unit/lib/processor_unit
[3.841s] Installing uart_zero_two_w script to /home/raspi-earth/project_ws/install/processor_unit/lib/processor_unit
[3.843s] writing list of installed files to '/home/raspi-earth/project_ws/build/processor_unit/install.log'
[3.962s] Invoked command in '/home/raspi-earth/project_ws/src/processor_unit' returned '0': PYTHONPATH=/home/raspi-earth/project_ws/build/processor_unit/prefix_override:/usr/lib/python3/dist-packages/colcon_core/task/python/colcon_distutils_commands:/home/raspi-earth/project_ws/install/processor_unit/lib/python3.11/site-packages:${PYTHONPATH} /usr/bin/python3 -W ignore:setup.py install is deprecated -W ignore:easy_install command is deprecated setup.py egg_info --egg-base ../../build/processor_unit build --build-base /home/raspi-earth/project_ws/build/processor_unit/build install --record /home/raspi-earth/project_ws/build/processor_unit/install.log --single-version-externally-managed install_data
