[6.593s] Invoking command in '/home/raspi-earth/project_ws/src/motor_control': PYTHONPATH=/home/raspi-earth/project_ws/build/motor_control/prefix_override:/usr/lib/python3/dist-packages/colcon_core/task/python/colcon_distutils_commands:/home/raspi-earth/project_ws/install/motor_control/lib/python3.11/site-packages:${PYTHONPATH} /usr/bin/python3 -W ignore:setup.py install is deprecated -W ignore:easy_install command is deprecated setup.py egg_info --egg-base ../../build/motor_control build --build-base /home/raspi-earth/project_ws/build/motor_control/build install --record /home/raspi-earth/project_ws/build/motor_control/install.log --single-version-externally-managed install_data
[7.781s] running egg_info
[7.822s] writing ../../build/motor_control/motor_control.egg-info/PKG-INFO
[7.823s] writing dependency_links to ../../build/motor_control/motor_control.egg-info/dependency_links.txt
[7.824s] writing entry points to ../../build/motor_control/motor_control.egg-info/entry_points.txt
[7.825s] writing requirements to ../../build/motor_control/motor_control.egg-info/requires.txt
[7.826s] writing top-level names to ../../build/motor_control/motor_control.egg-info/top_level.txt
[7.916s] reading manifest file '../../build/motor_control/motor_control.egg-info/SOURCES.txt'
[7.917s] adding license file 'LICENSE'
[7.917s] writing manifest file '../../build/motor_control/motor_control.egg-info/SOURCES.txt'
[7.917s] running build
[7.917s] running build_py
[7.917s] running install
[7.933s] running install_lib
[7.981s] running install_data
[7.981s] running install_egg_info
[8.095s] removing '/home/raspi-earth/project_ws/install/motor_control/lib/python3.11/site-packages/motor_control-0.0.0-py3.11.egg-info' (and everything under it)
[8.100s] Copying ../../build/motor_control/motor_control.egg-info to /home/raspi-earth/project_ws/install/motor_control/lib/python3.11/site-packages/motor_control-0.0.0-py3.11.egg-info
[8.108s] running install_scripts
[8.448s] Installing joint1_node script to /home/raspi-earth/project_ws/install/motor_control/lib/motor_control
[8.449s] Installing joint2_node script to /home/raspi-earth/project_ws/install/motor_control/lib/motor_control
[8.452s] Installing joint3_node script to /home/raspi-earth/project_ws/install/motor_control/lib/motor_control
[8.452s] Installing servodrive script to /home/raspi-earth/project_ws/install/motor_control/lib/motor_control
[8.452s] Installing stepmotor1 script to /home/raspi-earth/project_ws/install/motor_control/lib/motor_control
[8.453s] Installing stepmotor2 script to /home/raspi-earth/project_ws/install/motor_control/lib/motor_control
[8.454s] Installing stepmotor3 script to /home/raspi-earth/project_ws/install/motor_control/lib/motor_control
[8.456s] writing list of installed files to '/home/raspi-earth/project_ws/build/motor_control/install.log'
[8.681s] Invoked command in '/home/raspi-earth/project_ws/src/motor_control' returned '0': PYTHONPATH=/home/raspi-earth/project_ws/build/motor_control/prefix_override:/usr/lib/python3/dist-packages/colcon_core/task/python/colcon_distutils_commands:/home/raspi-earth/project_ws/install/motor_control/lib/python3.11/site-packages:${PYTHONPATH} /usr/bin/python3 -W ignore:setup.py install is deprecated -W ignore:easy_install command is deprecated setup.py egg_info --egg-base ../../build/motor_control build --build-base /home/raspi-earth/project_ws/build/motor_control/build install --record /home/raspi-earth/project_ws/build/motor_control/install.log --single-version-externally-managed install_data
