-- Install configuration: ""
-- Execute custom install script
-- Up-to-date symlink: /home/erthirarat/Desktop/Senior_Project-WhitePost-Main_Arm/install/whitepost_description/share/whitepost_description/config/joint_names_whitepost_description.yaml
-- Up-to-date symlink: /home/erthirarat/Desktop/Senior_Project-WhitePost-Main_Arm/install/whitepost_description/share/whitepost_description/launch/display.launch
-- Symlinking: /home/erthirarat/Desktop/Senior_Project-WhitePost-Main_Arm/install/whitepost_description/share/whitepost_description/launch/display_launch.py
-- Up-to-date symlink: /home/erthirarat/Desktop/Senior_Project-WhitePost-Main_Arm/install/whitepost_description/share/whitepost_description/launch/gazebo.launch
-- Up-to-date symlink: /home/erthirarat/Desktop/Senior_Project-WhitePost-Main_Arm/install/whitepost_description/share/whitepost_description/meshes/base_link.STL
-- Up-to-date symlink: /home/erthirarat/Desktop/Senior_Project-WhitePost-Main_Arm/install/whitepost_description/share/whitepost_description/meshes/link1.STL
-- Up-to-date symlink: /home/erthirarat/Desktop/Senior_Project-WhitePost-Main_Arm/install/whitepost_description/share/whitepost_description/meshes/link2.STL
-- Up-to-date symlink: /home/erthirarat/Desktop/Senior_Project-WhitePost-Main_Arm/install/whitepost_description/share/whitepost_description/meshes/link3.STL
-- Up-to-date symlink: /home/erthirarat/Desktop/Senior_Project-WhitePost-Main_Arm/install/whitepost_description/share/whitepost_description/meshes/link4.STL
-- Up-to-date symlink: /home/erthirarat/Desktop/Senior_Project-WhitePost-Main_Arm/install/whitepost_description/share/whitepost_description/meshes/link5.STL
-- Up-to-date symlink: /home/erthirarat/Desktop/Senior_Project-WhitePost-Main_Arm/install/whitepost_description/share/whitepost_description/urdf/whitepost_description.csv
-- Up-to-date symlink: /home/erthirarat/Desktop/Senior_Project-WhitePost-Main_Arm/install/whitepost_description/share/whitepost_description/urdf/whitepost_description.urdf
-- Up-to-date symlink: /home/erthirarat/Desktop/Senior_Project-WhitePost-Main_Arm/install/whitepost_description/share/ament_index/resource_index/package_run_dependencies/whitepost_description
-- Up-to-date symlink: /home/erthirarat/Desktop/Senior_Project-WhitePost-Main_Arm/install/whitepost_description/share/ament_index/resource_index/parent_prefix_path/whitepost_description
-- Up-to-date symlink: /home/erthirarat/Desktop/Senior_Project-WhitePost-Main_Arm/install/whitepost_description/share/whitepost_description/environment/ament_prefix_path.sh
-- Up-to-date symlink: /home/erthirarat/Desktop/Senior_Project-WhitePost-Main_Arm/install/whitepost_description/share/whitepost_description/environment/ament_prefix_path.dsv
-- Up-to-date symlink: /home/erthirarat/Desktop/Senior_Project-WhitePost-Main_Arm/install/whitepost_description/share/whitepost_description/environment/path.sh
-- Up-to-date symlink: /home/erthirarat/Desktop/Senior_Project-WhitePost-Main_Arm/install/whitepost_description/share/whitepost_description/environment/path.dsv
-- Up-to-date symlink: /home/erthirarat/Desktop/Senior_Project-WhitePost-Main_Arm/install/whitepost_description/share/whitepost_description/local_setup.bash
-- Up-to-date symlink: /home/erthirarat/Desktop/Senior_Project-WhitePost-Main_Arm/install/whitepost_description/share/whitepost_description/local_setup.sh
-- Up-to-date symlink: /home/erthirarat/Desktop/Senior_Project-WhitePost-Main_Arm/install/whitepost_description/share/whitepost_description/local_setup.zsh
-- Up-to-date symlink: /home/erthirarat/Desktop/Senior_Project-WhitePost-Main_Arm/install/whitepost_description/share/whitepost_description/local_setup.dsv
-- Symlinking: /home/erthirarat/Desktop/Senior_Project-WhitePost-Main_Arm/install/whitepost_description/share/whitepost_description/package.dsv
-- Up-to-date symlink: /home/erthirarat/Desktop/Senior_Project-WhitePost-Main_Arm/install/whitepost_description/share/ament_index/resource_index/packages/whitepost_description
-- Up-to-date symlink: /home/erthirarat/Desktop/Senior_Project-WhitePost-Main_Arm/install/whitepost_description/share/whitepost_description/cmake/whitepost_descriptionConfig.cmake
-- Up-to-date symlink: /home/erthirarat/Desktop/Senior_Project-WhitePost-Main_Arm/install/whitepost_description/share/whitepost_description/cmake/whitepost_descriptionConfig-version.cmake
-- Up-to-date symlink: /home/erthirarat/Desktop/Senior_Project-WhitePost-Main_Arm/install/whitepost_description/share/whitepost_description/package.xml
