[11.105s] Invoking command in '/home/raspi-earth/project_ws/src/encoder_unit': PYTHONPATH=/home/raspi-earth/project_ws/build/encoder_unit/prefix_override:/usr/lib/python3/dist-packages/colcon_core/task/python/colcon_distutils_commands:/home/raspi-earth/project_ws/install/encoder_unit/lib/python3.11/site-packages:${PYTHONPATH} /usr/bin/python3 -W ignore:setup.py install is deprecated -W ignore:easy_install command is deprecated setup.py egg_info --egg-base ../../build/encoder_unit build --build-base /home/raspi-earth/project_ws/build/encoder_unit/build install --record /home/raspi-earth/project_ws/build/encoder_unit/install.log --single-version-externally-managed install_data
[13.838s] running egg_info
[13.922s] writing ../../build/encoder_unit/encoder_unit.egg-info/PKG-INFO
[13.923s] writing dependency_links to ../../build/encoder_unit/encoder_unit.egg-info/dependency_links.txt
[13.926s] writing entry points to ../../build/encoder_unit/encoder_unit.egg-info/entry_points.txt
[13.926s] writing requirements to ../../build/encoder_unit/encoder_unit.egg-info/requires.txt
[13.927s] writing top-level names to ../../build/encoder_unit/encoder_unit.egg-info/top_level.txt
[14.159s] reading manifest file '../../build/encoder_unit/encoder_unit.egg-info/SOURCES.txt'
[14.159s] adding license file 'LICENSE'
[14.160s] writing manifest file '../../build/encoder_unit/encoder_unit.egg-info/SOURCES.txt'
[14.161s] running build
[14.162s] running build_py
[14.163s] running install
[14.180s] running install_lib
[14.267s] running install_data
[14.268s] running install_egg_info
[14.472s] removing '/home/raspi-earth/project_ws/install/encoder_unit/lib/python3.11/site-packages/encoder_unit-0.0.0-py3.11.egg-info' (and everything under it)
[14.474s] Copying ../../build/encoder_unit/encoder_unit.egg-info to /home/raspi-earth/project_ws/install/encoder_unit/lib/python3.11/site-packages/encoder_unit-0.0.0-py3.11.egg-info
[14.478s] running install_scripts
[14.756s] Installing as5600_1 script to /home/raspi-earth/project_ws/install/encoder_unit/lib/encoder_unit
[14.757s] Installing as5600_2 script to /home/raspi-earth/project_ws/install/encoder_unit/lib/encoder_unit
[14.758s] Installing as5600_3 script to /home/raspi-earth/project_ws/install/encoder_unit/lib/encoder_unit
[14.759s] Installing as5600_4 script to /home/raspi-earth/project_ws/install/encoder_unit/lib/encoder_unit
[14.759s] Installing as5600_5 script to /home/raspi-earth/project_ws/install/encoder_unit/lib/encoder_unit
[14.760s] Installing limit script to /home/raspi-earth/project_ws/install/encoder_unit/lib/encoder_unit
[14.762s] writing list of installed files to '/home/raspi-earth/project_ws/build/encoder_unit/install.log'
[14.958s] Invoked command in '/home/raspi-earth/project_ws/src/encoder_unit' returned '0': PYTHONPATH=/home/raspi-earth/project_ws/build/encoder_unit/prefix_override:/usr/lib/python3/dist-packages/colcon_core/task/python/colcon_distutils_commands:/home/raspi-earth/project_ws/install/encoder_unit/lib/python3.11/site-packages:${PYTHONPATH} /usr/bin/python3 -W ignore:setup.py install is deprecated -W ignore:easy_install command is deprecated setup.py egg_info --egg-base ../../build/encoder_unit build --build-base /home/raspi-earth/project_ws/build/encoder_unit/build install --record /home/raspi-earth/project_ws/build/encoder_unit/install.log --single-version-externally-managed install_data
