[7.589s] Invoking command in '/home/raspi-earth/project_ws/src/launch_project': PYTHONPATH=/home/raspi-earth/project_ws/build/launch_project/prefix_override:/usr/lib/python3/dist-packages/colcon_core/task/python/colcon_distutils_commands:/home/raspi-earth/project_ws/install/launch_project/lib/python3.11/site-packages:${PYTHONPATH} /usr/bin/python3 -W ignore:setup.py install is deprecated -W ignore:easy_install command is deprecated setup.py egg_info --egg-base ../../build/launch_project build --build-base /home/raspi-earth/project_ws/build/launch_project/build install --record /home/raspi-earth/project_ws/build/launch_project/install.log --single-version-externally-managed install_data
[9.121s] running egg_info
[9.162s] writing ../../build/launch_project/launch_project.egg-info/PKG-INFO
[9.165s] writing dependency_links to ../../build/launch_project/launch_project.egg-info/dependency_links.txt
[9.165s] writing requirements to ../../build/launch_project/launch_project.egg-info/requires.txt
[9.166s] writing top-level names to ../../build/launch_project/launch_project.egg-info/top_level.txt
[9.312s] reading manifest file '../../build/launch_project/launch_project.egg-info/SOURCES.txt'
[9.312s] adding license file 'LICENSE'
[9.313s] writing manifest file '../../build/launch_project/launch_project.egg-info/SOURCES.txt'
[9.317s] running build
[9.317s] running build_py
[9.317s] running install
[9.325s] running install_lib
[9.375s] running install_data
[9.375s] running install_egg_info
[9.531s] removing '/home/raspi-earth/project_ws/install/launch_project/lib/python3.11/site-packages/launch_project-0.0.0-py3.11.egg-info' (and everything under it)
[9.568s] Copying ../../build/launch_project/launch_project.egg-info to /home/raspi-earth/project_ws/install/launch_project/lib/python3.11/site-packages/launch_project-0.0.0-py3.11.egg-info
[9.569s] running install_scripts
[9.809s] writing list of installed files to '/home/raspi-earth/project_ws/build/launch_project/install.log'
[10.057s] Invoked command in '/home/raspi-earth/project_ws/src/launch_project' returned '0': PYTHONPATH=/home/raspi-earth/project_ws/build/launch_project/prefix_override:/usr/lib/python3/dist-packages/colcon_core/task/python/colcon_distutils_commands:/home/raspi-earth/project_ws/install/launch_project/lib/python3.11/site-packages:${PYTHONPATH} /usr/bin/python3 -W ignore:setup.py install is deprecated -W ignore:easy_install command is deprecated setup.py egg_info --egg-base ../../build/launch_project build --build-base /home/raspi-earth/project_ws/build/launch_project/build install --record /home/raspi-earth/project_ws/build/launch_project/install.log --single-version-externally-managed install_data
