[8.906s] Invoking command in '/home/raspi-earth/project_ws/src/processor_unit': PYTHONPATH=/home/raspi-earth/project_ws/build/processor_unit/prefix_override:/usr/lib/python3/dist-packages/colcon_core/task/python/colcon_distutils_commands:/home/raspi-earth/project_ws/install/processor_unit/lib/python3.11/site-packages:${PYTHONPATH} /usr/bin/python3 -W ignore:setup.py install is deprecated -W ignore:easy_install command is deprecated setup.py egg_info --egg-base ../../build/processor_unit build --build-base /home/raspi-earth/project_ws/build/processor_unit/build install --record /home/raspi-earth/project_ws/build/processor_unit/install.log --single-version-externally-managed install_data
[11.125s] running egg_info
[11.222s] writing ../../build/processor_unit/processor_unit.egg-info/PKG-INFO
[11.224s] writing dependency_links to ../../build/processor_unit/processor_unit.egg-info/dependency_links.txt
[11.226s] writing entry points to ../../build/processor_unit/processor_unit.egg-info/entry_points.txt
[11.228s] writing requirements to ../../build/processor_unit/processor_unit.egg-info/requires.txt
[11.230s] writing top-level names to ../../build/processor_unit/processor_unit.egg-info/top_level.txt
[11.400s] reading manifest file '../../build/processor_unit/processor_unit.egg-info/SOURCES.txt'
[11.401s] adding license file 'LICENSE'
[11.402s] writing manifest file '../../build/processor_unit/processor_unit.egg-info/SOURCES.txt'
[11.403s] running build
[11.403s] running build_py
[11.405s] running install
[11.417s] running install_lib
[11.475s] running install_data
[11.476s] running install_egg_info
[11.677s] removing '/home/raspi-earth/project_ws/install/processor_unit/lib/python3.11/site-packages/processor_unit-0.0.0-py3.11.egg-info' (and everything under it)
[11.679s] Copying ../../build/processor_unit/processor_unit.egg-info to /home/raspi-earth/project_ws/install/processor_unit/lib/python3.11/site-packages/processor_unit-0.0.0-py3.11.egg-info
[11.685s] running install_scripts
[12.035s] Installing main_processor script to /home/raspi-earth/project_ws/install/processor_unit/lib/processor_unit
[12.035s] Installing steam_cam script to /home/raspi-earth/project_ws/install/processor_unit/lib/processor_unit
[12.036s] Installing test script to /home/raspi-earth/project_ws/install/processor_unit/lib/processor_unit
[12.036s] Installing test1 script to /home/raspi-earth/project_ws/install/processor_unit/lib/processor_unit
[12.037s] Installing uart_zero_two_w script to /home/raspi-earth/project_ws/install/processor_unit/lib/processor_unit
[12.038s] writing list of installed files to '/home/raspi-earth/project_ws/build/processor_unit/install.log'
[12.194s] Invoked command in '/home/raspi-earth/project_ws/src/processor_unit' returned '0': PYTHONPATH=/home/raspi-earth/project_ws/build/processor_unit/prefix_override:/usr/lib/python3/dist-packages/colcon_core/task/python/colcon_distutils_commands:/home/raspi-earth/project_ws/install/processor_unit/lib/python3.11/site-packages:${PYTHONPATH} /usr/bin/python3 -W ignore:setup.py install is deprecated -W ignore:easy_install command is deprecated setup.py egg_info --egg-base ../../build/processor_unit build --build-base /home/raspi-earth/project_ws/build/processor_unit/build install --record /home/raspi-earth/project_ws/build/processor_unit/install.log --single-version-externally-managed install_data
