[11.552s] Invoking command in '/home/raspi-earth/project_ws/src/motor_control': PYTHONPATH=/home/raspi-earth/project_ws/build/motor_control/prefix_override:/usr/lib/python3/dist-packages/colcon_core/task/python/colcon_distutils_commands:/home/raspi-earth/project_ws/install/motor_control/lib/python3.11/site-packages:${PYTHONPATH} /usr/bin/python3 -W ignore:setup.py install is deprecated -W ignore:easy_install command is deprecated setup.py egg_info --egg-base ../../build/motor_control build --build-base /home/raspi-earth/project_ws/build/motor_control/build install --record /home/raspi-earth/project_ws/build/motor_control/install.log --single-version-externally-managed install_data
[13.717s] running egg_info
[13.791s] writing ../../build/motor_control/motor_control.egg-info/PKG-INFO
[13.793s] writing dependency_links to ../../build/motor_control/motor_control.egg-info/dependency_links.txt
[13.793s] writing entry points to ../../build/motor_control/motor_control.egg-info/entry_points.txt
[13.794s] writing requirements to ../../build/motor_control/motor_control.egg-info/requires.txt
[13.795s] writing top-level names to ../../build/motor_control/motor_control.egg-info/top_level.txt
[13.924s] reading manifest file '../../build/motor_control/motor_control.egg-info/SOURCES.txt'
[13.929s] adding license file 'LICENSE'
[13.929s] writing manifest file '../../build/motor_control/motor_control.egg-info/SOURCES.txt'
[13.929s] running build
[13.929s] running build_py
[13.932s] running install
[13.957s] running install_lib
[14.028s] running install_data
[14.028s] running install_egg_info
[14.148s] removing '/home/raspi-earth/project_ws/install/motor_control/lib/python3.11/site-packages/motor_control-0.0.0-py3.11.egg-info' (and everything under it)
[14.151s] Copying ../../build/motor_control/motor_control.egg-info to /home/raspi-earth/project_ws/install/motor_control/lib/python3.11/site-packages/motor_control-0.0.0-py3.11.egg-info
[14.151s] running install_scripts
[14.411s] Installing joint1_node script to /home/raspi-earth/project_ws/install/motor_control/lib/motor_control
[14.413s] Installing joint2_node script to /home/raspi-earth/project_ws/install/motor_control/lib/motor_control
[14.413s] Installing joint3_node script to /home/raspi-earth/project_ws/install/motor_control/lib/motor_control
[14.414s] Installing servodrive script to /home/raspi-earth/project_ws/install/motor_control/lib/motor_control
[14.415s] Installing stepmotor1 script to /home/raspi-earth/project_ws/install/motor_control/lib/motor_control
[14.416s] Installing stepmotor2 script to /home/raspi-earth/project_ws/install/motor_control/lib/motor_control
[14.416s] Installing stepmotor3 script to /home/raspi-earth/project_ws/install/motor_control/lib/motor_control
[14.417s] writing list of installed files to '/home/raspi-earth/project_ws/build/motor_control/install.log'
[14.615s] Invoked command in '/home/raspi-earth/project_ws/src/motor_control' returned '0': PYTHONPATH=/home/raspi-earth/project_ws/build/motor_control/prefix_override:/usr/lib/python3/dist-packages/colcon_core/task/python/colcon_distutils_commands:/home/raspi-earth/project_ws/install/motor_control/lib/python3.11/site-packages:${PYTHONPATH} /usr/bin/python3 -W ignore:setup.py install is deprecated -W ignore:easy_install command is deprecated setup.py egg_info --egg-base ../../build/motor_control build --build-base /home/raspi-earth/project_ws/build/motor_control/build install --record /home/raspi-earth/project_ws/build/motor_control/install.log --single-version-externally-managed install_data
