[5.733s] Invoking command in '/home/raspi-earth/project_ws/src/motor_control': PYTHONPATH=/home/raspi-earth/project_ws/build/motor_control/prefix_override:/usr/lib/python3/dist-packages/colcon_core/task/python/colcon_distutils_commands:/home/raspi-earth/project_ws/install/motor_control/lib/python3.11/site-packages:${PYTHONPATH} /usr/bin/python3 -W ignore:setup.py install is deprecated -W ignore:easy_install command is deprecated setup.py egg_info --egg-base ../../build/motor_control build --build-base /home/raspi-earth/project_ws/build/motor_control/build install --record /home/raspi-earth/project_ws/build/motor_control/install.log --single-version-externally-managed install_data
[6.847s] running egg_info
[6.886s] writing ../../build/motor_control/motor_control.egg-info/PKG-INFO
[6.889s] writing dependency_links to ../../build/motor_control/motor_control.egg-info/dependency_links.txt
[6.890s] writing entry points to ../../build/motor_control/motor_control.egg-info/entry_points.txt
[6.891s] writing requirements to ../../build/motor_control/motor_control.egg-info/requires.txt
[6.892s] writing top-level names to ../../build/motor_control/motor_control.egg-info/top_level.txt
[6.983s] reading manifest file '../../build/motor_control/motor_control.egg-info/SOURCES.txt'
[6.983s] adding license file 'LICENSE'
[6.985s] writing manifest file '../../build/motor_control/motor_control.egg-info/SOURCES.txt'
[6.985s] running build
[6.986s] running build_py
[6.986s] running install
[7.003s] running install_lib
[7.053s] running install_data
[7.056s] running install_egg_info
[7.188s] removing '/home/raspi-earth/project_ws/install/motor_control/lib/python3.11/site-packages/motor_control-0.0.0-py3.11.egg-info' (and everything under it)
[7.189s] Copying ../../build/motor_control/motor_control.egg-info to /home/raspi-earth/project_ws/install/motor_control/lib/python3.11/site-packages/motor_control-0.0.0-py3.11.egg-info
[7.189s] running install_scripts
[7.478s] Installing joint1_node script to /home/raspi-earth/project_ws/install/motor_control/lib/motor_control
[7.479s] Installing joint2_node script to /home/raspi-earth/project_ws/install/motor_control/lib/motor_control
[7.482s] Installing joint3_node script to /home/raspi-earth/project_ws/install/motor_control/lib/motor_control
[7.489s] Installing servodrive script to /home/raspi-earth/project_ws/install/motor_control/lib/motor_control
[7.490s] Installing stepmotor1 script to /home/raspi-earth/project_ws/install/motor_control/lib/motor_control
[7.490s] Installing stepmotor2 script to /home/raspi-earth/project_ws/install/motor_control/lib/motor_control
[7.490s] Installing stepmotor3 script to /home/raspi-earth/project_ws/install/motor_control/lib/motor_control
[7.490s] writing list of installed files to '/home/raspi-earth/project_ws/build/motor_control/install.log'
[7.713s] Invoked command in '/home/raspi-earth/project_ws/src/motor_control' returned '0': PYTHONPATH=/home/raspi-earth/project_ws/build/motor_control/prefix_override:/usr/lib/python3/dist-packages/colcon_core/task/python/colcon_distutils_commands:/home/raspi-earth/project_ws/install/motor_control/lib/python3.11/site-packages:${PYTHONPATH} /usr/bin/python3 -W ignore:setup.py install is deprecated -W ignore:easy_install command is deprecated setup.py egg_info --egg-base ../../build/motor_control build --build-base /home/raspi-earth/project_ws/build/motor_control/build install --record /home/raspi-earth/project_ws/build/motor_control/install.log --single-version-externally-managed install_data
