[5.796s] Invoking command in '/home/raspi-earth/project_ws/src/motor_control': PYTHONPATH=/home/raspi-earth/project_ws/build/motor_control/prefix_override:/usr/lib/python3/dist-packages/colcon_core/task/python/colcon_distutils_commands:/home/raspi-earth/project_ws/install/motor_control/lib/python3.11/site-packages:${PYTHONPATH} /usr/bin/python3 -W ignore:setup.py install is deprecated -W ignore:easy_install command is deprecated setup.py egg_info --egg-base ../../build/motor_control build --build-base /home/raspi-earth/project_ws/build/motor_control/build install --record /home/raspi-earth/project_ws/build/motor_control/install.log --single-version-externally-managed install_data
[6.924s] running egg_info
[6.964s] writing ../../build/motor_control/motor_control.egg-info/PKG-INFO
[6.964s] writing dependency_links to ../../build/motor_control/motor_control.egg-info/dependency_links.txt
[6.966s] writing entry points to ../../build/motor_control/motor_control.egg-info/entry_points.txt
[6.967s] writing requirements to ../../build/motor_control/motor_control.egg-info/requires.txt
[6.968s] writing top-level names to ../../build/motor_control/motor_control.egg-info/top_level.txt
[7.055s] reading manifest file '../../build/motor_control/motor_control.egg-info/SOURCES.txt'
[7.055s] adding license file 'LICENSE'
[7.056s] writing manifest file '../../build/motor_control/motor_control.egg-info/SOURCES.txt'
[7.056s] running build
[7.057s] running build_py
[7.057s] running install
[7.068s] running install_lib
[7.130s] running install_data
[7.131s] running install_egg_info
[7.261s] removing '/home/raspi-earth/project_ws/install/motor_control/lib/python3.11/site-packages/motor_control-0.0.0-py3.11.egg-info' (and everything under it)
[7.267s] Copying ../../build/motor_control/motor_control.egg-info to /home/raspi-earth/project_ws/install/motor_control/lib/python3.11/site-packages/motor_control-0.0.0-py3.11.egg-info
[7.269s] running install_scripts
[7.474s] Installing joint1_node script to /home/raspi-earth/project_ws/install/motor_control/lib/motor_control
[7.475s] Installing joint2_node script to /home/raspi-earth/project_ws/install/motor_control/lib/motor_control
[7.476s] Installing joint3_node script to /home/raspi-earth/project_ws/install/motor_control/lib/motor_control
[7.477s] Installing servodrive script to /home/raspi-earth/project_ws/install/motor_control/lib/motor_control
[7.478s] Installing stepmotor1 script to /home/raspi-earth/project_ws/install/motor_control/lib/motor_control
[7.479s] Installing stepmotor2 script to /home/raspi-earth/project_ws/install/motor_control/lib/motor_control
[7.480s] Installing stepmotor3 script to /home/raspi-earth/project_ws/install/motor_control/lib/motor_control
[7.482s] writing list of installed files to '/home/raspi-earth/project_ws/build/motor_control/install.log'
[7.689s] Invoked command in '/home/raspi-earth/project_ws/src/motor_control' returned '0': PYTHONPATH=/home/raspi-earth/project_ws/build/motor_control/prefix_override:/usr/lib/python3/dist-packages/colcon_core/task/python/colcon_distutils_commands:/home/raspi-earth/project_ws/install/motor_control/lib/python3.11/site-packages:${PYTHONPATH} /usr/bin/python3 -W ignore:setup.py install is deprecated -W ignore:easy_install command is deprecated setup.py egg_info --egg-base ../../build/motor_control build --build-base /home/raspi-earth/project_ws/build/motor_control/build install --record /home/raspi-earth/project_ws/build/motor_control/install.log --single-version-externally-managed install_data
