[0.355s] DEBUG:colcon:Command line arguments: ['/usr/bin/colcon', 'build']
[0.355s] DEBUG:colcon:Parsed command line arguments: Namespace(log_base=None, log_level=None, verb_name='build', build_base='build', install_base='install', merge_install=False, symlink_install=False, test_result_base=None, continue_on_error=False, executor='parallel', parallel_workers=4, event_handlers=None, ignore_user_meta=False, metas=['./colcon.meta'], base_paths=['.'], packages_ignore=None, packages_ignore_regex=None, paths=None, packages_up_to=None, packages_up_to_regex=None, packages_above=None, packages_above_and_dependencies=None, packages_above_depth=None, packages_select_by_dep=None, packages_skip_by_dep=None, packages_skip_up_to=None, packages_select_build_failed=False, packages_skip_build_finished=False, packages_select_test_failures=False, packages_skip_test_passed=False, packages_select=None, packages_skip=None, packages_select_regex=None, packages_skip_regex=None, packages_start=None, packages_end=None, cmake_args=None, cmake_target=None, cmake_target_skip_unavailable=False, cmake_clean_cache=False, cmake_clean_first=False, cmake_force_configure=False, ament_cmake_args=None, catkin_cmake_args=None, catkin_skip_building_tests=False, verb_parser=<colcon_defaults.argument_parser.defaults.DefaultArgumentsDecorator object at 0x7fff7c758190>, verb_extension=<colcon_core.verb.build.BuildVerb object at 0x7fff7c737a10>, main=<bound method BuildVerb.main of <colcon_core.verb.build.BuildVerb object at 0x7fff7c737a10>>)
[0.987s] Level 1:colcon.colcon_core.package_discovery:discover_packages(colcon_meta) check parameters
[0.988s] Level 1:colcon.colcon_core.package_discovery:discover_packages(recursive) check parameters
[0.988s] Level 1:colcon.colcon_core.package_discovery:discover_packages(ignore) check parameters
[0.988s] Level 1:colcon.colcon_core.package_discovery:discover_packages(path) check parameters
[0.988s] Level 1:colcon.colcon_core.package_discovery:discover_packages(colcon_meta) discover
[0.988s] Level 1:colcon.colcon_core.package_discovery:discover_packages(recursive) discover
[0.988s] INFO:colcon.colcon_core.package_discovery:Crawling recursively for packages in '/home/raspi-earth/project_ws'
[0.988s] Level 1:colcon.colcon_core.package_identification:_identify(.) by extensions ['ignore', 'ignore_ament_install']
[0.988s] Level 1:colcon.colcon_core.package_identification:_identify(.) by extension 'ignore'
[0.988s] Level 1:colcon.colcon_core.package_identification:_identify(.) by extension 'ignore_ament_install'
[0.988s] Level 1:colcon.colcon_core.package_identification:_identify(.) by extensions ['colcon_pkg']
[0.988s] Level 1:colcon.colcon_core.package_identification:_identify(.) by extension 'colcon_pkg'
[0.988s] Level 1:colcon.colcon_core.package_identification:_identify(.) by extensions ['colcon_meta']
[0.988s] Level 1:colcon.colcon_core.package_identification:_identify(.) by extension 'colcon_meta'
[0.988s] Level 1:colcon.colcon_core.package_identification:_identify(.) by extensions ['ros']
[0.988s] Level 1:colcon.colcon_core.package_identification:_identify(.) by extension 'ros'
[1.019s] Level 1:colcon.colcon_core.package_identification:_identify(.) by extensions ['cmake', 'python']
[1.019s] Level 1:colcon.colcon_core.package_identification:_identify(.) by extension 'cmake'
[1.019s] Level 1:colcon.colcon_core.package_identification:_identify(.) by extension 'python'
[1.019s] Level 1:colcon.colcon_core.package_identification:_identify(.) by extensions ['python_setup_py']
[1.020s] Level 1:colcon.colcon_core.package_identification:_identify(.) by extension 'python_setup_py'
[1.020s] Level 1:colcon.colcon_core.package_identification:_identify(build) by extensions ['ignore', 'ignore_ament_install']
[1.020s] Level 1:colcon.colcon_core.package_identification:_identify(build) by extension 'ignore'
[1.020s] Level 1:colcon.colcon_core.package_identification:_identify(build) ignored
[1.020s] Level 1:colcon.colcon_core.package_identification:_identify(install) by extensions ['ignore', 'ignore_ament_install']
[1.020s] Level 1:colcon.colcon_core.package_identification:_identify(install) by extension 'ignore'
[1.020s] Level 1:colcon.colcon_core.package_identification:_identify(install) ignored
[1.020s] Level 1:colcon.colcon_core.package_identification:_identify(log) by extensions ['ignore', 'ignore_ament_install']
[1.020s] Level 1:colcon.colcon_core.package_identification:_identify(log) by extension 'ignore'
[1.020s] Level 1:colcon.colcon_core.package_identification:_identify(log) ignored
[1.020s] Level 1:colcon.colcon_core.package_identification:_identify(src) by extensions ['ignore', 'ignore_ament_install']
[1.021s] Level 1:colcon.colcon_core.package_identification:_identify(src) by extension 'ignore'
[1.021s] Level 1:colcon.colcon_core.package_identification:_identify(src) by extension 'ignore_ament_install'
[1.021s] Level 1:colcon.colcon_core.package_identification:_identify(src) by extensions ['colcon_pkg']
[1.021s] Level 1:colcon.colcon_core.package_identification:_identify(src) by extension 'colcon_pkg'
[1.021s] Level 1:colcon.colcon_core.package_identification:_identify(src) by extensions ['colcon_meta']
[1.021s] Level 1:colcon.colcon_core.package_identification:_identify(src) by extension 'colcon_meta'
[1.021s] Level 1:colcon.colcon_core.package_identification:_identify(src) by extensions ['ros']
[1.021s] Level 1:colcon.colcon_core.package_identification:_identify(src) by extension 'ros'
[1.021s] Level 1:colcon.colcon_core.package_identification:_identify(src) by extensions ['cmake', 'python']
[1.021s] Level 1:colcon.colcon_core.package_identification:_identify(src) by extension 'cmake'
[1.021s] Level 1:colcon.colcon_core.package_identification:_identify(src) by extension 'python'
[1.021s] Level 1:colcon.colcon_core.package_identification:_identify(src) by extensions ['python_setup_py']
[1.021s] Level 1:colcon.colcon_core.package_identification:_identify(src) by extension 'python_setup_py'
[1.021s] Level 1:colcon.colcon_core.package_identification:_identify(src/encoder_unit) by extensions ['ignore', 'ignore_ament_install']
[1.021s] Level 1:colcon.colcon_core.package_identification:_identify(src/encoder_unit) by extension 'ignore'
[1.021s] Level 1:colcon.colcon_core.package_identification:_identify(src/encoder_unit) by extension 'ignore_ament_install'
[1.021s] Level 1:colcon.colcon_core.package_identification:_identify(src/encoder_unit) by extensions ['colcon_pkg']
[1.021s] Level 1:colcon.colcon_core.package_identification:_identify(src/encoder_unit) by extension 'colcon_pkg'
[1.021s] Level 1:colcon.colcon_core.package_identification:_identify(src/encoder_unit) by extensions ['colcon_meta']
[1.021s] Level 1:colcon.colcon_core.package_identification:_identify(src/encoder_unit) by extension 'colcon_meta'
[1.021s] Level 1:colcon.colcon_core.package_identification:_identify(src/encoder_unit) by extensions ['ros']
[1.021s] Level 1:colcon.colcon_core.package_identification:_identify(src/encoder_unit) by extension 'ros'
[1.028s] DEBUG:colcon.colcon_core.package_identification:Package 'src/encoder_unit' with type 'ros.ament_python' and name 'encoder_unit'
[1.028s] Level 1:colcon.colcon_core.package_identification:_identify(src/esp32_firmware) by extensions ['ignore', 'ignore_ament_install']
[1.028s] Level 1:colcon.colcon_core.package_identification:_identify(src/esp32_firmware) by extension 'ignore'
[1.028s] Level 1:colcon.colcon_core.package_identification:_identify(src/esp32_firmware) by extension 'ignore_ament_install'
[1.028s] Level 1:colcon.colcon_core.package_identification:_identify(src/esp32_firmware) by extensions ['colcon_pkg']
[1.028s] Level 1:colcon.colcon_core.package_identification:_identify(src/esp32_firmware) by extension 'colcon_pkg'
[1.028s] Level 1:colcon.colcon_core.package_identification:_identify(src/esp32_firmware) by extensions ['colcon_meta']
[1.028s] Level 1:colcon.colcon_core.package_identification:_identify(src/esp32_firmware) by extension 'colcon_meta'
[1.028s] Level 1:colcon.colcon_core.package_identification:_identify(src/esp32_firmware) by extensions ['ros']
[1.028s] Level 1:colcon.colcon_core.package_identification:_identify(src/esp32_firmware) by extension 'ros'
[1.028s] Level 1:colcon.colcon_core.package_identification:_identify(src/esp32_firmware) by extensions ['cmake', 'python']
[1.028s] Level 1:colcon.colcon_core.package_identification:_identify(src/esp32_firmware) by extension 'cmake'
[1.029s] Level 1:colcon.colcon_core.package_identification:_identify(src/esp32_firmware) by extension 'python'
[1.029s] Level 1:colcon.colcon_core.package_identification:_identify(src/esp32_firmware) by extensions ['python_setup_py']
[1.029s] Level 1:colcon.colcon_core.package_identification:_identify(src/esp32_firmware) by extension 'python_setup_py'
[1.029s] Level 1:colcon.colcon_core.package_identification:_identify(src/esp32_firmware/esp32_read_i2c) by extensions ['ignore', 'ignore_ament_install']
[1.029s] Level 1:colcon.colcon_core.package_identification:_identify(src/esp32_firmware/esp32_read_i2c) by extension 'ignore'
[1.029s] Level 1:colcon.colcon_core.package_identification:_identify(src/esp32_firmware/esp32_read_i2c) by extension 'ignore_ament_install'
[1.029s] Level 1:colcon.colcon_core.package_identification:_identify(src/esp32_firmware/esp32_read_i2c) by extensions ['colcon_pkg']
[1.029s] Level 1:colcon.colcon_core.package_identification:_identify(src/esp32_firmware/esp32_read_i2c) by extension 'colcon_pkg'
[1.029s] Level 1:colcon.colcon_core.package_identification:_identify(src/esp32_firmware/esp32_read_i2c) by extensions ['colcon_meta']
[1.029s] Level 1:colcon.colcon_core.package_identification:_identify(src/esp32_firmware/esp32_read_i2c) by extension 'colcon_meta'
[1.029s] Level 1:colcon.colcon_core.package_identification:_identify(src/esp32_firmware/esp32_read_i2c) by extensions ['ros']
[1.029s] Level 1:colcon.colcon_core.package_identification:_identify(src/esp32_firmware/esp32_read_i2c) by extension 'ros'
[1.029s] Level 1:colcon.colcon_core.package_identification:_identify(src/esp32_firmware/esp32_read_i2c) by extensions ['cmake', 'python']
[1.029s] Level 1:colcon.colcon_core.package_identification:_identify(src/esp32_firmware/esp32_read_i2c) by extension 'cmake'
[1.029s] Level 1:colcon.colcon_core.package_identification:_identify(src/esp32_firmware/esp32_read_i2c) by extension 'python'
[1.029s] Level 1:colcon.colcon_core.package_identification:_identify(src/esp32_firmware/esp32_read_i2c) by extensions ['python_setup_py']
[1.029s] Level 1:colcon.colcon_core.package_identification:_identify(src/esp32_firmware/esp32_read_i2c) by extension 'python_setup_py'
[1.029s] Level 1:colcon.colcon_core.package_identification:_identify(src/launch_project) by extensions ['ignore', 'ignore_ament_install']
[1.029s] Level 1:colcon.colcon_core.package_identification:_identify(src/launch_project) by extension 'ignore'
[1.029s] Level 1:colcon.colcon_core.package_identification:_identify(src/launch_project) by extension 'ignore_ament_install'
[1.029s] Level 1:colcon.colcon_core.package_identification:_identify(src/launch_project) by extensions ['colcon_pkg']
[1.029s] Level 1:colcon.colcon_core.package_identification:_identify(src/launch_project) by extension 'colcon_pkg'
[1.029s] Level 1:colcon.colcon_core.package_identification:_identify(src/launch_project) by extensions ['colcon_meta']
[1.029s] Level 1:colcon.colcon_core.package_identification:_identify(src/launch_project) by extension 'colcon_meta'
[1.029s] Level 1:colcon.colcon_core.package_identification:_identify(src/launch_project) by extensions ['ros']
[1.030s] Level 1:colcon.colcon_core.package_identification:_identify(src/launch_project) by extension 'ros'
[1.031s] DEBUG:colcon.colcon_core.package_identification:Package 'src/launch_project' with type 'ros.ament_python' and name 'launch_project'
[1.031s] Level 1:colcon.colcon_core.package_identification:_identify(src/motor_control) by extensions ['ignore', 'ignore_ament_install']
[1.031s] Level 1:colcon.colcon_core.package_identification:_identify(src/motor_control) by extension 'ignore'
[1.031s] Level 1:colcon.colcon_core.package_identification:_identify(src/motor_control) by extension 'ignore_ament_install'
[1.031s] Level 1:colcon.colcon_core.package_identification:_identify(src/motor_control) by extensions ['colcon_pkg']
[1.031s] Level 1:colcon.colcon_core.package_identification:_identify(src/motor_control) by extension 'colcon_pkg'
[1.031s] Level 1:colcon.colcon_core.package_identification:_identify(src/motor_control) by extensions ['colcon_meta']
[1.031s] Level 1:colcon.colcon_core.package_identification:_identify(src/motor_control) by extension 'colcon_meta'
[1.031s] Level 1:colcon.colcon_core.package_identification:_identify(src/motor_control) by extensions ['ros']
[1.031s] Level 1:colcon.colcon_core.package_identification:_identify(src/motor_control) by extension 'ros'
[1.032s] DEBUG:colcon.colcon_core.package_identification:Package 'src/motor_control' with type 'ros.ament_python' and name 'motor_control'
[1.032s] Level 1:colcon.colcon_core.package_identification:_identify(src/processor_unit) by extensions ['ignore', 'ignore_ament_install']
[1.032s] Level 1:colcon.colcon_core.package_identification:_identify(src/processor_unit) by extension 'ignore'
[1.032s] Level 1:colcon.colcon_core.package_identification:_identify(src/processor_unit) by extension 'ignore_ament_install'
[1.032s] Level 1:colcon.colcon_core.package_identification:_identify(src/processor_unit) by extensions ['colcon_pkg']
[1.032s] Level 1:colcon.colcon_core.package_identification:_identify(src/processor_unit) by extension 'colcon_pkg'
[1.032s] Level 1:colcon.colcon_core.package_identification:_identify(src/processor_unit) by extensions ['colcon_meta']
[1.032s] Level 1:colcon.colcon_core.package_identification:_identify(src/processor_unit) by extension 'colcon_meta'
[1.032s] Level 1:colcon.colcon_core.package_identification:_identify(src/processor_unit) by extensions ['ros']
[1.033s] Level 1:colcon.colcon_core.package_identification:_identify(src/processor_unit) by extension 'ros'
[1.033s] DEBUG:colcon.colcon_core.package_identification:Package 'src/processor_unit' with type 'ros.ament_python' and name 'processor_unit'
[1.034s] Level 1:colcon.colcon_core.package_identification:_identify(src/whitepost_description) by extensions ['ignore', 'ignore_ament_install']
[1.034s] Level 1:colcon.colcon_core.package_identification:_identify(src/whitepost_description) by extension 'ignore'
[1.034s] Level 1:colcon.colcon_core.package_identification:_identify(src/whitepost_description) by extension 'ignore_ament_install'
[1.034s] Level 1:colcon.colcon_core.package_identification:_identify(src/whitepost_description) by extensions ['colcon_pkg']
[1.034s] Level 1:colcon.colcon_core.package_identification:_identify(src/whitepost_description) by extension 'colcon_pkg'
[1.034s] Level 1:colcon.colcon_core.package_identification:_identify(src/whitepost_description) by extensions ['colcon_meta']
[1.034s] Level 1:colcon.colcon_core.package_identification:_identify(src/whitepost_description) by extension 'colcon_meta'
[1.034s] Level 1:colcon.colcon_core.package_identification:_identify(src/whitepost_description) by extensions ['ros']
[1.034s] Level 1:colcon.colcon_core.package_identification:_identify(src/whitepost_description) by extension 'ros'
[1.035s] DEBUG:colcon.colcon_core.package_identification:Package 'src/whitepost_description' with type 'ros.ament_cmake' and name 'whitepost_description'
[1.035s] Level 1:colcon.colcon_core.package_discovery:discover_packages(recursive) using defaults
[1.035s] Level 1:colcon.colcon_core.package_discovery:discover_packages(ignore) discover
[1.035s] Level 1:colcon.colcon_core.package_discovery:discover_packages(ignore) using defaults
[1.035s] Level 1:colcon.colcon_core.package_discovery:discover_packages(path) discover
[1.035s] Level 1:colcon.colcon_core.package_discovery:discover_packages(path) using defaults
[1.100s] Level 5:colcon.colcon_core.verb:set package 'encoder_unit' build argument 'cmake_args' from command line to 'None'
[1.100s] Level 5:colcon.colcon_core.verb:set package 'encoder_unit' build argument 'cmake_target' from command line to 'None'
[1.100s] Level 5:colcon.colcon_core.verb:set package 'encoder_unit' build argument 'cmake_target_skip_unavailable' from command line to 'False'
[1.100s] Level 5:colcon.colcon_core.verb:set package 'encoder_unit' build argument 'cmake_clean_cache' from command line to 'False'
[1.101s] Level 5:colcon.colcon_core.verb:set package 'encoder_unit' build argument 'cmake_clean_first' from command line to 'False'
[1.101s] Level 5:colcon.colcon_core.verb:set package 'encoder_unit' build argument 'cmake_force_configure' from command line to 'False'
[1.101s] Level 5:colcon.colcon_core.verb:set package 'encoder_unit' build argument 'ament_cmake_args' from command line to 'None'
[1.101s] Level 5:colcon.colcon_core.verb:set package 'encoder_unit' build argument 'catkin_cmake_args' from command line to 'None'
[1.101s] Level 5:colcon.colcon_core.verb:set package 'encoder_unit' build argument 'catkin_skip_building_tests' from command line to 'False'
[1.101s] DEBUG:colcon.colcon_core.verb:Building package 'encoder_unit' with the following arguments: {'ament_cmake_args': None, 'build_base': '/home/raspi-earth/project_ws/build/encoder_unit', 'catkin_cmake_args': None, 'catkin_skip_building_tests': False, 'cmake_args': None, 'cmake_clean_cache': False, 'cmake_clean_first': False, 'cmake_force_configure': False, 'cmake_target': None, 'cmake_target_skip_unavailable': False, 'install_base': '/home/raspi-earth/project_ws/install/encoder_unit', 'merge_install': False, 'path': '/home/raspi-earth/project_ws/src/encoder_unit', 'symlink_install': False, 'test_result_base': None}
[1.101s] Level 5:colcon.colcon_core.verb:set package 'launch_project' build argument 'cmake_args' from command line to 'None'
[1.101s] Level 5:colcon.colcon_core.verb:set package 'launch_project' build argument 'cmake_target' from command line to 'None'
[1.101s] Level 5:colcon.colcon_core.verb:set package 'launch_project' build argument 'cmake_target_skip_unavailable' from command line to 'False'
[1.101s] Level 5:colcon.colcon_core.verb:set package 'launch_project' build argument 'cmake_clean_cache' from command line to 'False'
[1.101s] Level 5:colcon.colcon_core.verb:set package 'launch_project' build argument 'cmake_clean_first' from command line to 'False'
[1.101s] Level 5:colcon.colcon_core.verb:set package 'launch_project' build argument 'cmake_force_configure' from command line to 'False'
[1.101s] Level 5:colcon.colcon_core.verb:set package 'launch_project' build argument 'ament_cmake_args' from command line to 'None'
[1.101s] Level 5:colcon.colcon_core.verb:set package 'launch_project' build argument 'catkin_cmake_args' from command line to 'None'
[1.101s] Level 5:colcon.colcon_core.verb:set package 'launch_project' build argument 'catkin_skip_building_tests' from command line to 'False'
[1.101s] DEBUG:colcon.colcon_core.verb:Building package 'launch_project' with the following arguments: {'ament_cmake_args': None, 'build_base': '/home/raspi-earth/project_ws/build/launch_project', 'catkin_cmake_args': None, 'catkin_skip_building_tests': False, 'cmake_args': None, 'cmake_clean_cache': False, 'cmake_clean_first': False, 'cmake_force_configure': False, 'cmake_target': None, 'cmake_target_skip_unavailable': False, 'install_base': '/home/raspi-earth/project_ws/install/launch_project', 'merge_install': False, 'path': '/home/raspi-earth/project_ws/src/launch_project', 'symlink_install': False, 'test_result_base': None}
[1.101s] Level 5:colcon.colcon_core.verb:set package 'motor_control' build argument 'cmake_args' from command line to 'None'
[1.101s] Level 5:colcon.colcon_core.verb:set package 'motor_control' build argument 'cmake_target' from command line to 'None'
[1.101s] Level 5:colcon.colcon_core.verb:set package 'motor_control' build argument 'cmake_target_skip_unavailable' from command line to 'False'
[1.101s] Level 5:colcon.colcon_core.verb:set package 'motor_control' build argument 'cmake_clean_cache' from command line to 'False'
[1.102s] Level 5:colcon.colcon_core.verb:set package 'motor_control' build argument 'cmake_clean_first' from command line to 'False'
[1.102s] Level 5:colcon.colcon_core.verb:set package 'motor_control' build argument 'cmake_force_configure' from command line to 'False'
[1.102s] Level 5:colcon.colcon_core.verb:set package 'motor_control' build argument 'ament_cmake_args' from command line to 'None'
[1.102s] Level 5:colcon.colcon_core.verb:set package 'motor_control' build argument 'catkin_cmake_args' from command line to 'None'
[1.102s] Level 5:colcon.colcon_core.verb:set package 'motor_control' build argument 'catkin_skip_building_tests' from command line to 'False'
[1.102s] DEBUG:colcon.colcon_core.verb:Building package 'motor_control' with the following arguments: {'ament_cmake_args': None, 'build_base': '/home/raspi-earth/project_ws/build/motor_control', 'catkin_cmake_args': None, 'catkin_skip_building_tests': False, 'cmake_args': None, 'cmake_clean_cache': False, 'cmake_clean_first': False, 'cmake_force_configure': False, 'cmake_target': None, 'cmake_target_skip_unavailable': False, 'install_base': '/home/raspi-earth/project_ws/install/motor_control', 'merge_install': False, 'path': '/home/raspi-earth/project_ws/src/motor_control', 'symlink_install': False, 'test_result_base': None}
[1.102s] Level 5:colcon.colcon_core.verb:set package 'processor_unit' build argument 'cmake_args' from command line to 'None'
[1.102s] Level 5:colcon.colcon_core.verb:set package 'processor_unit' build argument 'cmake_target' from command line to 'None'
[1.102s] Level 5:colcon.colcon_core.verb:set package 'processor_unit' build argument 'cmake_target_skip_unavailable' from command line to 'False'
[1.102s] Level 5:colcon.colcon_core.verb:set package 'processor_unit' build argument 'cmake_clean_cache' from command line to 'False'
[1.102s] Level 5:colcon.colcon_core.verb:set package 'processor_unit' build argument 'cmake_clean_first' from command line to 'False'
[1.102s] Level 5:colcon.colcon_core.verb:set package 'processor_unit' build argument 'cmake_force_configure' from command line to 'False'
[1.102s] Level 5:colcon.colcon_core.verb:set package 'processor_unit' build argument 'ament_cmake_args' from command line to 'None'
[1.102s] Level 5:colcon.colcon_core.verb:set package 'processor_unit' build argument 'catkin_cmake_args' from command line to 'None'
[1.102s] Level 5:colcon.colcon_core.verb:set package 'processor_unit' build argument 'catkin_skip_building_tests' from command line to 'False'
[1.102s] DEBUG:colcon.colcon_core.verb:Building package 'processor_unit' with the following arguments: {'ament_cmake_args': None, 'build_base': '/home/raspi-earth/project_ws/build/processor_unit', 'catkin_cmake_args': None, 'catkin_skip_building_tests': False, 'cmake_args': None, 'cmake_clean_cache': False, 'cmake_clean_first': False, 'cmake_force_configure': False, 'cmake_target': None, 'cmake_target_skip_unavailable': False, 'install_base': '/home/raspi-earth/project_ws/install/processor_unit', 'merge_install': False, 'path': '/home/raspi-earth/project_ws/src/processor_unit', 'symlink_install': False, 'test_result_base': None}
[1.102s] Level 5:colcon.colcon_core.verb:set package 'whitepost_description' build argument 'cmake_args' from command line to 'None'
[1.102s] Level 5:colcon.colcon_core.verb:set package 'whitepost_description' build argument 'cmake_target' from command line to 'None'
[1.102s] Level 5:colcon.colcon_core.verb:set package 'whitepost_description' build argument 'cmake_target_skip_unavailable' from command line to 'False'
[1.102s] Level 5:colcon.colcon_core.verb:set package 'whitepost_description' build argument 'cmake_clean_cache' from command line to 'False'
[1.102s] Level 5:colcon.colcon_core.verb:set package 'whitepost_description' build argument 'cmake_clean_first' from command line to 'False'
[1.102s] Level 5:colcon.colcon_core.verb:set package 'whitepost_description' build argument 'cmake_force_configure' from command line to 'False'
[1.102s] Level 5:colcon.colcon_core.verb:set package 'whitepost_description' build argument 'ament_cmake_args' from command line to 'None'
[1.102s] Level 5:colcon.colcon_core.verb:set package 'whitepost_description' build argument 'catkin_cmake_args' from command line to 'None'
[1.102s] Level 5:colcon.colcon_core.verb:set package 'whitepost_description' build argument 'catkin_skip_building_tests' from command line to 'False'
[1.102s] DEBUG:colcon.colcon_core.verb:Building package 'whitepost_description' with the following arguments: {'ament_cmake_args': None, 'build_base': '/home/raspi-earth/project_ws/build/whitepost_description', 'catkin_cmake_args': None, 'catkin_skip_building_tests': False, 'cmake_args': None, 'cmake_clean_cache': False, 'cmake_clean_first': False, 'cmake_force_configure': False, 'cmake_target': None, 'cmake_target_skip_unavailable': False, 'install_base': '/home/raspi-earth/project_ws/install/whitepost_description', 'merge_install': False, 'path': '/home/raspi-earth/project_ws/src/whitepost_description', 'symlink_install': False, 'test_result_base': None}
[1.103s] INFO:colcon.colcon_core.executor:Executing jobs using 'parallel' executor
[1.104s] DEBUG:colcon.colcon_parallel_executor.executor.parallel:run_until_complete
[1.104s] INFO:colcon.colcon_ros.task.ament_python.build:Building ROS package in '/home/raspi-earth/project_ws/src/encoder_unit' with build type 'ament_python'
[1.104s] Level 1:colcon.colcon_core.shell:create_environment_hook('encoder_unit', 'ament_prefix_path')
[1.118s] INFO:colcon.colcon_core.plugin_system:Skipping extension 'colcon_core.shell.bat': Not used on non-Windows systems
[1.118s] INFO:colcon.colcon_core.shell:Creating environment descriptor '/home/raspi-earth/project_ws/install/encoder_unit/share/encoder_unit/hook/ament_prefix_path.dsv'
[1.120s] INFO:colcon.colcon_core.shell:Creating environment hook '/home/raspi-earth/project_ws/install/encoder_unit/share/encoder_unit/hook/ament_prefix_path.sh'
[1.122s] DEBUG:colcon.colcon_core.shell:Skip shell extension 'dsv' for command environment
[1.152s] INFO:colcon.colcon_ros.task.ament_python.build:Building ROS package in '/home/raspi-earth/project_ws/src/launch_project' with build type 'ament_python'
[1.152s] Level 1:colcon.colcon_core.shell:create_environment_hook('launch_project', 'ament_prefix_path')
[1.152s] INFO:colcon.colcon_core.shell:Creating environment descriptor '/home/raspi-earth/project_ws/install/launch_project/share/launch_project/hook/ament_prefix_path.dsv'
[1.153s] INFO:colcon.colcon_core.shell:Creating environment hook '/home/raspi-earth/project_ws/install/launch_project/share/launch_project/hook/ament_prefix_path.sh'
[1.154s] DEBUG:colcon.colcon_core.shell:Skip shell extension 'dsv' for command environment
[1.180s] INFO:colcon.colcon_ros.task.ament_python.build:Building ROS package in '/home/raspi-earth/project_ws/src/motor_control' with build type 'ament_python'
[1.180s] Level 1:colcon.colcon_core.shell:create_environment_hook('motor_control', 'ament_prefix_path')
[1.181s] INFO:colcon.colcon_core.shell:Creating environment descriptor '/home/raspi-earth/project_ws/install/motor_control/share/motor_control/hook/ament_prefix_path.dsv'
[1.181s] INFO:colcon.colcon_core.shell:Creating environment hook '/home/raspi-earth/project_ws/install/motor_control/share/motor_control/hook/ament_prefix_path.sh'
[1.183s] DEBUG:colcon.colcon_core.shell:Skip shell extension 'dsv' for command environment
[1.207s] INFO:colcon.colcon_ros.task.ament_python.build:Building ROS package in '/home/raspi-earth/project_ws/src/processor_unit' with build type 'ament_python'
[1.208s] Level 1:colcon.colcon_core.shell:create_environment_hook('processor_unit', 'ament_prefix_path')
[1.208s] INFO:colcon.colcon_core.shell:Creating environment descriptor '/home/raspi-earth/project_ws/install/processor_unit/share/processor_unit/hook/ament_prefix_path.dsv'
[1.209s] INFO:colcon.colcon_core.shell:Creating environment hook '/home/raspi-earth/project_ws/install/processor_unit/share/processor_unit/hook/ament_prefix_path.sh'
[1.210s] DEBUG:colcon.colcon_core.shell:Skip shell extension 'dsv' for command environment
[2.156s] INFO:colcon.colcon_core.task.python.build:Building Python package in '/home/raspi-earth/project_ws/src/encoder_unit'
[2.156s] DEBUG:colcon.colcon_core.shell:Skip shell extension 'dsv' for command environment
[3.079s] INFO:colcon.colcon_core.task.python.build:Building Python package in '/home/raspi-earth/project_ws/src/launch_project'
[3.079s] DEBUG:colcon.colcon_core.shell:Skip shell extension 'dsv' for command environment
[3.996s] INFO:colcon.colcon_core.task.python.build:Building Python package in '/home/raspi-earth/project_ws/src/motor_control'
[3.997s] DEBUG:colcon.colcon_core.shell:Skip shell extension 'dsv' for command environment
[4.932s] INFO:colcon.colcon_core.task.python.build:Building Python package in '/home/raspi-earth/project_ws/src/processor_unit'
[4.933s] DEBUG:colcon.colcon_core.shell:Skip shell extension 'dsv' for command environment
[7.437s] DEBUG:colcon.colcon_core.event_handler.log_command:Invoking command in '/home/raspi-earth/project_ws/src/encoder_unit': PYTHONPATH=/home/raspi-earth/project_ws/build/encoder_unit/prefix_override:/usr/lib/python3/dist-packages/colcon_core/task/python/colcon_distutils_commands:/home/raspi-earth/project_ws/install/encoder_unit/lib/python3.11/site-packages:${PYTHONPATH} /usr/bin/python3 -W ignore:setup.py install is deprecated -W ignore:easy_install command is deprecated setup.py egg_info --egg-base ../../build/encoder_unit build --build-base /home/raspi-earth/project_ws/build/encoder_unit/build install --record /home/raspi-earth/project_ws/build/encoder_unit/install.log --single-version-externally-managed install_data
[7.461s] DEBUG:colcon.colcon_core.event_handler.log_command:Invoking command in '/home/raspi-earth/project_ws/src/processor_unit': PYTHONPATH=/home/raspi-earth/project_ws/build/processor_unit/prefix_override:/usr/lib/python3/dist-packages/colcon_core/task/python/colcon_distutils_commands:/home/raspi-earth/project_ws/install/processor_unit/lib/python3.11/site-packages:${PYTHONPATH} /usr/bin/python3 -W ignore:setup.py install is deprecated -W ignore:easy_install command is deprecated setup.py egg_info --egg-base ../../build/processor_unit build --build-base /home/raspi-earth/project_ws/build/processor_unit/build install --record /home/raspi-earth/project_ws/build/processor_unit/install.log --single-version-externally-managed install_data
[7.468s] DEBUG:colcon.colcon_core.event_handler.log_command:Invoking command in '/home/raspi-earth/project_ws/src/motor_control': PYTHONPATH=/home/raspi-earth/project_ws/build/motor_control/prefix_override:/usr/lib/python3/dist-packages/colcon_core/task/python/colcon_distutils_commands:/home/raspi-earth/project_ws/install/motor_control/lib/python3.11/site-packages:${PYTHONPATH} /usr/bin/python3 -W ignore:setup.py install is deprecated -W ignore:easy_install command is deprecated setup.py egg_info --egg-base ../../build/motor_control build --build-base /home/raspi-earth/project_ws/build/motor_control/build install --record /home/raspi-earth/project_ws/build/motor_control/install.log --single-version-externally-managed install_data
[7.520s] DEBUG:colcon.colcon_core.event_handler.log_command:Invoking command in '/home/raspi-earth/project_ws/src/launch_project': PYTHONPATH=/home/raspi-earth/project_ws/build/launch_project/prefix_override:/usr/lib/python3/dist-packages/colcon_core/task/python/colcon_distutils_commands:/home/raspi-earth/project_ws/install/launch_project/lib/python3.11/site-packages:${PYTHONPATH} /usr/bin/python3 -W ignore:setup.py install is deprecated -W ignore:easy_install command is deprecated setup.py egg_info --egg-base ../../build/launch_project build --build-base /home/raspi-earth/project_ws/build/launch_project/build install --record /home/raspi-earth/project_ws/build/launch_project/install.log --single-version-externally-managed install_data
[9.344s] DEBUG:colcon.colcon_core.event_handler.log_command:Invoked command in '/home/raspi-earth/project_ws/src/motor_control' returned '0': PYTHONPATH=/home/raspi-earth/project_ws/build/motor_control/prefix_override:/usr/lib/python3/dist-packages/colcon_core/task/python/colcon_distutils_commands:/home/raspi-earth/project_ws/install/motor_control/lib/python3.11/site-packages:${PYTHONPATH} /usr/bin/python3 -W ignore:setup.py install is deprecated -W ignore:easy_install command is deprecated setup.py egg_info --egg-base ../../build/motor_control build --build-base /home/raspi-earth/project_ws/build/motor_control/build install --record /home/raspi-earth/project_ws/build/motor_control/install.log --single-version-externally-managed install_data
[9.364s] Level 1:colcon.colcon_core.environment:checking '/home/raspi-earth/project_ws/install/motor_control' for CMake module files
[9.364s] Level 1:colcon.colcon_core.environment:checking '/home/raspi-earth/project_ws/install/motor_control' for CMake config files
[9.365s] Level 1:colcon.colcon_core.environment:checking '/home/raspi-earth/project_ws/install/motor_control/lib'
[9.365s] Level 1:colcon.colcon_core.environment:checking '/home/raspi-earth/project_ws/install/motor_control/bin'
[9.365s] Level 1:colcon.colcon_core.environment:checking '/home/raspi-earth/project_ws/install/motor_control/lib/pkgconfig/motor_control.pc'
[9.366s] Level 1:colcon.colcon_core.environment:checking '/home/raspi-earth/project_ws/install/motor_control/lib/python3.11/site-packages'
[9.366s] Level 1:colcon.colcon_core.shell:create_environment_hook('motor_control', 'pythonpath')
[9.366s] INFO:colcon.colcon_core.shell:Creating environment descriptor '/home/raspi-earth/project_ws/install/motor_control/share/motor_control/hook/pythonpath.dsv'
[9.367s] INFO:colcon.colcon_core.shell:Creating environment hook '/home/raspi-earth/project_ws/install/motor_control/share/motor_control/hook/pythonpath.sh'
[9.369s] Level 1:colcon.colcon_core.environment:checking '/home/raspi-earth/project_ws/install/motor_control/bin'
[9.370s] Level 1:colcon.colcon_core.environment:create_environment_scripts_only(motor_control)
[9.370s] INFO:colcon.colcon_core.shell:Creating package descriptor '/home/raspi-earth/project_ws/install/motor_control/share/motor_control/package.dsv'
[9.372s] INFO:colcon.colcon_core.shell:Creating package script '/home/raspi-earth/project_ws/install/motor_control/share/motor_control/package.sh'
[9.374s] INFO:colcon.colcon_core.shell:Creating package script '/home/raspi-earth/project_ws/install/motor_control/share/motor_control/package.bash'
[9.376s] INFO:colcon.colcon_core.shell:Creating package script '/home/raspi-earth/project_ws/install/motor_control/share/motor_control/package.zsh'
[9.379s] Level 1:colcon.colcon_core.environment:create_file_with_runtime_dependencies(/home/raspi-earth/project_ws/install/motor_control/share/colcon-core/packages/motor_control)
[9.380s] INFO:colcon.colcon_ros.task.ament_cmake.build:Building ROS package in '/home/raspi-earth/project_ws/src/whitepost_description' with build type 'ament_cmake'
[9.380s] INFO:colcon.colcon_cmake.task.cmake.build:Building CMake package in '/home/raspi-earth/project_ws/src/whitepost_description'
[9.381s] DEBUG:colcon.colcon_core.shell:Skip shell extension 'dsv' for command environment
[9.458s] DEBUG:colcon.colcon_core.event_handler.log_command:Invoking command in '/home/raspi-earth/project_ws/build/whitepost_description': CMAKE_PREFIX_PATH=${CMAKE_PREFIX_PATH}:/home/raspi-earth/project_ws/install/processor_unit:/home/raspi-earth/project_ws/install/motor_control:/home/raspi-earth/project_ws/install/launch_project:/home/raspi-earth/project_ws/install/encoder_unit:/home/raspi-earth/ros2_humble/install/rqt_bag_plugins:/home/raspi-earth/ros2_humble/install/rqt_bag:/home/raspi-earth/ros2_humble/install/launch_testing_examples:/home/raspi-earth/ros2_humble/install/ros2bag:/home/raspi-earth/ros2_humble/install/tracetools_test:/home/raspi-earth/ros2_humble/install/tracetools_launch:/home/raspi-earth/ros2_humble/install/topic_monitor:/home/raspi-earth/ros2_humble/install/tf2_tools:/home/raspi-earth/ros2_humble/install/examples_tf2_py:/home/raspi-earth/ros2_humble/install/tf2_ros_py:/home/raspi-earth/ros2_humble/install/sros2:/home/raspi-earth/ros2_humble/install/rqt_topic:/home/raspi-earth/ros2_humble/install/rqt_srv:/home/raspi-earth/ros2_humble/install/rqt_shell:/home/raspi-earth/ros2_humble/install/rqt_service_caller:/home/raspi-earth/ros2_humble/install/rqt_reconfigure:/home/raspi-earth/ros2_humble/install/rqt_py_console:/home/raspi-earth/ros2_humble/install/rqt_publisher:/home/raspi-earth/ros2_humble/install/rqt_plot:/home/raspi-earth/ros2_humble/install/rqt_action:/home/raspi-earth/ros2_humble/install/rqt_msg:/home/raspi-earth/ros2_humble/install/rqt_console:/home/raspi-earth/ros2_humble/install/rqt:/home/raspi-earth/ros2_humble/install/rqt_graph:/home/raspi-earth/ros2_humble/install/rqt_gui_py:/home/raspi-earth/ros2_humble/install/rqt_gui:/home/raspi-earth/ros2_humble/install/ros2trace:/home/raspi-earth/ros2_humble/install/ros2topic:/home/raspi-earth/ros2_humble/install/ros2test:/home/raspi-earth/ros2_humble/install/ros2component:/home/raspi-earth/ros2_humble/install/ros2param:/home/raspi-earth/ros2_humble/install/ros2lifecycle:/home/raspi-earth/ros2_humble/install/ros2service:/home/raspi-earth/ros2_humble/install/ros2run:/home/raspi-earth/ros2_humble/install/ros2plugin:/home/raspi-earth/ros2_humble/install/ros2launch:/home/raspi-earth/ros2_humble/install/ros2pkg:/home/raspi-earth/ros2_humble/install/ros2node:/home/raspi-earth/ros2_humble/install/ros2multicast:/home/raspi-earth/ros2_humble/install/ros2interface:/home/raspi-earth/ros2_humble/install/ros2doctor:/home/raspi-earth/ros2_humble/install/ros2action:/home/raspi-earth/ros2_humble/install/ros2cli:/home/raspi-earth/ros2_humble/install/quality_of_service_demo_py:/home/raspi-earth/ros2_humble/install/lifecycle_py:/home/raspi-earth/ros2_humble/install/launch_testing_ros:/home/raspi-earth/ros2_humble/install/launch_ros:/home/raspi-earth/ros2_humble/install/examples_rclpy_pointcloud_publisher:/home/raspi-earth/ros2_humble/install/examples_rclpy_minimal_subscriber:/home/raspi-earth/ros2_humble/install/examples_rclpy_minimal_service:/home/raspi-earth/ros2_humble/install/examples_rclpy_minimal_publisher:/home/raspi-earth/ros2_humble/install/examples_rclpy_minimal_client:/home/raspi-earth/ros2_humble/install/examples_rclpy_minimal_action_server:/home/raspi-earth/ros2_humble/install/examples_rclpy_minimal_action_client:/home/raspi-earth/ros2_humble/install/examples_rclpy_guard_conditions:/home/raspi-earth/ros2_humble/install/examples_rclpy_executors:/home/raspi-earth/ros2_humble/install/demo_nodes_py:/home/raspi-earth/ros2_humble/install/camera_info_manager_py:/home/raspi-earth/ros2_humble/install/action_tutorials_py:/home/raspi-earth/ros2_humble/install/ament_uncrustify:/home/raspi-earth/ros2_humble/install/tracetools_trace:/home/raspi-earth/ros2_humble/install/tracetools_read:/home/raspi-earth/ros2_humble/install/test_tracetools_launch:/home/raspi-earth/ros2_humble/install/test_launch_ros:/home/raspi-earth/ros2_humble/install/sensor_msgs_py:/home/raspi-earth/ros2_humble/install/rpyutils:/home/raspi-earth/ros2_humble/install/rosidl_runtime_py:/home/raspi-earth/ros2_humble/install/rosidl_cli:/home/raspi-earth/ros2_humble/install/launch_pytest:/home/raspi-earth/ros2_humble/install/launch_testing:/home/raspi-earth/ros2_humble/install/launch_yaml:/home/raspi-earth/ros2_humble/install/launch_xml:/home/raspi-earth/ros2_humble/install/launch:/home/raspi-earth/ros2_humble/install/osrf_pycommon:/home/raspi-earth/ros2_humble/install/domain_coordinator:/home/raspi-earth/ros2_humble/install/ament_xmllint:/home/raspi-earth/ros2_humble/install/ament_pyflakes:/home/raspi-earth/ros2_humble/install/ament_pycodestyle:/home/raspi-earth/ros2_humble/install/ament_pep257:/home/raspi-earth/ros2_humble/install/ament_pclint:/home/raspi-earth/ros2_humble/install/ament_package:/home/raspi-earth/ros2_humble/install/ament_mypy:/home/raspi-earth/ros2_humble/install/ament_lint_cmake:/home/raspi-earth/ros2_humble/install/ament_flake8:/home/raspi-earth/ros2_humble/install/ament_copyright:/home/raspi-earth/ros2_humble/install/ament_lint:/home/raspi-earth/ros2_humble/install/ament_index_python:/home/raspi-earth/ros2_humble/install/ament_cpplint:/home/raspi-earth/ros2_humble/install/ament_cppcheck:/home/raspi-earth/ros2_humble/install/ament_clang_tidy:/home/raspi-earth/ros2_humble/install/ament_clang_format /usr/bin/cmake --build /home/raspi-earth/project_ws/build/whitepost_description -- -j4 -l4
[9.476s] Level 1:colcon.colcon_core.environment:checking '/home/raspi-earth/project_ws/install/encoder_unit' for CMake module files
[9.477s] Level 1:colcon.colcon_core.environment:checking '/home/raspi-earth/project_ws/install/encoder_unit' for CMake config files
[9.478s] Level 1:colcon.colcon_core.environment:checking '/home/raspi-earth/project_ws/install/encoder_unit/lib'
[9.478s] Level 1:colcon.colcon_core.environment:checking '/home/raspi-earth/project_ws/install/encoder_unit/bin'
[9.478s] Level 1:colcon.colcon_core.environment:checking '/home/raspi-earth/project_ws/install/encoder_unit/lib/pkgconfig/encoder_unit.pc'
[9.479s] Level 1:colcon.colcon_core.environment:checking '/home/raspi-earth/project_ws/install/encoder_unit/lib/python3.11/site-packages'
[9.479s] Level 1:colcon.colcon_core.shell:create_environment_hook('encoder_unit', 'pythonpath')
[9.483s] INFO:colcon.colcon_core.shell:Creating environment descriptor '/home/raspi-earth/project_ws/install/encoder_unit/share/encoder_unit/hook/pythonpath.dsv'
[9.484s] DEBUG:colcon.colcon_core.event_handler.log_command:Invoked command in '/home/raspi-earth/project_ws/src/encoder_unit' returned '0': PYTHONPATH=/home/raspi-earth/project_ws/build/encoder_unit/prefix_override:/usr/lib/python3/dist-packages/colcon_core/task/python/colcon_distutils_commands:/home/raspi-earth/project_ws/install/encoder_unit/lib/python3.11/site-packages:${PYTHONPATH} /usr/bin/python3 -W ignore:setup.py install is deprecated -W ignore:easy_install command is deprecated setup.py egg_info --egg-base ../../build/encoder_unit build --build-base /home/raspi-earth/project_ws/build/encoder_unit/build install --record /home/raspi-earth/project_ws/build/encoder_unit/install.log --single-version-externally-managed install_data
[9.485s] INFO:colcon.colcon_core.shell:Creating environment hook '/home/raspi-earth/project_ws/install/encoder_unit/share/encoder_unit/hook/pythonpath.sh'
[9.488s] Level 1:colcon.colcon_core.environment:checking '/home/raspi-earth/project_ws/install/encoder_unit/bin'
[9.488s] Level 1:colcon.colcon_core.environment:create_environment_scripts_only(encoder_unit)
[9.489s] INFO:colcon.colcon_core.shell:Creating package descriptor '/home/raspi-earth/project_ws/install/encoder_unit/share/encoder_unit/package.dsv'
[9.491s] INFO:colcon.colcon_core.shell:Creating package script '/home/raspi-earth/project_ws/install/encoder_unit/share/encoder_unit/package.sh'
[9.492s] INFO:colcon.colcon_core.shell:Creating package script '/home/raspi-earth/project_ws/install/encoder_unit/share/encoder_unit/package.bash'
[9.494s] INFO:colcon.colcon_core.shell:Creating package script '/home/raspi-earth/project_ws/install/encoder_unit/share/encoder_unit/package.zsh'
[9.495s] Level 1:colcon.colcon_core.environment:create_file_with_runtime_dependencies(/home/raspi-earth/project_ws/install/encoder_unit/share/colcon-core/packages/encoder_unit)
[9.591s] Level 1:colcon.colcon_core.environment:checking '/home/raspi-earth/project_ws/install/processor_unit' for CMake module files
[9.592s] Level 1:colcon.colcon_core.environment:checking '/home/raspi-earth/project_ws/install/processor_unit' for CMake config files
[9.592s] Level 1:colcon.colcon_core.environment:checking '/home/raspi-earth/project_ws/install/processor_unit/lib'
[9.592s] Level 1:colcon.colcon_core.environment:checking '/home/raspi-earth/project_ws/install/processor_unit/bin'
[9.592s] Level 1:colcon.colcon_core.environment:checking '/home/raspi-earth/project_ws/install/processor_unit/lib/pkgconfig/processor_unit.pc'
[9.593s] Level 1:colcon.colcon_core.environment:checking '/home/raspi-earth/project_ws/install/processor_unit/lib/python3.11/site-packages'
[9.593s] Level 1:colcon.colcon_core.shell:create_environment_hook('processor_unit', 'pythonpath')
[9.593s] INFO:colcon.colcon_core.shell:Creating environment descriptor '/home/raspi-earth/project_ws/install/processor_unit/share/processor_unit/hook/pythonpath.dsv'
[9.594s] INFO:colcon.colcon_core.shell:Creating environment hook '/home/raspi-earth/project_ws/install/processor_unit/share/processor_unit/hook/pythonpath.sh'
[9.595s] Level 1:colcon.colcon_core.environment:checking '/home/raspi-earth/project_ws/install/processor_unit/bin'
[9.596s] Level 1:colcon.colcon_core.environment:create_environment_scripts_only(processor_unit)
[9.596s] DEBUG:colcon.colcon_core.event_handler.log_command:Invoked command in '/home/raspi-earth/project_ws/src/processor_unit' returned '0': PYTHONPATH=/home/raspi-earth/project_ws/build/processor_unit/prefix_override:/usr/lib/python3/dist-packages/colcon_core/task/python/colcon_distutils_commands:/home/raspi-earth/project_ws/install/processor_unit/lib/python3.11/site-packages:${PYTHONPATH} /usr/bin/python3 -W ignore:setup.py install is deprecated -W ignore:easy_install command is deprecated setup.py egg_info --egg-base ../../build/processor_unit build --build-base /home/raspi-earth/project_ws/build/processor_unit/build install --record /home/raspi-earth/project_ws/build/processor_unit/install.log --single-version-externally-managed install_data
[9.596s] INFO:colcon.colcon_core.shell:Creating package descriptor '/home/raspi-earth/project_ws/install/processor_unit/share/processor_unit/package.dsv'
[9.598s] INFO:colcon.colcon_core.shell:Creating package script '/home/raspi-earth/project_ws/install/processor_unit/share/processor_unit/package.sh'
[9.598s] INFO:colcon.colcon_core.shell:Creating package script '/home/raspi-earth/project_ws/install/processor_unit/share/processor_unit/package.bash'
[9.599s] INFO:colcon.colcon_core.shell:Creating package script '/home/raspi-earth/project_ws/install/processor_unit/share/processor_unit/package.zsh'
[9.600s] Level 1:colcon.colcon_core.environment:create_file_with_runtime_dependencies(/home/raspi-earth/project_ws/install/processor_unit/share/colcon-core/packages/processor_unit)
[9.686s] DEBUG:colcon.colcon_core.event_handler.log_command:Invoked command in '/home/raspi-earth/project_ws/build/whitepost_description' returned '0': CMAKE_PREFIX_PATH=${CMAKE_PREFIX_PATH}:/home/raspi-earth/project_ws/install/processor_unit:/home/raspi-earth/project_ws/install/motor_control:/home/raspi-earth/project_ws/install/launch_project:/home/raspi-earth/project_ws/install/encoder_unit:/home/raspi-earth/ros2_humble/install/rqt_bag_plugins:/home/raspi-earth/ros2_humble/install/rqt_bag:/home/raspi-earth/ros2_humble/install/launch_testing_examples:/home/raspi-earth/ros2_humble/install/ros2bag:/home/raspi-earth/ros2_humble/install/tracetools_test:/home/raspi-earth/ros2_humble/install/tracetools_launch:/home/raspi-earth/ros2_humble/install/topic_monitor:/home/raspi-earth/ros2_humble/install/tf2_tools:/home/raspi-earth/ros2_humble/install/examples_tf2_py:/home/raspi-earth/ros2_humble/install/tf2_ros_py:/home/raspi-earth/ros2_humble/install/sros2:/home/raspi-earth/ros2_humble/install/rqt_topic:/home/raspi-earth/ros2_humble/install/rqt_srv:/home/raspi-earth/ros2_humble/install/rqt_shell:/home/raspi-earth/ros2_humble/install/rqt_service_caller:/home/raspi-earth/ros2_humble/install/rqt_reconfigure:/home/raspi-earth/ros2_humble/install/rqt_py_console:/home/raspi-earth/ros2_humble/install/rqt_publisher:/home/raspi-earth/ros2_humble/install/rqt_plot:/home/raspi-earth/ros2_humble/install/rqt_action:/home/raspi-earth/ros2_humble/install/rqt_msg:/home/raspi-earth/ros2_humble/install/rqt_console:/home/raspi-earth/ros2_humble/install/rqt:/home/raspi-earth/ros2_humble/install/rqt_graph:/home/raspi-earth/ros2_humble/install/rqt_gui_py:/home/raspi-earth/ros2_humble/install/rqt_gui:/home/raspi-earth/ros2_humble/install/ros2trace:/home/raspi-earth/ros2_humble/install/ros2topic:/home/raspi-earth/ros2_humble/install/ros2test:/home/raspi-earth/ros2_humble/install/ros2component:/home/raspi-earth/ros2_humble/install/ros2param:/home/raspi-earth/ros2_humble/install/ros2lifecycle:/home/raspi-earth/ros2_humble/install/ros2service:/home/raspi-earth/ros2_humble/install/ros2run:/home/raspi-earth/ros2_humble/install/ros2plugin:/home/raspi-earth/ros2_humble/install/ros2launch:/home/raspi-earth/ros2_humble/install/ros2pkg:/home/raspi-earth/ros2_humble/install/ros2node:/home/raspi-earth/ros2_humble/install/ros2multicast:/home/raspi-earth/ros2_humble/install/ros2interface:/home/raspi-earth/ros2_humble/install/ros2doctor:/home/raspi-earth/ros2_humble/install/ros2action:/home/raspi-earth/ros2_humble/install/ros2cli:/home/raspi-earth/ros2_humble/install/quality_of_service_demo_py:/home/raspi-earth/ros2_humble/install/lifecycle_py:/home/raspi-earth/ros2_humble/install/launch_testing_ros:/home/raspi-earth/ros2_humble/install/launch_ros:/home/raspi-earth/ros2_humble/install/examples_rclpy_pointcloud_publisher:/home/raspi-earth/ros2_humble/install/examples_rclpy_minimal_subscriber:/home/raspi-earth/ros2_humble/install/examples_rclpy_minimal_service:/home/raspi-earth/ros2_humble/install/examples_rclpy_minimal_publisher:/home/raspi-earth/ros2_humble/install/examples_rclpy_minimal_client:/home/raspi-earth/ros2_humble/install/examples_rclpy_minimal_action_server:/home/raspi-earth/ros2_humble/install/examples_rclpy_minimal_action_client:/home/raspi-earth/ros2_humble/install/examples_rclpy_guard_conditions:/home/raspi-earth/ros2_humble/install/examples_rclpy_executors:/home/raspi-earth/ros2_humble/install/demo_nodes_py:/home/raspi-earth/ros2_humble/install/camera_info_manager_py:/home/raspi-earth/ros2_humble/install/action_tutorials_py:/home/raspi-earth/ros2_humble/install/ament_uncrustify:/home/raspi-earth/ros2_humble/install/tracetools_trace:/home/raspi-earth/ros2_humble/install/tracetools_read:/home/raspi-earth/ros2_humble/install/test_tracetools_launch:/home/raspi-earth/ros2_humble/install/test_launch_ros:/home/raspi-earth/ros2_humble/install/sensor_msgs_py:/home/raspi-earth/ros2_humble/install/rpyutils:/home/raspi-earth/ros2_humble/install/rosidl_runtime_py:/home/raspi-earth/ros2_humble/install/rosidl_cli:/home/raspi-earth/ros2_humble/install/launch_pytest:/home/raspi-earth/ros2_humble/install/launch_testing:/home/raspi-earth/ros2_humble/install/launch_yaml:/home/raspi-earth/ros2_humble/install/launch_xml:/home/raspi-earth/ros2_humble/install/launch:/home/raspi-earth/ros2_humble/install/osrf_pycommon:/home/raspi-earth/ros2_humble/install/domain_coordinator:/home/raspi-earth/ros2_humble/install/ament_xmllint:/home/raspi-earth/ros2_humble/install/ament_pyflakes:/home/raspi-earth/ros2_humble/install/ament_pycodestyle:/home/raspi-earth/ros2_humble/install/ament_pep257:/home/raspi-earth/ros2_humble/install/ament_pclint:/home/raspi-earth/ros2_humble/install/ament_package:/home/raspi-earth/ros2_humble/install/ament_mypy:/home/raspi-earth/ros2_humble/install/ament_lint_cmake:/home/raspi-earth/ros2_humble/install/ament_flake8:/home/raspi-earth/ros2_humble/install/ament_copyright:/home/raspi-earth/ros2_humble/install/ament_lint:/home/raspi-earth/ros2_humble/install/ament_index_python:/home/raspi-earth/ros2_humble/install/ament_cpplint:/home/raspi-earth/ros2_humble/install/ament_cppcheck:/home/raspi-earth/ros2_humble/install/ament_clang_tidy:/home/raspi-earth/ros2_humble/install/ament_clang_format /usr/bin/cmake --build /home/raspi-earth/project_ws/build/whitepost_description -- -j4 -l4
[9.714s] DEBUG:colcon.colcon_core.event_handler.log_command:Invoking command in '/home/raspi-earth/project_ws/build/whitepost_description': CMAKE_PREFIX_PATH=${CMAKE_PREFIX_PATH}:/home/raspi-earth/project_ws/install/processor_unit:/home/raspi-earth/project_ws/install/motor_control:/home/raspi-earth/project_ws/install/launch_project:/home/raspi-earth/project_ws/install/encoder_unit:/home/raspi-earth/ros2_humble/install/rqt_bag_plugins:/home/raspi-earth/ros2_humble/install/rqt_bag:/home/raspi-earth/ros2_humble/install/launch_testing_examples:/home/raspi-earth/ros2_humble/install/ros2bag:/home/raspi-earth/ros2_humble/install/tracetools_test:/home/raspi-earth/ros2_humble/install/tracetools_launch:/home/raspi-earth/ros2_humble/install/topic_monitor:/home/raspi-earth/ros2_humble/install/tf2_tools:/home/raspi-earth/ros2_humble/install/examples_tf2_py:/home/raspi-earth/ros2_humble/install/tf2_ros_py:/home/raspi-earth/ros2_humble/install/sros2:/home/raspi-earth/ros2_humble/install/rqt_topic:/home/raspi-earth/ros2_humble/install/rqt_srv:/home/raspi-earth/ros2_humble/install/rqt_shell:/home/raspi-earth/ros2_humble/install/rqt_service_caller:/home/raspi-earth/ros2_humble/install/rqt_reconfigure:/home/raspi-earth/ros2_humble/install/rqt_py_console:/home/raspi-earth/ros2_humble/install/rqt_publisher:/home/raspi-earth/ros2_humble/install/rqt_plot:/home/raspi-earth/ros2_humble/install/rqt_action:/home/raspi-earth/ros2_humble/install/rqt_msg:/home/raspi-earth/ros2_humble/install/rqt_console:/home/raspi-earth/ros2_humble/install/rqt:/home/raspi-earth/ros2_humble/install/rqt_graph:/home/raspi-earth/ros2_humble/install/rqt_gui_py:/home/raspi-earth/ros2_humble/install/rqt_gui:/home/raspi-earth/ros2_humble/install/ros2trace:/home/raspi-earth/ros2_humble/install/ros2topic:/home/raspi-earth/ros2_humble/install/ros2test:/home/raspi-earth/ros2_humble/install/ros2component:/home/raspi-earth/ros2_humble/install/ros2param:/home/raspi-earth/ros2_humble/install/ros2lifecycle:/home/raspi-earth/ros2_humble/install/ros2service:/home/raspi-earth/ros2_humble/install/ros2run:/home/raspi-earth/ros2_humble/install/ros2plugin:/home/raspi-earth/ros2_humble/install/ros2launch:/home/raspi-earth/ros2_humble/install/ros2pkg:/home/raspi-earth/ros2_humble/install/ros2node:/home/raspi-earth/ros2_humble/install/ros2multicast:/home/raspi-earth/ros2_humble/install/ros2interface:/home/raspi-earth/ros2_humble/install/ros2doctor:/home/raspi-earth/ros2_humble/install/ros2action:/home/raspi-earth/ros2_humble/install/ros2cli:/home/raspi-earth/ros2_humble/install/quality_of_service_demo_py:/home/raspi-earth/ros2_humble/install/lifecycle_py:/home/raspi-earth/ros2_humble/install/launch_testing_ros:/home/raspi-earth/ros2_humble/install/launch_ros:/home/raspi-earth/ros2_humble/install/examples_rclpy_pointcloud_publisher:/home/raspi-earth/ros2_humble/install/examples_rclpy_minimal_subscriber:/home/raspi-earth/ros2_humble/install/examples_rclpy_minimal_service:/home/raspi-earth/ros2_humble/install/examples_rclpy_minimal_publisher:/home/raspi-earth/ros2_humble/install/examples_rclpy_minimal_client:/home/raspi-earth/ros2_humble/install/examples_rclpy_minimal_action_server:/home/raspi-earth/ros2_humble/install/examples_rclpy_minimal_action_client:/home/raspi-earth/ros2_humble/install/examples_rclpy_guard_conditions:/home/raspi-earth/ros2_humble/install/examples_rclpy_executors:/home/raspi-earth/ros2_humble/install/demo_nodes_py:/home/raspi-earth/ros2_humble/install/camera_info_manager_py:/home/raspi-earth/ros2_humble/install/action_tutorials_py:/home/raspi-earth/ros2_humble/install/ament_uncrustify:/home/raspi-earth/ros2_humble/install/tracetools_trace:/home/raspi-earth/ros2_humble/install/tracetools_read:/home/raspi-earth/ros2_humble/install/test_tracetools_launch:/home/raspi-earth/ros2_humble/install/test_launch_ros:/home/raspi-earth/ros2_humble/install/sensor_msgs_py:/home/raspi-earth/ros2_humble/install/rpyutils:/home/raspi-earth/ros2_humble/install/rosidl_runtime_py:/home/raspi-earth/ros2_humble/install/rosidl_cli:/home/raspi-earth/ros2_humble/install/launch_pytest:/home/raspi-earth/ros2_humble/install/launch_testing:/home/raspi-earth/ros2_humble/install/launch_yaml:/home/raspi-earth/ros2_humble/install/launch_xml:/home/raspi-earth/ros2_humble/install/launch:/home/raspi-earth/ros2_humble/install/osrf_pycommon:/home/raspi-earth/ros2_humble/install/domain_coordinator:/home/raspi-earth/ros2_humble/install/ament_xmllint:/home/raspi-earth/ros2_humble/install/ament_pyflakes:/home/raspi-earth/ros2_humble/install/ament_pycodestyle:/home/raspi-earth/ros2_humble/install/ament_pep257:/home/raspi-earth/ros2_humble/install/ament_pclint:/home/raspi-earth/ros2_humble/install/ament_package:/home/raspi-earth/ros2_humble/install/ament_mypy:/home/raspi-earth/ros2_humble/install/ament_lint_cmake:/home/raspi-earth/ros2_humble/install/ament_flake8:/home/raspi-earth/ros2_humble/install/ament_copyright:/home/raspi-earth/ros2_humble/install/ament_lint:/home/raspi-earth/ros2_humble/install/ament_index_python:/home/raspi-earth/ros2_humble/install/ament_cpplint:/home/raspi-earth/ros2_humble/install/ament_cppcheck:/home/raspi-earth/ros2_humble/install/ament_clang_tidy:/home/raspi-earth/ros2_humble/install/ament_clang_format /usr/bin/cmake --install /home/raspi-earth/project_ws/build/whitepost_description
[9.745s] Level 1:colcon.colcon_core.environment:create_environment_scripts_only(whitepost_description)
[9.746s] DEBUG:colcon.colcon_core.event_handler.log_command:Invoked command in '/home/raspi-earth/project_ws/build/whitepost_description' returned '0': CMAKE_PREFIX_PATH=${CMAKE_PREFIX_PATH}:/home/raspi-earth/project_ws/install/processor_unit:/home/raspi-earth/project_ws/install/motor_control:/home/raspi-earth/project_ws/install/launch_project:/home/raspi-earth/project_ws/install/encoder_unit:/home/raspi-earth/ros2_humble/install/rqt_bag_plugins:/home/raspi-earth/ros2_humble/install/rqt_bag:/home/raspi-earth/ros2_humble/install/launch_testing_examples:/home/raspi-earth/ros2_humble/install/ros2bag:/home/raspi-earth/ros2_humble/install/tracetools_test:/home/raspi-earth/ros2_humble/install/tracetools_launch:/home/raspi-earth/ros2_humble/install/topic_monitor:/home/raspi-earth/ros2_humble/install/tf2_tools:/home/raspi-earth/ros2_humble/install/examples_tf2_py:/home/raspi-earth/ros2_humble/install/tf2_ros_py:/home/raspi-earth/ros2_humble/install/sros2:/home/raspi-earth/ros2_humble/install/rqt_topic:/home/raspi-earth/ros2_humble/install/rqt_srv:/home/raspi-earth/ros2_humble/install/rqt_shell:/home/raspi-earth/ros2_humble/install/rqt_service_caller:/home/raspi-earth/ros2_humble/install/rqt_reconfigure:/home/raspi-earth/ros2_humble/install/rqt_py_console:/home/raspi-earth/ros2_humble/install/rqt_publisher:/home/raspi-earth/ros2_humble/install/rqt_plot:/home/raspi-earth/ros2_humble/install/rqt_action:/home/raspi-earth/ros2_humble/install/rqt_msg:/home/raspi-earth/ros2_humble/install/rqt_console:/home/raspi-earth/ros2_humble/install/rqt:/home/raspi-earth/ros2_humble/install/rqt_graph:/home/raspi-earth/ros2_humble/install/rqt_gui_py:/home/raspi-earth/ros2_humble/install/rqt_gui:/home/raspi-earth/ros2_humble/install/ros2trace:/home/raspi-earth/ros2_humble/install/ros2topic:/home/raspi-earth/ros2_humble/install/ros2test:/home/raspi-earth/ros2_humble/install/ros2component:/home/raspi-earth/ros2_humble/install/ros2param:/home/raspi-earth/ros2_humble/install/ros2lifecycle:/home/raspi-earth/ros2_humble/install/ros2service:/home/raspi-earth/ros2_humble/install/ros2run:/home/raspi-earth/ros2_humble/install/ros2plugin:/home/raspi-earth/ros2_humble/install/ros2launch:/home/raspi-earth/ros2_humble/install/ros2pkg:/home/raspi-earth/ros2_humble/install/ros2node:/home/raspi-earth/ros2_humble/install/ros2multicast:/home/raspi-earth/ros2_humble/install/ros2interface:/home/raspi-earth/ros2_humble/install/ros2doctor:/home/raspi-earth/ros2_humble/install/ros2action:/home/raspi-earth/ros2_humble/install/ros2cli:/home/raspi-earth/ros2_humble/install/quality_of_service_demo_py:/home/raspi-earth/ros2_humble/install/lifecycle_py:/home/raspi-earth/ros2_humble/install/launch_testing_ros:/home/raspi-earth/ros2_humble/install/launch_ros:/home/raspi-earth/ros2_humble/install/examples_rclpy_pointcloud_publisher:/home/raspi-earth/ros2_humble/install/examples_rclpy_minimal_subscriber:/home/raspi-earth/ros2_humble/install/examples_rclpy_minimal_service:/home/raspi-earth/ros2_humble/install/examples_rclpy_minimal_publisher:/home/raspi-earth/ros2_humble/install/examples_rclpy_minimal_client:/home/raspi-earth/ros2_humble/install/examples_rclpy_minimal_action_server:/home/raspi-earth/ros2_humble/install/examples_rclpy_minimal_action_client:/home/raspi-earth/ros2_humble/install/examples_rclpy_guard_conditions:/home/raspi-earth/ros2_humble/install/examples_rclpy_executors:/home/raspi-earth/ros2_humble/install/demo_nodes_py:/home/raspi-earth/ros2_humble/install/camera_info_manager_py:/home/raspi-earth/ros2_humble/install/action_tutorials_py:/home/raspi-earth/ros2_humble/install/ament_uncrustify:/home/raspi-earth/ros2_humble/install/tracetools_trace:/home/raspi-earth/ros2_humble/install/tracetools_read:/home/raspi-earth/ros2_humble/install/test_tracetools_launch:/home/raspi-earth/ros2_humble/install/test_launch_ros:/home/raspi-earth/ros2_humble/install/sensor_msgs_py:/home/raspi-earth/ros2_humble/install/rpyutils:/home/raspi-earth/ros2_humble/install/rosidl_runtime_py:/home/raspi-earth/ros2_humble/install/rosidl_cli:/home/raspi-earth/ros2_humble/install/launch_pytest:/home/raspi-earth/ros2_humble/install/launch_testing:/home/raspi-earth/ros2_humble/install/launch_yaml:/home/raspi-earth/ros2_humble/install/launch_xml:/home/raspi-earth/ros2_humble/install/launch:/home/raspi-earth/ros2_humble/install/osrf_pycommon:/home/raspi-earth/ros2_humble/install/domain_coordinator:/home/raspi-earth/ros2_humble/install/ament_xmllint:/home/raspi-earth/ros2_humble/install/ament_pyflakes:/home/raspi-earth/ros2_humble/install/ament_pycodestyle:/home/raspi-earth/ros2_humble/install/ament_pep257:/home/raspi-earth/ros2_humble/install/ament_pclint:/home/raspi-earth/ros2_humble/install/ament_package:/home/raspi-earth/ros2_humble/install/ament_mypy:/home/raspi-earth/ros2_humble/install/ament_lint_cmake:/home/raspi-earth/ros2_humble/install/ament_flake8:/home/raspi-earth/ros2_humble/install/ament_copyright:/home/raspi-earth/ros2_humble/install/ament_lint:/home/raspi-earth/ros2_humble/install/ament_index_python:/home/raspi-earth/ros2_humble/install/ament_cpplint:/home/raspi-earth/ros2_humble/install/ament_cppcheck:/home/raspi-earth/ros2_humble/install/ament_clang_tidy:/home/raspi-earth/ros2_humble/install/ament_clang_format /usr/bin/cmake --install /home/raspi-earth/project_ws/build/whitepost_description
[9.747s] Level 1:colcon.colcon_core.environment:checking '/home/raspi-earth/project_ws/install/whitepost_description' for CMake module files
[9.750s] Level 1:colcon.colcon_core.environment:checking '/home/raspi-earth/project_ws/install/whitepost_description' for CMake config files
[9.750s] Level 1:colcon.colcon_core.shell:create_environment_hook('whitepost_description', 'cmake_prefix_path')
[9.751s] INFO:colcon.colcon_core.shell:Creating environment descriptor '/home/raspi-earth/project_ws/install/whitepost_description/share/whitepost_description/hook/cmake_prefix_path.dsv'
[9.755s] INFO:colcon.colcon_core.shell:Creating environment hook '/home/raspi-earth/project_ws/install/whitepost_description/share/whitepost_description/hook/cmake_prefix_path.sh'
[9.759s] Level 1:colcon.colcon_core.environment:checking '/home/raspi-earth/project_ws/install/whitepost_description/bin'
[9.759s] Level 1:colcon.colcon_core.environment:checking '/home/raspi-earth/project_ws/install/whitepost_description/lib/pkgconfig/whitepost_description.pc'
[9.760s] Level 1:colcon.colcon_core.environment:checking '/home/raspi-earth/project_ws/install/whitepost_description/lib/python3.11/site-packages'
[9.760s] Level 1:colcon.colcon_core.environment:checking '/home/raspi-earth/project_ws/install/whitepost_description/bin'
[9.761s] INFO:colcon.colcon_core.shell:Creating package descriptor '/home/raspi-earth/project_ws/install/whitepost_description/share/whitepost_description/package.dsv'
[9.762s] INFO:colcon.colcon_core.shell:Creating package script '/home/raspi-earth/project_ws/install/whitepost_description/share/whitepost_description/package.sh'
[9.763s] INFO:colcon.colcon_core.shell:Creating package script '/home/raspi-earth/project_ws/install/whitepost_description/share/whitepost_description/package.bash'
[9.763s] INFO:colcon.colcon_core.shell:Creating package script '/home/raspi-earth/project_ws/install/whitepost_description/share/whitepost_description/package.zsh'
[9.764s] Level 1:colcon.colcon_core.environment:create_file_with_runtime_dependencies(/home/raspi-earth/project_ws/install/whitepost_description/share/colcon-core/packages/whitepost_description)
[9.766s] Level 1:colcon.colcon_core.environment:create_environment_scripts_only(whitepost_description)
[9.766s] Level 1:colcon.colcon_core.environment:checking '/home/raspi-earth/project_ws/install/whitepost_description' for CMake module files
[9.766s] Level 1:colcon.colcon_core.environment:checking '/home/raspi-earth/project_ws/install/whitepost_description' for CMake config files
[9.767s] Level 1:colcon.colcon_core.shell:create_environment_hook('whitepost_description', 'cmake_prefix_path')
[9.767s] INFO:colcon.colcon_core.shell:Creating environment descriptor '/home/raspi-earth/project_ws/install/whitepost_description/share/whitepost_description/hook/cmake_prefix_path.dsv'
[9.768s] INFO:colcon.colcon_core.shell:Creating environment hook '/home/raspi-earth/project_ws/install/whitepost_description/share/whitepost_description/hook/cmake_prefix_path.sh'
[9.769s] Level 1:colcon.colcon_core.environment:checking '/home/raspi-earth/project_ws/install/whitepost_description/bin'
[9.769s] Level 1:colcon.colcon_core.environment:checking '/home/raspi-earth/project_ws/install/whitepost_description/lib/pkgconfig/whitepost_description.pc'
[9.769s] Level 1:colcon.colcon_core.environment:checking '/home/raspi-earth/project_ws/install/whitepost_description/lib/python3.11/site-packages'
[9.770s] Level 1:colcon.colcon_core.environment:checking '/home/raspi-earth/project_ws/install/whitepost_description/bin'
[9.770s] INFO:colcon.colcon_core.shell:Creating package descriptor '/home/raspi-earth/project_ws/install/whitepost_description/share/whitepost_description/package.dsv'
[9.771s] INFO:colcon.colcon_core.shell:Creating package script '/home/raspi-earth/project_ws/install/whitepost_description/share/whitepost_description/package.sh'
[9.772s] INFO:colcon.colcon_core.shell:Creating package script '/home/raspi-earth/project_ws/install/whitepost_description/share/whitepost_description/package.bash'
[9.772s] INFO:colcon.colcon_core.shell:Creating package script '/home/raspi-earth/project_ws/install/whitepost_description/share/whitepost_description/package.zsh'
[9.773s] Level 1:colcon.colcon_core.environment:create_file_with_runtime_dependencies(/home/raspi-earth/project_ws/install/whitepost_description/share/colcon-core/packages/whitepost_description)
[9.822s] Level 1:colcon.colcon_core.environment:checking '/home/raspi-earth/project_ws/install/launch_project' for CMake module files
[9.823s] DEBUG:colcon.colcon_core.event_handler.log_command:Invoked command in '/home/raspi-earth/project_ws/src/launch_project' returned '0': PYTHONPATH=/home/raspi-earth/project_ws/build/launch_project/prefix_override:/usr/lib/python3/dist-packages/colcon_core/task/python/colcon_distutils_commands:/home/raspi-earth/project_ws/install/launch_project/lib/python3.11/site-packages:${PYTHONPATH} /usr/bin/python3 -W ignore:setup.py install is deprecated -W ignore:easy_install command is deprecated setup.py egg_info --egg-base ../../build/launch_project build --build-base /home/raspi-earth/project_ws/build/launch_project/build install --record /home/raspi-earth/project_ws/build/launch_project/install.log --single-version-externally-managed install_data
[9.823s] Level 1:colcon.colcon_core.environment:checking '/home/raspi-earth/project_ws/install/launch_project' for CMake config files
[9.824s] Level 1:colcon.colcon_core.environment:checking '/home/raspi-earth/project_ws/install/launch_project/lib'
[9.826s] Level 1:colcon.colcon_core.environment:checking '/home/raspi-earth/project_ws/install/launch_project/bin'
[9.826s] Level 1:colcon.colcon_core.environment:checking '/home/raspi-earth/project_ws/install/launch_project/lib/pkgconfig/launch_project.pc'
[9.826s] Level 1:colcon.colcon_core.environment:checking '/home/raspi-earth/project_ws/install/launch_project/lib/python3.11/site-packages'
[9.826s] Level 1:colcon.colcon_core.shell:create_environment_hook('launch_project', 'pythonpath')
[9.827s] INFO:colcon.colcon_core.shell:Creating environment descriptor '/home/raspi-earth/project_ws/install/launch_project/share/launch_project/hook/pythonpath.dsv'
[9.827s] INFO:colcon.colcon_core.shell:Creating environment hook '/home/raspi-earth/project_ws/install/launch_project/share/launch_project/hook/pythonpath.sh'
[9.829s] Level 1:colcon.colcon_core.environment:checking '/home/raspi-earth/project_ws/install/launch_project/bin'
[9.829s] Level 1:colcon.colcon_core.environment:create_environment_scripts_only(launch_project)
[9.829s] INFO:colcon.colcon_core.shell:Creating package descriptor '/home/raspi-earth/project_ws/install/launch_project/share/launch_project/package.dsv'
[9.830s] INFO:colcon.colcon_core.shell:Creating package script '/home/raspi-earth/project_ws/install/launch_project/share/launch_project/package.sh'
[9.831s] INFO:colcon.colcon_core.shell:Creating package script '/home/raspi-earth/project_ws/install/launch_project/share/launch_project/package.bash'
[9.831s] INFO:colcon.colcon_core.shell:Creating package script '/home/raspi-earth/project_ws/install/launch_project/share/launch_project/package.zsh'
[9.832s] Level 1:colcon.colcon_core.environment:create_file_with_runtime_dependencies(/home/raspi-earth/project_ws/install/launch_project/share/colcon-core/packages/launch_project)
[9.833s] DEBUG:colcon.colcon_parallel_executor.executor.parallel:closing loop
[9.833s] DEBUG:colcon.colcon_parallel_executor.executor.parallel:loop closed
[9.833s] DEBUG:colcon.colcon_parallel_executor.executor.parallel:run_until_complete finished with '0'
[9.833s] DEBUG:colcon.colcon_core.event_reactor:joining thread
[9.863s] INFO:colcon.colcon_core.plugin_system:Skipping extension 'colcon_notification.desktop_notification.notify_send': Could not find 'notify-send'
[9.864s] INFO:colcon.colcon_core.plugin_system:Skipping extension 'colcon_notification.desktop_notification.terminal_notifier': Not used on non-Darwin systems
[9.864s] INFO:colcon.colcon_core.plugin_system:Skipping extension 'colcon_notification.desktop_notification.win32': Not used on non-Windows systems
[9.864s] INFO:colcon.colcon_notification.desktop_notification:Sending desktop notification using 'notify2'
[9.865s] DEBUG:colcon.colcon_notification.desktop_notification.notify2:Failed to initialize notify2: org.freedesktop.DBus.Error.ServiceUnknown: The name org.freedesktop.Notifications was not provided by any .service files
[9.865s] DEBUG:colcon.colcon_core.event_reactor:joined thread
[9.866s] INFO:colcon.colcon_core.shell:Creating prefix script '/home/raspi-earth/project_ws/install/local_setup.sh'
[9.867s] INFO:colcon.colcon_core.shell:Creating prefix util module '/home/raspi-earth/project_ws/install/_local_setup_util_sh.py'
[9.870s] INFO:colcon.colcon_core.shell:Creating prefix chain script '/home/raspi-earth/project_ws/install/setup.sh'
[9.883s] INFO:colcon.colcon_core.shell:Creating prefix script '/home/raspi-earth/project_ws/install/local_setup.bash'
[9.884s] INFO:colcon.colcon_core.shell:Creating prefix chain script '/home/raspi-earth/project_ws/install/setup.bash'
[9.897s] INFO:colcon.colcon_core.shell:Creating prefix script '/home/raspi-earth/project_ws/install/local_setup.zsh'
[9.898s] INFO:colcon.colcon_core.shell:Creating prefix chain script '/home/raspi-earth/project_ws/install/setup.zsh'
