[5.969s] Invoking command in '/home/raspi-earth/project_ws/src/processor_unit': PYTHONPATH=/home/raspi-earth/project_ws/build/processor_unit/prefix_override:/usr/lib/python3/dist-packages/colcon_core/task/python/colcon_distutils_commands:/home/raspi-earth/project_ws/install/processor_unit/lib/python3.11/site-packages:${PYTHONPATH} /usr/bin/python3 -W ignore:setup.py install is deprecated -W ignore:easy_install command is deprecated setup.py egg_info --egg-base ../../build/processor_unit build --build-base /home/raspi-earth/project_ws/build/processor_unit/build install --record /home/raspi-earth/project_ws/build/processor_unit/install.log --single-version-externally-managed install_data
[7.127s] running egg_info
[7.176s] writing ../../build/processor_unit/processor_unit.egg-info/PKG-INFO
[7.176s] writing dependency_links to ../../build/processor_unit/processor_unit.egg-info/dependency_links.txt
[7.180s] writing entry points to ../../build/processor_unit/processor_unit.egg-info/entry_points.txt
[7.181s] writing requirements to ../../build/processor_unit/processor_unit.egg-info/requires.txt
[7.181s] writing top-level names to ../../build/processor_unit/processor_unit.egg-info/top_level.txt
[7.332s] reading manifest file '../../build/processor_unit/processor_unit.egg-info/SOURCES.txt'
[7.332s] adding license file 'LICENSE'
[7.333s] writing manifest file '../../build/processor_unit/processor_unit.egg-info/SOURCES.txt'
[7.333s] running build
[7.333s] running build_py
[7.333s] copying processor_unit/camera_front.py -> /home/raspi-earth/project_ws/build/processor_unit/build/lib/processor_unit
[7.334s] copying processor_unit/camera_back.py -> /home/raspi-earth/project_ws/build/processor_unit/build/lib/processor_unit
[7.335s] running install
[7.351s] running install_lib
[7.410s] copying /home/raspi-earth/project_ws/build/processor_unit/build/lib/processor_unit/camera_front.py -> /home/raspi-earth/project_ws/install/processor_unit/lib/python3.11/site-packages/processor_unit
[7.411s] copying /home/raspi-earth/project_ws/build/processor_unit/build/lib/processor_unit/camera_back.py -> /home/raspi-earth/project_ws/install/processor_unit/lib/python3.11/site-packages/processor_unit
[7.415s] byte-compiling /home/raspi-earth/project_ws/install/processor_unit/lib/python3.11/site-packages/processor_unit/camera_front.py to camera_front.cpython-311.pyc
[7.419s] byte-compiling /home/raspi-earth/project_ws/install/processor_unit/lib/python3.11/site-packages/processor_unit/camera_back.py to camera_back.cpython-311.pyc
[7.422s] running install_data
[7.422s] running install_egg_info
[7.527s] removing '/home/raspi-earth/project_ws/install/processor_unit/lib/python3.11/site-packages/processor_unit-0.0.0-py3.11.egg-info' (and everything under it)
[7.528s] Copying ../../build/processor_unit/processor_unit.egg-info to /home/raspi-earth/project_ws/install/processor_unit/lib/python3.11/site-packages/processor_unit-0.0.0-py3.11.egg-info
[7.529s] running install_scripts
[7.779s] Installing camera_back script to /home/raspi-earth/project_ws/install/processor_unit/lib/processor_unit
[7.780s] Installing camera_front script to /home/raspi-earth/project_ws/install/processor_unit/lib/processor_unit
[7.781s] Installing esp32_bridge_node script to /home/raspi-earth/project_ws/install/processor_unit/lib/processor_unit
[7.782s] Installing force_receiver_node script to /home/raspi-earth/project_ws/install/processor_unit/lib/processor_unit
[7.783s] Installing main_processor script to /home/raspi-earth/project_ws/install/processor_unit/lib/processor_unit
[7.783s] Installing steam_cam script to /home/raspi-earth/project_ws/install/processor_unit/lib/processor_unit
[7.784s] Installing test script to /home/raspi-earth/project_ws/install/processor_unit/lib/processor_unit
[7.785s] Installing uart_command_and_status_to_pi5 script to /home/raspi-earth/project_ws/install/processor_unit/lib/processor_unit
[7.786s] Installing uart_zero_two_w script to /home/raspi-earth/project_ws/install/processor_unit/lib/processor_unit
[7.787s] writing list of installed files to '/home/raspi-earth/project_ws/build/processor_unit/install.log'
[7.999s] Invoked command in '/home/raspi-earth/project_ws/src/processor_unit' returned '0': PYTHONPATH=/home/raspi-earth/project_ws/build/processor_unit/prefix_override:/usr/lib/python3/dist-packages/colcon_core/task/python/colcon_distutils_commands:/home/raspi-earth/project_ws/install/processor_unit/lib/python3.11/site-packages:${PYTHONPATH} /usr/bin/python3 -W ignore:setup.py install is deprecated -W ignore:easy_install command is deprecated setup.py egg_info --egg-base ../../build/processor_unit build --build-base /home/raspi-earth/project_ws/build/processor_unit/build install --record /home/raspi-earth/project_ws/build/processor_unit/install.log --single-version-externally-managed install_data
