[6.454s] Invoking command in '/home/raspi-earth/project_ws/src/processor_unit': PYTHONPATH=/home/raspi-earth/project_ws/build/processor_unit/prefix_override:/usr/lib/python3/dist-packages/colcon_core/task/python/colcon_distutils_commands:/home/raspi-earth/project_ws/install/processor_unit/lib/python3.11/site-packages:${PYTHONPATH} /usr/bin/python3 -W ignore:setup.py install is deprecated -W ignore:easy_install command is deprecated setup.py egg_info --egg-base ../../build/processor_unit build --build-base /home/raspi-earth/project_ws/build/processor_unit/build install --record /home/raspi-earth/project_ws/build/processor_unit/install.log --single-version-externally-managed install_data
[7.712s] running egg_info
[7.756s] writing ../../build/processor_unit/processor_unit.egg-info/PKG-INFO
[7.756s] writing dependency_links to ../../build/processor_unit/processor_unit.egg-info/dependency_links.txt
[7.759s] writing entry points to ../../build/processor_unit/processor_unit.egg-info/entry_points.txt
[7.759s] writing requirements to ../../build/processor_unit/processor_unit.egg-info/requires.txt
[7.760s] writing top-level names to ../../build/processor_unit/processor_unit.egg-info/top_level.txt
[7.860s] reading manifest file '../../build/processor_unit/processor_unit.egg-info/SOURCES.txt'
[7.861s] adding license file 'LICENSE'
[7.861s] writing manifest file '../../build/processor_unit/processor_unit.egg-info/SOURCES.txt'
[7.861s] running build
[7.863s] running build_py
[7.863s] running install
[7.875s] running install_lib
[7.946s] running install_data
[7.946s] copying processor_unit/elevator_btn_4_best_ncnn_model/model.ncnn.bin -> /home/raspi-earth/project_ws/install/processor_unit/share/processor_unit/elevator_btn_4_best_ncnn_model
[7.970s] copying processor_unit/elevator_btn_4_best_ncnn_model/model.ncnn.param -> /home/raspi-earth/project_ws/install/processor_unit/share/processor_unit/elevator_btn_4_best_ncnn_model
[7.971s] copying processor_unit/elevator_btn_4_best_ncnn_model/metadata.yaml -> /home/raspi-earth/project_ws/install/processor_unit/share/processor_unit/elevator_btn_4_best_ncnn_model
[7.971s] copying processor_unit/elevator_btn_4_best_ncnn_model/model_ncnn.py -> /home/raspi-earth/project_ws/install/processor_unit/share/processor_unit/elevator_btn_4_best_ncnn_model
[7.972s] running install_egg_info
[8.160s] removing '/home/raspi-earth/project_ws/install/processor_unit/lib/python3.11/site-packages/processor_unit-0.0.0-py3.11.egg-info' (and everything under it)
[8.172s] Copying ../../build/processor_unit/processor_unit.egg-info to /home/raspi-earth/project_ws/install/processor_unit/lib/python3.11/site-packages/processor_unit-0.0.0-py3.11.egg-info
[8.173s] running install_scripts
[8.536s] Installing camera_back script to /home/raspi-earth/project_ws/install/processor_unit/lib/processor_unit
[8.536s] Installing camera_front script to /home/raspi-earth/project_ws/install/processor_unit/lib/processor_unit
[8.536s] Installing esp32_bridge_node script to /home/raspi-earth/project_ws/install/processor_unit/lib/processor_unit
[8.536s] Installing force_receiver_node script to /home/raspi-earth/project_ws/install/processor_unit/lib/processor_unit
[8.536s] Installing main_processor script to /home/raspi-earth/project_ws/install/processor_unit/lib/processor_unit
[8.537s] Installing steam_cam script to /home/raspi-earth/project_ws/install/processor_unit/lib/processor_unit
[8.537s] Installing test script to /home/raspi-earth/project_ws/install/processor_unit/lib/processor_unit
[8.537s] Installing uart_command_and_status_to_pi5 script to /home/raspi-earth/project_ws/install/processor_unit/lib/processor_unit
[8.543s] Installing uart_zero_two_w script to /home/raspi-earth/project_ws/install/processor_unit/lib/processor_unit
[8.552s] writing list of installed files to '/home/raspi-earth/project_ws/build/processor_unit/install.log'
[8.856s] Invoked command in '/home/raspi-earth/project_ws/src/processor_unit' returned '0': PYTHONPATH=/home/raspi-earth/project_ws/build/processor_unit/prefix_override:/usr/lib/python3/dist-packages/colcon_core/task/python/colcon_distutils_commands:/home/raspi-earth/project_ws/install/processor_unit/lib/python3.11/site-packages:${PYTHONPATH} /usr/bin/python3 -W ignore:setup.py install is deprecated -W ignore:easy_install command is deprecated setup.py egg_info --egg-base ../../build/processor_unit build --build-base /home/raspi-earth/project_ws/build/processor_unit/build install --record /home/raspi-earth/project_ws/build/processor_unit/install.log --single-version-externally-managed install_data
