[5.840s] Invoking command in '/home/raspi-earth/project_ws/src/processor_unit': PYTHONPATH=/home/raspi-earth/project_ws/build/processor_unit/prefix_override:/usr/lib/python3/dist-packages/colcon_core/task/python/colcon_distutils_commands:/home/raspi-earth/project_ws/install/processor_unit/lib/python3.11/site-packages:${PYTHONPATH} /usr/bin/python3 -W ignore:setup.py install is deprecated -W ignore:easy_install command is deprecated setup.py egg_info --egg-base ../../build/processor_unit build --build-base /home/raspi-earth/project_ws/build/processor_unit/build install --record /home/raspi-earth/project_ws/build/processor_unit/install.log --single-version-externally-managed install_data
[6.957s] running egg_info
[6.993s] writing ../../build/processor_unit/processor_unit.egg-info/PKG-INFO
[6.994s] writing dependency_links to ../../build/processor_unit/processor_unit.egg-info/dependency_links.txt
[6.998s] writing entry points to ../../build/processor_unit/processor_unit.egg-info/entry_points.txt
[6.999s] writing requirements to ../../build/processor_unit/processor_unit.egg-info/requires.txt
[6.999s] writing top-level names to ../../build/processor_unit/processor_unit.egg-info/top_level.txt
[7.086s] reading manifest file '../../build/processor_unit/processor_unit.egg-info/SOURCES.txt'
[7.086s] adding license file 'LICENSE'
[7.087s] writing manifest file '../../build/processor_unit/processor_unit.egg-info/SOURCES.txt'
[7.088s] running build
[7.088s] running build_py
[7.089s] copying processor_unit/camera_front.py -> /home/raspi-earth/project_ws/build/processor_unit/build/lib/processor_unit
[7.089s] copying processor_unit/camera_back.py -> /home/raspi-earth/project_ws/build/processor_unit/build/lib/processor_unit
[7.090s] running install
[7.102s] running install_lib
[7.155s] copying /home/raspi-earth/project_ws/build/processor_unit/build/lib/processor_unit/camera_front.py -> /home/raspi-earth/project_ws/install/processor_unit/lib/python3.11/site-packages/processor_unit
[7.155s] copying /home/raspi-earth/project_ws/build/processor_unit/build/lib/processor_unit/camera_back.py -> /home/raspi-earth/project_ws/install/processor_unit/lib/python3.11/site-packages/processor_unit
[7.160s] byte-compiling /home/raspi-earth/project_ws/install/processor_unit/lib/python3.11/site-packages/processor_unit/camera_front.py to camera_front.cpython-311.pyc
[7.163s] byte-compiling /home/raspi-earth/project_ws/install/processor_unit/lib/python3.11/site-packages/processor_unit/camera_back.py to camera_back.cpython-311.pyc
[7.166s] running install_data
[7.167s] running install_egg_info
[7.325s] removing '/home/raspi-earth/project_ws/install/processor_unit/lib/python3.11/site-packages/processor_unit-0.0.0-py3.11.egg-info' (and everything under it)
[7.334s] Copying ../../build/processor_unit/processor_unit.egg-info to /home/raspi-earth/project_ws/install/processor_unit/lib/python3.11/site-packages/processor_unit-0.0.0-py3.11.egg-info
[7.334s] running install_scripts
[7.615s] Installing camera_back script to /home/raspi-earth/project_ws/install/processor_unit/lib/processor_unit
[7.616s] Installing camera_front script to /home/raspi-earth/project_ws/install/processor_unit/lib/processor_unit
[7.617s] Installing esp32_bridge_node script to /home/raspi-earth/project_ws/install/processor_unit/lib/processor_unit
[7.621s] Installing force_receiver_node script to /home/raspi-earth/project_ws/install/processor_unit/lib/processor_unit
[7.621s] Installing main_processor script to /home/raspi-earth/project_ws/install/processor_unit/lib/processor_unit
[7.621s] Installing steam_cam script to /home/raspi-earth/project_ws/install/processor_unit/lib/processor_unit
[7.622s] Installing test script to /home/raspi-earth/project_ws/install/processor_unit/lib/processor_unit
[7.622s] Installing uart_command_and_status_to_pi5 script to /home/raspi-earth/project_ws/install/processor_unit/lib/processor_unit
[7.622s] Installing uart_zero_two_w script to /home/raspi-earth/project_ws/install/processor_unit/lib/processor_unit
[7.623s] writing list of installed files to '/home/raspi-earth/project_ws/build/processor_unit/install.log'
[7.802s] Invoked command in '/home/raspi-earth/project_ws/src/processor_unit' returned '0': PYTHONPATH=/home/raspi-earth/project_ws/build/processor_unit/prefix_override:/usr/lib/python3/dist-packages/colcon_core/task/python/colcon_distutils_commands:/home/raspi-earth/project_ws/install/processor_unit/lib/python3.11/site-packages:${PYTHONPATH} /usr/bin/python3 -W ignore:setup.py install is deprecated -W ignore:easy_install command is deprecated setup.py egg_info --egg-base ../../build/processor_unit build --build-base /home/raspi-earth/project_ws/build/processor_unit/build install --record /home/raspi-earth/project_ws/build/processor_unit/install.log --single-version-externally-managed install_data
