[14.814s] Invoking command in '/home/raspi-earth/project_ws/src/launch_project': PYTHONPATH=/home/raspi-earth/project_ws/build/launch_project/prefix_override:/usr/lib/python3/dist-packages/colcon_core/task/python/colcon_distutils_commands:/home/raspi-earth/project_ws/install/launch_project/lib/python3.11/site-packages:${PYTHONPATH} /usr/bin/python3 -W ignore:setup.py install is deprecated -W ignore:easy_install command is deprecated setup.py egg_info --egg-base ../../build/launch_project build --build-base /home/raspi-earth/project_ws/build/launch_project/build install --record /home/raspi-earth/project_ws/build/launch_project/install.log --single-version-externally-managed install_data
[18.011s] running egg_info
[18.134s] writing ../../build/launch_project/launch_project.egg-info/PKG-INFO
[18.139s] writing dependency_links to ../../build/launch_project/launch_project.egg-info/dependency_links.txt
[18.139s] writing requirements to ../../build/launch_project/launch_project.egg-info/requires.txt
[18.140s] writing top-level names to ../../build/launch_project/launch_project.egg-info/top_level.txt
[18.398s] reading manifest file '../../build/launch_project/launch_project.egg-info/SOURCES.txt'
[18.402s] adding license file 'LICENSE'
[18.402s] writing manifest file '../../build/launch_project/launch_project.egg-info/SOURCES.txt'
[18.402s] running build
[18.402s] running build_py
[18.408s] running install
[18.426s] running install_lib
[18.595s] running install_data
[18.595s] running install_egg_info
[18.903s] removing '/home/raspi-earth/project_ws/install/launch_project/lib/python3.11/site-packages/launch_project-0.0.0-py3.11.egg-info' (and everything under it)
[18.912s] Copying ../../build/launch_project/launch_project.egg-info to /home/raspi-earth/project_ws/install/launch_project/lib/python3.11/site-packages/launch_project-0.0.0-py3.11.egg-info
[18.912s] running install_scripts
[19.343s] writing list of installed files to '/home/raspi-earth/project_ws/build/launch_project/install.log'
[19.861s] Invoked command in '/home/raspi-earth/project_ws/src/launch_project' returned '0': PYTHONPATH=/home/raspi-earth/project_ws/build/launch_project/prefix_override:/usr/lib/python3/dist-packages/colcon_core/task/python/colcon_distutils_commands:/home/raspi-earth/project_ws/install/launch_project/lib/python3.11/site-packages:${PYTHONPATH} /usr/bin/python3 -W ignore:setup.py install is deprecated -W ignore:easy_install command is deprecated setup.py egg_info --egg-base ../../build/launch_project build --build-base /home/raspi-earth/project_ws/build/launch_project/build install --record /home/raspi-earth/project_ws/build/launch_project/install.log --single-version-externally-managed install_data
