[8.467s] Invoking command in '/home/raspi-earth/project_ws/src/processor_unit': PYTHONPATH=/home/raspi-earth/project_ws/build/processor_unit/prefix_override:/usr/lib/python3/dist-packages/colcon_core/task/python/colcon_distutils_commands:/home/raspi-earth/project_ws/install/processor_unit/lib/python3.11/site-packages:${PYTHONPATH} /usr/bin/python3 -W ignore:setup.py install is deprecated -W ignore:easy_install command is deprecated setup.py egg_info --egg-base ../../build/processor_unit build --build-base /home/raspi-earth/project_ws/build/processor_unit/build install --record /home/raspi-earth/project_ws/build/processor_unit/install.log --single-version-externally-managed install_data
[10.498s] running egg_info
[10.588s] writing ../../build/processor_unit/processor_unit.egg-info/PKG-INFO
[10.590s] writing dependency_links to ../../build/processor_unit/processor_unit.egg-info/dependency_links.txt
[10.594s] writing entry points to ../../build/processor_unit/processor_unit.egg-info/entry_points.txt
[10.595s] writing requirements to ../../build/processor_unit/processor_unit.egg-info/requires.txt
[10.596s] writing top-level names to ../../build/processor_unit/processor_unit.egg-info/top_level.txt
[10.752s] reading manifest file '../../build/processor_unit/processor_unit.egg-info/SOURCES.txt'
[10.753s] adding license file 'LICENSE'
[10.754s] writing manifest file '../../build/processor_unit/processor_unit.egg-info/SOURCES.txt'
[10.755s] running build
[10.755s] running build_py
[10.756s] running install
[10.770s] running install_lib
[10.846s] running install_data
[10.850s] running install_egg_info
[11.038s] removing '/home/raspi-earth/project_ws/install/processor_unit/lib/python3.11/site-packages/processor_unit-0.0.0-py3.11.egg-info' (and everything under it)
[11.042s] Copying ../../build/processor_unit/processor_unit.egg-info to /home/raspi-earth/project_ws/install/processor_unit/lib/python3.11/site-packages/processor_unit-0.0.0-py3.11.egg-info
[11.044s] running install_scripts
[11.360s] Installing main_processor script to /home/raspi-earth/project_ws/install/processor_unit/lib/processor_unit
[11.362s] Installing steam_cam script to /home/raspi-earth/project_ws/install/processor_unit/lib/processor_unit
[11.362s] Installing test script to /home/raspi-earth/project_ws/install/processor_unit/lib/processor_unit
[11.364s] Installing test1 script to /home/raspi-earth/project_ws/install/processor_unit/lib/processor_unit
[11.365s] Installing uart_command_and_status_to_pi5 script to /home/raspi-earth/project_ws/install/processor_unit/lib/processor_unit
[11.366s] Installing uart_zero_two_w script to /home/raspi-earth/project_ws/install/processor_unit/lib/processor_unit
[11.368s] writing list of installed files to '/home/raspi-earth/project_ws/build/processor_unit/install.log'
[11.662s] Invoked command in '/home/raspi-earth/project_ws/src/processor_unit' returned '0': PYTHONPATH=/home/raspi-earth/project_ws/build/processor_unit/prefix_override:/usr/lib/python3/dist-packages/colcon_core/task/python/colcon_distutils_commands:/home/raspi-earth/project_ws/install/processor_unit/lib/python3.11/site-packages:${PYTHONPATH} /usr/bin/python3 -W ignore:setup.py install is deprecated -W ignore:easy_install command is deprecated setup.py egg_info --egg-base ../../build/processor_unit build --build-base /home/raspi-earth/project_ws/build/processor_unit/build install --record /home/raspi-earth/project_ws/build/processor_unit/install.log --single-version-externally-managed install_data
