[7.056s] Invoking command in '/home/raspi-earth/project_ws/src/launch_project': PYTHONPATH=/home/raspi-earth/project_ws/build/launch_project/prefix_override:/usr/lib/python3/dist-packages/colcon_core/task/python/colcon_distutils_commands:/home/raspi-earth/project_ws/install/launch_project/lib/python3.11/site-packages:${PYTHONPATH} /usr/bin/python3 -W ignore:setup.py install is deprecated -W ignore:easy_install command is deprecated setup.py egg_info --egg-base ../../build/launch_project build --build-base /home/raspi-earth/project_ws/build/launch_project/build install --record /home/raspi-earth/project_ws/build/launch_project/install.log --single-version-externally-managed install_data
[8.560s] running egg_info
[8.602s] writing ../../build/launch_project/launch_project.egg-info/PKG-INFO
[8.602s] writing dependency_links to ../../build/launch_project/launch_project.egg-info/dependency_links.txt
[8.605s] deleting ../../build/launch_project/launch_project.egg-info/entry_points.txt
[8.606s] writing requirements to ../../build/launch_project/launch_project.egg-info/requires.txt
[8.606s] writing top-level names to ../../build/launch_project/launch_project.egg-info/top_level.txt
[8.813s] reading manifest file '../../build/launch_project/launch_project.egg-info/SOURCES.txt'
[8.818s] adding license file 'LICENSE'
[8.821s] writing manifest file '../../build/launch_project/launch_project.egg-info/SOURCES.txt'
[8.821s] running build
[8.822s] running build_py
[8.823s] running install
[8.859s] running install_lib
[8.960s] running install_data
[8.964s] running install_egg_info
[9.101s] removing '/home/raspi-earth/project_ws/install/launch_project/lib/python3.11/site-packages/launch_project-0.0.0-py3.11.egg-info' (and everything under it)
[9.102s] Copying ../../build/launch_project/launch_project.egg-info to /home/raspi-earth/project_ws/install/launch_project/lib/python3.11/site-packages/launch_project-0.0.0-py3.11.egg-info
[9.102s] running install_scripts
[9.258s] writing list of installed files to '/home/raspi-earth/project_ws/build/launch_project/install.log'
[9.380s] Invoked command in '/home/raspi-earth/project_ws/src/launch_project' returned '0': PYTHONPATH=/home/raspi-earth/project_ws/build/launch_project/prefix_override:/usr/lib/python3/dist-packages/colcon_core/task/python/colcon_distutils_commands:/home/raspi-earth/project_ws/install/launch_project/lib/python3.11/site-packages:${PYTHONPATH} /usr/bin/python3 -W ignore:setup.py install is deprecated -W ignore:easy_install command is deprecated setup.py egg_info --egg-base ../../build/launch_project build --build-base /home/raspi-earth/project_ws/build/launch_project/build install --record /home/raspi-earth/project_ws/build/launch_project/install.log --single-version-externally-managed install_data
