[1.071s] DEBUG:colcon:Command line arguments: ['/usr/bin/colcon', 'build']
[1.071s] DEBUG:colcon:Parsed command line arguments: Namespace(log_base=None, log_level=None, verb_name='build', build_base='build', install_base='install', merge_install=False, symlink_install=False, test_result_base=None, continue_on_error=False, executor='parallel', parallel_workers=4, event_handlers=None, ignore_user_meta=False, metas=['./colcon.meta'], base_paths=['.'], packages_ignore=None, packages_ignore_regex=None, paths=None, packages_up_to=None, packages_up_to_regex=None, packages_above=None, packages_above_and_dependencies=None, packages_above_depth=None, packages_select_by_dep=None, packages_skip_by_dep=None, packages_skip_up_to=None, packages_select_build_failed=False, packages_skip_build_finished=False, packages_select_test_failures=False, packages_skip_test_passed=False, packages_select=None, packages_skip=None, packages_select_regex=None, packages_skip_regex=None, packages_start=None, packages_end=None, cmake_args=None, cmake_target=None, cmake_target_skip_unavailable=False, cmake_clean_cache=False, cmake_clean_first=False, cmake_force_configure=False, ament_cmake_args=None, catkin_cmake_args=None, catkin_skip_building_tests=False, verb_parser=<colcon_defaults.argument_parser.defaults.DefaultArgumentsDecorator object at 0x7fff98678b10>, verb_extension=<colcon_core.verb.build.BuildVerb object at 0x7fff9889fd50>, main=<bound method BuildVerb.main of <colcon_core.verb.build.BuildVerb object at 0x7fff9889fd50>>)
[2.276s] Level 1:colcon.colcon_core.package_discovery:discover_packages(colcon_meta) check parameters
[2.276s] Level 1:colcon.colcon_core.package_discovery:discover_packages(recursive) check parameters
[2.278s] Level 1:colcon.colcon_core.package_discovery:discover_packages(ignore) check parameters
[2.278s] Level 1:colcon.colcon_core.package_discovery:discover_packages(path) check parameters
[2.279s] Level 1:colcon.colcon_core.package_discovery:discover_packages(colcon_meta) discover
[2.279s] Level 1:colcon.colcon_core.package_discovery:discover_packages(recursive) discover
[2.279s] INFO:colcon.colcon_core.package_discovery:Crawling recursively for packages in '/home/raspi-earth/project_ws'
[2.279s] Level 1:colcon.colcon_core.package_identification:_identify(.) by extensions ['ignore', 'ignore_ament_install']
[2.279s] Level 1:colcon.colcon_core.package_identification:_identify(.) by extension 'ignore'
[2.280s] Level 1:colcon.colcon_core.package_identification:_identify(.) by extension 'ignore_ament_install'
[2.280s] Level 1:colcon.colcon_core.package_identification:_identify(.) by extensions ['colcon_pkg']
[2.280s] Level 1:colcon.colcon_core.package_identification:_identify(.) by extension 'colcon_pkg'
[2.280s] Level 1:colcon.colcon_core.package_identification:_identify(.) by extensions ['colcon_meta']
[2.280s] Level 1:colcon.colcon_core.package_identification:_identify(.) by extension 'colcon_meta'
[2.280s] Level 1:colcon.colcon_core.package_identification:_identify(.) by extensions ['ros']
[2.280s] Level 1:colcon.colcon_core.package_identification:_identify(.) by extension 'ros'
[2.329s] Level 1:colcon.colcon_core.package_identification:_identify(.) by extensions ['cmake', 'python']
[2.329s] Level 1:colcon.colcon_core.package_identification:_identify(.) by extension 'cmake'
[2.329s] Level 1:colcon.colcon_core.package_identification:_identify(.) by extension 'python'
[2.329s] Level 1:colcon.colcon_core.package_identification:_identify(.) by extensions ['python_setup_py']
[2.329s] Level 1:colcon.colcon_core.package_identification:_identify(.) by extension 'python_setup_py'
[2.329s] Level 1:colcon.colcon_core.package_identification:_identify(build) by extensions ['ignore', 'ignore_ament_install']
[2.329s] Level 1:colcon.colcon_core.package_identification:_identify(build) by extension 'ignore'
[2.330s] Level 1:colcon.colcon_core.package_identification:_identify(build) ignored
[2.330s] Level 1:colcon.colcon_core.package_identification:_identify(install) by extensions ['ignore', 'ignore_ament_install']
[2.330s] Level 1:colcon.colcon_core.package_identification:_identify(install) by extension 'ignore'
[2.330s] Level 1:colcon.colcon_core.package_identification:_identify(install) ignored
[2.330s] Level 1:colcon.colcon_core.package_identification:_identify(log) by extensions ['ignore', 'ignore_ament_install']
[2.330s] Level 1:colcon.colcon_core.package_identification:_identify(log) by extension 'ignore'
[2.330s] Level 1:colcon.colcon_core.package_identification:_identify(log) ignored
[2.330s] Level 1:colcon.colcon_core.package_identification:_identify(src) by extensions ['ignore', 'ignore_ament_install']
[2.330s] Level 1:colcon.colcon_core.package_identification:_identify(src) by extension 'ignore'
[2.330s] Level 1:colcon.colcon_core.package_identification:_identify(src) by extension 'ignore_ament_install'
[2.331s] Level 1:colcon.colcon_core.package_identification:_identify(src) by extensions ['colcon_pkg']
[2.331s] Level 1:colcon.colcon_core.package_identification:_identify(src) by extension 'colcon_pkg'
[2.331s] Level 1:colcon.colcon_core.package_identification:_identify(src) by extensions ['colcon_meta']
[2.331s] Level 1:colcon.colcon_core.package_identification:_identify(src) by extension 'colcon_meta'
[2.331s] Level 1:colcon.colcon_core.package_identification:_identify(src) by extensions ['ros']
[2.331s] Level 1:colcon.colcon_core.package_identification:_identify(src) by extension 'ros'
[2.331s] Level 1:colcon.colcon_core.package_identification:_identify(src) by extensions ['cmake', 'python']
[2.331s] Level 1:colcon.colcon_core.package_identification:_identify(src) by extension 'cmake'
[2.331s] Level 1:colcon.colcon_core.package_identification:_identify(src) by extension 'python'
[2.332s] Level 1:colcon.colcon_core.package_identification:_identify(src) by extensions ['python_setup_py']
[2.332s] Level 1:colcon.colcon_core.package_identification:_identify(src) by extension 'python_setup_py'
[2.333s] Level 1:colcon.colcon_core.package_identification:_identify(src/encoder_unit) by extensions ['ignore', 'ignore_ament_install']
[2.333s] Level 1:colcon.colcon_core.package_identification:_identify(src/encoder_unit) by extension 'ignore'
[2.333s] Level 1:colcon.colcon_core.package_identification:_identify(src/encoder_unit) by extension 'ignore_ament_install'
[2.333s] Level 1:colcon.colcon_core.package_identification:_identify(src/encoder_unit) by extensions ['colcon_pkg']
[2.333s] Level 1:colcon.colcon_core.package_identification:_identify(src/encoder_unit) by extension 'colcon_pkg'
[2.333s] Level 1:colcon.colcon_core.package_identification:_identify(src/encoder_unit) by extensions ['colcon_meta']
[2.333s] Level 1:colcon.colcon_core.package_identification:_identify(src/encoder_unit) by extension 'colcon_meta'
[2.333s] Level 1:colcon.colcon_core.package_identification:_identify(src/encoder_unit) by extensions ['ros']
[2.333s] Level 1:colcon.colcon_core.package_identification:_identify(src/encoder_unit) by extension 'ros'
[2.346s] DEBUG:colcon.colcon_core.package_identification:Package 'src/encoder_unit' with type 'ros.ament_python' and name 'encoder_unit'
[2.346s] Level 1:colcon.colcon_core.package_identification:_identify(src/esp32_firmware) by extensions ['ignore', 'ignore_ament_install']
[2.346s] Level 1:colcon.colcon_core.package_identification:_identify(src/esp32_firmware) by extension 'ignore'
[2.346s] Level 1:colcon.colcon_core.package_identification:_identify(src/esp32_firmware) by extension 'ignore_ament_install'
[2.346s] Level 1:colcon.colcon_core.package_identification:_identify(src/esp32_firmware) by extensions ['colcon_pkg']
[2.346s] Level 1:colcon.colcon_core.package_identification:_identify(src/esp32_firmware) by extension 'colcon_pkg'
[2.346s] Level 1:colcon.colcon_core.package_identification:_identify(src/esp32_firmware) by extensions ['colcon_meta']
[2.346s] Level 1:colcon.colcon_core.package_identification:_identify(src/esp32_firmware) by extension 'colcon_meta'
[2.346s] Level 1:colcon.colcon_core.package_identification:_identify(src/esp32_firmware) by extensions ['ros']
[2.346s] Level 1:colcon.colcon_core.package_identification:_identify(src/esp32_firmware) by extension 'ros'
[2.346s] Level 1:colcon.colcon_core.package_identification:_identify(src/esp32_firmware) by extensions ['cmake', 'python']
[2.347s] Level 1:colcon.colcon_core.package_identification:_identify(src/esp32_firmware) by extension 'cmake'
[2.347s] Level 1:colcon.colcon_core.package_identification:_identify(src/esp32_firmware) by extension 'python'
[2.347s] Level 1:colcon.colcon_core.package_identification:_identify(src/esp32_firmware) by extensions ['python_setup_py']
[2.347s] Level 1:colcon.colcon_core.package_identification:_identify(src/esp32_firmware) by extension 'python_setup_py'
[2.347s] Level 1:colcon.colcon_core.package_identification:_identify(src/esp32_firmware/esp32_read_i2c) by extensions ['ignore', 'ignore_ament_install']
[2.347s] Level 1:colcon.colcon_core.package_identification:_identify(src/esp32_firmware/esp32_read_i2c) by extension 'ignore'
[2.347s] Level 1:colcon.colcon_core.package_identification:_identify(src/esp32_firmware/esp32_read_i2c) by extension 'ignore_ament_install'
[2.347s] Level 1:colcon.colcon_core.package_identification:_identify(src/esp32_firmware/esp32_read_i2c) by extensions ['colcon_pkg']
[2.347s] Level 1:colcon.colcon_core.package_identification:_identify(src/esp32_firmware/esp32_read_i2c) by extension 'colcon_pkg'
[2.347s] Level 1:colcon.colcon_core.package_identification:_identify(src/esp32_firmware/esp32_read_i2c) by extensions ['colcon_meta']
[2.347s] Level 1:colcon.colcon_core.package_identification:_identify(src/esp32_firmware/esp32_read_i2c) by extension 'colcon_meta'
[2.347s] Level 1:colcon.colcon_core.package_identification:_identify(src/esp32_firmware/esp32_read_i2c) by extensions ['ros']
[2.347s] Level 1:colcon.colcon_core.package_identification:_identify(src/esp32_firmware/esp32_read_i2c) by extension 'ros'
[2.347s] Level 1:colcon.colcon_core.package_identification:_identify(src/esp32_firmware/esp32_read_i2c) by extensions ['cmake', 'python']
[2.347s] Level 1:colcon.colcon_core.package_identification:_identify(src/esp32_firmware/esp32_read_i2c) by extension 'cmake'
[2.347s] Level 1:colcon.colcon_core.package_identification:_identify(src/esp32_firmware/esp32_read_i2c) by extension 'python'
[2.347s] Level 1:colcon.colcon_core.package_identification:_identify(src/esp32_firmware/esp32_read_i2c) by extensions ['python_setup_py']
[2.347s] Level 1:colcon.colcon_core.package_identification:_identify(src/esp32_firmware/esp32_read_i2c) by extension 'python_setup_py'
[2.348s] Level 1:colcon.colcon_core.package_identification:_identify(src/launch_project) by extensions ['ignore', 'ignore_ament_install']
[2.348s] Level 1:colcon.colcon_core.package_identification:_identify(src/launch_project) by extension 'ignore'
[2.348s] Level 1:colcon.colcon_core.package_identification:_identify(src/launch_project) by extension 'ignore_ament_install'
[2.348s] Level 1:colcon.colcon_core.package_identification:_identify(src/launch_project) by extensions ['colcon_pkg']
[2.348s] Level 1:colcon.colcon_core.package_identification:_identify(src/launch_project) by extension 'colcon_pkg'
[2.348s] Level 1:colcon.colcon_core.package_identification:_identify(src/launch_project) by extensions ['colcon_meta']
[2.348s] Level 1:colcon.colcon_core.package_identification:_identify(src/launch_project) by extension 'colcon_meta'
[2.348s] Level 1:colcon.colcon_core.package_identification:_identify(src/launch_project) by extensions ['ros']
[2.348s] Level 1:colcon.colcon_core.package_identification:_identify(src/launch_project) by extension 'ros'
[2.350s] DEBUG:colcon.colcon_core.package_identification:Package 'src/launch_project' with type 'ros.ament_python' and name 'launch_project'
[2.350s] Level 1:colcon.colcon_core.package_identification:_identify(src/motor_control) by extensions ['ignore', 'ignore_ament_install']
[2.350s] Level 1:colcon.colcon_core.package_identification:_identify(src/motor_control) by extension 'ignore'
[2.350s] Level 1:colcon.colcon_core.package_identification:_identify(src/motor_control) by extension 'ignore_ament_install'
[2.350s] Level 1:colcon.colcon_core.package_identification:_identify(src/motor_control) by extensions ['colcon_pkg']
[2.350s] Level 1:colcon.colcon_core.package_identification:_identify(src/motor_control) by extension 'colcon_pkg'
[2.350s] Level 1:colcon.colcon_core.package_identification:_identify(src/motor_control) by extensions ['colcon_meta']
[2.350s] Level 1:colcon.colcon_core.package_identification:_identify(src/motor_control) by extension 'colcon_meta'
[2.350s] Level 1:colcon.colcon_core.package_identification:_identify(src/motor_control) by extensions ['ros']
[2.350s] Level 1:colcon.colcon_core.package_identification:_identify(src/motor_control) by extension 'ros'
[2.352s] DEBUG:colcon.colcon_core.package_identification:Package 'src/motor_control' with type 'ros.ament_python' and name 'motor_control'
[2.352s] Level 1:colcon.colcon_core.package_identification:_identify(src/processor_unit) by extensions ['ignore', 'ignore_ament_install']
[2.352s] Level 1:colcon.colcon_core.package_identification:_identify(src/processor_unit) by extension 'ignore'
[2.352s] Level 1:colcon.colcon_core.package_identification:_identify(src/processor_unit) by extension 'ignore_ament_install'
[2.352s] Level 1:colcon.colcon_core.package_identification:_identify(src/processor_unit) by extensions ['colcon_pkg']
[2.352s] Level 1:colcon.colcon_core.package_identification:_identify(src/processor_unit) by extension 'colcon_pkg'
[2.352s] Level 1:colcon.colcon_core.package_identification:_identify(src/processor_unit) by extensions ['colcon_meta']
[2.353s] Level 1:colcon.colcon_core.package_identification:_identify(src/processor_unit) by extension 'colcon_meta'
[2.353s] Level 1:colcon.colcon_core.package_identification:_identify(src/processor_unit) by extensions ['ros']
[2.353s] Level 1:colcon.colcon_core.package_identification:_identify(src/processor_unit) by extension 'ros'
[2.354s] DEBUG:colcon.colcon_core.package_identification:Package 'src/processor_unit' with type 'ros.ament_python' and name 'processor_unit'
[2.354s] Level 1:colcon.colcon_core.package_identification:_identify(src/whitepost_description) by extensions ['ignore', 'ignore_ament_install']
[2.354s] Level 1:colcon.colcon_core.package_identification:_identify(src/whitepost_description) by extension 'ignore'
[2.354s] Level 1:colcon.colcon_core.package_identification:_identify(src/whitepost_description) by extension 'ignore_ament_install'
[2.355s] Level 1:colcon.colcon_core.package_identification:_identify(src/whitepost_description) by extensions ['colcon_pkg']
[2.355s] Level 1:colcon.colcon_core.package_identification:_identify(src/whitepost_description) by extension 'colcon_pkg'
[2.355s] Level 1:colcon.colcon_core.package_identification:_identify(src/whitepost_description) by extensions ['colcon_meta']
[2.355s] Level 1:colcon.colcon_core.package_identification:_identify(src/whitepost_description) by extension 'colcon_meta'
[2.355s] Level 1:colcon.colcon_core.package_identification:_identify(src/whitepost_description) by extensions ['ros']
[2.355s] Level 1:colcon.colcon_core.package_identification:_identify(src/whitepost_description) by extension 'ros'
[2.356s] DEBUG:colcon.colcon_core.package_identification:Package 'src/whitepost_description' with type 'ros.ament_cmake' and name 'whitepost_description'
[2.356s] Level 1:colcon.colcon_core.package_discovery:discover_packages(recursive) using defaults
[2.357s] Level 1:colcon.colcon_core.package_discovery:discover_packages(ignore) discover
[2.357s] Level 1:colcon.colcon_core.package_discovery:discover_packages(ignore) using defaults
[2.357s] Level 1:colcon.colcon_core.package_discovery:discover_packages(path) discover
[2.357s] Level 1:colcon.colcon_core.package_discovery:discover_packages(path) using defaults
[2.445s] Level 5:colcon.colcon_core.verb:set package 'encoder_unit' build argument 'cmake_args' from command line to 'None'
[2.445s] Level 5:colcon.colcon_core.verb:set package 'encoder_unit' build argument 'cmake_target' from command line to 'None'
[2.445s] Level 5:colcon.colcon_core.verb:set package 'encoder_unit' build argument 'cmake_target_skip_unavailable' from command line to 'False'
[2.445s] Level 5:colcon.colcon_core.verb:set package 'encoder_unit' build argument 'cmake_clean_cache' from command line to 'False'
[2.445s] Level 5:colcon.colcon_core.verb:set package 'encoder_unit' build argument 'cmake_clean_first' from command line to 'False'
[2.445s] Level 5:colcon.colcon_core.verb:set package 'encoder_unit' build argument 'cmake_force_configure' from command line to 'False'
[2.445s] Level 5:colcon.colcon_core.verb:set package 'encoder_unit' build argument 'ament_cmake_args' from command line to 'None'
[2.445s] Level 5:colcon.colcon_core.verb:set package 'encoder_unit' build argument 'catkin_cmake_args' from command line to 'None'
[2.445s] Level 5:colcon.colcon_core.verb:set package 'encoder_unit' build argument 'catkin_skip_building_tests' from command line to 'False'
[2.445s] DEBUG:colcon.colcon_core.verb:Building package 'encoder_unit' with the following arguments: {'ament_cmake_args': None, 'build_base': '/home/raspi-earth/project_ws/build/encoder_unit', 'catkin_cmake_args': None, 'catkin_skip_building_tests': False, 'cmake_args': None, 'cmake_clean_cache': False, 'cmake_clean_first': False, 'cmake_force_configure': False, 'cmake_target': None, 'cmake_target_skip_unavailable': False, 'install_base': '/home/raspi-earth/project_ws/install/encoder_unit', 'merge_install': False, 'path': '/home/raspi-earth/project_ws/src/encoder_unit', 'symlink_install': False, 'test_result_base': None}
[2.446s] Level 5:colcon.colcon_core.verb:set package 'launch_project' build argument 'cmake_args' from command line to 'None'
[2.446s] Level 5:colcon.colcon_core.verb:set package 'launch_project' build argument 'cmake_target' from command line to 'None'
[2.446s] Level 5:colcon.colcon_core.verb:set package 'launch_project' build argument 'cmake_target_skip_unavailable' from command line to 'False'
[2.446s] Level 5:colcon.colcon_core.verb:set package 'launch_project' build argument 'cmake_clean_cache' from command line to 'False'
[2.446s] Level 5:colcon.colcon_core.verb:set package 'launch_project' build argument 'cmake_clean_first' from command line to 'False'
[2.446s] Level 5:colcon.colcon_core.verb:set package 'launch_project' build argument 'cmake_force_configure' from command line to 'False'
[2.446s] Level 5:colcon.colcon_core.verb:set package 'launch_project' build argument 'ament_cmake_args' from command line to 'None'
[2.446s] Level 5:colcon.colcon_core.verb:set package 'launch_project' build argument 'catkin_cmake_args' from command line to 'None'
[2.446s] Level 5:colcon.colcon_core.verb:set package 'launch_project' build argument 'catkin_skip_building_tests' from command line to 'False'
[2.446s] DEBUG:colcon.colcon_core.verb:Building package 'launch_project' with the following arguments: {'ament_cmake_args': None, 'build_base': '/home/raspi-earth/project_ws/build/launch_project', 'catkin_cmake_args': None, 'catkin_skip_building_tests': False, 'cmake_args': None, 'cmake_clean_cache': False, 'cmake_clean_first': False, 'cmake_force_configure': False, 'cmake_target': None, 'cmake_target_skip_unavailable': False, 'install_base': '/home/raspi-earth/project_ws/install/launch_project', 'merge_install': False, 'path': '/home/raspi-earth/project_ws/src/launch_project', 'symlink_install': False, 'test_result_base': None}
[2.447s] Level 5:colcon.colcon_core.verb:set package 'motor_control' build argument 'cmake_args' from command line to 'None'
[2.447s] Level 5:colcon.colcon_core.verb:set package 'motor_control' build argument 'cmake_target' from command line to 'None'
[2.447s] Level 5:colcon.colcon_core.verb:set package 'motor_control' build argument 'cmake_target_skip_unavailable' from command line to 'False'
[2.447s] Level 5:colcon.colcon_core.verb:set package 'motor_control' build argument 'cmake_clean_cache' from command line to 'False'
[2.447s] Level 5:colcon.colcon_core.verb:set package 'motor_control' build argument 'cmake_clean_first' from command line to 'False'
[2.447s] Level 5:colcon.colcon_core.verb:set package 'motor_control' build argument 'cmake_force_configure' from command line to 'False'
[2.447s] Level 5:colcon.colcon_core.verb:set package 'motor_control' build argument 'ament_cmake_args' from command line to 'None'
[2.447s] Level 5:colcon.colcon_core.verb:set package 'motor_control' build argument 'catkin_cmake_args' from command line to 'None'
[2.447s] Level 5:colcon.colcon_core.verb:set package 'motor_control' build argument 'catkin_skip_building_tests' from command line to 'False'
[2.447s] DEBUG:colcon.colcon_core.verb:Building package 'motor_control' with the following arguments: {'ament_cmake_args': None, 'build_base': '/home/raspi-earth/project_ws/build/motor_control', 'catkin_cmake_args': None, 'catkin_skip_building_tests': False, 'cmake_args': None, 'cmake_clean_cache': False, 'cmake_clean_first': False, 'cmake_force_configure': False, 'cmake_target': None, 'cmake_target_skip_unavailable': False, 'install_base': '/home/raspi-earth/project_ws/install/motor_control', 'merge_install': False, 'path': '/home/raspi-earth/project_ws/src/motor_control', 'symlink_install': False, 'test_result_base': None}
[2.448s] Level 5:colcon.colcon_core.verb:set package 'processor_unit' build argument 'cmake_args' from command line to 'None'
[2.448s] Level 5:colcon.colcon_core.verb:set package 'processor_unit' build argument 'cmake_target' from command line to 'None'
[2.448s] Level 5:colcon.colcon_core.verb:set package 'processor_unit' build argument 'cmake_target_skip_unavailable' from command line to 'False'
[2.448s] Level 5:colcon.colcon_core.verb:set package 'processor_unit' build argument 'cmake_clean_cache' from command line to 'False'
[2.448s] Level 5:colcon.colcon_core.verb:set package 'processor_unit' build argument 'cmake_clean_first' from command line to 'False'
[2.448s] Level 5:colcon.colcon_core.verb:set package 'processor_unit' build argument 'cmake_force_configure' from command line to 'False'
[2.448s] Level 5:colcon.colcon_core.verb:set package 'processor_unit' build argument 'ament_cmake_args' from command line to 'None'
[2.448s] Level 5:colcon.colcon_core.verb:set package 'processor_unit' build argument 'catkin_cmake_args' from command line to 'None'
[2.448s] Level 5:colcon.colcon_core.verb:set package 'processor_unit' build argument 'catkin_skip_building_tests' from command line to 'False'
[2.448s] DEBUG:colcon.colcon_core.verb:Building package 'processor_unit' with the following arguments: {'ament_cmake_args': None, 'build_base': '/home/raspi-earth/project_ws/build/processor_unit', 'catkin_cmake_args': None, 'catkin_skip_building_tests': False, 'cmake_args': None, 'cmake_clean_cache': False, 'cmake_clean_first': False, 'cmake_force_configure': False, 'cmake_target': None, 'cmake_target_skip_unavailable': False, 'install_base': '/home/raspi-earth/project_ws/install/processor_unit', 'merge_install': False, 'path': '/home/raspi-earth/project_ws/src/processor_unit', 'symlink_install': False, 'test_result_base': None}
[2.448s] Level 5:colcon.colcon_core.verb:set package 'whitepost_description' build argument 'cmake_args' from command line to 'None'
[2.449s] Level 5:colcon.colcon_core.verb:set package 'whitepost_description' build argument 'cmake_target' from command line to 'None'
[2.449s] Level 5:colcon.colcon_core.verb:set package 'whitepost_description' build argument 'cmake_target_skip_unavailable' from command line to 'False'
[2.449s] Level 5:colcon.colcon_core.verb:set package 'whitepost_description' build argument 'cmake_clean_cache' from command line to 'False'
[2.449s] Level 5:colcon.colcon_core.verb:set package 'whitepost_description' build argument 'cmake_clean_first' from command line to 'False'
[2.449s] Level 5:colcon.colcon_core.verb:set package 'whitepost_description' build argument 'cmake_force_configure' from command line to 'False'
[2.449s] Level 5:colcon.colcon_core.verb:set package 'whitepost_description' build argument 'ament_cmake_args' from command line to 'None'
[2.449s] Level 5:colcon.colcon_core.verb:set package 'whitepost_description' build argument 'catkin_cmake_args' from command line to 'None'
[2.449s] Level 5:colcon.colcon_core.verb:set package 'whitepost_description' build argument 'catkin_skip_building_tests' from command line to 'False'
[2.450s] DEBUG:colcon.colcon_core.verb:Building package 'whitepost_description' with the following arguments: {'ament_cmake_args': None, 'build_base': '/home/raspi-earth/project_ws/build/whitepost_description', 'catkin_cmake_args': None, 'catkin_skip_building_tests': False, 'cmake_args': None, 'cmake_clean_cache': False, 'cmake_clean_first': False, 'cmake_force_configure': False, 'cmake_target': None, 'cmake_target_skip_unavailable': False, 'install_base': '/home/raspi-earth/project_ws/install/whitepost_description', 'merge_install': False, 'path': '/home/raspi-earth/project_ws/src/whitepost_description', 'symlink_install': False, 'test_result_base': None}
[2.450s] INFO:colcon.colcon_core.executor:Executing jobs using 'parallel' executor
[2.452s] DEBUG:colcon.colcon_parallel_executor.executor.parallel:run_until_complete
[2.453s] INFO:colcon.colcon_ros.task.ament_python.build:Building ROS package in '/home/raspi-earth/project_ws/src/encoder_unit' with build type 'ament_python'
[2.454s] Level 1:colcon.colcon_core.shell:create_environment_hook('encoder_unit', 'ament_prefix_path')
[2.471s] INFO:colcon.colcon_core.plugin_system:Skipping extension 'colcon_core.shell.bat': Not used on non-Windows systems
[2.471s] INFO:colcon.colcon_core.shell:Creating environment descriptor '/home/raspi-earth/project_ws/install/encoder_unit/share/encoder_unit/hook/ament_prefix_path.dsv'
[2.473s] INFO:colcon.colcon_core.shell:Creating environment hook '/home/raspi-earth/project_ws/install/encoder_unit/share/encoder_unit/hook/ament_prefix_path.sh'
[2.475s] DEBUG:colcon.colcon_core.shell:Skip shell extension 'dsv' for command environment
[2.530s] INFO:colcon.colcon_ros.task.ament_python.build:Building ROS package in '/home/raspi-earth/project_ws/src/launch_project' with build type 'ament_python'
[2.530s] Level 1:colcon.colcon_core.shell:create_environment_hook('launch_project', 'ament_prefix_path')
[2.531s] INFO:colcon.colcon_core.shell:Creating environment descriptor '/home/raspi-earth/project_ws/install/launch_project/share/launch_project/hook/ament_prefix_path.dsv'
[2.532s] INFO:colcon.colcon_core.shell:Creating environment hook '/home/raspi-earth/project_ws/install/launch_project/share/launch_project/hook/ament_prefix_path.sh'
[2.534s] DEBUG:colcon.colcon_core.shell:Skip shell extension 'dsv' for command environment
[2.564s] INFO:colcon.colcon_ros.task.ament_python.build:Building ROS package in '/home/raspi-earth/project_ws/src/motor_control' with build type 'ament_python'
[2.565s] Level 1:colcon.colcon_core.shell:create_environment_hook('motor_control', 'ament_prefix_path')
[2.565s] INFO:colcon.colcon_core.shell:Creating environment descriptor '/home/raspi-earth/project_ws/install/motor_control/share/motor_control/hook/ament_prefix_path.dsv'
[2.566s] INFO:colcon.colcon_core.shell:Creating environment hook '/home/raspi-earth/project_ws/install/motor_control/share/motor_control/hook/ament_prefix_path.sh'
[2.569s] DEBUG:colcon.colcon_core.shell:Skip shell extension 'dsv' for command environment
[2.739s] INFO:colcon.colcon_ros.task.ament_python.build:Building ROS package in '/home/raspi-earth/project_ws/src/processor_unit' with build type 'ament_python'
[2.740s] Level 1:colcon.colcon_core.shell:create_environment_hook('processor_unit', 'ament_prefix_path')
[2.740s] INFO:colcon.colcon_core.shell:Creating environment descriptor '/home/raspi-earth/project_ws/install/processor_unit/share/processor_unit/hook/ament_prefix_path.dsv'
[2.741s] INFO:colcon.colcon_core.shell:Creating environment hook '/home/raspi-earth/project_ws/install/processor_unit/share/processor_unit/hook/ament_prefix_path.sh'
[2.745s] DEBUG:colcon.colcon_core.shell:Skip shell extension 'dsv' for command environment
[4.469s] INFO:colcon.colcon_core.task.python.build:Building Python package in '/home/raspi-earth/project_ws/src/encoder_unit'
[4.469s] DEBUG:colcon.colcon_core.shell:Skip shell extension 'dsv' for command environment
[6.170s] INFO:colcon.colcon_core.task.python.build:Building Python package in '/home/raspi-earth/project_ws/src/launch_project'
[6.171s] DEBUG:colcon.colcon_core.shell:Skip shell extension 'dsv' for command environment
[7.883s] INFO:colcon.colcon_core.task.python.build:Building Python package in '/home/raspi-earth/project_ws/src/motor_control'
[7.885s] DEBUG:colcon.colcon_core.shell:Skip shell extension 'dsv' for command environment
[9.690s] INFO:colcon.colcon_core.task.python.build:Building Python package in '/home/raspi-earth/project_ws/src/processor_unit'
[9.693s] DEBUG:colcon.colcon_core.shell:Skip shell extension 'dsv' for command environment
[15.167s] DEBUG:colcon.colcon_core.event_handler.log_command:Invoking command in '/home/raspi-earth/project_ws/src/launch_project': PYTHONPATH=/home/raspi-earth/project_ws/build/launch_project/prefix_override:/usr/lib/python3/dist-packages/colcon_core/task/python/colcon_distutils_commands:/home/raspi-earth/project_ws/install/launch_project/lib/python3.11/site-packages:${PYTHONPATH} /usr/bin/python3 -W ignore:setup.py install is deprecated -W ignore:easy_install command is deprecated setup.py egg_info --egg-base ../../build/launch_project build --build-base /home/raspi-earth/project_ws/build/launch_project/build install --record /home/raspi-earth/project_ws/build/launch_project/install.log --single-version-externally-managed install_data
[15.474s] DEBUG:colcon.colcon_core.event_handler.log_command:Invoking command in '/home/raspi-earth/project_ws/src/encoder_unit': PYTHONPATH=/home/raspi-earth/project_ws/build/encoder_unit/prefix_override:/usr/lib/python3/dist-packages/colcon_core/task/python/colcon_distutils_commands:/home/raspi-earth/project_ws/install/encoder_unit/lib/python3.11/site-packages:${PYTHONPATH} /usr/bin/python3 -W ignore:setup.py install is deprecated -W ignore:easy_install command is deprecated setup.py egg_info --egg-base ../../build/encoder_unit build --build-base /home/raspi-earth/project_ws/build/encoder_unit/build install --record /home/raspi-earth/project_ws/build/encoder_unit/install.log --single-version-externally-managed install_data
[15.530s] DEBUG:colcon.colcon_core.event_handler.log_command:Invoking command in '/home/raspi-earth/project_ws/src/motor_control': PYTHONPATH=/home/raspi-earth/project_ws/build/motor_control/prefix_override:/usr/lib/python3/dist-packages/colcon_core/task/python/colcon_distutils_commands:/home/raspi-earth/project_ws/install/motor_control/lib/python3.11/site-packages:${PYTHONPATH} /usr/bin/python3 -W ignore:setup.py install is deprecated -W ignore:easy_install command is deprecated setup.py egg_info --egg-base ../../build/motor_control build --build-base /home/raspi-earth/project_ws/build/motor_control/build install --record /home/raspi-earth/project_ws/build/motor_control/install.log --single-version-externally-managed install_data
[15.997s] DEBUG:colcon.colcon_core.event_handler.log_command:Invoking command in '/home/raspi-earth/project_ws/src/processor_unit': PYTHONPATH=/home/raspi-earth/project_ws/build/processor_unit/prefix_override:/usr/lib/python3/dist-packages/colcon_core/task/python/colcon_distutils_commands:/home/raspi-earth/project_ws/install/processor_unit/lib/python3.11/site-packages:${PYTHONPATH} /usr/bin/python3 -W ignore:setup.py install is deprecated -W ignore:easy_install command is deprecated setup.py egg_info --egg-base ../../build/processor_unit build --build-base /home/raspi-earth/project_ws/build/processor_unit/build install --record /home/raspi-earth/project_ws/build/processor_unit/install.log --single-version-externally-managed install_data
[20.069s] DEBUG:colcon.colcon_core.event_handler.log_command:Invoked command in '/home/raspi-earth/project_ws/src/launch_project' returned '0': PYTHONPATH=/home/raspi-earth/project_ws/build/launch_project/prefix_override:/usr/lib/python3/dist-packages/colcon_core/task/python/colcon_distutils_commands:/home/raspi-earth/project_ws/install/launch_project/lib/python3.11/site-packages:${PYTHONPATH} /usr/bin/python3 -W ignore:setup.py install is deprecated -W ignore:easy_install command is deprecated setup.py egg_info --egg-base ../../build/launch_project build --build-base /home/raspi-earth/project_ws/build/launch_project/build install --record /home/raspi-earth/project_ws/build/launch_project/install.log --single-version-externally-managed install_data
[20.096s] Level 1:colcon.colcon_core.environment:checking '/home/raspi-earth/project_ws/install/launch_project' for CMake module files
[20.097s] Level 1:colcon.colcon_core.environment:checking '/home/raspi-earth/project_ws/install/launch_project' for CMake config files
[20.098s] Level 1:colcon.colcon_core.environment:checking '/home/raspi-earth/project_ws/install/launch_project/lib'
[20.098s] Level 1:colcon.colcon_core.environment:checking '/home/raspi-earth/project_ws/install/launch_project/bin'
[20.098s] Level 1:colcon.colcon_core.environment:checking '/home/raspi-earth/project_ws/install/launch_project/lib/pkgconfig/launch_project.pc'
[20.098s] Level 1:colcon.colcon_core.environment:checking '/home/raspi-earth/project_ws/install/launch_project/lib/python3.11/site-packages'
[20.098s] Level 1:colcon.colcon_core.shell:create_environment_hook('launch_project', 'pythonpath')
[20.099s] INFO:colcon.colcon_core.shell:Creating environment descriptor '/home/raspi-earth/project_ws/install/launch_project/share/launch_project/hook/pythonpath.dsv'
[20.099s] INFO:colcon.colcon_core.shell:Creating environment hook '/home/raspi-earth/project_ws/install/launch_project/share/launch_project/hook/pythonpath.sh'
[20.109s] Level 1:colcon.colcon_core.environment:checking '/home/raspi-earth/project_ws/install/launch_project/bin'
[20.109s] Level 1:colcon.colcon_core.environment:create_environment_scripts_only(launch_project)
[20.110s] INFO:colcon.colcon_core.shell:Creating package descriptor '/home/raspi-earth/project_ws/install/launch_project/share/launch_project/package.dsv'
[20.111s] INFO:colcon.colcon_core.shell:Creating package script '/home/raspi-earth/project_ws/install/launch_project/share/launch_project/package.sh'
[20.118s] INFO:colcon.colcon_core.shell:Creating package script '/home/raspi-earth/project_ws/install/launch_project/share/launch_project/package.bash'
[20.124s] INFO:colcon.colcon_core.shell:Creating package script '/home/raspi-earth/project_ws/install/launch_project/share/launch_project/package.zsh'
[20.127s] Level 1:colcon.colcon_core.environment:create_file_with_runtime_dependencies(/home/raspi-earth/project_ws/install/launch_project/share/colcon-core/packages/launch_project)
[20.127s] INFO:colcon.colcon_ros.task.ament_cmake.build:Building ROS package in '/home/raspi-earth/project_ws/src/whitepost_description' with build type 'ament_cmake'
[20.128s] INFO:colcon.colcon_cmake.task.cmake.build:Building CMake package in '/home/raspi-earth/project_ws/src/whitepost_description'
[20.128s] DEBUG:colcon.colcon_core.shell:Skip shell extension 'dsv' for command environment
[20.303s] DEBUG:colcon.colcon_core.event_handler.log_command:Invoking command in '/home/raspi-earth/project_ws/build/whitepost_description': CMAKE_PREFIX_PATH=${CMAKE_PREFIX_PATH}:/home/raspi-earth/project_ws/install/processor_unit:/home/raspi-earth/project_ws/install/motor_control:/home/raspi-earth/project_ws/install/launch_project:/home/raspi-earth/project_ws/install/encoder_unit:/home/raspi-earth/ros2_humble/install/rqt_bag_plugins:/home/raspi-earth/ros2_humble/install/rqt_bag:/home/raspi-earth/ros2_humble/install/launch_testing_examples:/home/raspi-earth/ros2_humble/install/ros2bag:/home/raspi-earth/ros2_humble/install/tracetools_test:/home/raspi-earth/ros2_humble/install/tracetools_launch:/home/raspi-earth/ros2_humble/install/topic_monitor:/home/raspi-earth/ros2_humble/install/tf2_tools:/home/raspi-earth/ros2_humble/install/examples_tf2_py:/home/raspi-earth/ros2_humble/install/tf2_ros_py:/home/raspi-earth/ros2_humble/install/sros2:/home/raspi-earth/ros2_humble/install/rqt_topic:/home/raspi-earth/ros2_humble/install/rqt_srv:/home/raspi-earth/ros2_humble/install/rqt_shell:/home/raspi-earth/ros2_humble/install/rqt_service_caller:/home/raspi-earth/ros2_humble/install/rqt_reconfigure:/home/raspi-earth/ros2_humble/install/rqt_py_console:/home/raspi-earth/ros2_humble/install/rqt_publisher:/home/raspi-earth/ros2_humble/install/rqt_plot:/home/raspi-earth/ros2_humble/install/rqt_action:/home/raspi-earth/ros2_humble/install/rqt_msg:/home/raspi-earth/ros2_humble/install/rqt_console:/home/raspi-earth/ros2_humble/install/rqt:/home/raspi-earth/ros2_humble/install/rqt_graph:/home/raspi-earth/ros2_humble/install/rqt_gui_py:/home/raspi-earth/ros2_humble/install/rqt_gui:/home/raspi-earth/ros2_humble/install/ros2trace:/home/raspi-earth/ros2_humble/install/ros2topic:/home/raspi-earth/ros2_humble/install/ros2test:/home/raspi-earth/ros2_humble/install/ros2component:/home/raspi-earth/ros2_humble/install/ros2param:/home/raspi-earth/ros2_humble/install/ros2lifecycle:/home/raspi-earth/ros2_humble/install/ros2service:/home/raspi-earth/ros2_humble/install/ros2run:/home/raspi-earth/ros2_humble/install/ros2plugin:/home/raspi-earth/ros2_humble/install/ros2launch:/home/raspi-earth/ros2_humble/install/ros2pkg:/home/raspi-earth/ros2_humble/install/ros2node:/home/raspi-earth/ros2_humble/install/ros2multicast:/home/raspi-earth/ros2_humble/install/ros2interface:/home/raspi-earth/ros2_humble/install/ros2doctor:/home/raspi-earth/ros2_humble/install/ros2action:/home/raspi-earth/ros2_humble/install/ros2cli:/home/raspi-earth/ros2_humble/install/quality_of_service_demo_py:/home/raspi-earth/ros2_humble/install/lifecycle_py:/home/raspi-earth/ros2_humble/install/launch_testing_ros:/home/raspi-earth/ros2_humble/install/launch_ros:/home/raspi-earth/ros2_humble/install/examples_rclpy_pointcloud_publisher:/home/raspi-earth/ros2_humble/install/examples_rclpy_minimal_subscriber:/home/raspi-earth/ros2_humble/install/examples_rclpy_minimal_service:/home/raspi-earth/ros2_humble/install/examples_rclpy_minimal_publisher:/home/raspi-earth/ros2_humble/install/examples_rclpy_minimal_client:/home/raspi-earth/ros2_humble/install/examples_rclpy_minimal_action_server:/home/raspi-earth/ros2_humble/install/examples_rclpy_minimal_action_client:/home/raspi-earth/ros2_humble/install/examples_rclpy_guard_conditions:/home/raspi-earth/ros2_humble/install/examples_rclpy_executors:/home/raspi-earth/ros2_humble/install/demo_nodes_py:/home/raspi-earth/ros2_humble/install/camera_info_manager_py:/home/raspi-earth/ros2_humble/install/action_tutorials_py:/home/raspi-earth/ros2_humble/install/ament_uncrustify:/home/raspi-earth/ros2_humble/install/tracetools_trace:/home/raspi-earth/ros2_humble/install/tracetools_read:/home/raspi-earth/ros2_humble/install/test_tracetools_launch:/home/raspi-earth/ros2_humble/install/test_launch_ros:/home/raspi-earth/ros2_humble/install/sensor_msgs_py:/home/raspi-earth/ros2_humble/install/rpyutils:/home/raspi-earth/ros2_humble/install/rosidl_runtime_py:/home/raspi-earth/ros2_humble/install/rosidl_cli:/home/raspi-earth/ros2_humble/install/launch_pytest:/home/raspi-earth/ros2_humble/install/launch_testing:/home/raspi-earth/ros2_humble/install/launch_yaml:/home/raspi-earth/ros2_humble/install/launch_xml:/home/raspi-earth/ros2_humble/install/launch:/home/raspi-earth/ros2_humble/install/osrf_pycommon:/home/raspi-earth/ros2_humble/install/domain_coordinator:/home/raspi-earth/ros2_humble/install/ament_xmllint:/home/raspi-earth/ros2_humble/install/ament_pyflakes:/home/raspi-earth/ros2_humble/install/ament_pycodestyle:/home/raspi-earth/ros2_humble/install/ament_pep257:/home/raspi-earth/ros2_humble/install/ament_pclint:/home/raspi-earth/ros2_humble/install/ament_package:/home/raspi-earth/ros2_humble/install/ament_mypy:/home/raspi-earth/ros2_humble/install/ament_lint_cmake:/home/raspi-earth/ros2_humble/install/ament_flake8:/home/raspi-earth/ros2_humble/install/ament_copyright:/home/raspi-earth/ros2_humble/install/ament_lint:/home/raspi-earth/ros2_humble/install/ament_index_python:/home/raspi-earth/ros2_humble/install/ament_cpplint:/home/raspi-earth/ros2_humble/install/ament_cppcheck:/home/raspi-earth/ros2_humble/install/ament_clang_tidy:/home/raspi-earth/ros2_humble/install/ament_clang_format /usr/bin/cmake --build /home/raspi-earth/project_ws/build/whitepost_description -- -j4 -l4
[20.350s] Level 1:colcon.colcon_core.environment:checking '/home/raspi-earth/project_ws/install/encoder_unit' for CMake module files
[20.350s] Level 1:colcon.colcon_core.environment:checking '/home/raspi-earth/project_ws/install/encoder_unit' for CMake config files
[20.351s] Level 1:colcon.colcon_core.environment:checking '/home/raspi-earth/project_ws/install/encoder_unit/lib'
[20.351s] Level 1:colcon.colcon_core.environment:checking '/home/raspi-earth/project_ws/install/encoder_unit/bin'
[20.352s] Level 1:colcon.colcon_core.environment:checking '/home/raspi-earth/project_ws/install/encoder_unit/lib/pkgconfig/encoder_unit.pc'
[20.352s] Level 1:colcon.colcon_core.environment:checking '/home/raspi-earth/project_ws/install/encoder_unit/lib/python3.11/site-packages'
[20.352s] Level 1:colcon.colcon_core.shell:create_environment_hook('encoder_unit', 'pythonpath')
[20.353s] INFO:colcon.colcon_core.shell:Creating environment descriptor '/home/raspi-earth/project_ws/install/encoder_unit/share/encoder_unit/hook/pythonpath.dsv'
[20.353s] DEBUG:colcon.colcon_core.event_handler.log_command:Invoked command in '/home/raspi-earth/project_ws/src/encoder_unit' returned '0': PYTHONPATH=/home/raspi-earth/project_ws/build/encoder_unit/prefix_override:/usr/lib/python3/dist-packages/colcon_core/task/python/colcon_distutils_commands:/home/raspi-earth/project_ws/install/encoder_unit/lib/python3.11/site-packages:${PYTHONPATH} /usr/bin/python3 -W ignore:setup.py install is deprecated -W ignore:easy_install command is deprecated setup.py egg_info --egg-base ../../build/encoder_unit build --build-base /home/raspi-earth/project_ws/build/encoder_unit/build install --record /home/raspi-earth/project_ws/build/encoder_unit/install.log --single-version-externally-managed install_data
[20.354s] INFO:colcon.colcon_core.shell:Creating environment hook '/home/raspi-earth/project_ws/install/encoder_unit/share/encoder_unit/hook/pythonpath.sh'
[20.358s] Level 1:colcon.colcon_core.environment:checking '/home/raspi-earth/project_ws/install/encoder_unit/bin'
[20.358s] Level 1:colcon.colcon_core.environment:create_environment_scripts_only(encoder_unit)
[20.359s] INFO:colcon.colcon_core.shell:Creating package descriptor '/home/raspi-earth/project_ws/install/encoder_unit/share/encoder_unit/package.dsv'
[20.360s] INFO:colcon.colcon_core.shell:Creating package script '/home/raspi-earth/project_ws/install/encoder_unit/share/encoder_unit/package.sh'
[20.361s] INFO:colcon.colcon_core.shell:Creating package script '/home/raspi-earth/project_ws/install/encoder_unit/share/encoder_unit/package.bash'
[20.362s] INFO:colcon.colcon_core.shell:Creating package script '/home/raspi-earth/project_ws/install/encoder_unit/share/encoder_unit/package.zsh'
[20.364s] Level 1:colcon.colcon_core.environment:create_file_with_runtime_dependencies(/home/raspi-earth/project_ws/install/encoder_unit/share/colcon-core/packages/encoder_unit)
[20.366s] Level 1:colcon.colcon_core.environment:checking '/home/raspi-earth/project_ws/install/processor_unit' for CMake module files
[20.367s] Level 1:colcon.colcon_core.environment:checking '/home/raspi-earth/project_ws/install/processor_unit' for CMake config files
[20.368s] Level 1:colcon.colcon_core.environment:checking '/home/raspi-earth/project_ws/install/processor_unit/lib'
[20.369s] Level 1:colcon.colcon_core.environment:checking '/home/raspi-earth/project_ws/install/processor_unit/bin'
[20.369s] Level 1:colcon.colcon_core.environment:checking '/home/raspi-earth/project_ws/install/processor_unit/lib/pkgconfig/processor_unit.pc'
[20.369s] DEBUG:colcon.colcon_core.event_handler.log_command:Invoked command in '/home/raspi-earth/project_ws/src/processor_unit' returned '0': PYTHONPATH=/home/raspi-earth/project_ws/build/processor_unit/prefix_override:/usr/lib/python3/dist-packages/colcon_core/task/python/colcon_distutils_commands:/home/raspi-earth/project_ws/install/processor_unit/lib/python3.11/site-packages:${PYTHONPATH} /usr/bin/python3 -W ignore:setup.py install is deprecated -W ignore:easy_install command is deprecated setup.py egg_info --egg-base ../../build/processor_unit build --build-base /home/raspi-earth/project_ws/build/processor_unit/build install --record /home/raspi-earth/project_ws/build/processor_unit/install.log --single-version-externally-managed install_data
[20.370s] Level 1:colcon.colcon_core.environment:checking '/home/raspi-earth/project_ws/install/processor_unit/lib/python3.11/site-packages'
[20.370s] Level 1:colcon.colcon_core.shell:create_environment_hook('processor_unit', 'pythonpath')
[20.371s] INFO:colcon.colcon_core.shell:Creating environment descriptor '/home/raspi-earth/project_ws/install/processor_unit/share/processor_unit/hook/pythonpath.dsv'
[20.371s] INFO:colcon.colcon_core.shell:Creating environment hook '/home/raspi-earth/project_ws/install/processor_unit/share/processor_unit/hook/pythonpath.sh'
[20.373s] Level 1:colcon.colcon_core.environment:checking '/home/raspi-earth/project_ws/install/processor_unit/bin'
[20.373s] Level 1:colcon.colcon_core.environment:create_environment_scripts_only(processor_unit)
[20.373s] INFO:colcon.colcon_core.shell:Creating package descriptor '/home/raspi-earth/project_ws/install/processor_unit/share/processor_unit/package.dsv'
[20.374s] INFO:colcon.colcon_core.shell:Creating package script '/home/raspi-earth/project_ws/install/processor_unit/share/processor_unit/package.sh'
[20.375s] INFO:colcon.colcon_core.shell:Creating package script '/home/raspi-earth/project_ws/install/processor_unit/share/processor_unit/package.bash'
[20.378s] INFO:colcon.colcon_core.shell:Creating package script '/home/raspi-earth/project_ws/install/processor_unit/share/processor_unit/package.zsh'
[20.379s] Level 1:colcon.colcon_core.environment:create_file_with_runtime_dependencies(/home/raspi-earth/project_ws/install/processor_unit/share/colcon-core/packages/processor_unit)
[20.381s] Level 1:colcon.colcon_core.environment:checking '/home/raspi-earth/project_ws/install/motor_control' for CMake module files
[20.381s] Level 1:colcon.colcon_core.environment:checking '/home/raspi-earth/project_ws/install/motor_control' for CMake config files
[20.382s] DEBUG:colcon.colcon_core.event_handler.log_command:Invoked command in '/home/raspi-earth/project_ws/src/motor_control' returned '0': PYTHONPATH=/home/raspi-earth/project_ws/build/motor_control/prefix_override:/usr/lib/python3/dist-packages/colcon_core/task/python/colcon_distutils_commands:/home/raspi-earth/project_ws/install/motor_control/lib/python3.11/site-packages:${PYTHONPATH} /usr/bin/python3 -W ignore:setup.py install is deprecated -W ignore:easy_install command is deprecated setup.py egg_info --egg-base ../../build/motor_control build --build-base /home/raspi-earth/project_ws/build/motor_control/build install --record /home/raspi-earth/project_ws/build/motor_control/install.log --single-version-externally-managed install_data
[20.382s] Level 1:colcon.colcon_core.environment:checking '/home/raspi-earth/project_ws/install/motor_control/lib'
[20.383s] Level 1:colcon.colcon_core.environment:checking '/home/raspi-earth/project_ws/install/motor_control/bin'
[20.383s] Level 1:colcon.colcon_core.environment:checking '/home/raspi-earth/project_ws/install/motor_control/lib/pkgconfig/motor_control.pc'
[20.383s] Level 1:colcon.colcon_core.environment:checking '/home/raspi-earth/project_ws/install/motor_control/lib/python3.11/site-packages'
[20.383s] Level 1:colcon.colcon_core.shell:create_environment_hook('motor_control', 'pythonpath')
[20.383s] INFO:colcon.colcon_core.shell:Creating environment descriptor '/home/raspi-earth/project_ws/install/motor_control/share/motor_control/hook/pythonpath.dsv'
[20.386s] INFO:colcon.colcon_core.shell:Creating environment hook '/home/raspi-earth/project_ws/install/motor_control/share/motor_control/hook/pythonpath.sh'
[20.387s] Level 1:colcon.colcon_core.environment:checking '/home/raspi-earth/project_ws/install/motor_control/bin'
[20.387s] Level 1:colcon.colcon_core.environment:create_environment_scripts_only(motor_control)
[20.388s] INFO:colcon.colcon_core.shell:Creating package descriptor '/home/raspi-earth/project_ws/install/motor_control/share/motor_control/package.dsv'
[20.389s] INFO:colcon.colcon_core.shell:Creating package script '/home/raspi-earth/project_ws/install/motor_control/share/motor_control/package.sh'
[20.391s] INFO:colcon.colcon_core.shell:Creating package script '/home/raspi-earth/project_ws/install/motor_control/share/motor_control/package.bash'
[20.393s] INFO:colcon.colcon_core.shell:Creating package script '/home/raspi-earth/project_ws/install/motor_control/share/motor_control/package.zsh'
[20.395s] Level 1:colcon.colcon_core.environment:create_file_with_runtime_dependencies(/home/raspi-earth/project_ws/install/motor_control/share/colcon-core/packages/motor_control)
[20.658s] DEBUG:colcon.colcon_core.event_handler.log_command:Invoked command in '/home/raspi-earth/project_ws/build/whitepost_description' returned '0': CMAKE_PREFIX_PATH=${CMAKE_PREFIX_PATH}:/home/raspi-earth/project_ws/install/processor_unit:/home/raspi-earth/project_ws/install/motor_control:/home/raspi-earth/project_ws/install/launch_project:/home/raspi-earth/project_ws/install/encoder_unit:/home/raspi-earth/ros2_humble/install/rqt_bag_plugins:/home/raspi-earth/ros2_humble/install/rqt_bag:/home/raspi-earth/ros2_humble/install/launch_testing_examples:/home/raspi-earth/ros2_humble/install/ros2bag:/home/raspi-earth/ros2_humble/install/tracetools_test:/home/raspi-earth/ros2_humble/install/tracetools_launch:/home/raspi-earth/ros2_humble/install/topic_monitor:/home/raspi-earth/ros2_humble/install/tf2_tools:/home/raspi-earth/ros2_humble/install/examples_tf2_py:/home/raspi-earth/ros2_humble/install/tf2_ros_py:/home/raspi-earth/ros2_humble/install/sros2:/home/raspi-earth/ros2_humble/install/rqt_topic:/home/raspi-earth/ros2_humble/install/rqt_srv:/home/raspi-earth/ros2_humble/install/rqt_shell:/home/raspi-earth/ros2_humble/install/rqt_service_caller:/home/raspi-earth/ros2_humble/install/rqt_reconfigure:/home/raspi-earth/ros2_humble/install/rqt_py_console:/home/raspi-earth/ros2_humble/install/rqt_publisher:/home/raspi-earth/ros2_humble/install/rqt_plot:/home/raspi-earth/ros2_humble/install/rqt_action:/home/raspi-earth/ros2_humble/install/rqt_msg:/home/raspi-earth/ros2_humble/install/rqt_console:/home/raspi-earth/ros2_humble/install/rqt:/home/raspi-earth/ros2_humble/install/rqt_graph:/home/raspi-earth/ros2_humble/install/rqt_gui_py:/home/raspi-earth/ros2_humble/install/rqt_gui:/home/raspi-earth/ros2_humble/install/ros2trace:/home/raspi-earth/ros2_humble/install/ros2topic:/home/raspi-earth/ros2_humble/install/ros2test:/home/raspi-earth/ros2_humble/install/ros2component:/home/raspi-earth/ros2_humble/install/ros2param:/home/raspi-earth/ros2_humble/install/ros2lifecycle:/home/raspi-earth/ros2_humble/install/ros2service:/home/raspi-earth/ros2_humble/install/ros2run:/home/raspi-earth/ros2_humble/install/ros2plugin:/home/raspi-earth/ros2_humble/install/ros2launch:/home/raspi-earth/ros2_humble/install/ros2pkg:/home/raspi-earth/ros2_humble/install/ros2node:/home/raspi-earth/ros2_humble/install/ros2multicast:/home/raspi-earth/ros2_humble/install/ros2interface:/home/raspi-earth/ros2_humble/install/ros2doctor:/home/raspi-earth/ros2_humble/install/ros2action:/home/raspi-earth/ros2_humble/install/ros2cli:/home/raspi-earth/ros2_humble/install/quality_of_service_demo_py:/home/raspi-earth/ros2_humble/install/lifecycle_py:/home/raspi-earth/ros2_humble/install/launch_testing_ros:/home/raspi-earth/ros2_humble/install/launch_ros:/home/raspi-earth/ros2_humble/install/examples_rclpy_pointcloud_publisher:/home/raspi-earth/ros2_humble/install/examples_rclpy_minimal_subscriber:/home/raspi-earth/ros2_humble/install/examples_rclpy_minimal_service:/home/raspi-earth/ros2_humble/install/examples_rclpy_minimal_publisher:/home/raspi-earth/ros2_humble/install/examples_rclpy_minimal_client:/home/raspi-earth/ros2_humble/install/examples_rclpy_minimal_action_server:/home/raspi-earth/ros2_humble/install/examples_rclpy_minimal_action_client:/home/raspi-earth/ros2_humble/install/examples_rclpy_guard_conditions:/home/raspi-earth/ros2_humble/install/examples_rclpy_executors:/home/raspi-earth/ros2_humble/install/demo_nodes_py:/home/raspi-earth/ros2_humble/install/camera_info_manager_py:/home/raspi-earth/ros2_humble/install/action_tutorials_py:/home/raspi-earth/ros2_humble/install/ament_uncrustify:/home/raspi-earth/ros2_humble/install/tracetools_trace:/home/raspi-earth/ros2_humble/install/tracetools_read:/home/raspi-earth/ros2_humble/install/test_tracetools_launch:/home/raspi-earth/ros2_humble/install/test_launch_ros:/home/raspi-earth/ros2_humble/install/sensor_msgs_py:/home/raspi-earth/ros2_humble/install/rpyutils:/home/raspi-earth/ros2_humble/install/rosidl_runtime_py:/home/raspi-earth/ros2_humble/install/rosidl_cli:/home/raspi-earth/ros2_humble/install/launch_pytest:/home/raspi-earth/ros2_humble/install/launch_testing:/home/raspi-earth/ros2_humble/install/launch_yaml:/home/raspi-earth/ros2_humble/install/launch_xml:/home/raspi-earth/ros2_humble/install/launch:/home/raspi-earth/ros2_humble/install/osrf_pycommon:/home/raspi-earth/ros2_humble/install/domain_coordinator:/home/raspi-earth/ros2_humble/install/ament_xmllint:/home/raspi-earth/ros2_humble/install/ament_pyflakes:/home/raspi-earth/ros2_humble/install/ament_pycodestyle:/home/raspi-earth/ros2_humble/install/ament_pep257:/home/raspi-earth/ros2_humble/install/ament_pclint:/home/raspi-earth/ros2_humble/install/ament_package:/home/raspi-earth/ros2_humble/install/ament_mypy:/home/raspi-earth/ros2_humble/install/ament_lint_cmake:/home/raspi-earth/ros2_humble/install/ament_flake8:/home/raspi-earth/ros2_humble/install/ament_copyright:/home/raspi-earth/ros2_humble/install/ament_lint:/home/raspi-earth/ros2_humble/install/ament_index_python:/home/raspi-earth/ros2_humble/install/ament_cpplint:/home/raspi-earth/ros2_humble/install/ament_cppcheck:/home/raspi-earth/ros2_humble/install/ament_clang_tidy:/home/raspi-earth/ros2_humble/install/ament_clang_format /usr/bin/cmake --build /home/raspi-earth/project_ws/build/whitepost_description -- -j4 -l4
[20.704s] DEBUG:colcon.colcon_core.event_handler.log_command:Invoking command in '/home/raspi-earth/project_ws/build/whitepost_description': CMAKE_PREFIX_PATH=${CMAKE_PREFIX_PATH}:/home/raspi-earth/project_ws/install/processor_unit:/home/raspi-earth/project_ws/install/motor_control:/home/raspi-earth/project_ws/install/launch_project:/home/raspi-earth/project_ws/install/encoder_unit:/home/raspi-earth/ros2_humble/install/rqt_bag_plugins:/home/raspi-earth/ros2_humble/install/rqt_bag:/home/raspi-earth/ros2_humble/install/launch_testing_examples:/home/raspi-earth/ros2_humble/install/ros2bag:/home/raspi-earth/ros2_humble/install/tracetools_test:/home/raspi-earth/ros2_humble/install/tracetools_launch:/home/raspi-earth/ros2_humble/install/topic_monitor:/home/raspi-earth/ros2_humble/install/tf2_tools:/home/raspi-earth/ros2_humble/install/examples_tf2_py:/home/raspi-earth/ros2_humble/install/tf2_ros_py:/home/raspi-earth/ros2_humble/install/sros2:/home/raspi-earth/ros2_humble/install/rqt_topic:/home/raspi-earth/ros2_humble/install/rqt_srv:/home/raspi-earth/ros2_humble/install/rqt_shell:/home/raspi-earth/ros2_humble/install/rqt_service_caller:/home/raspi-earth/ros2_humble/install/rqt_reconfigure:/home/raspi-earth/ros2_humble/install/rqt_py_console:/home/raspi-earth/ros2_humble/install/rqt_publisher:/home/raspi-earth/ros2_humble/install/rqt_plot:/home/raspi-earth/ros2_humble/install/rqt_action:/home/raspi-earth/ros2_humble/install/rqt_msg:/home/raspi-earth/ros2_humble/install/rqt_console:/home/raspi-earth/ros2_humble/install/rqt:/home/raspi-earth/ros2_humble/install/rqt_graph:/home/raspi-earth/ros2_humble/install/rqt_gui_py:/home/raspi-earth/ros2_humble/install/rqt_gui:/home/raspi-earth/ros2_humble/install/ros2trace:/home/raspi-earth/ros2_humble/install/ros2topic:/home/raspi-earth/ros2_humble/install/ros2test:/home/raspi-earth/ros2_humble/install/ros2component:/home/raspi-earth/ros2_humble/install/ros2param:/home/raspi-earth/ros2_humble/install/ros2lifecycle:/home/raspi-earth/ros2_humble/install/ros2service:/home/raspi-earth/ros2_humble/install/ros2run:/home/raspi-earth/ros2_humble/install/ros2plugin:/home/raspi-earth/ros2_humble/install/ros2launch:/home/raspi-earth/ros2_humble/install/ros2pkg:/home/raspi-earth/ros2_humble/install/ros2node:/home/raspi-earth/ros2_humble/install/ros2multicast:/home/raspi-earth/ros2_humble/install/ros2interface:/home/raspi-earth/ros2_humble/install/ros2doctor:/home/raspi-earth/ros2_humble/install/ros2action:/home/raspi-earth/ros2_humble/install/ros2cli:/home/raspi-earth/ros2_humble/install/quality_of_service_demo_py:/home/raspi-earth/ros2_humble/install/lifecycle_py:/home/raspi-earth/ros2_humble/install/launch_testing_ros:/home/raspi-earth/ros2_humble/install/launch_ros:/home/raspi-earth/ros2_humble/install/examples_rclpy_pointcloud_publisher:/home/raspi-earth/ros2_humble/install/examples_rclpy_minimal_subscriber:/home/raspi-earth/ros2_humble/install/examples_rclpy_minimal_service:/home/raspi-earth/ros2_humble/install/examples_rclpy_minimal_publisher:/home/raspi-earth/ros2_humble/install/examples_rclpy_minimal_client:/home/raspi-earth/ros2_humble/install/examples_rclpy_minimal_action_server:/home/raspi-earth/ros2_humble/install/examples_rclpy_minimal_action_client:/home/raspi-earth/ros2_humble/install/examples_rclpy_guard_conditions:/home/raspi-earth/ros2_humble/install/examples_rclpy_executors:/home/raspi-earth/ros2_humble/install/demo_nodes_py:/home/raspi-earth/ros2_humble/install/camera_info_manager_py:/home/raspi-earth/ros2_humble/install/action_tutorials_py:/home/raspi-earth/ros2_humble/install/ament_uncrustify:/home/raspi-earth/ros2_humble/install/tracetools_trace:/home/raspi-earth/ros2_humble/install/tracetools_read:/home/raspi-earth/ros2_humble/install/test_tracetools_launch:/home/raspi-earth/ros2_humble/install/test_launch_ros:/home/raspi-earth/ros2_humble/install/sensor_msgs_py:/home/raspi-earth/ros2_humble/install/rpyutils:/home/raspi-earth/ros2_humble/install/rosidl_runtime_py:/home/raspi-earth/ros2_humble/install/rosidl_cli:/home/raspi-earth/ros2_humble/install/launch_pytest:/home/raspi-earth/ros2_humble/install/launch_testing:/home/raspi-earth/ros2_humble/install/launch_yaml:/home/raspi-earth/ros2_humble/install/launch_xml:/home/raspi-earth/ros2_humble/install/launch:/home/raspi-earth/ros2_humble/install/osrf_pycommon:/home/raspi-earth/ros2_humble/install/domain_coordinator:/home/raspi-earth/ros2_humble/install/ament_xmllint:/home/raspi-earth/ros2_humble/install/ament_pyflakes:/home/raspi-earth/ros2_humble/install/ament_pycodestyle:/home/raspi-earth/ros2_humble/install/ament_pep257:/home/raspi-earth/ros2_humble/install/ament_pclint:/home/raspi-earth/ros2_humble/install/ament_package:/home/raspi-earth/ros2_humble/install/ament_mypy:/home/raspi-earth/ros2_humble/install/ament_lint_cmake:/home/raspi-earth/ros2_humble/install/ament_flake8:/home/raspi-earth/ros2_humble/install/ament_copyright:/home/raspi-earth/ros2_humble/install/ament_lint:/home/raspi-earth/ros2_humble/install/ament_index_python:/home/raspi-earth/ros2_humble/install/ament_cpplint:/home/raspi-earth/ros2_humble/install/ament_cppcheck:/home/raspi-earth/ros2_humble/install/ament_clang_tidy:/home/raspi-earth/ros2_humble/install/ament_clang_format /usr/bin/cmake --install /home/raspi-earth/project_ws/build/whitepost_description
[20.758s] Level 1:colcon.colcon_core.environment:create_environment_scripts_only(whitepost_description)
[20.759s] Level 1:colcon.colcon_core.environment:checking '/home/raspi-earth/project_ws/install/whitepost_description' for CMake module files
[20.763s] DEBUG:colcon.colcon_core.event_handler.log_command:Invoked command in '/home/raspi-earth/project_ws/build/whitepost_description' returned '0': CMAKE_PREFIX_PATH=${CMAKE_PREFIX_PATH}:/home/raspi-earth/project_ws/install/processor_unit:/home/raspi-earth/project_ws/install/motor_control:/home/raspi-earth/project_ws/install/launch_project:/home/raspi-earth/project_ws/install/encoder_unit:/home/raspi-earth/ros2_humble/install/rqt_bag_plugins:/home/raspi-earth/ros2_humble/install/rqt_bag:/home/raspi-earth/ros2_humble/install/launch_testing_examples:/home/raspi-earth/ros2_humble/install/ros2bag:/home/raspi-earth/ros2_humble/install/tracetools_test:/home/raspi-earth/ros2_humble/install/tracetools_launch:/home/raspi-earth/ros2_humble/install/topic_monitor:/home/raspi-earth/ros2_humble/install/tf2_tools:/home/raspi-earth/ros2_humble/install/examples_tf2_py:/home/raspi-earth/ros2_humble/install/tf2_ros_py:/home/raspi-earth/ros2_humble/install/sros2:/home/raspi-earth/ros2_humble/install/rqt_topic:/home/raspi-earth/ros2_humble/install/rqt_srv:/home/raspi-earth/ros2_humble/install/rqt_shell:/home/raspi-earth/ros2_humble/install/rqt_service_caller:/home/raspi-earth/ros2_humble/install/rqt_reconfigure:/home/raspi-earth/ros2_humble/install/rqt_py_console:/home/raspi-earth/ros2_humble/install/rqt_publisher:/home/raspi-earth/ros2_humble/install/rqt_plot:/home/raspi-earth/ros2_humble/install/rqt_action:/home/raspi-earth/ros2_humble/install/rqt_msg:/home/raspi-earth/ros2_humble/install/rqt_console:/home/raspi-earth/ros2_humble/install/rqt:/home/raspi-earth/ros2_humble/install/rqt_graph:/home/raspi-earth/ros2_humble/install/rqt_gui_py:/home/raspi-earth/ros2_humble/install/rqt_gui:/home/raspi-earth/ros2_humble/install/ros2trace:/home/raspi-earth/ros2_humble/install/ros2topic:/home/raspi-earth/ros2_humble/install/ros2test:/home/raspi-earth/ros2_humble/install/ros2component:/home/raspi-earth/ros2_humble/install/ros2param:/home/raspi-earth/ros2_humble/install/ros2lifecycle:/home/raspi-earth/ros2_humble/install/ros2service:/home/raspi-earth/ros2_humble/install/ros2run:/home/raspi-earth/ros2_humble/install/ros2plugin:/home/raspi-earth/ros2_humble/install/ros2launch:/home/raspi-earth/ros2_humble/install/ros2pkg:/home/raspi-earth/ros2_humble/install/ros2node:/home/raspi-earth/ros2_humble/install/ros2multicast:/home/raspi-earth/ros2_humble/install/ros2interface:/home/raspi-earth/ros2_humble/install/ros2doctor:/home/raspi-earth/ros2_humble/install/ros2action:/home/raspi-earth/ros2_humble/install/ros2cli:/home/raspi-earth/ros2_humble/install/quality_of_service_demo_py:/home/raspi-earth/ros2_humble/install/lifecycle_py:/home/raspi-earth/ros2_humble/install/launch_testing_ros:/home/raspi-earth/ros2_humble/install/launch_ros:/home/raspi-earth/ros2_humble/install/examples_rclpy_pointcloud_publisher:/home/raspi-earth/ros2_humble/install/examples_rclpy_minimal_subscriber:/home/raspi-earth/ros2_humble/install/examples_rclpy_minimal_service:/home/raspi-earth/ros2_humble/install/examples_rclpy_minimal_publisher:/home/raspi-earth/ros2_humble/install/examples_rclpy_minimal_client:/home/raspi-earth/ros2_humble/install/examples_rclpy_minimal_action_server:/home/raspi-earth/ros2_humble/install/examples_rclpy_minimal_action_client:/home/raspi-earth/ros2_humble/install/examples_rclpy_guard_conditions:/home/raspi-earth/ros2_humble/install/examples_rclpy_executors:/home/raspi-earth/ros2_humble/install/demo_nodes_py:/home/raspi-earth/ros2_humble/install/camera_info_manager_py:/home/raspi-earth/ros2_humble/install/action_tutorials_py:/home/raspi-earth/ros2_humble/install/ament_uncrustify:/home/raspi-earth/ros2_humble/install/tracetools_trace:/home/raspi-earth/ros2_humble/install/tracetools_read:/home/raspi-earth/ros2_humble/install/test_tracetools_launch:/home/raspi-earth/ros2_humble/install/test_launch_ros:/home/raspi-earth/ros2_humble/install/sensor_msgs_py:/home/raspi-earth/ros2_humble/install/rpyutils:/home/raspi-earth/ros2_humble/install/rosidl_runtime_py:/home/raspi-earth/ros2_humble/install/rosidl_cli:/home/raspi-earth/ros2_humble/install/launch_pytest:/home/raspi-earth/ros2_humble/install/launch_testing:/home/raspi-earth/ros2_humble/install/launch_yaml:/home/raspi-earth/ros2_humble/install/launch_xml:/home/raspi-earth/ros2_humble/install/launch:/home/raspi-earth/ros2_humble/install/osrf_pycommon:/home/raspi-earth/ros2_humble/install/domain_coordinator:/home/raspi-earth/ros2_humble/install/ament_xmllint:/home/raspi-earth/ros2_humble/install/ament_pyflakes:/home/raspi-earth/ros2_humble/install/ament_pycodestyle:/home/raspi-earth/ros2_humble/install/ament_pep257:/home/raspi-earth/ros2_humble/install/ament_pclint:/home/raspi-earth/ros2_humble/install/ament_package:/home/raspi-earth/ros2_humble/install/ament_mypy:/home/raspi-earth/ros2_humble/install/ament_lint_cmake:/home/raspi-earth/ros2_humble/install/ament_flake8:/home/raspi-earth/ros2_humble/install/ament_copyright:/home/raspi-earth/ros2_humble/install/ament_lint:/home/raspi-earth/ros2_humble/install/ament_index_python:/home/raspi-earth/ros2_humble/install/ament_cpplint:/home/raspi-earth/ros2_humble/install/ament_cppcheck:/home/raspi-earth/ros2_humble/install/ament_clang_tidy:/home/raspi-earth/ros2_humble/install/ament_clang_format /usr/bin/cmake --install /home/raspi-earth/project_ws/build/whitepost_description
[20.766s] Level 1:colcon.colcon_core.environment:checking '/home/raspi-earth/project_ws/install/whitepost_description' for CMake config files
[20.767s] Level 1:colcon.colcon_core.shell:create_environment_hook('whitepost_description', 'cmake_prefix_path')
[20.768s] INFO:colcon.colcon_core.shell:Creating environment descriptor '/home/raspi-earth/project_ws/install/whitepost_description/share/whitepost_description/hook/cmake_prefix_path.dsv'
[20.769s] INFO:colcon.colcon_core.shell:Creating environment hook '/home/raspi-earth/project_ws/install/whitepost_description/share/whitepost_description/hook/cmake_prefix_path.sh'
[20.772s] Level 1:colcon.colcon_core.environment:checking '/home/raspi-earth/project_ws/install/whitepost_description/bin'
[20.773s] Level 1:colcon.colcon_core.environment:checking '/home/raspi-earth/project_ws/install/whitepost_description/lib/pkgconfig/whitepost_description.pc'
[20.774s] Level 1:colcon.colcon_core.environment:checking '/home/raspi-earth/project_ws/install/whitepost_description/lib/python3.11/site-packages'
[20.775s] Level 1:colcon.colcon_core.environment:checking '/home/raspi-earth/project_ws/install/whitepost_description/bin'
[20.781s] INFO:colcon.colcon_core.shell:Creating package descriptor '/home/raspi-earth/project_ws/install/whitepost_description/share/whitepost_description/package.dsv'
[20.783s] INFO:colcon.colcon_core.shell:Creating package script '/home/raspi-earth/project_ws/install/whitepost_description/share/whitepost_description/package.sh'
[20.785s] INFO:colcon.colcon_core.shell:Creating package script '/home/raspi-earth/project_ws/install/whitepost_description/share/whitepost_description/package.bash'
[20.786s] INFO:colcon.colcon_core.shell:Creating package script '/home/raspi-earth/project_ws/install/whitepost_description/share/whitepost_description/package.zsh'
[20.787s] Level 1:colcon.colcon_core.environment:create_file_with_runtime_dependencies(/home/raspi-earth/project_ws/install/whitepost_description/share/colcon-core/packages/whitepost_description)
[20.789s] Level 1:colcon.colcon_core.environment:create_environment_scripts_only(whitepost_description)
[20.789s] Level 1:colcon.colcon_core.environment:checking '/home/raspi-earth/project_ws/install/whitepost_description' for CMake module files
[20.790s] Level 1:colcon.colcon_core.environment:checking '/home/raspi-earth/project_ws/install/whitepost_description' for CMake config files
[20.790s] Level 1:colcon.colcon_core.shell:create_environment_hook('whitepost_description', 'cmake_prefix_path')
[20.790s] INFO:colcon.colcon_core.shell:Creating environment descriptor '/home/raspi-earth/project_ws/install/whitepost_description/share/whitepost_description/hook/cmake_prefix_path.dsv'
[20.791s] INFO:colcon.colcon_core.shell:Creating environment hook '/home/raspi-earth/project_ws/install/whitepost_description/share/whitepost_description/hook/cmake_prefix_path.sh'
[20.792s] Level 1:colcon.colcon_core.environment:checking '/home/raspi-earth/project_ws/install/whitepost_description/bin'
[20.792s] Level 1:colcon.colcon_core.environment:checking '/home/raspi-earth/project_ws/install/whitepost_description/lib/pkgconfig/whitepost_description.pc'
[20.797s] Level 1:colcon.colcon_core.environment:checking '/home/raspi-earth/project_ws/install/whitepost_description/lib/python3.11/site-packages'
[20.799s] Level 1:colcon.colcon_core.environment:checking '/home/raspi-earth/project_ws/install/whitepost_description/bin'
[20.801s] INFO:colcon.colcon_core.shell:Creating package descriptor '/home/raspi-earth/project_ws/install/whitepost_description/share/whitepost_description/package.dsv'
[20.804s] INFO:colcon.colcon_core.shell:Creating package script '/home/raspi-earth/project_ws/install/whitepost_description/share/whitepost_description/package.sh'
[20.807s] INFO:colcon.colcon_core.shell:Creating package script '/home/raspi-earth/project_ws/install/whitepost_description/share/whitepost_description/package.bash'
[20.812s] INFO:colcon.colcon_core.shell:Creating package script '/home/raspi-earth/project_ws/install/whitepost_description/share/whitepost_description/package.zsh'
[20.817s] Level 1:colcon.colcon_core.environment:create_file_with_runtime_dependencies(/home/raspi-earth/project_ws/install/whitepost_description/share/colcon-core/packages/whitepost_description)
[20.818s] DEBUG:colcon.colcon_parallel_executor.executor.parallel:closing loop
[20.825s] DEBUG:colcon.colcon_parallel_executor.executor.parallel:loop closed
[20.826s] DEBUG:colcon.colcon_parallel_executor.executor.parallel:run_until_complete finished with '0'
[20.826s] DEBUG:colcon.colcon_core.event_reactor:joining thread
[20.882s] INFO:colcon.colcon_core.plugin_system:Skipping extension 'colcon_notification.desktop_notification.notify_send': Could not find 'notify-send'
[20.882s] INFO:colcon.colcon_core.plugin_system:Skipping extension 'colcon_notification.desktop_notification.terminal_notifier': Not used on non-Darwin systems
[20.882s] INFO:colcon.colcon_core.plugin_system:Skipping extension 'colcon_notification.desktop_notification.win32': Not used on non-Windows systems
[20.882s] INFO:colcon.colcon_notification.desktop_notification:Sending desktop notification using 'notify2'
[20.889s] DEBUG:colcon.colcon_notification.desktop_notification.notify2:Failed to initialize notify2: org.freedesktop.DBus.Error.ServiceUnknown: The name org.freedesktop.Notifications was not provided by any .service files
[20.889s] DEBUG:colcon.colcon_core.event_reactor:joined thread
[20.889s] INFO:colcon.colcon_core.shell:Creating prefix script '/home/raspi-earth/project_ws/install/local_setup.sh'
[20.892s] INFO:colcon.colcon_core.shell:Creating prefix util module '/home/raspi-earth/project_ws/install/_local_setup_util_sh.py'
[20.895s] INFO:colcon.colcon_core.shell:Creating prefix chain script '/home/raspi-earth/project_ws/install/setup.sh'
[20.910s] INFO:colcon.colcon_core.shell:Creating prefix script '/home/raspi-earth/project_ws/install/local_setup.bash'
[20.913s] INFO:colcon.colcon_core.shell:Creating prefix chain script '/home/raspi-earth/project_ws/install/setup.bash'
[20.927s] INFO:colcon.colcon_core.shell:Creating prefix script '/home/raspi-earth/project_ws/install/local_setup.zsh'
[20.929s] INFO:colcon.colcon_core.shell:Creating prefix chain script '/home/raspi-earth/project_ws/install/setup.zsh'
