[8.087s] Invoking command in '/home/raspi-earth/project_ws/src/motor_control': PYTHONPATH=/home/raspi-earth/project_ws/build/motor_control/prefix_override:/usr/lib/python3/dist-packages/colcon_core/task/python/colcon_distutils_commands:/home/raspi-earth/project_ws/install/motor_control/lib/python3.11/site-packages:${PYTHONPATH} /usr/bin/python3 -W ignore:setup.py install is deprecated -W ignore:easy_install command is deprecated setup.py egg_info --egg-base ../../build/motor_control build --build-base /home/raspi-earth/project_ws/build/motor_control/build install --record /home/raspi-earth/project_ws/build/motor_control/install.log --single-version-externally-managed install_data
[9.851s] running egg_info
[9.939s] writing ../../build/motor_control/motor_control.egg-info/PKG-INFO
[9.940s] writing dependency_links to ../../build/motor_control/motor_control.egg-info/dependency_links.txt
[9.941s] writing entry points to ../../build/motor_control/motor_control.egg-info/entry_points.txt
[9.943s] writing requirements to ../../build/motor_control/motor_control.egg-info/requires.txt
[9.945s] writing top-level names to ../../build/motor_control/motor_control.egg-info/top_level.txt
[10.090s] reading manifest file '../../build/motor_control/motor_control.egg-info/SOURCES.txt'
[10.091s] adding license file 'LICENSE'
[10.092s] writing manifest file '../../build/motor_control/motor_control.egg-info/SOURCES.txt'
[10.093s] running build
[10.093s] running build_py
[10.095s] running install
[10.107s] running install_lib
[10.176s] running install_data
[10.177s] running install_egg_info
[10.392s] removing '/home/raspi-earth/project_ws/install/motor_control/lib/python3.11/site-packages/motor_control-0.0.0-py3.11.egg-info' (and everything under it)
[10.398s] Copying ../../build/motor_control/motor_control.egg-info to /home/raspi-earth/project_ws/install/motor_control/lib/python3.11/site-packages/motor_control-0.0.0-py3.11.egg-info
[10.405s] running install_scripts
[10.694s] Installing joint1_node script to /home/raspi-earth/project_ws/install/motor_control/lib/motor_control
[10.695s] Installing joint2_node script to /home/raspi-earth/project_ws/install/motor_control/lib/motor_control
[10.696s] Installing joint3_node script to /home/raspi-earth/project_ws/install/motor_control/lib/motor_control
[10.697s] Installing servodrive script to /home/raspi-earth/project_ws/install/motor_control/lib/motor_control
[10.698s] Installing stepmotor1 script to /home/raspi-earth/project_ws/install/motor_control/lib/motor_control
[10.700s] Installing stepmotor2 script to /home/raspi-earth/project_ws/install/motor_control/lib/motor_control
[10.700s] Installing stepmotor3 script to /home/raspi-earth/project_ws/install/motor_control/lib/motor_control
[10.702s] writing list of installed files to '/home/raspi-earth/project_ws/build/motor_control/install.log'
[10.931s] Invoked command in '/home/raspi-earth/project_ws/src/motor_control' returned '0': PYTHONPATH=/home/raspi-earth/project_ws/build/motor_control/prefix_override:/usr/lib/python3/dist-packages/colcon_core/task/python/colcon_distutils_commands:/home/raspi-earth/project_ws/install/motor_control/lib/python3.11/site-packages:${PYTHONPATH} /usr/bin/python3 -W ignore:setup.py install is deprecated -W ignore:easy_install command is deprecated setup.py egg_info --egg-base ../../build/motor_control build --build-base /home/raspi-earth/project_ws/build/motor_control/build install --record /home/raspi-earth/project_ws/build/motor_control/install.log --single-version-externally-managed install_data
