[9.159s] Invoking command in '/home/raspi-earth/project_ws/src/processor_unit': PYTHONPATH=/home/raspi-earth/project_ws/build/processor_unit/prefix_override:/usr/lib/python3/dist-packages/colcon_core/task/python/colcon_distutils_commands:/home/raspi-earth/project_ws/install/processor_unit/lib/python3.11/site-packages:${PYTHONPATH} /usr/bin/python3 -W ignore:setup.py install is deprecated -W ignore:easy_install command is deprecated setup.py egg_info --egg-base ../../build/processor_unit build --build-base /home/raspi-earth/project_ws/build/processor_unit/build install --record /home/raspi-earth/project_ws/build/processor_unit/install.log --single-version-externally-managed install_data
[11.229s] running egg_info
[11.373s] writing ../../build/processor_unit/processor_unit.egg-info/PKG-INFO
[11.382s] writing dependency_links to ../../build/processor_unit/processor_unit.egg-info/dependency_links.txt
[11.383s] writing entry points to ../../build/processor_unit/processor_unit.egg-info/entry_points.txt
[11.384s] writing requirements to ../../build/processor_unit/processor_unit.egg-info/requires.txt
[11.385s] writing top-level names to ../../build/processor_unit/processor_unit.egg-info/top_level.txt
[11.637s] reading manifest file '../../build/processor_unit/processor_unit.egg-info/SOURCES.txt'
[11.637s] adding license file 'LICENSE'
[11.637s] writing manifest file '../../build/processor_unit/processor_unit.egg-info/SOURCES.txt'
[11.637s] running build
[11.637s] running build_py
[11.637s] copying processor_unit/test.py -> /home/raspi-earth/project_ws/build/processor_unit/build/lib/processor_unit
[11.640s] running install
[11.673s] running install_lib
[11.795s] copying /home/raspi-earth/project_ws/build/processor_unit/build/lib/processor_unit/test.py -> /home/raspi-earth/project_ws/install/processor_unit/lib/python3.11/site-packages/processor_unit
[11.802s] byte-compiling /home/raspi-earth/project_ws/install/processor_unit/lib/python3.11/site-packages/processor_unit/test.py to test.cpython-311.pyc
[11.807s] running install_data
[11.809s] running install_egg_info
[12.018s] removing '/home/raspi-earth/project_ws/install/processor_unit/lib/python3.11/site-packages/processor_unit-0.0.0-py3.11.egg-info' (and everything under it)
[12.033s] Copying ../../build/processor_unit/processor_unit.egg-info to /home/raspi-earth/project_ws/install/processor_unit/lib/python3.11/site-packages/processor_unit-0.0.0-py3.11.egg-info
[12.036s] running install_scripts
[12.440s] Installing main_processor script to /home/raspi-earth/project_ws/install/processor_unit/lib/processor_unit
[12.453s] Installing test script to /home/raspi-earth/project_ws/install/processor_unit/lib/processor_unit
[12.453s] Installing test1 script to /home/raspi-earth/project_ws/install/processor_unit/lib/processor_unit
[12.454s] writing list of installed files to '/home/raspi-earth/project_ws/build/processor_unit/install.log'
[12.842s] Invoked command in '/home/raspi-earth/project_ws/src/processor_unit' returned '0': PYTHONPATH=/home/raspi-earth/project_ws/build/processor_unit/prefix_override:/usr/lib/python3/dist-packages/colcon_core/task/python/colcon_distutils_commands:/home/raspi-earth/project_ws/install/processor_unit/lib/python3.11/site-packages:${PYTHONPATH} /usr/bin/python3 -W ignore:setup.py install is deprecated -W ignore:easy_install command is deprecated setup.py egg_info --egg-base ../../build/processor_unit build --build-base /home/raspi-earth/project_ws/build/processor_unit/build install --record /home/raspi-earth/project_ws/build/processor_unit/install.log --single-version-externally-managed install_data
