[1.741s] Invoking command in '/home/erthirarat/Desktop/Senior_Project-WhitePost-Main_Arm/build/encoder_unit': PYTHONPATH=/home/erthirarat/Desktop/Senior_Project-WhitePost-Main_Arm/build/encoder_unit/prefix_override:/usr/lib/python3/dist-packages/colcon_core/task/python/colcon_distutils_commands:/home/erthirarat/Desktop/Senior_Project-WhitePost-Main_Arm/install/encoder_unit/lib/python3.10/site-packages:${PYTHONPATH} /usr/bin/python3 -W ignore:setup.py install is deprecated -W ignore:easy_install command is deprecated setup.py develop --editable --build-directory /home/erthirarat/Desktop/Senior_Project-WhitePost-Main_Arm/build/encoder_unit/build --no-deps symlink_data --force
[2.211s] running develop
[2.466s] running egg_info
[2.466s] writing encoder_unit.egg-info/PKG-INFO
[2.467s] writing dependency_links to encoder_unit.egg-info/dependency_links.txt
[2.467s] writing entry points to encoder_unit.egg-info/entry_points.txt
[2.467s] writing requirements to encoder_unit.egg-info/requires.txt
[2.467s] writing top-level names to encoder_unit.egg-info/top_level.txt
[2.469s] reading manifest file 'encoder_unit.egg-info/SOURCES.txt'
[2.470s] writing manifest file 'encoder_unit.egg-info/SOURCES.txt'
[2.472s] running build_ext
[2.472s] Creating /home/erthirarat/Desktop/Senior_Project-WhitePost-Main_Arm/install/encoder_unit/lib/python3.10/site-packages/encoder-unit.egg-link (link to .)
[2.474s] Installing as5600_1 script to /home/erthirarat/Desktop/Senior_Project-WhitePost-Main_Arm/install/encoder_unit/lib/encoder_unit
[2.474s] Installing as5600_2 script to /home/erthirarat/Desktop/Senior_Project-WhitePost-Main_Arm/install/encoder_unit/lib/encoder_unit
[2.474s] Installing as5600_3 script to /home/erthirarat/Desktop/Senior_Project-WhitePost-Main_Arm/install/encoder_unit/lib/encoder_unit
[2.474s] Installing as5600_4 script to /home/erthirarat/Desktop/Senior_Project-WhitePost-Main_Arm/install/encoder_unit/lib/encoder_unit
[2.474s] Installing as5600_5 script to /home/erthirarat/Desktop/Senior_Project-WhitePost-Main_Arm/install/encoder_unit/lib/encoder_unit
[2.474s] Installing limit script to /home/erthirarat/Desktop/Senior_Project-WhitePost-Main_Arm/install/encoder_unit/lib/encoder_unit
[2.475s] 
[2.475s] Installed /home/erthirarat/Desktop/Senior_Project-WhitePost-Main_Arm/build/encoder_unit
[2.475s] running symlink_data
[2.475s] symbolically linking /home/erthirarat/Desktop/Senior_Project-WhitePost-Main_Arm/build/encoder_unit/resource/encoder_unit -> /home/erthirarat/Desktop/Senior_Project-WhitePost-Main_Arm/install/encoder_unit/share/ament_index/resource_index/packages
[2.475s] symbolically linking /home/erthirarat/Desktop/Senior_Project-WhitePost-Main_Arm/build/encoder_unit/package.xml -> /home/erthirarat/Desktop/Senior_Project-WhitePost-Main_Arm/install/encoder_unit/share/encoder_unit
[2.514s] Invoked command in '/home/erthirarat/Desktop/Senior_Project-WhitePost-Main_Arm/build/encoder_unit' returned '0': PYTHONPATH=/home/erthirarat/Desktop/Senior_Project-WhitePost-Main_Arm/build/encoder_unit/prefix_override:/usr/lib/python3/dist-packages/colcon_core/task/python/colcon_distutils_commands:/home/erthirarat/Desktop/Senior_Project-WhitePost-Main_Arm/install/encoder_unit/lib/python3.10/site-packages:${PYTHONPATH} /usr/bin/python3 -W ignore:setup.py install is deprecated -W ignore:easy_install command is deprecated setup.py develop --editable --build-directory /home/erthirarat/Desktop/Senior_Project-WhitePost-Main_Arm/build/encoder_unit/build --no-deps symlink_data --force
