running develop
running egg_info
writing motor_control.egg-info/PKG-INFO
writing dependency_links to motor_control.egg-info/dependency_links.txt
writing entry points to motor_control.egg-info/entry_points.txt
writing requirements to motor_control.egg-info/requires.txt
writing top-level names to motor_control.egg-info/top_level.txt
reading manifest file 'motor_control.egg-info/SOURCES.txt'
writing manifest file 'motor_control.egg-info/SOURCES.txt'
running build_ext
Creating /home/erthirarat/Desktop/Senior_Project-WhitePost-Main_Arm/install/motor_control/lib/python3.10/site-packages/motor-control.egg-link (link to .)
Installing joint1_node script to /home/erthirarat/Desktop/Senior_Project-WhitePost-Main_Arm/install/motor_control/lib/motor_control
Installing joint2_node script to /home/erthirarat/Desktop/Senior_Project-WhitePost-Main_Arm/install/motor_control/lib/motor_control
Installing joint3_node script to /home/erthirarat/Desktop/Senior_Project-WhitePost-Main_Arm/install/motor_control/lib/motor_control
Installing servodrive script to /home/erthirarat/Desktop/Senior_Project-WhitePost-Main_Arm/install/motor_control/lib/motor_control
Installing stepmotor1 script to /home/erthirarat/Desktop/Senior_Project-WhitePost-Main_Arm/install/motor_control/lib/motor_control
Installing stepmotor2 script to /home/erthirarat/Desktop/Senior_Project-WhitePost-Main_Arm/install/motor_control/lib/motor_control
Installing stepmotor3 script to /home/erthirarat/Desktop/Senior_Project-WhitePost-Main_Arm/install/motor_control/lib/motor_control

Installed /home/erthirarat/Desktop/Senior_Project-WhitePost-Main_Arm/build/motor_control
running symlink_data
symbolically linking /home/erthirarat/Desktop/Senior_Project-WhitePost-Main_Arm/build/motor_control/resource/motor_control -> /home/erthirarat/Desktop/Senior_Project-WhitePost-Main_Arm/install/motor_control/share/ament_index/resource_index/packages
symbolically linking /home/erthirarat/Desktop/Senior_Project-WhitePost-Main_Arm/build/motor_control/package.xml -> /home/erthirarat/Desktop/Senior_Project-WhitePost-Main_Arm/install/motor_control/share/motor_control
