[1.780s] Invoking command in '/home/erthirarat/Desktop/Senior_Project-WhitePost-Main_Arm/build/motor_control': PYTHONPATH=/home/erthirarat/Desktop/Senior_Project-WhitePost-Main_Arm/build/motor_control/prefix_override:/usr/lib/python3/dist-packages/colcon_core/task/python/colcon_distutils_commands:/home/erthirarat/Desktop/Senior_Project-WhitePost-Main_Arm/install/motor_control/lib/python3.10/site-packages:${PYTHONPATH} /usr/bin/python3 -W ignore:setup.py install is deprecated -W ignore:easy_install command is deprecated setup.py develop --editable --build-directory /home/erthirarat/Desktop/Senior_Project-WhitePost-Main_Arm/build/motor_control/build --no-deps symlink_data --force
[2.310s] running develop
[2.592s] running egg_info
[2.592s] writing motor_control.egg-info/PKG-INFO
[2.592s] writing dependency_links to motor_control.egg-info/dependency_links.txt
[2.592s] writing entry points to motor_control.egg-info/entry_points.txt
[2.593s] writing requirements to motor_control.egg-info/requires.txt
[2.593s] writing top-level names to motor_control.egg-info/top_level.txt
[2.595s] reading manifest file 'motor_control.egg-info/SOURCES.txt'
[2.596s] writing manifest file 'motor_control.egg-info/SOURCES.txt'
[2.598s] running build_ext
[2.598s] Creating /home/erthirarat/Desktop/Senior_Project-WhitePost-Main_Arm/install/motor_control/lib/python3.10/site-packages/motor-control.egg-link (link to .)
[2.599s] Installing joint1_node script to /home/erthirarat/Desktop/Senior_Project-WhitePost-Main_Arm/install/motor_control/lib/motor_control
[2.599s] Installing joint2_node script to /home/erthirarat/Desktop/Senior_Project-WhitePost-Main_Arm/install/motor_control/lib/motor_control
[2.599s] Installing joint3_node script to /home/erthirarat/Desktop/Senior_Project-WhitePost-Main_Arm/install/motor_control/lib/motor_control
[2.600s] Installing servodrive script to /home/erthirarat/Desktop/Senior_Project-WhitePost-Main_Arm/install/motor_control/lib/motor_control
[2.600s] Installing stepmotor1 script to /home/erthirarat/Desktop/Senior_Project-WhitePost-Main_Arm/install/motor_control/lib/motor_control
[2.600s] Installing stepmotor2 script to /home/erthirarat/Desktop/Senior_Project-WhitePost-Main_Arm/install/motor_control/lib/motor_control
[2.603s] Installing stepmotor3 script to /home/erthirarat/Desktop/Senior_Project-WhitePost-Main_Arm/install/motor_control/lib/motor_control
[2.603s] 
[2.603s] Installed /home/erthirarat/Desktop/Senior_Project-WhitePost-Main_Arm/build/motor_control
[2.603s] running symlink_data
[2.603s] symbolically linking /home/erthirarat/Desktop/Senior_Project-WhitePost-Main_Arm/build/motor_control/resource/motor_control -> /home/erthirarat/Desktop/Senior_Project-WhitePost-Main_Arm/install/motor_control/share/ament_index/resource_index/packages
[2.603s] symbolically linking /home/erthirarat/Desktop/Senior_Project-WhitePost-Main_Arm/build/motor_control/package.xml -> /home/erthirarat/Desktop/Senior_Project-WhitePost-Main_Arm/install/motor_control/share/motor_control
[2.641s] Invoked command in '/home/erthirarat/Desktop/Senior_Project-WhitePost-Main_Arm/build/motor_control' returned '0': PYTHONPATH=/home/erthirarat/Desktop/Senior_Project-WhitePost-Main_Arm/build/motor_control/prefix_override:/usr/lib/python3/dist-packages/colcon_core/task/python/colcon_distutils_commands:/home/erthirarat/Desktop/Senior_Project-WhitePost-Main_Arm/install/motor_control/lib/python3.10/site-packages:${PYTHONPATH} /usr/bin/python3 -W ignore:setup.py install is deprecated -W ignore:easy_install command is deprecated setup.py develop --editable --build-directory /home/erthirarat/Desktop/Senior_Project-WhitePost-Main_Arm/build/motor_control/build --no-deps symlink_data --force
