[10.215s] Invoking command in '/home/raspi-earth/project_ws/src/launch_project': PYTHONPATH=/home/raspi-earth/project_ws/build/launch_project/prefix_override:/usr/lib/python3/dist-packages/colcon_core/task/python/colcon_distutils_commands:/home/raspi-earth/project_ws/install/launch_project/lib/python3.11/site-packages:${PYTHONPATH} /usr/bin/python3 -W ignore:setup.py install is deprecated -W ignore:easy_install command is deprecated setup.py egg_info --egg-base ../../build/launch_project build --build-base /home/raspi-earth/project_ws/build/launch_project/build install --record /home/raspi-earth/project_ws/build/launch_project/install.log --single-version-externally-managed install_data
[11.968s] running egg_info
[12.016s] writing ../../build/launch_project/launch_project.egg-info/PKG-INFO
[12.016s] writing dependency_links to ../../build/launch_project/launch_project.egg-info/dependency_links.txt
[12.018s] writing requirements to ../../build/launch_project/launch_project.egg-info/requires.txt
[12.018s] writing top-level names to ../../build/launch_project/launch_project.egg-info/top_level.txt
[12.220s] reading manifest file '../../build/launch_project/launch_project.egg-info/SOURCES.txt'
[12.221s] adding license file 'LICENSE'
[12.222s] writing manifest file '../../build/launch_project/launch_project.egg-info/SOURCES.txt'
[12.222s] running build
[12.223s] running build_py
[12.228s] running install
[12.241s] running install_lib
[12.307s] running install_data
[12.308s] running install_egg_info
[12.483s] removing '/home/raspi-earth/project_ws/install/launch_project/lib/python3.11/site-packages/launch_project-0.0.0-py3.11.egg-info' (and everything under it)
[12.485s] Copying ../../build/launch_project/launch_project.egg-info to /home/raspi-earth/project_ws/install/launch_project/lib/python3.11/site-packages/launch_project-0.0.0-py3.11.egg-info
[12.485s] running install_scripts
[12.732s] writing list of installed files to '/home/raspi-earth/project_ws/build/launch_project/install.log'
[12.986s] Invoked command in '/home/raspi-earth/project_ws/src/launch_project' returned '0': PYTHONPATH=/home/raspi-earth/project_ws/build/launch_project/prefix_override:/usr/lib/python3/dist-packages/colcon_core/task/python/colcon_distutils_commands:/home/raspi-earth/project_ws/install/launch_project/lib/python3.11/site-packages:${PYTHONPATH} /usr/bin/python3 -W ignore:setup.py install is deprecated -W ignore:easy_install command is deprecated setup.py egg_info --egg-base ../../build/launch_project build --build-base /home/raspi-earth/project_ws/build/launch_project/build install --record /home/raspi-earth/project_ws/build/launch_project/install.log --single-version-externally-managed install_data
