[6.344s] Invoking command in '/home/raspi-earth/project_ws/src/launch_project': PYTHONPATH=/home/raspi-earth/project_ws/build/launch_project/prefix_override:/usr/lib/python3/dist-packages/colcon_core/task/python/colcon_distutils_commands:/home/raspi-earth/project_ws/install/launch_project/lib/python3.11/site-packages:${PYTHONPATH} /usr/bin/python3 -W ignore:setup.py install is deprecated -W ignore:easy_install command is deprecated setup.py egg_info --egg-base ../../build/launch_project build --build-base /home/raspi-earth/project_ws/build/launch_project/build install --record /home/raspi-earth/project_ws/build/launch_project/install.log --single-version-externally-managed install_data
[7.828s] running egg_info
[7.873s] writing ../../build/launch_project/launch_project.egg-info/PKG-INFO
[7.874s] writing dependency_links to ../../build/launch_project/launch_project.egg-info/dependency_links.txt
[7.876s] writing requirements to ../../build/launch_project/launch_project.egg-info/requires.txt
[7.879s] writing top-level names to ../../build/launch_project/launch_project.egg-info/top_level.txt
[7.986s] reading manifest file '../../build/launch_project/launch_project.egg-info/SOURCES.txt'
[7.988s] adding license file 'LICENSE'
[7.988s] writing manifest file '../../build/launch_project/launch_project.egg-info/SOURCES.txt'
[7.988s] running build
[7.988s] running build_py
[7.989s] running install
[8.002s] running install_lib
[8.077s] running install_data
[8.077s] running install_egg_info
[8.212s] removing '/home/raspi-earth/project_ws/install/launch_project/lib/python3.11/site-packages/launch_project-0.0.0-py3.11.egg-info' (and everything under it)
[8.222s] Copying ../../build/launch_project/launch_project.egg-info to /home/raspi-earth/project_ws/install/launch_project/lib/python3.11/site-packages/launch_project-0.0.0-py3.11.egg-info
[8.247s] running install_scripts
[8.575s] writing list of installed files to '/home/raspi-earth/project_ws/build/launch_project/install.log'
[8.770s] Invoked command in '/home/raspi-earth/project_ws/src/launch_project' returned '0': PYTHONPATH=/home/raspi-earth/project_ws/build/launch_project/prefix_override:/usr/lib/python3/dist-packages/colcon_core/task/python/colcon_distutils_commands:/home/raspi-earth/project_ws/install/launch_project/lib/python3.11/site-packages:${PYTHONPATH} /usr/bin/python3 -W ignore:setup.py install is deprecated -W ignore:easy_install command is deprecated setup.py egg_info --egg-base ../../build/launch_project build --build-base /home/raspi-earth/project_ws/build/launch_project/build install --record /home/raspi-earth/project_ws/build/launch_project/install.log --single-version-externally-managed install_data
