[10.624s] Invoking command in '/home/raspi-earth/project_ws/src/motor_control': PYTHONPATH=/home/raspi-earth/project_ws/build/motor_control/prefix_override:/usr/lib/python3/dist-packages/colcon_core/task/python/colcon_distutils_commands:/home/raspi-earth/project_ws/install/motor_control/lib/python3.11/site-packages:${PYTHONPATH} /usr/bin/python3 -W ignore:setup.py install is deprecated -W ignore:easy_install command is deprecated setup.py egg_info --egg-base ../../build/motor_control build --build-base /home/raspi-earth/project_ws/build/motor_control/build install --record /home/raspi-earth/project_ws/build/motor_control/install.log --single-version-externally-managed install_data
[12.815s] running egg_info
[12.858s] writing ../../build/motor_control/motor_control.egg-info/PKG-INFO
[12.858s] writing dependency_links to ../../build/motor_control/motor_control.egg-info/dependency_links.txt
[12.861s] writing entry points to ../../build/motor_control/motor_control.egg-info/entry_points.txt
[12.861s] writing requirements to ../../build/motor_control/motor_control.egg-info/requires.txt
[12.863s] writing top-level names to ../../build/motor_control/motor_control.egg-info/top_level.txt
[13.047s] reading manifest file '../../build/motor_control/motor_control.egg-info/SOURCES.txt'
[13.047s] adding license file 'LICENSE'
[13.052s] writing manifest file '../../build/motor_control/motor_control.egg-info/SOURCES.txt'
[13.053s] running build
[13.055s] running build_py
[13.057s] running install
[13.074s] running install_lib
[13.146s] running install_data
[13.148s] running install_egg_info
[13.343s] removing '/home/raspi-earth/project_ws/install/motor_control/lib/python3.11/site-packages/motor_control-0.0.0-py3.11.egg-info' (and everything under it)
[13.355s] Copying ../../build/motor_control/motor_control.egg-info to /home/raspi-earth/project_ws/install/motor_control/lib/python3.11/site-packages/motor_control-0.0.0-py3.11.egg-info
[13.355s] running install_scripts
[13.643s] Installing joint1_node script to /home/raspi-earth/project_ws/install/motor_control/lib/motor_control
[13.643s] Installing joint2_node script to /home/raspi-earth/project_ws/install/motor_control/lib/motor_control
[13.646s] Installing joint3_node script to /home/raspi-earth/project_ws/install/motor_control/lib/motor_control
[13.648s] Installing servodrive script to /home/raspi-earth/project_ws/install/motor_control/lib/motor_control
[13.649s] Installing stepmotor1 script to /home/raspi-earth/project_ws/install/motor_control/lib/motor_control
[13.649s] Installing stepmotor2 script to /home/raspi-earth/project_ws/install/motor_control/lib/motor_control
[13.650s] Installing stepmotor3 script to /home/raspi-earth/project_ws/install/motor_control/lib/motor_control
[13.652s] writing list of installed files to '/home/raspi-earth/project_ws/build/motor_control/install.log'
[13.829s] Invoked command in '/home/raspi-earth/project_ws/src/motor_control' returned '0': PYTHONPATH=/home/raspi-earth/project_ws/build/motor_control/prefix_override:/usr/lib/python3/dist-packages/colcon_core/task/python/colcon_distutils_commands:/home/raspi-earth/project_ws/install/motor_control/lib/python3.11/site-packages:${PYTHONPATH} /usr/bin/python3 -W ignore:setup.py install is deprecated -W ignore:easy_install command is deprecated setup.py egg_info --egg-base ../../build/motor_control build --build-base /home/raspi-earth/project_ws/build/motor_control/build install --record /home/raspi-earth/project_ws/build/motor_control/install.log --single-version-externally-managed install_data
