[0.100s] DEBUG:colcon:Command line arguments: ['/usr/bin/colcon', 'build', '--packages-select', 'whitepost_description', 'processor_unit']
[0.101s] DEBUG:colcon:Parsed command line arguments: Namespace(log_base=None, log_level=None, verb_name='build', build_base='build', install_base='install', merge_install=False, symlink_install=False, test_result_base=None, continue_on_error=False, executor='parallel', parallel_workers=8, event_handlers=None, ignore_user_meta=False, metas=['./colcon.meta'], base_paths=['.'], packages_ignore=None, packages_ignore_regex=None, paths=None, packages_up_to=None, packages_up_to_regex=None, packages_above=None, packages_above_and_dependencies=None, packages_above_depth=None, packages_select_by_dep=None, packages_skip_by_dep=None, packages_skip_up_to=None, packages_select_build_failed=False, packages_skip_build_finished=False, packages_select_test_failures=False, packages_skip_test_passed=False, packages_select=['whitepost_description', 'processor_unit'], packages_skip=None, packages_select_regex=None, packages_skip_regex=None, packages_start=None, packages_end=None, allow_overriding=[], cmake_args=None, cmake_target=None, cmake_target_skip_unavailable=False, cmake_clean_cache=False, cmake_clean_first=False, cmake_force_configure=False, ament_cmake_args=None, catkin_cmake_args=None, catkin_skip_building_tests=False, mixin_files=None, mixin=None, verb_parser=<colcon_mixin.mixin.mixin_argument.MixinArgumentDecorator object at 0x793764633d60>, verb_extension=<colcon_core.verb.build.BuildVerb object at 0x7937646338b0>, main=<bound method BuildVerb.main of <colcon_core.verb.build.BuildVerb object at 0x7937646338b0>>, mixin_verb=('build',))
[0.246s] Level 1:colcon.colcon_core.package_discovery:discover_packages(colcon_meta) check parameters
[0.246s] Level 1:colcon.colcon_core.package_discovery:discover_packages(recursive) check parameters
[0.246s] Level 1:colcon.colcon_core.package_discovery:discover_packages(ignore) check parameters
[0.246s] Level 1:colcon.colcon_core.package_discovery:discover_packages(path) check parameters
[0.246s] Level 1:colcon.colcon_core.package_discovery:discover_packages(colcon_meta) discover
[0.246s] Level 1:colcon.colcon_core.package_discovery:discover_packages(recursive) discover
[0.247s] INFO:colcon.colcon_core.package_discovery:Crawling recursively for packages in '/home/erthirarat/Desktop/Senior_Project-WhitePost-Main_Arm'
[0.247s] Level 1:colcon.colcon_core.package_identification:_identify(.) by extensions ['ignore', 'ignore_ament_install']
[0.247s] Level 1:colcon.colcon_core.package_identification:_identify(.) by extension 'ignore'
[0.247s] Level 1:colcon.colcon_core.package_identification:_identify(.) by extension 'ignore_ament_install'
[0.247s] Level 1:colcon.colcon_core.package_identification:_identify(.) by extensions ['colcon_pkg']
[0.247s] Level 1:colcon.colcon_core.package_identification:_identify(.) by extension 'colcon_pkg'
[0.247s] Level 1:colcon.colcon_core.package_identification:_identify(.) by extensions ['colcon_meta']
[0.247s] Level 1:colcon.colcon_core.package_identification:_identify(.) by extension 'colcon_meta'
[0.247s] Level 1:colcon.colcon_core.package_identification:_identify(.) by extensions ['ros']
[0.247s] Level 1:colcon.colcon_core.package_identification:_identify(.) by extension 'ros'
[0.256s] Level 1:colcon.colcon_core.package_identification:_identify(.) by extensions ['cmake', 'python']
[0.256s] Level 1:colcon.colcon_core.package_identification:_identify(.) by extension 'cmake'
[0.256s] Level 1:colcon.colcon_core.package_identification:_identify(.) by extension 'python'
[0.256s] Level 1:colcon.colcon_core.package_identification:_identify(.) by extensions ['python_setup_py']
[0.256s] Level 1:colcon.colcon_core.package_identification:_identify(.) by extension 'python_setup_py'
[0.256s] Level 1:colcon.colcon_core.package_identification:_identify(build) by extensions ['ignore', 'ignore_ament_install']
[0.256s] Level 1:colcon.colcon_core.package_identification:_identify(build) by extension 'ignore'
[0.256s] Level 1:colcon.colcon_core.package_identification:_identify(build) ignored
[0.256s] Level 1:colcon.colcon_core.package_identification:_identify(install) by extensions ['ignore', 'ignore_ament_install']
[0.256s] Level 1:colcon.colcon_core.package_identification:_identify(install) by extension 'ignore'
[0.256s] Level 1:colcon.colcon_core.package_identification:_identify(install) ignored
[0.256s] Level 1:colcon.colcon_core.package_identification:_identify(log) by extensions ['ignore', 'ignore_ament_install']
[0.256s] Level 1:colcon.colcon_core.package_identification:_identify(log) by extension 'ignore'
[0.256s] Level 1:colcon.colcon_core.package_identification:_identify(log) ignored
[0.257s] Level 1:colcon.colcon_core.package_identification:_identify(src) by extensions ['ignore', 'ignore_ament_install']
[0.257s] Level 1:colcon.colcon_core.package_identification:_identify(src) by extension 'ignore'
[0.257s] Level 1:colcon.colcon_core.package_identification:_identify(src) by extension 'ignore_ament_install'
[0.257s] Level 1:colcon.colcon_core.package_identification:_identify(src) by extensions ['colcon_pkg']
[0.257s] Level 1:colcon.colcon_core.package_identification:_identify(src) by extension 'colcon_pkg'
[0.257s] Level 1:colcon.colcon_core.package_identification:_identify(src) by extensions ['colcon_meta']
[0.257s] Level 1:colcon.colcon_core.package_identification:_identify(src) by extension 'colcon_meta'
[0.257s] Level 1:colcon.colcon_core.package_identification:_identify(src) by extensions ['ros']
[0.257s] Level 1:colcon.colcon_core.package_identification:_identify(src) by extension 'ros'
[0.257s] Level 1:colcon.colcon_core.package_identification:_identify(src) by extensions ['cmake', 'python']
[0.257s] Level 1:colcon.colcon_core.package_identification:_identify(src) by extension 'cmake'
[0.257s] Level 1:colcon.colcon_core.package_identification:_identify(src) by extension 'python'
[0.257s] Level 1:colcon.colcon_core.package_identification:_identify(src) by extensions ['python_setup_py']
[0.257s] Level 1:colcon.colcon_core.package_identification:_identify(src) by extension 'python_setup_py'
[0.257s] Level 1:colcon.colcon_core.package_identification:_identify(src/encoder_unit) by extensions ['ignore', 'ignore_ament_install']
[0.257s] Level 1:colcon.colcon_core.package_identification:_identify(src/encoder_unit) by extension 'ignore'
[0.257s] Level 1:colcon.colcon_core.package_identification:_identify(src/encoder_unit) by extension 'ignore_ament_install'
[0.257s] Level 1:colcon.colcon_core.package_identification:_identify(src/encoder_unit) by extensions ['colcon_pkg']
[0.257s] Level 1:colcon.colcon_core.package_identification:_identify(src/encoder_unit) by extension 'colcon_pkg'
[0.257s] Level 1:colcon.colcon_core.package_identification:_identify(src/encoder_unit) by extensions ['colcon_meta']
[0.257s] Level 1:colcon.colcon_core.package_identification:_identify(src/encoder_unit) by extension 'colcon_meta'
[0.257s] Level 1:colcon.colcon_core.package_identification:_identify(src/encoder_unit) by extensions ['ros']
[0.257s] Level 1:colcon.colcon_core.package_identification:_identify(src/encoder_unit) by extension 'ros'
[0.259s] DEBUG:colcon.colcon_core.package_identification:Package 'src/encoder_unit' with type 'ros.ament_python' and name 'encoder_unit'
[0.259s] Level 1:colcon.colcon_core.package_identification:_identify(src/esp32_firmware) by extensions ['ignore', 'ignore_ament_install']
[0.259s] Level 1:colcon.colcon_core.package_identification:_identify(src/esp32_firmware) by extension 'ignore'
[0.259s] Level 1:colcon.colcon_core.package_identification:_identify(src/esp32_firmware) by extension 'ignore_ament_install'
[0.259s] Level 1:colcon.colcon_core.package_identification:_identify(src/esp32_firmware) by extensions ['colcon_pkg']
[0.259s] Level 1:colcon.colcon_core.package_identification:_identify(src/esp32_firmware) by extension 'colcon_pkg'
[0.260s] Level 1:colcon.colcon_core.package_identification:_identify(src/esp32_firmware) by extensions ['colcon_meta']
[0.260s] Level 1:colcon.colcon_core.package_identification:_identify(src/esp32_firmware) by extension 'colcon_meta'
[0.260s] Level 1:colcon.colcon_core.package_identification:_identify(src/esp32_firmware) by extensions ['ros']
[0.260s] Level 1:colcon.colcon_core.package_identification:_identify(src/esp32_firmware) by extension 'ros'
[0.260s] Level 1:colcon.colcon_core.package_identification:_identify(src/esp32_firmware) by extensions ['cmake', 'python']
[0.260s] Level 1:colcon.colcon_core.package_identification:_identify(src/esp32_firmware) by extension 'cmake'
[0.260s] Level 1:colcon.colcon_core.package_identification:_identify(src/esp32_firmware) by extension 'python'
[0.260s] Level 1:colcon.colcon_core.package_identification:_identify(src/esp32_firmware) by extensions ['python_setup_py']
[0.260s] Level 1:colcon.colcon_core.package_identification:_identify(src/esp32_firmware) by extension 'python_setup_py'
[0.260s] Level 1:colcon.colcon_core.package_identification:_identify(src/esp32_firmware/esp32_read_i2c) by extensions ['ignore', 'ignore_ament_install']
[0.260s] Level 1:colcon.colcon_core.package_identification:_identify(src/esp32_firmware/esp32_read_i2c) by extension 'ignore'
[0.260s] Level 1:colcon.colcon_core.package_identification:_identify(src/esp32_firmware/esp32_read_i2c) by extension 'ignore_ament_install'
[0.260s] Level 1:colcon.colcon_core.package_identification:_identify(src/esp32_firmware/esp32_read_i2c) by extensions ['colcon_pkg']
[0.260s] Level 1:colcon.colcon_core.package_identification:_identify(src/esp32_firmware/esp32_read_i2c) by extension 'colcon_pkg'
[0.260s] Level 1:colcon.colcon_core.package_identification:_identify(src/esp32_firmware/esp32_read_i2c) by extensions ['colcon_meta']
[0.260s] Level 1:colcon.colcon_core.package_identification:_identify(src/esp32_firmware/esp32_read_i2c) by extension 'colcon_meta'
[0.260s] Level 1:colcon.colcon_core.package_identification:_identify(src/esp32_firmware/esp32_read_i2c) by extensions ['ros']
[0.260s] Level 1:colcon.colcon_core.package_identification:_identify(src/esp32_firmware/esp32_read_i2c) by extension 'ros'
[0.260s] Level 1:colcon.colcon_core.package_identification:_identify(src/esp32_firmware/esp32_read_i2c) by extensions ['cmake', 'python']
[0.260s] Level 1:colcon.colcon_core.package_identification:_identify(src/esp32_firmware/esp32_read_i2c) by extension 'cmake'
[0.260s] Level 1:colcon.colcon_core.package_identification:_identify(src/esp32_firmware/esp32_read_i2c) by extension 'python'
[0.260s] Level 1:colcon.colcon_core.package_identification:_identify(src/esp32_firmware/esp32_read_i2c) by extensions ['python_setup_py']
[0.260s] Level 1:colcon.colcon_core.package_identification:_identify(src/esp32_firmware/esp32_read_i2c) by extension 'python_setup_py'
[0.260s] Level 1:colcon.colcon_core.package_identification:_identify(src/launch_project) by extensions ['ignore', 'ignore_ament_install']
[0.261s] Level 1:colcon.colcon_core.package_identification:_identify(src/launch_project) by extension 'ignore'
[0.261s] Level 1:colcon.colcon_core.package_identification:_identify(src/launch_project) by extension 'ignore_ament_install'
[0.261s] Level 1:colcon.colcon_core.package_identification:_identify(src/launch_project) by extensions ['colcon_pkg']
[0.261s] Level 1:colcon.colcon_core.package_identification:_identify(src/launch_project) by extension 'colcon_pkg'
[0.261s] Level 1:colcon.colcon_core.package_identification:_identify(src/launch_project) by extensions ['colcon_meta']
[0.261s] Level 1:colcon.colcon_core.package_identification:_identify(src/launch_project) by extension 'colcon_meta'
[0.261s] Level 1:colcon.colcon_core.package_identification:_identify(src/launch_project) by extensions ['ros']
[0.261s] Level 1:colcon.colcon_core.package_identification:_identify(src/launch_project) by extension 'ros'
[0.261s] DEBUG:colcon.colcon_core.package_identification:Package 'src/launch_project' with type 'ros.ament_python' and name 'launch_project'
[0.261s] Level 1:colcon.colcon_core.package_identification:_identify(src/motor_control) by extensions ['ignore', 'ignore_ament_install']
[0.261s] Level 1:colcon.colcon_core.package_identification:_identify(src/motor_control) by extension 'ignore'
[0.261s] Level 1:colcon.colcon_core.package_identification:_identify(src/motor_control) by extension 'ignore_ament_install'
[0.261s] Level 1:colcon.colcon_core.package_identification:_identify(src/motor_control) by extensions ['colcon_pkg']
[0.262s] Level 1:colcon.colcon_core.package_identification:_identify(src/motor_control) by extension 'colcon_pkg'
[0.262s] Level 1:colcon.colcon_core.package_identification:_identify(src/motor_control) by extensions ['colcon_meta']
[0.262s] Level 1:colcon.colcon_core.package_identification:_identify(src/motor_control) by extension 'colcon_meta'
[0.262s] Level 1:colcon.colcon_core.package_identification:_identify(src/motor_control) by extensions ['ros']
[0.262s] Level 1:colcon.colcon_core.package_identification:_identify(src/motor_control) by extension 'ros'
[0.263s] DEBUG:colcon.colcon_core.package_identification:Package 'src/motor_control' with type 'ros.ament_python' and name 'motor_control'
[0.263s] Level 1:colcon.colcon_core.package_identification:_identify(src/processor_unit) by extensions ['ignore', 'ignore_ament_install']
[0.263s] Level 1:colcon.colcon_core.package_identification:_identify(src/processor_unit) by extension 'ignore'
[0.263s] Level 1:colcon.colcon_core.package_identification:_identify(src/processor_unit) by extension 'ignore_ament_install'
[0.263s] Level 1:colcon.colcon_core.package_identification:_identify(src/processor_unit) by extensions ['colcon_pkg']
[0.263s] Level 1:colcon.colcon_core.package_identification:_identify(src/processor_unit) by extension 'colcon_pkg'
[0.263s] Level 1:colcon.colcon_core.package_identification:_identify(src/processor_unit) by extensions ['colcon_meta']
[0.263s] Level 1:colcon.colcon_core.package_identification:_identify(src/processor_unit) by extension 'colcon_meta'
[0.263s] Level 1:colcon.colcon_core.package_identification:_identify(src/processor_unit) by extensions ['ros']
[0.263s] Level 1:colcon.colcon_core.package_identification:_identify(src/processor_unit) by extension 'ros'
[0.264s] DEBUG:colcon.colcon_core.package_identification:Package 'src/processor_unit' with type 'ros.ament_python' and name 'processor_unit'
[0.264s] Level 1:colcon.colcon_core.package_identification:_identify(src/whitepost_description) by extensions ['ignore', 'ignore_ament_install']
[0.264s] Level 1:colcon.colcon_core.package_identification:_identify(src/whitepost_description) by extension 'ignore'
[0.264s] Level 1:colcon.colcon_core.package_identification:_identify(src/whitepost_description) by extension 'ignore_ament_install'
[0.264s] Level 1:colcon.colcon_core.package_identification:_identify(src/whitepost_description) by extensions ['colcon_pkg']
[0.264s] Level 1:colcon.colcon_core.package_identification:_identify(src/whitepost_description) by extension 'colcon_pkg'
[0.264s] Level 1:colcon.colcon_core.package_identification:_identify(src/whitepost_description) by extensions ['colcon_meta']
[0.264s] Level 1:colcon.colcon_core.package_identification:_identify(src/whitepost_description) by extension 'colcon_meta'
[0.264s] Level 1:colcon.colcon_core.package_identification:_identify(src/whitepost_description) by extensions ['ros']
[0.264s] Level 1:colcon.colcon_core.package_identification:_identify(src/whitepost_description) by extension 'ros'
[0.264s] DEBUG:colcon.colcon_core.package_identification:Package 'src/whitepost_description' with type 'ros.ament_cmake' and name 'whitepost_description'
[0.265s] Level 1:colcon.colcon_core.package_discovery:discover_packages(recursive) using defaults
[0.265s] Level 1:colcon.colcon_core.package_discovery:discover_packages(ignore) discover
[0.265s] Level 1:colcon.colcon_core.package_discovery:discover_packages(ignore) using defaults
[0.265s] Level 1:colcon.colcon_core.package_discovery:discover_packages(path) discover
[0.265s] Level 1:colcon.colcon_core.package_discovery:discover_packages(path) using defaults
[0.288s] INFO:colcon.colcon_core.package_selection:Skipping not selected package 'encoder_unit' in 'src/encoder_unit'
[0.288s] INFO:colcon.colcon_core.package_selection:Skipping not selected package 'launch_project' in 'src/launch_project'
[0.288s] INFO:colcon.colcon_core.package_selection:Skipping not selected package 'motor_control' in 'src/motor_control'
[0.288s] Level 1:colcon.colcon_core.package_discovery:discover_packages(prefix_path) check parameters
[0.288s] Level 1:colcon.colcon_core.package_discovery:discover_packages(prefix_path) discover
[0.289s] WARNING:colcon.colcon_ros.prefix_path.ament:The path '/home/erthirarat/Desktop/Senior_Project-WhitePost-Main_Arm/install/whitepost_description' in the environment variable AMENT_PREFIX_PATH doesn't exist
[0.289s] WARNING:colcon.colcon_ros.prefix_path.ament:The path '/home/erthirarat/Desktop/Senior_Project-WhitePost-Main_Arm/install/processor_unit' in the environment variable AMENT_PREFIX_PATH doesn't exist
[0.289s] WARNING:colcon.colcon_ros.prefix_path.ament:The path '/home/erthirarat/Desktop/Senior_Project-WhitePost-Main_Arm/install/motor_control' in the environment variable AMENT_PREFIX_PATH doesn't exist
[0.289s] WARNING:colcon.colcon_ros.prefix_path.ament:The path '/home/erthirarat/Desktop/Senior_Project-WhitePost-Main_Arm/install/launch_project' in the environment variable AMENT_PREFIX_PATH doesn't exist
[0.289s] WARNING:colcon.colcon_ros.prefix_path.ament:The path '/home/erthirarat/Desktop/Senior_Project-WhitePost-Main_Arm/install/encoder_unit' in the environment variable AMENT_PREFIX_PATH doesn't exist
[0.289s] WARNING:colcon.colcon_ros.prefix_path.catkin:The path '/home/erthirarat/Desktop/Senior_Project-WhitePost-Main_Arm/install/whitepost_description' in the environment variable CMAKE_PREFIX_PATH doesn't exist
[0.290s] DEBUG:colcon.colcon_installed_package_information.package_discovery:Found 0 installed packages in /home/erthirarat/Desktop/Senior_Project-WhitePost-Main_Arm/install
[0.291s] DEBUG:colcon.colcon_installed_package_information.package_discovery:Found 325 installed packages in /opt/ros/humble
[0.292s] Level 1:colcon.colcon_core.package_discovery:discover_packages(prefix_path) using defaults
[0.331s] Level 5:colcon.colcon_core.verb:set package 'processor_unit' build argument 'cmake_args' from command line to 'None'
[0.331s] Level 5:colcon.colcon_core.verb:set package 'processor_unit' build argument 'cmake_target' from command line to 'None'
[0.331s] Level 5:colcon.colcon_core.verb:set package 'processor_unit' build argument 'cmake_target_skip_unavailable' from command line to 'False'
[0.331s] Level 5:colcon.colcon_core.verb:set package 'processor_unit' build argument 'cmake_clean_cache' from command line to 'False'
[0.331s] Level 5:colcon.colcon_core.verb:set package 'processor_unit' build argument 'cmake_clean_first' from command line to 'False'
[0.331s] Level 5:colcon.colcon_core.verb:set package 'processor_unit' build argument 'cmake_force_configure' from command line to 'False'
[0.331s] Level 5:colcon.colcon_core.verb:set package 'processor_unit' build argument 'ament_cmake_args' from command line to 'None'
[0.331s] Level 5:colcon.colcon_core.verb:set package 'processor_unit' build argument 'catkin_cmake_args' from command line to 'None'
[0.331s] Level 5:colcon.colcon_core.verb:set package 'processor_unit' build argument 'catkin_skip_building_tests' from command line to 'False'
[0.331s] DEBUG:colcon.colcon_core.verb:Building package 'processor_unit' with the following arguments: {'ament_cmake_args': None, 'build_base': '/home/erthirarat/Desktop/Senior_Project-WhitePost-Main_Arm/build/processor_unit', 'catkin_cmake_args': None, 'catkin_skip_building_tests': False, 'cmake_args': None, 'cmake_clean_cache': False, 'cmake_clean_first': False, 'cmake_force_configure': False, 'cmake_target': None, 'cmake_target_skip_unavailable': False, 'install_base': '/home/erthirarat/Desktop/Senior_Project-WhitePost-Main_Arm/install/processor_unit', 'merge_install': False, 'path': '/home/erthirarat/Desktop/Senior_Project-WhitePost-Main_Arm/src/processor_unit', 'symlink_install': False, 'test_result_base': None}
[0.332s] Level 5:colcon.colcon_core.verb:set package 'whitepost_description' build argument 'cmake_args' from command line to 'None'
[0.332s] Level 5:colcon.colcon_core.verb:set package 'whitepost_description' build argument 'cmake_target' from command line to 'None'
[0.332s] Level 5:colcon.colcon_core.verb:set package 'whitepost_description' build argument 'cmake_target_skip_unavailable' from command line to 'False'
[0.332s] Level 5:colcon.colcon_core.verb:set package 'whitepost_description' build argument 'cmake_clean_cache' from command line to 'False'
[0.332s] Level 5:colcon.colcon_core.verb:set package 'whitepost_description' build argument 'cmake_clean_first' from command line to 'False'
[0.332s] Level 5:colcon.colcon_core.verb:set package 'whitepost_description' build argument 'cmake_force_configure' from command line to 'False'
[0.332s] Level 5:colcon.colcon_core.verb:set package 'whitepost_description' build argument 'ament_cmake_args' from command line to 'None'
[0.332s] Level 5:colcon.colcon_core.verb:set package 'whitepost_description' build argument 'catkin_cmake_args' from command line to 'None'
[0.332s] Level 5:colcon.colcon_core.verb:set package 'whitepost_description' build argument 'catkin_skip_building_tests' from command line to 'False'
[0.332s] DEBUG:colcon.colcon_core.verb:Building package 'whitepost_description' with the following arguments: {'ament_cmake_args': None, 'build_base': '/home/erthirarat/Desktop/Senior_Project-WhitePost-Main_Arm/build/whitepost_description', 'catkin_cmake_args': None, 'catkin_skip_building_tests': False, 'cmake_args': None, 'cmake_clean_cache': False, 'cmake_clean_first': False, 'cmake_force_configure': False, 'cmake_target': None, 'cmake_target_skip_unavailable': False, 'install_base': '/home/erthirarat/Desktop/Senior_Project-WhitePost-Main_Arm/install/whitepost_description', 'merge_install': False, 'path': '/home/erthirarat/Desktop/Senior_Project-WhitePost-Main_Arm/src/whitepost_description', 'symlink_install': False, 'test_result_base': None}
[0.332s] INFO:colcon.colcon_core.executor:Executing jobs using 'parallel' executor
[0.333s] DEBUG:colcon.colcon_parallel_executor.executor.parallel:run_until_complete
[0.333s] INFO:colcon.colcon_ros.task.ament_python.build:Building ROS package in '/home/erthirarat/Desktop/Senior_Project-WhitePost-Main_Arm/src/processor_unit' with build type 'ament_python'
[0.333s] Level 1:colcon.colcon_core.shell:create_environment_hook('processor_unit', 'ament_prefix_path')
[0.335s] INFO:colcon.colcon_core.plugin_system:Skipping extension 'colcon_core.shell.bat': Not used on non-Windows systems
[0.335s] INFO:colcon.colcon_core.shell:Creating environment hook '/home/erthirarat/Desktop/Senior_Project-WhitePost-Main_Arm/install/processor_unit/share/processor_unit/hook/ament_prefix_path.ps1'
[0.335s] INFO:colcon.colcon_core.shell:Creating environment descriptor '/home/erthirarat/Desktop/Senior_Project-WhitePost-Main_Arm/install/processor_unit/share/processor_unit/hook/ament_prefix_path.dsv'
[0.336s] INFO:colcon.colcon_core.shell:Creating environment hook '/home/erthirarat/Desktop/Senior_Project-WhitePost-Main_Arm/install/processor_unit/share/processor_unit/hook/ament_prefix_path.sh'
[0.336s] INFO:colcon.colcon_core.shell:Skip shell extension 'powershell' for command environment: Not usable outside of PowerShell
[0.336s] DEBUG:colcon.colcon_core.shell:Skip shell extension 'dsv' for command environment
[0.339s] INFO:colcon.colcon_ros.task.ament_cmake.build:Building ROS package in '/home/erthirarat/Desktop/Senior_Project-WhitePost-Main_Arm/src/whitepost_description' with build type 'ament_cmake'
[0.339s] INFO:colcon.colcon_cmake.task.cmake.build:Building CMake package in '/home/erthirarat/Desktop/Senior_Project-WhitePost-Main_Arm/src/whitepost_description'
[0.339s] INFO:colcon.colcon_core.shell:Skip shell extension 'powershell' for command environment: Not usable outside of PowerShell
[0.339s] DEBUG:colcon.colcon_core.shell:Skip shell extension 'dsv' for command environment
[0.566s] INFO:colcon.colcon_core.task.python.build:Building Python package in '/home/erthirarat/Desktop/Senior_Project-WhitePost-Main_Arm/src/processor_unit'
[0.567s] INFO:colcon.colcon_core.shell:Skip shell extension 'powershell' for command environment: Not usable outside of PowerShell
[0.567s] DEBUG:colcon.colcon_core.shell:Skip shell extension 'dsv' for command environment
[0.572s] DEBUG:colcon.colcon_core.event_handler.log_command:Invoking command in '/home/erthirarat/Desktop/Senior_Project-WhitePost-Main_Arm/build/whitepost_description': CMAKE_PREFIX_PATH=${CMAKE_PREFIX_PATH}:/home/erthirarat/Desktop/Senior_Project-WhitePost-Main_Arm/install/processor_unit:/home/erthirarat/Desktop/Senior_Project-WhitePost-Main_Arm/install/motor_control:/home/erthirarat/Desktop/Senior_Project-WhitePost-Main_Arm/install/launch_project:/home/erthirarat/Desktop/Senior_Project-WhitePost-Main_Arm/install/encoder_unit:/opt/ros/humble /usr/bin/cmake /home/erthirarat/Desktop/Senior_Project-WhitePost-Main_Arm/src/whitepost_description -DCMAKE_INSTALL_PREFIX=/home/erthirarat/Desktop/Senior_Project-WhitePost-Main_Arm/install/whitepost_description
[0.864s] DEBUG:colcon.colcon_core.event_handler.log_command:Invoking command in '/home/erthirarat/Desktop/Senior_Project-WhitePost-Main_Arm/src/processor_unit': PYTHONPATH=/home/erthirarat/Desktop/Senior_Project-WhitePost-Main_Arm/build/processor_unit/prefix_override:/usr/lib/python3/dist-packages/colcon_core/task/python/colcon_distutils_commands:/home/erthirarat/Desktop/Senior_Project-WhitePost-Main_Arm/install/processor_unit/lib/python3.10/site-packages:${PYTHONPATH} /usr/bin/python3 -W ignore:setup.py install is deprecated -W ignore:easy_install command is deprecated setup.py egg_info --egg-base ../../build/processor_unit build --build-base /home/erthirarat/Desktop/Senior_Project-WhitePost-Main_Arm/build/processor_unit/build install --record /home/erthirarat/Desktop/Senior_Project-WhitePost-Main_Arm/build/processor_unit/install.log --single-version-externally-managed install_data
[1.143s] DEBUG:colcon.colcon_core.event_handler.log_command:Invoked command in '/home/erthirarat/Desktop/Senior_Project-WhitePost-Main_Arm/src/processor_unit' returned '0': PYTHONPATH=/home/erthirarat/Desktop/Senior_Project-WhitePost-Main_Arm/build/processor_unit/prefix_override:/usr/lib/python3/dist-packages/colcon_core/task/python/colcon_distutils_commands:/home/erthirarat/Desktop/Senior_Project-WhitePost-Main_Arm/install/processor_unit/lib/python3.10/site-packages:${PYTHONPATH} /usr/bin/python3 -W ignore:setup.py install is deprecated -W ignore:easy_install command is deprecated setup.py egg_info --egg-base ../../build/processor_unit build --build-base /home/erthirarat/Desktop/Senior_Project-WhitePost-Main_Arm/build/processor_unit/build install --record /home/erthirarat/Desktop/Senior_Project-WhitePost-Main_Arm/build/processor_unit/install.log --single-version-externally-managed install_data
[1.145s] Level 1:colcon.colcon_core.environment:checking '/home/erthirarat/Desktop/Senior_Project-WhitePost-Main_Arm/install/processor_unit' for CMake module files
[1.145s] Level 1:colcon.colcon_core.environment:checking '/home/erthirarat/Desktop/Senior_Project-WhitePost-Main_Arm/install/processor_unit' for CMake config files
[1.146s] Level 1:colcon.colcon_core.environment:checking '/home/erthirarat/Desktop/Senior_Project-WhitePost-Main_Arm/install/processor_unit/lib'
[1.146s] Level 1:colcon.colcon_core.environment:checking '/home/erthirarat/Desktop/Senior_Project-WhitePost-Main_Arm/install/processor_unit/bin'
[1.146s] Level 1:colcon.colcon_core.environment:checking '/home/erthirarat/Desktop/Senior_Project-WhitePost-Main_Arm/install/processor_unit/lib/pkgconfig/processor_unit.pc'
[1.146s] Level 1:colcon.colcon_core.environment:checking '/home/erthirarat/Desktop/Senior_Project-WhitePost-Main_Arm/install/processor_unit/lib/python3.10/site-packages'
[1.146s] Level 1:colcon.colcon_core.shell:create_environment_hook('processor_unit', 'pythonpath')
[1.147s] INFO:colcon.colcon_core.shell:Creating environment hook '/home/erthirarat/Desktop/Senior_Project-WhitePost-Main_Arm/install/processor_unit/share/processor_unit/hook/pythonpath.ps1'
[1.147s] INFO:colcon.colcon_core.shell:Creating environment descriptor '/home/erthirarat/Desktop/Senior_Project-WhitePost-Main_Arm/install/processor_unit/share/processor_unit/hook/pythonpath.dsv'
[1.147s] INFO:colcon.colcon_core.shell:Creating environment hook '/home/erthirarat/Desktop/Senior_Project-WhitePost-Main_Arm/install/processor_unit/share/processor_unit/hook/pythonpath.sh'
[1.148s] Level 1:colcon.colcon_core.environment:checking '/home/erthirarat/Desktop/Senior_Project-WhitePost-Main_Arm/install/processor_unit/bin'
[1.148s] Level 1:colcon.colcon_core.environment:create_environment_scripts_only(processor_unit)
[1.148s] INFO:colcon.colcon_core.shell:Creating package script '/home/erthirarat/Desktop/Senior_Project-WhitePost-Main_Arm/install/processor_unit/share/processor_unit/package.ps1'
[1.149s] INFO:colcon.colcon_core.shell:Creating package descriptor '/home/erthirarat/Desktop/Senior_Project-WhitePost-Main_Arm/install/processor_unit/share/processor_unit/package.dsv'
[1.149s] INFO:colcon.colcon_core.shell:Creating package script '/home/erthirarat/Desktop/Senior_Project-WhitePost-Main_Arm/install/processor_unit/share/processor_unit/package.sh'
[1.150s] INFO:colcon.colcon_core.shell:Creating package script '/home/erthirarat/Desktop/Senior_Project-WhitePost-Main_Arm/install/processor_unit/share/processor_unit/package.bash'
[1.150s] INFO:colcon.colcon_core.shell:Creating package script '/home/erthirarat/Desktop/Senior_Project-WhitePost-Main_Arm/install/processor_unit/share/processor_unit/package.zsh'
[1.151s] Level 1:colcon.colcon_core.environment:create_file_with_runtime_dependencies(/home/erthirarat/Desktop/Senior_Project-WhitePost-Main_Arm/install/processor_unit/share/colcon-core/packages/processor_unit)
[1.875s] DEBUG:colcon.colcon_core.event_handler.log_command:Invoked command in '/home/erthirarat/Desktop/Senior_Project-WhitePost-Main_Arm/build/whitepost_description' returned '0': CMAKE_PREFIX_PATH=${CMAKE_PREFIX_PATH}:/home/erthirarat/Desktop/Senior_Project-WhitePost-Main_Arm/install/processor_unit:/home/erthirarat/Desktop/Senior_Project-WhitePost-Main_Arm/install/motor_control:/home/erthirarat/Desktop/Senior_Project-WhitePost-Main_Arm/install/launch_project:/home/erthirarat/Desktop/Senior_Project-WhitePost-Main_Arm/install/encoder_unit:/opt/ros/humble /usr/bin/cmake /home/erthirarat/Desktop/Senior_Project-WhitePost-Main_Arm/src/whitepost_description -DCMAKE_INSTALL_PREFIX=/home/erthirarat/Desktop/Senior_Project-WhitePost-Main_Arm/install/whitepost_description
[1.877s] DEBUG:colcon.colcon_core.event_handler.log_command:Invoking command in '/home/erthirarat/Desktop/Senior_Project-WhitePost-Main_Arm/build/whitepost_description': CMAKE_PREFIX_PATH=${CMAKE_PREFIX_PATH}:/home/erthirarat/Desktop/Senior_Project-WhitePost-Main_Arm/install/processor_unit:/home/erthirarat/Desktop/Senior_Project-WhitePost-Main_Arm/install/motor_control:/home/erthirarat/Desktop/Senior_Project-WhitePost-Main_Arm/install/launch_project:/home/erthirarat/Desktop/Senior_Project-WhitePost-Main_Arm/install/encoder_unit:/opt/ros/humble /usr/bin/cmake --build /home/erthirarat/Desktop/Senior_Project-WhitePost-Main_Arm/build/whitepost_description -- -j8 -l8
[1.908s] DEBUG:colcon.colcon_core.event_handler.log_command:Invoked command in '/home/erthirarat/Desktop/Senior_Project-WhitePost-Main_Arm/build/whitepost_description' returned '0': CMAKE_PREFIX_PATH=${CMAKE_PREFIX_PATH}:/home/erthirarat/Desktop/Senior_Project-WhitePost-Main_Arm/install/processor_unit:/home/erthirarat/Desktop/Senior_Project-WhitePost-Main_Arm/install/motor_control:/home/erthirarat/Desktop/Senior_Project-WhitePost-Main_Arm/install/launch_project:/home/erthirarat/Desktop/Senior_Project-WhitePost-Main_Arm/install/encoder_unit:/opt/ros/humble /usr/bin/cmake --build /home/erthirarat/Desktop/Senior_Project-WhitePost-Main_Arm/build/whitepost_description -- -j8 -l8
[1.917s] DEBUG:colcon.colcon_core.event_handler.log_command:Invoking command in '/home/erthirarat/Desktop/Senior_Project-WhitePost-Main_Arm/build/whitepost_description': CMAKE_PREFIX_PATH=${CMAKE_PREFIX_PATH}:/home/erthirarat/Desktop/Senior_Project-WhitePost-Main_Arm/install/processor_unit:/home/erthirarat/Desktop/Senior_Project-WhitePost-Main_Arm/install/motor_control:/home/erthirarat/Desktop/Senior_Project-WhitePost-Main_Arm/install/launch_project:/home/erthirarat/Desktop/Senior_Project-WhitePost-Main_Arm/install/encoder_unit:/opt/ros/humble /usr/bin/cmake --install /home/erthirarat/Desktop/Senior_Project-WhitePost-Main_Arm/build/whitepost_description
[1.936s] Level 1:colcon.colcon_core.environment:create_environment_scripts_only(whitepost_description)
[1.936s] Level 1:colcon.colcon_core.environment:checking '/home/erthirarat/Desktop/Senior_Project-WhitePost-Main_Arm/install/whitepost_description' for CMake module files
[1.936s] DEBUG:colcon.colcon_core.event_handler.log_command:Invoked command in '/home/erthirarat/Desktop/Senior_Project-WhitePost-Main_Arm/build/whitepost_description' returned '0': CMAKE_PREFIX_PATH=${CMAKE_PREFIX_PATH}:/home/erthirarat/Desktop/Senior_Project-WhitePost-Main_Arm/install/processor_unit:/home/erthirarat/Desktop/Senior_Project-WhitePost-Main_Arm/install/motor_control:/home/erthirarat/Desktop/Senior_Project-WhitePost-Main_Arm/install/launch_project:/home/erthirarat/Desktop/Senior_Project-WhitePost-Main_Arm/install/encoder_unit:/opt/ros/humble /usr/bin/cmake --install /home/erthirarat/Desktop/Senior_Project-WhitePost-Main_Arm/build/whitepost_description
[1.937s] Level 1:colcon.colcon_core.environment:checking '/home/erthirarat/Desktop/Senior_Project-WhitePost-Main_Arm/install/whitepost_description' for CMake config files
[1.937s] Level 1:colcon.colcon_core.shell:create_environment_hook('whitepost_description', 'cmake_prefix_path')
[1.937s] INFO:colcon.colcon_core.shell:Creating environment hook '/home/erthirarat/Desktop/Senior_Project-WhitePost-Main_Arm/install/whitepost_description/share/whitepost_description/hook/cmake_prefix_path.ps1'
[1.938s] INFO:colcon.colcon_core.shell:Creating environment descriptor '/home/erthirarat/Desktop/Senior_Project-WhitePost-Main_Arm/install/whitepost_description/share/whitepost_description/hook/cmake_prefix_path.dsv'
[1.938s] INFO:colcon.colcon_core.shell:Creating environment hook '/home/erthirarat/Desktop/Senior_Project-WhitePost-Main_Arm/install/whitepost_description/share/whitepost_description/hook/cmake_prefix_path.sh'
[1.938s] Level 1:colcon.colcon_core.environment:checking '/home/erthirarat/Desktop/Senior_Project-WhitePost-Main_Arm/install/whitepost_description/bin'
[1.938s] Level 1:colcon.colcon_core.environment:checking '/home/erthirarat/Desktop/Senior_Project-WhitePost-Main_Arm/install/whitepost_description/lib/pkgconfig/whitepost_description.pc'
[1.939s] Level 1:colcon.colcon_core.environment:checking '/home/erthirarat/Desktop/Senior_Project-WhitePost-Main_Arm/install/whitepost_description/lib/python3.10/site-packages'
[1.939s] Level 1:colcon.colcon_core.environment:checking '/home/erthirarat/Desktop/Senior_Project-WhitePost-Main_Arm/install/whitepost_description/bin'
[1.939s] INFO:colcon.colcon_core.shell:Creating package script '/home/erthirarat/Desktop/Senior_Project-WhitePost-Main_Arm/install/whitepost_description/share/whitepost_description/package.ps1'
[1.940s] INFO:colcon.colcon_core.shell:Creating package descriptor '/home/erthirarat/Desktop/Senior_Project-WhitePost-Main_Arm/install/whitepost_description/share/whitepost_description/package.dsv'
[1.940s] INFO:colcon.colcon_core.shell:Creating package script '/home/erthirarat/Desktop/Senior_Project-WhitePost-Main_Arm/install/whitepost_description/share/whitepost_description/package.sh'
[1.940s] INFO:colcon.colcon_core.shell:Creating package script '/home/erthirarat/Desktop/Senior_Project-WhitePost-Main_Arm/install/whitepost_description/share/whitepost_description/package.bash'
[1.941s] INFO:colcon.colcon_core.shell:Creating package script '/home/erthirarat/Desktop/Senior_Project-WhitePost-Main_Arm/install/whitepost_description/share/whitepost_description/package.zsh'
[1.941s] Level 1:colcon.colcon_core.environment:create_file_with_runtime_dependencies(/home/erthirarat/Desktop/Senior_Project-WhitePost-Main_Arm/install/whitepost_description/share/colcon-core/packages/whitepost_description)
[1.942s] Level 1:colcon.colcon_core.environment:create_environment_scripts_only(whitepost_description)
[1.942s] Level 1:colcon.colcon_core.environment:checking '/home/erthirarat/Desktop/Senior_Project-WhitePost-Main_Arm/install/whitepost_description' for CMake module files
[1.943s] Level 1:colcon.colcon_core.environment:checking '/home/erthirarat/Desktop/Senior_Project-WhitePost-Main_Arm/install/whitepost_description' for CMake config files
[1.943s] Level 1:colcon.colcon_core.shell:create_environment_hook('whitepost_description', 'cmake_prefix_path')
[1.943s] INFO:colcon.colcon_core.shell:Creating environment hook '/home/erthirarat/Desktop/Senior_Project-WhitePost-Main_Arm/install/whitepost_description/share/whitepost_description/hook/cmake_prefix_path.ps1'
[1.944s] INFO:colcon.colcon_core.shell:Creating environment descriptor '/home/erthirarat/Desktop/Senior_Project-WhitePost-Main_Arm/install/whitepost_description/share/whitepost_description/hook/cmake_prefix_path.dsv'
[1.944s] INFO:colcon.colcon_core.shell:Creating environment hook '/home/erthirarat/Desktop/Senior_Project-WhitePost-Main_Arm/install/whitepost_description/share/whitepost_description/hook/cmake_prefix_path.sh'
[1.945s] Level 1:colcon.colcon_core.environment:checking '/home/erthirarat/Desktop/Senior_Project-WhitePost-Main_Arm/install/whitepost_description/bin'
[1.945s] Level 1:colcon.colcon_core.environment:checking '/home/erthirarat/Desktop/Senior_Project-WhitePost-Main_Arm/install/whitepost_description/lib/pkgconfig/whitepost_description.pc'
[1.945s] Level 1:colcon.colcon_core.environment:checking '/home/erthirarat/Desktop/Senior_Project-WhitePost-Main_Arm/install/whitepost_description/lib/python3.10/site-packages'
[1.946s] Level 1:colcon.colcon_core.environment:checking '/home/erthirarat/Desktop/Senior_Project-WhitePost-Main_Arm/install/whitepost_description/bin'
[1.946s] INFO:colcon.colcon_core.shell:Creating package script '/home/erthirarat/Desktop/Senior_Project-WhitePost-Main_Arm/install/whitepost_description/share/whitepost_description/package.ps1'
[1.947s] INFO:colcon.colcon_core.shell:Creating package descriptor '/home/erthirarat/Desktop/Senior_Project-WhitePost-Main_Arm/install/whitepost_description/share/whitepost_description/package.dsv'
[1.948s] INFO:colcon.colcon_core.shell:Creating package script '/home/erthirarat/Desktop/Senior_Project-WhitePost-Main_Arm/install/whitepost_description/share/whitepost_description/package.sh'
[1.948s] INFO:colcon.colcon_core.shell:Creating package script '/home/erthirarat/Desktop/Senior_Project-WhitePost-Main_Arm/install/whitepost_description/share/whitepost_description/package.bash'
[1.949s] INFO:colcon.colcon_core.shell:Creating package script '/home/erthirarat/Desktop/Senior_Project-WhitePost-Main_Arm/install/whitepost_description/share/whitepost_description/package.zsh'
[1.949s] Level 1:colcon.colcon_core.environment:create_file_with_runtime_dependencies(/home/erthirarat/Desktop/Senior_Project-WhitePost-Main_Arm/install/whitepost_description/share/colcon-core/packages/whitepost_description)
[1.950s] DEBUG:colcon.colcon_parallel_executor.executor.parallel:closing loop
[1.950s] DEBUG:colcon.colcon_parallel_executor.executor.parallel:loop closed
[1.950s] DEBUG:colcon.colcon_parallel_executor.executor.parallel:run_until_complete finished with '0'
[1.950s] DEBUG:colcon.colcon_core.event_reactor:joining thread
[1.955s] INFO:colcon.colcon_core.plugin_system:Skipping extension 'colcon_notification.desktop_notification.terminal_notifier': Not used on non-Darwin systems
[1.955s] INFO:colcon.colcon_core.plugin_system:Skipping extension 'colcon_notification.desktop_notification.win32': Not used on non-Windows systems
[1.955s] INFO:colcon.colcon_notification.desktop_notification:Sending desktop notification using 'notify2'
[1.968s] DEBUG:colcon.colcon_core.event_reactor:joined thread
[1.969s] INFO:colcon.colcon_core.shell:Creating prefix script '/home/erthirarat/Desktop/Senior_Project-WhitePost-Main_Arm/install/local_setup.ps1'
[1.970s] INFO:colcon.colcon_core.shell:Creating prefix util module '/home/erthirarat/Desktop/Senior_Project-WhitePost-Main_Arm/install/_local_setup_util_ps1.py'
[1.971s] INFO:colcon.colcon_core.shell:Creating prefix chain script '/home/erthirarat/Desktop/Senior_Project-WhitePost-Main_Arm/install/setup.ps1'
[1.972s] INFO:colcon.colcon_core.shell:Creating prefix script '/home/erthirarat/Desktop/Senior_Project-WhitePost-Main_Arm/install/local_setup.sh'
[1.973s] INFO:colcon.colcon_core.shell:Creating prefix util module '/home/erthirarat/Desktop/Senior_Project-WhitePost-Main_Arm/install/_local_setup_util_sh.py'
[1.973s] INFO:colcon.colcon_core.shell:Creating prefix chain script '/home/erthirarat/Desktop/Senior_Project-WhitePost-Main_Arm/install/setup.sh'
[1.975s] INFO:colcon.colcon_core.shell:Creating prefix script '/home/erthirarat/Desktop/Senior_Project-WhitePost-Main_Arm/install/local_setup.bash'
[1.975s] INFO:colcon.colcon_core.shell:Creating prefix chain script '/home/erthirarat/Desktop/Senior_Project-WhitePost-Main_Arm/install/setup.bash'
[1.976s] INFO:colcon.colcon_core.shell:Creating prefix script '/home/erthirarat/Desktop/Senior_Project-WhitePost-Main_Arm/install/local_setup.zsh'
[1.977s] INFO:colcon.colcon_core.shell:Creating prefix chain script '/home/erthirarat/Desktop/Senior_Project-WhitePost-Main_Arm/install/setup.zsh'
