running develop
running egg_info
writing processor_unit.egg-info/PKG-INFO
writing dependency_links to processor_unit.egg-info/dependency_links.txt
writing entry points to processor_unit.egg-info/entry_points.txt
writing requirements to processor_unit.egg-info/requires.txt
writing top-level names to processor_unit.egg-info/top_level.txt
reading manifest file 'processor_unit.egg-info/SOURCES.txt'
writing manifest file 'processor_unit.egg-info/SOURCES.txt'
running build_ext
Creating /home/erthirarat/Desktop/Senior_Project-WhitePost-Main_Arm/install/processor_unit/lib/python3.10/site-packages/processor-unit.egg-link (link to .)
Installing camera_front script to /home/erthirarat/Desktop/Senior_Project-WhitePost-Main_Arm/install/processor_unit/lib/processor_unit
Installing esp32_bridge_node script to /home/erthirarat/Desktop/Senior_Project-WhitePost-Main_Arm/install/processor_unit/lib/processor_unit
Installing main_processor script to /home/erthirarat/Desktop/Senior_Project-WhitePost-Main_Arm/install/processor_unit/lib/processor_unit
Installing steam_cam script to /home/erthirarat/Desktop/Senior_Project-WhitePost-Main_Arm/install/processor_unit/lib/processor_unit
Installing uart_command_and_status_to_pi5 script to /home/erthirarat/Desktop/Senior_Project-WhitePost-Main_Arm/install/processor_unit/lib/processor_unit
Installing uart_zero_two_w script to /home/erthirarat/Desktop/Senior_Project-WhitePost-Main_Arm/install/processor_unit/lib/processor_unit

Installed /home/erthirarat/Desktop/Senior_Project-WhitePost-Main_Arm/build/processor_unit
running symlink_data
symbolically linking /home/erthirarat/Desktop/Senior_Project-WhitePost-Main_Arm/build/processor_unit/resource/processor_unit -> /home/erthirarat/Desktop/Senior_Project-WhitePost-Main_Arm/install/processor_unit/share/ament_index/resource_index/packages
symbolically linking /home/erthirarat/Desktop/Senior_Project-WhitePost-Main_Arm/build/processor_unit/package.xml -> /home/erthirarat/Desktop/Senior_Project-WhitePost-Main_Arm/install/processor_unit/share/processor_unit
symbolically linking /home/erthirarat/Desktop/Senior_Project-WhitePost-Main_Arm/build/processor_unit/processor_unit/elevator_door.pt -> /home/erthirarat/Desktop/Senior_Project-WhitePost-Main_Arm/install/processor_unit/share/processor_unit
symbolically linking /home/erthirarat/Desktop/Senior_Project-WhitePost-Main_Arm/build/processor_unit/processor_unit/elevator_btn_4_best.pt -> /home/erthirarat/Desktop/Senior_Project-WhitePost-Main_Arm/install/processor_unit/share/processor_unit
