[1.759s] Invoking command in '/home/erthirarat/Desktop/Senior_Project-WhitePost-Main_Arm/build/processor_unit': PYTHONPATH=/home/erthirarat/Desktop/Senior_Project-WhitePost-Main_Arm/build/processor_unit/prefix_override:/usr/lib/python3/dist-packages/colcon_core/task/python/colcon_distutils_commands:/home/erthirarat/Desktop/Senior_Project-WhitePost-Main_Arm/install/processor_unit/lib/python3.10/site-packages:${PYTHONPATH} /usr/bin/python3 -W ignore:setup.py install is deprecated -W ignore:easy_install command is deprecated setup.py develop --editable --build-directory /home/erthirarat/Desktop/Senior_Project-WhitePost-Main_Arm/build/processor_unit/build --no-deps symlink_data --force
[2.224s] running develop
[2.509s] running egg_info
[2.509s] writing processor_unit.egg-info/PKG-INFO
[2.510s] writing dependency_links to processor_unit.egg-info/dependency_links.txt
[2.510s] writing entry points to processor_unit.egg-info/entry_points.txt
[2.510s] writing requirements to processor_unit.egg-info/requires.txt
[2.510s] writing top-level names to processor_unit.egg-info/top_level.txt
[2.513s] reading manifest file 'processor_unit.egg-info/SOURCES.txt'
[2.514s] writing manifest file 'processor_unit.egg-info/SOURCES.txt'
[2.516s] running build_ext
[2.516s] Creating /home/erthirarat/Desktop/Senior_Project-WhitePost-Main_Arm/install/processor_unit/lib/python3.10/site-packages/processor-unit.egg-link (link to .)
[2.517s] Installing camera_front script to /home/erthirarat/Desktop/Senior_Project-WhitePost-Main_Arm/install/processor_unit/lib/processor_unit
[2.518s] Installing esp32_bridge_node script to /home/erthirarat/Desktop/Senior_Project-WhitePost-Main_Arm/install/processor_unit/lib/processor_unit
[2.518s] Installing main_processor script to /home/erthirarat/Desktop/Senior_Project-WhitePost-Main_Arm/install/processor_unit/lib/processor_unit
[2.518s] Installing steam_cam script to /home/erthirarat/Desktop/Senior_Project-WhitePost-Main_Arm/install/processor_unit/lib/processor_unit
[2.518s] Installing uart_command_and_status_to_pi5 script to /home/erthirarat/Desktop/Senior_Project-WhitePost-Main_Arm/install/processor_unit/lib/processor_unit
[2.520s] Installing uart_zero_two_w script to /home/erthirarat/Desktop/Senior_Project-WhitePost-Main_Arm/install/processor_unit/lib/processor_unit
[2.520s] 
[2.520s] Installed /home/erthirarat/Desktop/Senior_Project-WhitePost-Main_Arm/build/processor_unit
[2.520s] running symlink_data
[2.520s] symbolically linking /home/erthirarat/Desktop/Senior_Project-WhitePost-Main_Arm/build/processor_unit/resource/processor_unit -> /home/erthirarat/Desktop/Senior_Project-WhitePost-Main_Arm/install/processor_unit/share/ament_index/resource_index/packages
[2.520s] symbolically linking /home/erthirarat/Desktop/Senior_Project-WhitePost-Main_Arm/build/processor_unit/package.xml -> /home/erthirarat/Desktop/Senior_Project-WhitePost-Main_Arm/install/processor_unit/share/processor_unit
[2.521s] symbolically linking /home/erthirarat/Desktop/Senior_Project-WhitePost-Main_Arm/build/processor_unit/processor_unit/elevator_door.pt -> /home/erthirarat/Desktop/Senior_Project-WhitePost-Main_Arm/install/processor_unit/share/processor_unit
[2.521s] symbolically linking /home/erthirarat/Desktop/Senior_Project-WhitePost-Main_Arm/build/processor_unit/processor_unit/elevator_btn_4_best.pt -> /home/erthirarat/Desktop/Senior_Project-WhitePost-Main_Arm/install/processor_unit/share/processor_unit
[2.568s] Invoked command in '/home/erthirarat/Desktop/Senior_Project-WhitePost-Main_Arm/build/processor_unit' returned '0': PYTHONPATH=/home/erthirarat/Desktop/Senior_Project-WhitePost-Main_Arm/build/processor_unit/prefix_override:/usr/lib/python3/dist-packages/colcon_core/task/python/colcon_distutils_commands:/home/erthirarat/Desktop/Senior_Project-WhitePost-Main_Arm/install/processor_unit/lib/python3.10/site-packages:${PYTHONPATH} /usr/bin/python3 -W ignore:setup.py install is deprecated -W ignore:easy_install command is deprecated setup.py develop --editable --build-directory /home/erthirarat/Desktop/Senior_Project-WhitePost-Main_Arm/build/processor_unit/build --no-deps symlink_data --force
