[5.689s] Invoking command in '/home/raspi-earth/project_ws/src/encoder_unit': PYTHONPATH=/home/raspi-earth/project_ws/build/encoder_unit/prefix_override:/usr/lib/python3/dist-packages/colcon_core/task/python/colcon_distutils_commands:/home/raspi-earth/project_ws/install/encoder_unit/lib/python3.11/site-packages:${PYTHONPATH} /usr/bin/python3 -W ignore:setup.py install is deprecated -W ignore:easy_install command is deprecated setup.py egg_info --egg-base ../../build/encoder_unit build --build-base /home/raspi-earth/project_ws/build/encoder_unit/build install --record /home/raspi-earth/project_ws/build/encoder_unit/install.log --single-version-externally-managed install_data
[6.843s] running egg_info
[6.882s] writing ../../build/encoder_unit/encoder_unit.egg-info/PKG-INFO
[6.883s] writing dependency_links to ../../build/encoder_unit/encoder_unit.egg-info/dependency_links.txt
[6.885s] writing entry points to ../../build/encoder_unit/encoder_unit.egg-info/entry_points.txt
[6.891s] writing requirements to ../../build/encoder_unit/encoder_unit.egg-info/requires.txt
[6.891s] writing top-level names to ../../build/encoder_unit/encoder_unit.egg-info/top_level.txt
[6.985s] reading manifest file '../../build/encoder_unit/encoder_unit.egg-info/SOURCES.txt'
[6.986s] adding license file 'LICENSE'
[6.988s] writing manifest file '../../build/encoder_unit/encoder_unit.egg-info/SOURCES.txt'
[6.989s] running build
[6.989s] running build_py
[6.991s] running install
[7.005s] running install_lib
[7.053s] running install_data
[7.054s] running install_egg_info
[7.264s] removing '/home/raspi-earth/project_ws/install/encoder_unit/lib/python3.11/site-packages/encoder_unit-0.0.0-py3.11.egg-info' (and everything under it)
[7.271s] Copying ../../build/encoder_unit/encoder_unit.egg-info to /home/raspi-earth/project_ws/install/encoder_unit/lib/python3.11/site-packages/encoder_unit-0.0.0-py3.11.egg-info
[7.272s] running install_scripts
[7.566s] Installing as5600_1 script to /home/raspi-earth/project_ws/install/encoder_unit/lib/encoder_unit
[7.568s] Installing as5600_2 script to /home/raspi-earth/project_ws/install/encoder_unit/lib/encoder_unit
[7.569s] Installing as5600_3 script to /home/raspi-earth/project_ws/install/encoder_unit/lib/encoder_unit
[7.570s] Installing as5600_4 script to /home/raspi-earth/project_ws/install/encoder_unit/lib/encoder_unit
[7.571s] Installing as5600_5 script to /home/raspi-earth/project_ws/install/encoder_unit/lib/encoder_unit
[7.573s] Installing limit script to /home/raspi-earth/project_ws/install/encoder_unit/lib/encoder_unit
[7.574s] writing list of installed files to '/home/raspi-earth/project_ws/build/encoder_unit/install.log'
[7.772s] Invoked command in '/home/raspi-earth/project_ws/src/encoder_unit' returned '0': PYTHONPATH=/home/raspi-earth/project_ws/build/encoder_unit/prefix_override:/usr/lib/python3/dist-packages/colcon_core/task/python/colcon_distutils_commands:/home/raspi-earth/project_ws/install/encoder_unit/lib/python3.11/site-packages:${PYTHONPATH} /usr/bin/python3 -W ignore:setup.py install is deprecated -W ignore:easy_install command is deprecated setup.py egg_info --egg-base ../../build/encoder_unit build --build-base /home/raspi-earth/project_ws/build/encoder_unit/build install --record /home/raspi-earth/project_ws/build/encoder_unit/install.log --single-version-externally-managed install_data
