[6.645s] Invoking command in '/home/raspi-earth/project_ws/src/processor_unit': PYTHONPATH=/home/raspi-earth/project_ws/build/processor_unit/prefix_override:/usr/lib/python3/dist-packages/colcon_core/task/python/colcon_distutils_commands:/home/raspi-earth/project_ws/install/processor_unit/lib/python3.11/site-packages:${PYTHONPATH} /usr/bin/python3 -W ignore:setup.py install is deprecated -W ignore:easy_install command is deprecated setup.py egg_info --egg-base ../../build/processor_unit build --build-base /home/raspi-earth/project_ws/build/processor_unit/build install --record /home/raspi-earth/project_ws/build/processor_unit/install.log --single-version-externally-managed install_data
[8.133s] running egg_info
[8.173s] writing ../../build/processor_unit/processor_unit.egg-info/PKG-INFO
[8.174s] writing dependency_links to ../../build/processor_unit/processor_unit.egg-info/dependency_links.txt
[8.175s] writing entry points to ../../build/processor_unit/processor_unit.egg-info/entry_points.txt
[8.176s] writing requirements to ../../build/processor_unit/processor_unit.egg-info/requires.txt
[8.177s] writing top-level names to ../../build/processor_unit/processor_unit.egg-info/top_level.txt
[8.321s] reading manifest file '../../build/processor_unit/processor_unit.egg-info/SOURCES.txt'
[8.323s] adding license file 'LICENSE'
[8.323s] writing manifest file '../../build/processor_unit/processor_unit.egg-info/SOURCES.txt'
[8.323s] running build
[8.324s] running build_py
[8.325s] running install
[8.341s] running install_lib
[8.389s] running install_data
[8.390s] running install_egg_info
[8.553s] removing '/home/raspi-earth/project_ws/install/processor_unit/lib/python3.11/site-packages/processor_unit-0.0.0-py3.11.egg-info' (and everything under it)
[8.554s] Copying ../../build/processor_unit/processor_unit.egg-info to /home/raspi-earth/project_ws/install/processor_unit/lib/python3.11/site-packages/processor_unit-0.0.0-py3.11.egg-info
[8.556s] running install_scripts
[8.801s] Installing camera_back script to /home/raspi-earth/project_ws/install/processor_unit/lib/processor_unit
[8.801s] Installing camera_front script to /home/raspi-earth/project_ws/install/processor_unit/lib/processor_unit
[8.802s] Installing esp32_bridge_node script to /home/raspi-earth/project_ws/install/processor_unit/lib/processor_unit
[8.803s] Installing force_receiver_node script to /home/raspi-earth/project_ws/install/processor_unit/lib/processor_unit
[8.803s] Installing main_processor script to /home/raspi-earth/project_ws/install/processor_unit/lib/processor_unit
[8.805s] Installing steam_cam script to /home/raspi-earth/project_ws/install/processor_unit/lib/processor_unit
[8.805s] Installing test script to /home/raspi-earth/project_ws/install/processor_unit/lib/processor_unit
[8.806s] Installing uart_command_and_status_to_pi5 script to /home/raspi-earth/project_ws/install/processor_unit/lib/processor_unit
[8.807s] Installing uart_zero_two_w script to /home/raspi-earth/project_ws/install/processor_unit/lib/processor_unit
[8.809s] writing list of installed files to '/home/raspi-earth/project_ws/build/processor_unit/install.log'
[9.119s] Invoked command in '/home/raspi-earth/project_ws/src/processor_unit' returned '0': PYTHONPATH=/home/raspi-earth/project_ws/build/processor_unit/prefix_override:/usr/lib/python3/dist-packages/colcon_core/task/python/colcon_distutils_commands:/home/raspi-earth/project_ws/install/processor_unit/lib/python3.11/site-packages:${PYTHONPATH} /usr/bin/python3 -W ignore:setup.py install is deprecated -W ignore:easy_install command is deprecated setup.py egg_info --egg-base ../../build/processor_unit build --build-base /home/raspi-earth/project_ws/build/processor_unit/build install --record /home/raspi-earth/project_ws/build/processor_unit/install.log --single-version-externally-managed install_data
