[14.992s] Invoking command in '/home/raspi-earth/project_ws/src/motor_control': PYTHONPATH=/home/raspi-earth/project_ws/build/motor_control/prefix_override:/usr/lib/python3/dist-packages/colcon_core/task/python/colcon_distutils_commands:/home/raspi-earth/project_ws/install/motor_control/lib/python3.11/site-packages:${PYTHONPATH} /usr/bin/python3 -W ignore:setup.py install is deprecated -W ignore:easy_install command is deprecated setup.py egg_info --egg-base ../../build/motor_control build --build-base /home/raspi-earth/project_ws/build/motor_control/build install --record /home/raspi-earth/project_ws/build/motor_control/install.log --single-version-externally-managed install_data
[18.431s] running egg_info
[18.607s] writing ../../build/motor_control/motor_control.egg-info/PKG-INFO
[18.612s] writing dependency_links to ../../build/motor_control/motor_control.egg-info/dependency_links.txt
[18.613s] writing entry points to ../../build/motor_control/motor_control.egg-info/entry_points.txt
[18.614s] writing requirements to ../../build/motor_control/motor_control.egg-info/requires.txt
[18.615s] writing top-level names to ../../build/motor_control/motor_control.egg-info/top_level.txt
[19.102s] reading manifest file '../../build/motor_control/motor_control.egg-info/SOURCES.txt'
[19.102s] adding license file 'LICENSE'
[19.110s] writing manifest file '../../build/motor_control/motor_control.egg-info/SOURCES.txt'
[19.111s] running build
[19.111s] running build_py
[19.112s] copying motor_control/joint3_node.py -> /home/raspi-earth/project_ws/build/motor_control/build/lib/motor_control
[19.115s] running install
[19.166s] running install_lib
[19.344s] copying /home/raspi-earth/project_ws/build/motor_control/build/lib/motor_control/joint3_node.py -> /home/raspi-earth/project_ws/install/motor_control/lib/python3.11/site-packages/motor_control
[19.362s] byte-compiling /home/raspi-earth/project_ws/install/motor_control/lib/python3.11/site-packages/motor_control/joint3_node.py to joint3_node.cpython-311.pyc
[19.381s] running install_data
[19.381s] running install_egg_info
[19.595s] removing '/home/raspi-earth/project_ws/install/motor_control/lib/python3.11/site-packages/motor_control-0.0.0-py3.11.egg-info' (and everything under it)
[19.604s] Copying ../../build/motor_control/motor_control.egg-info to /home/raspi-earth/project_ws/install/motor_control/lib/python3.11/site-packages/motor_control-0.0.0-py3.11.egg-info
[19.604s] running install_scripts
[20.036s] Installing joint1_node script to /home/raspi-earth/project_ws/install/motor_control/lib/motor_control
[20.036s] Installing joint2_node script to /home/raspi-earth/project_ws/install/motor_control/lib/motor_control
[20.036s] Installing joint3_node script to /home/raspi-earth/project_ws/install/motor_control/lib/motor_control
[20.036s] Installing servodrive script to /home/raspi-earth/project_ws/install/motor_control/lib/motor_control
[20.036s] Installing stepmotor1 script to /home/raspi-earth/project_ws/install/motor_control/lib/motor_control
[20.038s] Installing stepmotor2 script to /home/raspi-earth/project_ws/install/motor_control/lib/motor_control
[20.039s] Installing stepmotor3 script to /home/raspi-earth/project_ws/install/motor_control/lib/motor_control
[20.040s] writing list of installed files to '/home/raspi-earth/project_ws/build/motor_control/install.log'
[20.278s] Invoked command in '/home/raspi-earth/project_ws/src/motor_control' returned '0': PYTHONPATH=/home/raspi-earth/project_ws/build/motor_control/prefix_override:/usr/lib/python3/dist-packages/colcon_core/task/python/colcon_distutils_commands:/home/raspi-earth/project_ws/install/motor_control/lib/python3.11/site-packages:${PYTHONPATH} /usr/bin/python3 -W ignore:setup.py install is deprecated -W ignore:easy_install command is deprecated setup.py egg_info --egg-base ../../build/motor_control build --build-base /home/raspi-earth/project_ws/build/motor_control/build install --record /home/raspi-earth/project_ws/build/motor_control/install.log --single-version-externally-managed install_data
