[10.614s] Invoking command in '/home/raspi-earth/project_ws/src/motor_control': PYTHONPATH=/home/raspi-earth/project_ws/build/motor_control/prefix_override:/usr/lib/python3/dist-packages/colcon_core/task/python/colcon_distutils_commands:/home/raspi-earth/project_ws/install/motor_control/lib/python3.11/site-packages:${PYTHONPATH} /usr/bin/python3 -W ignore:setup.py install is deprecated -W ignore:easy_install command is deprecated setup.py egg_info --egg-base ../../build/motor_control build --build-base /home/raspi-earth/project_ws/build/motor_control/build install --record /home/raspi-earth/project_ws/build/motor_control/install.log --single-version-externally-managed install_data
[12.612s] running egg_info
[12.696s] writing ../../build/motor_control/motor_control.egg-info/PKG-INFO
[12.708s] writing dependency_links to ../../build/motor_control/motor_control.egg-info/dependency_links.txt
[12.711s] writing entry points to ../../build/motor_control/motor_control.egg-info/entry_points.txt
[12.714s] writing requirements to ../../build/motor_control/motor_control.egg-info/requires.txt
[12.714s] writing top-level names to ../../build/motor_control/motor_control.egg-info/top_level.txt
[12.941s] reading manifest file '../../build/motor_control/motor_control.egg-info/SOURCES.txt'
[12.942s] adding license file 'LICENSE'
[12.943s] writing manifest file '../../build/motor_control/motor_control.egg-info/SOURCES.txt'
[12.943s] running build
[12.948s] running build_py
[12.948s] running install
[12.971s] running install_lib
[13.071s] running install_data
[13.072s] running install_egg_info
[13.307s] removing '/home/raspi-earth/project_ws/install/motor_control/lib/python3.11/site-packages/motor_control-0.0.0-py3.11.egg-info' (and everything under it)
[13.314s] Copying ../../build/motor_control/motor_control.egg-info to /home/raspi-earth/project_ws/install/motor_control/lib/python3.11/site-packages/motor_control-0.0.0-py3.11.egg-info
[13.316s] running install_scripts
[13.874s] Installing joint1_node script to /home/raspi-earth/project_ws/install/motor_control/lib/motor_control
[13.877s] Installing joint2_node script to /home/raspi-earth/project_ws/install/motor_control/lib/motor_control
[13.879s] Installing joint3_node script to /home/raspi-earth/project_ws/install/motor_control/lib/motor_control
[13.880s] Installing servodrive script to /home/raspi-earth/project_ws/install/motor_control/lib/motor_control
[13.882s] Installing stepmotor1 script to /home/raspi-earth/project_ws/install/motor_control/lib/motor_control
[13.884s] Installing stepmotor2 script to /home/raspi-earth/project_ws/install/motor_control/lib/motor_control
[13.885s] Installing stepmotor3 script to /home/raspi-earth/project_ws/install/motor_control/lib/motor_control
[13.887s] writing list of installed files to '/home/raspi-earth/project_ws/build/motor_control/install.log'
[14.145s] Invoked command in '/home/raspi-earth/project_ws/src/motor_control' returned '0': PYTHONPATH=/home/raspi-earth/project_ws/build/motor_control/prefix_override:/usr/lib/python3/dist-packages/colcon_core/task/python/colcon_distutils_commands:/home/raspi-earth/project_ws/install/motor_control/lib/python3.11/site-packages:${PYTHONPATH} /usr/bin/python3 -W ignore:setup.py install is deprecated -W ignore:easy_install command is deprecated setup.py egg_info --egg-base ../../build/motor_control build --build-base /home/raspi-earth/project_ws/build/motor_control/build install --record /home/raspi-earth/project_ws/build/motor_control/install.log --single-version-externally-managed install_data
