[1.317s] Invoking command in '/home/erthirarat/Desktop/Senior_Project-WhitePost-Main_Arm/src/launch_project': PYTHONPATH=/home/erthirarat/Desktop/Senior_Project-WhitePost-Main_Arm/build/launch_project/prefix_override:/usr/lib/python3/dist-packages/colcon_core/task/python/colcon_distutils_commands:/home/erthirarat/Desktop/Senior_Project-WhitePost-Main_Arm/install/launch_project/lib/python3.10/site-packages:${PYTHONPATH} /usr/bin/python3 -W ignore:setup.py install is deprecated -W ignore:easy_install command is deprecated setup.py egg_info --egg-base ../../build/launch_project build --build-base /home/erthirarat/Desktop/Senior_Project-WhitePost-Main_Arm/build/launch_project/build install --record /home/erthirarat/Desktop/Senior_Project-WhitePost-Main_Arm/build/launch_project/install.log --single-version-externally-managed install_data
[1.572s] running egg_info
[1.572s] creating ../../build/launch_project/launch_project.egg-info
[1.572s] writing ../../build/launch_project/launch_project.egg-info/PKG-INFO
[1.573s] writing dependency_links to ../../build/launch_project/launch_project.egg-info/dependency_links.txt
[1.573s] writing entry points to ../../build/launch_project/launch_project.egg-info/entry_points.txt
[1.573s] writing requirements to ../../build/launch_project/launch_project.egg-info/requires.txt
[1.573s] writing top-level names to ../../build/launch_project/launch_project.egg-info/top_level.txt
[1.573s] writing manifest file '../../build/launch_project/launch_project.egg-info/SOURCES.txt'
[1.575s] reading manifest file '../../build/launch_project/launch_project.egg-info/SOURCES.txt'
[1.575s] adding license file 'LICENSE'
[1.576s] writing manifest file '../../build/launch_project/launch_project.egg-info/SOURCES.txt'
[1.576s] running build
[1.576s] running build_py
[1.577s] creating /home/erthirarat/Desktop/Senior_Project-WhitePost-Main_Arm/build/launch_project/build
[1.577s] creating /home/erthirarat/Desktop/Senior_Project-WhitePost-Main_Arm/build/launch_project/build/lib
[1.577s] creating /home/erthirarat/Desktop/Senior_Project-WhitePost-Main_Arm/build/launch_project/build/lib/launch_project
[1.577s] copying launch_project/__init__.py -> /home/erthirarat/Desktop/Senior_Project-WhitePost-Main_Arm/build/launch_project/build/lib/launch_project
[1.577s] running install
[1.577s] running install_lib
[1.578s] creating /home/erthirarat/Desktop/Senior_Project-WhitePost-Main_Arm/install/launch_project/lib/python3.10/site-packages/launch_project
[1.578s] copying /home/erthirarat/Desktop/Senior_Project-WhitePost-Main_Arm/build/launch_project/build/lib/launch_project/__init__.py -> /home/erthirarat/Desktop/Senior_Project-WhitePost-Main_Arm/install/launch_project/lib/python3.10/site-packages/launch_project
[1.579s] byte-compiling /home/erthirarat/Desktop/Senior_Project-WhitePost-Main_Arm/install/launch_project/lib/python3.10/site-packages/launch_project/__init__.py to __init__.cpython-310.pyc
[1.579s] running install_data
[1.579s] creating /home/erthirarat/Desktop/Senior_Project-WhitePost-Main_Arm/install/launch_project/share/ament_index
[1.579s] creating /home/erthirarat/Desktop/Senior_Project-WhitePost-Main_Arm/install/launch_project/share/ament_index/resource_index
[1.579s] creating /home/erthirarat/Desktop/Senior_Project-WhitePost-Main_Arm/install/launch_project/share/ament_index/resource_index/packages
[1.579s] copying resource/launch_project -> /home/erthirarat/Desktop/Senior_Project-WhitePost-Main_Arm/install/launch_project/share/ament_index/resource_index/packages
[1.579s] copying package.xml -> /home/erthirarat/Desktop/Senior_Project-WhitePost-Main_Arm/install/launch_project/share/launch_project
[1.580s] creating /home/erthirarat/Desktop/Senior_Project-WhitePost-Main_Arm/install/launch_project/share/launch_project/launch
[1.580s] copying launch/launch_project.py -> /home/erthirarat/Desktop/Senior_Project-WhitePost-Main_Arm/install/launch_project/share/launch_project/launch
[1.580s] running install_egg_info
[1.581s] Copying ../../build/launch_project/launch_project.egg-info to /home/erthirarat/Desktop/Senior_Project-WhitePost-Main_Arm/install/launch_project/lib/python3.10/site-packages/launch_project-0.0.0-py3.10.egg-info
[1.582s] running install_scripts
[1.605s] writing list of installed files to '/home/erthirarat/Desktop/Senior_Project-WhitePost-Main_Arm/build/launch_project/install.log'
[1.637s] Invoked command in '/home/erthirarat/Desktop/Senior_Project-WhitePost-Main_Arm/src/launch_project' returned '0': PYTHONPATH=/home/erthirarat/Desktop/Senior_Project-WhitePost-Main_Arm/build/launch_project/prefix_override:/usr/lib/python3/dist-packages/colcon_core/task/python/colcon_distutils_commands:/home/erthirarat/Desktop/Senior_Project-WhitePost-Main_Arm/install/launch_project/lib/python3.10/site-packages:${PYTHONPATH} /usr/bin/python3 -W ignore:setup.py install is deprecated -W ignore:easy_install command is deprecated setup.py egg_info --egg-base ../../build/launch_project build --build-base /home/erthirarat/Desktop/Senior_Project-WhitePost-Main_Arm/build/launch_project/build install --record /home/erthirarat/Desktop/Senior_Project-WhitePost-Main_Arm/build/launch_project/install.log --single-version-externally-managed install_data
