[10.764s] Invoking command in '/home/raspi-earth/project_ws/src/motor_control': PYTHONPATH=/home/raspi-earth/project_ws/build/motor_control/prefix_override:/usr/lib/python3/dist-packages/colcon_core/task/python/colcon_distutils_commands:/home/raspi-earth/project_ws/install/motor_control/lib/python3.11/site-packages:${PYTHONPATH} /usr/bin/python3 -W ignore:setup.py install is deprecated -W ignore:easy_install command is deprecated setup.py egg_info --egg-base ../../build/motor_control build --build-base /home/raspi-earth/project_ws/build/motor_control/build install --record /home/raspi-earth/project_ws/build/motor_control/install.log --single-version-externally-managed install_data
[12.596s] running egg_info
[12.664s] writing ../../build/motor_control/motor_control.egg-info/PKG-INFO
[12.666s] writing dependency_links to ../../build/motor_control/motor_control.egg-info/dependency_links.txt
[12.673s] writing entry points to ../../build/motor_control/motor_control.egg-info/entry_points.txt
[12.673s] writing requirements to ../../build/motor_control/motor_control.egg-info/requires.txt
[12.673s] writing top-level names to ../../build/motor_control/motor_control.egg-info/top_level.txt
[12.795s] reading manifest file '../../build/motor_control/motor_control.egg-info/SOURCES.txt'
[12.795s] adding license file 'LICENSE'
[12.797s] writing manifest file '../../build/motor_control/motor_control.egg-info/SOURCES.txt'
[12.797s] running build
[12.797s] running build_py
[12.798s] running install
[12.810s] running install_lib
[12.868s] running install_data
[12.868s] running install_egg_info
[13.030s] removing '/home/raspi-earth/project_ws/install/motor_control/lib/python3.11/site-packages/motor_control-0.0.0-py3.11.egg-info' (and everything under it)
[13.031s] Copying ../../build/motor_control/motor_control.egg-info to /home/raspi-earth/project_ws/install/motor_control/lib/python3.11/site-packages/motor_control-0.0.0-py3.11.egg-info
[13.032s] running install_scripts
[13.288s] Installing joint1_node script to /home/raspi-earth/project_ws/install/motor_control/lib/motor_control
[13.289s] Installing joint2_node script to /home/raspi-earth/project_ws/install/motor_control/lib/motor_control
[13.290s] Installing joint3_node script to /home/raspi-earth/project_ws/install/motor_control/lib/motor_control
[13.292s] Installing servodrive script to /home/raspi-earth/project_ws/install/motor_control/lib/motor_control
[13.292s] Installing stepmotor1 script to /home/raspi-earth/project_ws/install/motor_control/lib/motor_control
[13.293s] Installing stepmotor2 script to /home/raspi-earth/project_ws/install/motor_control/lib/motor_control
[13.295s] Installing stepmotor3 script to /home/raspi-earth/project_ws/install/motor_control/lib/motor_control
[13.297s] writing list of installed files to '/home/raspi-earth/project_ws/build/motor_control/install.log'
[13.498s] Invoked command in '/home/raspi-earth/project_ws/src/motor_control' returned '0': PYTHONPATH=/home/raspi-earth/project_ws/build/motor_control/prefix_override:/usr/lib/python3/dist-packages/colcon_core/task/python/colcon_distutils_commands:/home/raspi-earth/project_ws/install/motor_control/lib/python3.11/site-packages:${PYTHONPATH} /usr/bin/python3 -W ignore:setup.py install is deprecated -W ignore:easy_install command is deprecated setup.py egg_info --egg-base ../../build/motor_control build --build-base /home/raspi-earth/project_ws/build/motor_control/build install --record /home/raspi-earth/project_ws/build/motor_control/install.log --single-version-externally-managed install_data
