running develop
running egg_info
writing encoder_unit.egg-info/PKG-INFO
writing dependency_links to encoder_unit.egg-info/dependency_links.txt
writing entry points to encoder_unit.egg-info/entry_points.txt
writing requirements to encoder_unit.egg-info/requires.txt
writing top-level names to encoder_unit.egg-info/top_level.txt
reading manifest file 'encoder_unit.egg-info/SOURCES.txt'
writing manifest file 'encoder_unit.egg-info/SOURCES.txt'
running build_ext
Creating /home/erthirarat/Desktop/Senior_Project-WhitePost-Main_Arm/install/encoder_unit/lib/python3.10/site-packages/encoder-unit.egg-link (link to .)
Installing as5600_1 script to /home/erthirarat/Desktop/Senior_Project-WhitePost-Main_Arm/install/encoder_unit/lib/encoder_unit
Installing as5600_2 script to /home/erthirarat/Desktop/Senior_Project-WhitePost-Main_Arm/install/encoder_unit/lib/encoder_unit
Installing as5600_3 script to /home/erthirarat/Desktop/Senior_Project-WhitePost-Main_Arm/install/encoder_unit/lib/encoder_unit
Installing as5600_4 script to /home/erthirarat/Desktop/Senior_Project-WhitePost-Main_Arm/install/encoder_unit/lib/encoder_unit
Installing as5600_5 script to /home/erthirarat/Desktop/Senior_Project-WhitePost-Main_Arm/install/encoder_unit/lib/encoder_unit
Installing limit script to /home/erthirarat/Desktop/Senior_Project-WhitePost-Main_Arm/install/encoder_unit/lib/encoder_unit

Installed /home/erthirarat/Desktop/Senior_Project-WhitePost-Main_Arm/build/encoder_unit
running symlink_data
symbolically linking /home/erthirarat/Desktop/Senior_Project-WhitePost-Main_Arm/build/encoder_unit/resource/encoder_unit -> /home/erthirarat/Desktop/Senior_Project-WhitePost-Main_Arm/install/encoder_unit/share/ament_index/resource_index/packages
symbolically linking /home/erthirarat/Desktop/Senior_Project-WhitePost-Main_Arm/build/encoder_unit/package.xml -> /home/erthirarat/Desktop/Senior_Project-WhitePost-Main_Arm/install/encoder_unit/share/encoder_unit
