[1.344s] Invoking command in '/home/erthirarat/Desktop/Senior_Project-WhitePost-Main_Arm/build/encoder_unit': PYTHONPATH=/home/erthirarat/Desktop/Senior_Project-WhitePost-Main_Arm/build/encoder_unit/prefix_override:/usr/lib/python3/dist-packages/colcon_core/task/python/colcon_distutils_commands:/home/erthirarat/Desktop/Senior_Project-WhitePost-Main_Arm/install/encoder_unit/lib/python3.10/site-packages:${PYTHONPATH} /usr/bin/python3 -W ignore:setup.py install is deprecated -W ignore:easy_install command is deprecated setup.py develop --editable --build-directory /home/erthirarat/Desktop/Senior_Project-WhitePost-Main_Arm/build/encoder_unit/build --no-deps symlink_data --force
[1.634s] running develop
[1.804s] running egg_info
[1.804s] writing encoder_unit.egg-info/PKG-INFO
[1.804s] writing dependency_links to encoder_unit.egg-info/dependency_links.txt
[1.804s] writing entry points to encoder_unit.egg-info/entry_points.txt
[1.804s] writing requirements to encoder_unit.egg-info/requires.txt
[1.805s] writing top-level names to encoder_unit.egg-info/top_level.txt
[1.806s] reading manifest file 'encoder_unit.egg-info/SOURCES.txt'
[1.807s] writing manifest file 'encoder_unit.egg-info/SOURCES.txt'
[1.809s] running build_ext
[1.809s] Creating /home/erthirarat/Desktop/Senior_Project-WhitePost-Main_Arm/install/encoder_unit/lib/python3.10/site-packages/encoder-unit.egg-link (link to .)
[1.810s] Installing as5600_1 script to /home/erthirarat/Desktop/Senior_Project-WhitePost-Main_Arm/install/encoder_unit/lib/encoder_unit
[1.810s] Installing as5600_2 script to /home/erthirarat/Desktop/Senior_Project-WhitePost-Main_Arm/install/encoder_unit/lib/encoder_unit
[1.810s] Installing as5600_3 script to /home/erthirarat/Desktop/Senior_Project-WhitePost-Main_Arm/install/encoder_unit/lib/encoder_unit
[1.810s] Installing as5600_4 script to /home/erthirarat/Desktop/Senior_Project-WhitePost-Main_Arm/install/encoder_unit/lib/encoder_unit
[1.810s] Installing as5600_5 script to /home/erthirarat/Desktop/Senior_Project-WhitePost-Main_Arm/install/encoder_unit/lib/encoder_unit
[1.811s] Installing limit script to /home/erthirarat/Desktop/Senior_Project-WhitePost-Main_Arm/install/encoder_unit/lib/encoder_unit
[1.811s] 
[1.811s] Installed /home/erthirarat/Desktop/Senior_Project-WhitePost-Main_Arm/build/encoder_unit
[1.811s] running symlink_data
[1.811s] symbolically linking /home/erthirarat/Desktop/Senior_Project-WhitePost-Main_Arm/build/encoder_unit/resource/encoder_unit -> /home/erthirarat/Desktop/Senior_Project-WhitePost-Main_Arm/install/encoder_unit/share/ament_index/resource_index/packages
[1.811s] symbolically linking /home/erthirarat/Desktop/Senior_Project-WhitePost-Main_Arm/build/encoder_unit/package.xml -> /home/erthirarat/Desktop/Senior_Project-WhitePost-Main_Arm/install/encoder_unit/share/encoder_unit
[1.859s] Invoked command in '/home/erthirarat/Desktop/Senior_Project-WhitePost-Main_Arm/build/encoder_unit' returned '0': PYTHONPATH=/home/erthirarat/Desktop/Senior_Project-WhitePost-Main_Arm/build/encoder_unit/prefix_override:/usr/lib/python3/dist-packages/colcon_core/task/python/colcon_distutils_commands:/home/erthirarat/Desktop/Senior_Project-WhitePost-Main_Arm/install/encoder_unit/lib/python3.10/site-packages:${PYTHONPATH} /usr/bin/python3 -W ignore:setup.py install is deprecated -W ignore:easy_install command is deprecated setup.py develop --editable --build-directory /home/erthirarat/Desktop/Senior_Project-WhitePost-Main_Arm/build/encoder_unit/build --no-deps symlink_data --force
