[8.485s] Invoking command in '/home/raspi-earth/project_ws/src/processor_unit': PYTHONPATH=/home/raspi-earth/project_ws/build/processor_unit/prefix_override:/usr/lib/python3/dist-packages/colcon_core/task/python/colcon_distutils_commands:/home/raspi-earth/project_ws/install/processor_unit/lib/python3.11/site-packages:${PYTHONPATH} /usr/bin/python3 -W ignore:setup.py install is deprecated -W ignore:easy_install command is deprecated setup.py egg_info --egg-base ../../build/processor_unit build --build-base /home/raspi-earth/project_ws/build/processor_unit/build install --record /home/raspi-earth/project_ws/build/processor_unit/install.log --single-version-externally-managed install_data
[10.492s] running egg_info
[10.494s] creating ../../build/processor_unit/processor_unit.egg-info
[10.579s] writing ../../build/processor_unit/processor_unit.egg-info/PKG-INFO
[10.580s] writing dependency_links to ../../build/processor_unit/processor_unit.egg-info/dependency_links.txt
[10.580s] writing entry points to ../../build/processor_unit/processor_unit.egg-info/entry_points.txt
[10.581s] writing requirements to ../../build/processor_unit/processor_unit.egg-info/requires.txt
[10.581s] writing top-level names to ../../build/processor_unit/processor_unit.egg-info/top_level.txt
[10.581s] writing manifest file '../../build/processor_unit/processor_unit.egg-info/SOURCES.txt'
[10.772s] reading manifest file '../../build/processor_unit/processor_unit.egg-info/SOURCES.txt'
[10.773s] adding license file 'LICENSE'
[10.773s] writing manifest file '../../build/processor_unit/processor_unit.egg-info/SOURCES.txt'
[10.773s] running build
[10.773s] running build_py
[10.773s] creating /home/raspi-earth/project_ws/build/processor_unit/build
[10.773s] creating /home/raspi-earth/project_ws/build/processor_unit/build/lib
[10.774s] creating /home/raspi-earth/project_ws/build/processor_unit/build/lib/processor_unit
[10.774s] copying processor_unit/camera_front.py -> /home/raspi-earth/project_ws/build/processor_unit/build/lib/processor_unit
[10.774s] copying processor_unit/main_processor.py -> /home/raspi-earth/project_ws/build/processor_unit/build/lib/processor_unit
[10.774s] copying processor_unit/test.py -> /home/raspi-earth/project_ws/build/processor_unit/build/lib/processor_unit
[10.779s] copying processor_unit/__init__.py -> /home/raspi-earth/project_ws/build/processor_unit/build/lib/processor_unit
[10.779s] copying processor_unit/camera_back.py -> /home/raspi-earth/project_ws/build/processor_unit/build/lib/processor_unit
[10.779s] copying processor_unit/test1.py -> /home/raspi-earth/project_ws/build/processor_unit/build/lib/processor_unit
[10.780s] copying processor_unit/steam_opencv.py -> /home/raspi-earth/project_ws/build/processor_unit/build/lib/processor_unit
[10.782s] copying processor_unit/uart_zero_two_w.py -> /home/raspi-earth/project_ws/build/processor_unit/build/lib/processor_unit
[10.788s] running install
[10.818s] running install_lib
[10.921s] creating /home/raspi-earth/project_ws/install/processor_unit/lib/python3.11/site-packages/processor_unit
[10.922s] copying /home/raspi-earth/project_ws/build/processor_unit/build/lib/processor_unit/camera_front.py -> /home/raspi-earth/project_ws/install/processor_unit/lib/python3.11/site-packages/processor_unit
[10.922s] copying /home/raspi-earth/project_ws/build/processor_unit/build/lib/processor_unit/main_processor.py -> /home/raspi-earth/project_ws/install/processor_unit/lib/python3.11/site-packages/processor_unit
[10.923s] copying /home/raspi-earth/project_ws/build/processor_unit/build/lib/processor_unit/test.py -> /home/raspi-earth/project_ws/install/processor_unit/lib/python3.11/site-packages/processor_unit
[10.924s] copying /home/raspi-earth/project_ws/build/processor_unit/build/lib/processor_unit/__init__.py -> /home/raspi-earth/project_ws/install/processor_unit/lib/python3.11/site-packages/processor_unit
[10.925s] copying /home/raspi-earth/project_ws/build/processor_unit/build/lib/processor_unit/camera_back.py -> /home/raspi-earth/project_ws/install/processor_unit/lib/python3.11/site-packages/processor_unit
[10.925s] copying /home/raspi-earth/project_ws/build/processor_unit/build/lib/processor_unit/test1.py -> /home/raspi-earth/project_ws/install/processor_unit/lib/python3.11/site-packages/processor_unit
[10.926s] copying /home/raspi-earth/project_ws/build/processor_unit/build/lib/processor_unit/steam_opencv.py -> /home/raspi-earth/project_ws/install/processor_unit/lib/python3.11/site-packages/processor_unit
[10.927s] copying /home/raspi-earth/project_ws/build/processor_unit/build/lib/processor_unit/uart_zero_two_w.py -> /home/raspi-earth/project_ws/install/processor_unit/lib/python3.11/site-packages/processor_unit
[10.937s] byte-compiling /home/raspi-earth/project_ws/install/processor_unit/lib/python3.11/site-packages/processor_unit/camera_front.py to camera_front.cpython-311.pyc
[10.940s] byte-compiling /home/raspi-earth/project_ws/install/processor_unit/lib/python3.11/site-packages/processor_unit/main_processor.py to main_processor.cpython-311.pyc
[10.968s] byte-compiling /home/raspi-earth/project_ws/install/processor_unit/lib/python3.11/site-packages/processor_unit/test.py to test.cpython-311.pyc
[10.973s] byte-compiling /home/raspi-earth/project_ws/install/processor_unit/lib/python3.11/site-packages/processor_unit/__init__.py to __init__.cpython-311.pyc
[10.974s] byte-compiling /home/raspi-earth/project_ws/install/processor_unit/lib/python3.11/site-packages/processor_unit/camera_back.py to camera_back.cpython-311.pyc
[10.975s] byte-compiling /home/raspi-earth/project_ws/install/processor_unit/lib/python3.11/site-packages/processor_unit/test1.py to test1.cpython-311.pyc
[10.979s] byte-compiling /home/raspi-earth/project_ws/install/processor_unit/lib/python3.11/site-packages/processor_unit/steam_opencv.py to steam_opencv.cpython-311.pyc
[10.989s] byte-compiling /home/raspi-earth/project_ws/install/processor_unit/lib/python3.11/site-packages/processor_unit/uart_zero_two_w.py to uart_zero_two_w.cpython-311.pyc
[10.992s] running install_data
[10.993s] creating /home/raspi-earth/project_ws/install/processor_unit/share/ament_index
[10.994s] creating /home/raspi-earth/project_ws/install/processor_unit/share/ament_index/resource_index
[10.994s] creating /home/raspi-earth/project_ws/install/processor_unit/share/ament_index/resource_index/packages
[10.995s] copying resource/processor_unit -> /home/raspi-earth/project_ws/install/processor_unit/share/ament_index/resource_index/packages
[10.995s] copying package.xml -> /home/raspi-earth/project_ws/install/processor_unit/share/processor_unit
[11.000s] running install_egg_info
[11.201s] Copying ../../build/processor_unit/processor_unit.egg-info to /home/raspi-earth/project_ws/install/processor_unit/lib/python3.11/site-packages/processor_unit-0.0.0-py3.11.egg-info
[11.208s] running install_scripts
[11.641s] Installing main_processor script to /home/raspi-earth/project_ws/install/processor_unit/lib/processor_unit
[11.643s] Installing steam_cam script to /home/raspi-earth/project_ws/install/processor_unit/lib/processor_unit
[11.644s] Installing test script to /home/raspi-earth/project_ws/install/processor_unit/lib/processor_unit
[11.646s] Installing test1 script to /home/raspi-earth/project_ws/install/processor_unit/lib/processor_unit
[11.646s] Installing uart_zero_two_w script to /home/raspi-earth/project_ws/install/processor_unit/lib/processor_unit
[11.652s] writing list of installed files to '/home/raspi-earth/project_ws/build/processor_unit/install.log'
[11.858s] Invoked command in '/home/raspi-earth/project_ws/src/processor_unit' returned '0': PYTHONPATH=/home/raspi-earth/project_ws/build/processor_unit/prefix_override:/usr/lib/python3/dist-packages/colcon_core/task/python/colcon_distutils_commands:/home/raspi-earth/project_ws/install/processor_unit/lib/python3.11/site-packages:${PYTHONPATH} /usr/bin/python3 -W ignore:setup.py install is deprecated -W ignore:easy_install command is deprecated setup.py egg_info --egg-base ../../build/processor_unit build --build-base /home/raspi-earth/project_ws/build/processor_unit/build install --record /home/raspi-earth/project_ws/build/processor_unit/install.log --single-version-externally-managed install_data
