[7.571s] Invoking command in '/home/raspi-earth/project_ws/src/motor_control': PYTHONPATH=/home/raspi-earth/project_ws/build/motor_control/prefix_override:/usr/lib/python3/dist-packages/colcon_core/task/python/colcon_distutils_commands:/home/raspi-earth/project_ws/install/motor_control/lib/python3.11/site-packages:${PYTHONPATH} /usr/bin/python3 -W ignore:setup.py install is deprecated -W ignore:easy_install command is deprecated setup.py egg_info --egg-base ../../build/motor_control build --build-base /home/raspi-earth/project_ws/build/motor_control/build install --record /home/raspi-earth/project_ws/build/motor_control/install.log --single-version-externally-managed install_data
[8.747s] running egg_info
[8.788s] writing ../../build/motor_control/motor_control.egg-info/PKG-INFO
[8.789s] writing dependency_links to ../../build/motor_control/motor_control.egg-info/dependency_links.txt
[8.791s] writing entry points to ../../build/motor_control/motor_control.egg-info/entry_points.txt
[8.791s] writing requirements to ../../build/motor_control/motor_control.egg-info/requires.txt
[8.792s] writing top-level names to ../../build/motor_control/motor_control.egg-info/top_level.txt
[8.887s] reading manifest file '../../build/motor_control/motor_control.egg-info/SOURCES.txt'
[8.888s] adding license file 'LICENSE'
[8.893s] writing manifest file '../../build/motor_control/motor_control.egg-info/SOURCES.txt'
[8.893s] running build
[8.893s] running build_py
[8.893s] running install
[8.903s] running install_lib
[8.952s] running install_data
[8.952s] running install_egg_info
[9.069s] removing '/home/raspi-earth/project_ws/install/motor_control/lib/python3.11/site-packages/motor_control-0.0.0-py3.11.egg-info' (and everything under it)
[9.071s] Copying ../../build/motor_control/motor_control.egg-info to /home/raspi-earth/project_ws/install/motor_control/lib/python3.11/site-packages/motor_control-0.0.0-py3.11.egg-info
[9.072s] running install_scripts
[9.269s] Installing joint1_node script to /home/raspi-earth/project_ws/install/motor_control/lib/motor_control
[9.269s] Installing joint2_node script to /home/raspi-earth/project_ws/install/motor_control/lib/motor_control
[9.272s] Installing joint3_node script to /home/raspi-earth/project_ws/install/motor_control/lib/motor_control
[9.273s] Installing servodrive script to /home/raspi-earth/project_ws/install/motor_control/lib/motor_control
[9.274s] Installing stepmotor1 script to /home/raspi-earth/project_ws/install/motor_control/lib/motor_control
[9.275s] Installing stepmotor2 script to /home/raspi-earth/project_ws/install/motor_control/lib/motor_control
[9.276s] Installing stepmotor3 script to /home/raspi-earth/project_ws/install/motor_control/lib/motor_control
[9.277s] writing list of installed files to '/home/raspi-earth/project_ws/build/motor_control/install.log'
[9.456s] Invoked command in '/home/raspi-earth/project_ws/src/motor_control' returned '0': PYTHONPATH=/home/raspi-earth/project_ws/build/motor_control/prefix_override:/usr/lib/python3/dist-packages/colcon_core/task/python/colcon_distutils_commands:/home/raspi-earth/project_ws/install/motor_control/lib/python3.11/site-packages:${PYTHONPATH} /usr/bin/python3 -W ignore:setup.py install is deprecated -W ignore:easy_install command is deprecated setup.py egg_info --egg-base ../../build/motor_control build --build-base /home/raspi-earth/project_ws/build/motor_control/build install --record /home/raspi-earth/project_ws/build/motor_control/install.log --single-version-externally-managed install_data
