[8.649s] Invoking command in '/home/raspi-earth/project_ws/src/motor_control': PYTHONPATH=/home/raspi-earth/project_ws/build/motor_control/prefix_override:/usr/lib/python3/dist-packages/colcon_core/task/python/colcon_distutils_commands:/home/raspi-earth/project_ws/install/motor_control/lib/python3.11/site-packages:${PYTHONPATH} /usr/bin/python3 -W ignore:setup.py install is deprecated -W ignore:easy_install command is deprecated setup.py egg_info --egg-base ../../build/motor_control build --build-base /home/raspi-earth/project_ws/build/motor_control/build install --record /home/raspi-earth/project_ws/build/motor_control/install.log --single-version-externally-managed install_data
[10.543s] running egg_info
[10.582s] writing ../../build/motor_control/motor_control.egg-info/PKG-INFO
[10.583s] writing dependency_links to ../../build/motor_control/motor_control.egg-info/dependency_links.txt
[10.587s] writing entry points to ../../build/motor_control/motor_control.egg-info/entry_points.txt
[10.587s] writing requirements to ../../build/motor_control/motor_control.egg-info/requires.txt
[10.587s] writing top-level names to ../../build/motor_control/motor_control.egg-info/top_level.txt
[10.763s] reading manifest file '../../build/motor_control/motor_control.egg-info/SOURCES.txt'
[10.764s] adding license file 'LICENSE'
[10.764s] writing manifest file '../../build/motor_control/motor_control.egg-info/SOURCES.txt'
[10.764s] running build
[10.764s] running build_py
[10.764s] running install
[10.770s] running install_lib
[10.832s] running install_data
[10.832s] running install_egg_info
[10.984s] removing '/home/raspi-earth/project_ws/install/motor_control/lib/python3.11/site-packages/motor_control-0.0.0-py3.11.egg-info' (and everything under it)
[10.986s] Copying ../../build/motor_control/motor_control.egg-info to /home/raspi-earth/project_ws/install/motor_control/lib/python3.11/site-packages/motor_control-0.0.0-py3.11.egg-info
[10.990s] running install_scripts
[11.236s] Installing joint1_node script to /home/raspi-earth/project_ws/install/motor_control/lib/motor_control
[11.243s] Installing joint2_node script to /home/raspi-earth/project_ws/install/motor_control/lib/motor_control
[11.243s] Installing joint3_node script to /home/raspi-earth/project_ws/install/motor_control/lib/motor_control
[11.243s] Installing servodrive script to /home/raspi-earth/project_ws/install/motor_control/lib/motor_control
[11.243s] Installing stepmotor1 script to /home/raspi-earth/project_ws/install/motor_control/lib/motor_control
[11.244s] Installing stepmotor2 script to /home/raspi-earth/project_ws/install/motor_control/lib/motor_control
[11.245s] Installing stepmotor3 script to /home/raspi-earth/project_ws/install/motor_control/lib/motor_control
[11.251s] writing list of installed files to '/home/raspi-earth/project_ws/build/motor_control/install.log'
[11.488s] Invoked command in '/home/raspi-earth/project_ws/src/motor_control' returned '0': PYTHONPATH=/home/raspi-earth/project_ws/build/motor_control/prefix_override:/usr/lib/python3/dist-packages/colcon_core/task/python/colcon_distutils_commands:/home/raspi-earth/project_ws/install/motor_control/lib/python3.11/site-packages:${PYTHONPATH} /usr/bin/python3 -W ignore:setup.py install is deprecated -W ignore:easy_install command is deprecated setup.py egg_info --egg-base ../../build/motor_control build --build-base /home/raspi-earth/project_ws/build/motor_control/build install --record /home/raspi-earth/project_ws/build/motor_control/install.log --single-version-externally-managed install_data
