[18.865s] Invoking command in '/home/raspi-earth/project_ws/src/motor_control': PYTHONPATH=/home/raspi-earth/project_ws/build/motor_control/prefix_override:/usr/lib/python3/dist-packages/colcon_core/task/python/colcon_distutils_commands:/home/raspi-earth/project_ws/install/motor_control/lib/python3.11/site-packages:${PYTHONPATH} /usr/bin/python3 -W ignore:setup.py install is deprecated -W ignore:easy_install command is deprecated setup.py egg_info --egg-base ../../build/motor_control build --build-base /home/raspi-earth/project_ws/build/motor_control/build install --record /home/raspi-earth/project_ws/build/motor_control/install.log --single-version-externally-managed install_data
[22.372s] running egg_info
[22.454s] writing ../../build/motor_control/motor_control.egg-info/PKG-INFO
[22.454s] writing dependency_links to ../../build/motor_control/motor_control.egg-info/dependency_links.txt
[22.456s] writing entry points to ../../build/motor_control/motor_control.egg-info/entry_points.txt
[22.461s] writing requirements to ../../build/motor_control/motor_control.egg-info/requires.txt
[22.461s] writing top-level names to ../../build/motor_control/motor_control.egg-info/top_level.txt
[22.882s] reading manifest file '../../build/motor_control/motor_control.egg-info/SOURCES.txt'
[22.887s] adding license file 'LICENSE'
[22.888s] writing manifest file '../../build/motor_control/motor_control.egg-info/SOURCES.txt'
[22.888s] running build
[22.889s] running build_py
[22.890s] running install
[22.960s] running install_lib
[23.274s] running install_data
[23.275s] running install_egg_info
[23.686s] removing '/home/raspi-earth/project_ws/install/motor_control/lib/python3.11/site-packages/motor_control-0.0.0-py3.11.egg-info' (and everything under it)
[23.706s] Copying ../../build/motor_control/motor_control.egg-info to /home/raspi-earth/project_ws/install/motor_control/lib/python3.11/site-packages/motor_control-0.0.0-py3.11.egg-info
[23.714s] running install_scripts
[24.522s] Installing joint1_node script to /home/raspi-earth/project_ws/install/motor_control/lib/motor_control
[24.523s] Installing joint2_node script to /home/raspi-earth/project_ws/install/motor_control/lib/motor_control
[24.526s] Installing joint3_node script to /home/raspi-earth/project_ws/install/motor_control/lib/motor_control
[24.527s] Installing servodrive script to /home/raspi-earth/project_ws/install/motor_control/lib/motor_control
[24.528s] Installing stepmotor1 script to /home/raspi-earth/project_ws/install/motor_control/lib/motor_control
[24.529s] Installing stepmotor2 script to /home/raspi-earth/project_ws/install/motor_control/lib/motor_control
[24.530s] Installing stepmotor3 script to /home/raspi-earth/project_ws/install/motor_control/lib/motor_control
[24.540s] writing list of installed files to '/home/raspi-earth/project_ws/build/motor_control/install.log'
[25.023s] Invoked command in '/home/raspi-earth/project_ws/src/motor_control' returned '0': PYTHONPATH=/home/raspi-earth/project_ws/build/motor_control/prefix_override:/usr/lib/python3/dist-packages/colcon_core/task/python/colcon_distutils_commands:/home/raspi-earth/project_ws/install/motor_control/lib/python3.11/site-packages:${PYTHONPATH} /usr/bin/python3 -W ignore:setup.py install is deprecated -W ignore:easy_install command is deprecated setup.py egg_info --egg-base ../../build/motor_control build --build-base /home/raspi-earth/project_ws/build/motor_control/build install --record /home/raspi-earth/project_ws/build/motor_control/install.log --single-version-externally-managed install_data
