[8.290s] Invoking command in '/home/raspi-earth/project_ws/src/launch_project': PYTHONPATH=/home/raspi-earth/project_ws/build/launch_project/prefix_override:/usr/lib/python3/dist-packages/colcon_core/task/python/colcon_distutils_commands:/home/raspi-earth/project_ws/install/launch_project/lib/python3.11/site-packages:${PYTHONPATH} /usr/bin/python3 -W ignore:setup.py install is deprecated -W ignore:easy_install command is deprecated setup.py egg_info --egg-base ../../build/launch_project build --build-base /home/raspi-earth/project_ws/build/launch_project/build install --record /home/raspi-earth/project_ws/build/launch_project/install.log --single-version-externally-managed install_data
[9.828s] running egg_info
[9.863s] writing ../../build/launch_project/launch_project.egg-info/PKG-INFO
[9.863s] writing dependency_links to ../../build/launch_project/launch_project.egg-info/dependency_links.txt
[9.864s] writing requirements to ../../build/launch_project/launch_project.egg-info/requires.txt
[9.865s] writing top-level names to ../../build/launch_project/launch_project.egg-info/top_level.txt
[10.006s] reading manifest file '../../build/launch_project/launch_project.egg-info/SOURCES.txt'
[10.006s] adding license file 'LICENSE'
[10.007s] writing manifest file '../../build/launch_project/launch_project.egg-info/SOURCES.txt'
[10.007s] running build
[10.015s] running build_py
[10.015s] running install
[10.021s] running install_lib
[10.081s] running install_data
[10.082s] running install_egg_info
[10.231s] removing '/home/raspi-earth/project_ws/install/launch_project/lib/python3.11/site-packages/launch_project-0.0.0-py3.11.egg-info' (and everything under it)
[10.236s] Copying ../../build/launch_project/launch_project.egg-info to /home/raspi-earth/project_ws/install/launch_project/lib/python3.11/site-packages/launch_project-0.0.0-py3.11.egg-info
[10.239s] running install_scripts
[10.551s] writing list of installed files to '/home/raspi-earth/project_ws/build/launch_project/install.log'
[10.805s] Invoked command in '/home/raspi-earth/project_ws/src/launch_project' returned '0': PYTHONPATH=/home/raspi-earth/project_ws/build/launch_project/prefix_override:/usr/lib/python3/dist-packages/colcon_core/task/python/colcon_distutils_commands:/home/raspi-earth/project_ws/install/launch_project/lib/python3.11/site-packages:${PYTHONPATH} /usr/bin/python3 -W ignore:setup.py install is deprecated -W ignore:easy_install command is deprecated setup.py egg_info --egg-base ../../build/launch_project build --build-base /home/raspi-earth/project_ws/build/launch_project/build install --record /home/raspi-earth/project_ws/build/launch_project/install.log --single-version-externally-managed install_data
