[6.285s] Invoking command in '/home/raspi-earth/project_ws/src/processor_unit': PYTHONPATH=/home/raspi-earth/project_ws/build/processor_unit/prefix_override:/usr/lib/python3/dist-packages/colcon_core/task/python/colcon_distutils_commands:/home/raspi-earth/project_ws/install/processor_unit/lib/python3.11/site-packages:${PYTHONPATH} /usr/bin/python3 -W ignore:setup.py install is deprecated -W ignore:easy_install command is deprecated setup.py egg_info --egg-base ../../build/processor_unit build --build-base /home/raspi-earth/project_ws/build/processor_unit/build install --record /home/raspi-earth/project_ws/build/processor_unit/install.log --single-version-externally-managed install_data
[7.697s] running egg_info
[7.750s] writing ../../build/processor_unit/processor_unit.egg-info/PKG-INFO
[7.751s] writing dependency_links to ../../build/processor_unit/processor_unit.egg-info/dependency_links.txt
[7.752s] writing entry points to ../../build/processor_unit/processor_unit.egg-info/entry_points.txt
[7.752s] writing requirements to ../../build/processor_unit/processor_unit.egg-info/requires.txt
[7.753s] writing top-level names to ../../build/processor_unit/processor_unit.egg-info/top_level.txt
[7.909s] reading manifest file '../../build/processor_unit/processor_unit.egg-info/SOURCES.txt'
[7.910s] adding license file 'LICENSE'
[7.912s] writing manifest file '../../build/processor_unit/processor_unit.egg-info/SOURCES.txt'
[7.913s] running build
[7.913s] running build_py
[7.915s] running install
[7.937s] running install_lib
[7.979s] running install_data
[7.979s] running install_egg_info
[8.127s] removing '/home/raspi-earth/project_ws/install/processor_unit/lib/python3.11/site-packages/processor_unit-0.0.0-py3.11.egg-info' (and everything under it)
[8.128s] Copying ../../build/processor_unit/processor_unit.egg-info to /home/raspi-earth/project_ws/install/processor_unit/lib/python3.11/site-packages/processor_unit-0.0.0-py3.11.egg-info
[8.130s] running install_scripts
[8.428s] Installing main_processor script to /home/raspi-earth/project_ws/install/processor_unit/lib/processor_unit
[8.428s] Installing steam_cam script to /home/raspi-earth/project_ws/install/processor_unit/lib/processor_unit
[8.431s] Installing test script to /home/raspi-earth/project_ws/install/processor_unit/lib/processor_unit
[8.432s] Installing test1 script to /home/raspi-earth/project_ws/install/processor_unit/lib/processor_unit
[8.433s] Installing uart_command_and_status_to_pi5 script to /home/raspi-earth/project_ws/install/processor_unit/lib/processor_unit
[8.434s] Installing uart_zero_two_w script to /home/raspi-earth/project_ws/install/processor_unit/lib/processor_unit
[8.435s] writing list of installed files to '/home/raspi-earth/project_ws/build/processor_unit/install.log'
[8.561s] Invoked command in '/home/raspi-earth/project_ws/src/processor_unit' returned '0': PYTHONPATH=/home/raspi-earth/project_ws/build/processor_unit/prefix_override:/usr/lib/python3/dist-packages/colcon_core/task/python/colcon_distutils_commands:/home/raspi-earth/project_ws/install/processor_unit/lib/python3.11/site-packages:${PYTHONPATH} /usr/bin/python3 -W ignore:setup.py install is deprecated -W ignore:easy_install command is deprecated setup.py egg_info --egg-base ../../build/processor_unit build --build-base /home/raspi-earth/project_ws/build/processor_unit/build install --record /home/raspi-earth/project_ws/build/processor_unit/install.log --single-version-externally-managed install_data
