[6.212s] Invoking command in '/home/raspi-earth/project_ws/src/processor_unit': PYTHONPATH=/home/raspi-earth/project_ws/build/processor_unit/prefix_override:/usr/lib/python3/dist-packages/colcon_core/task/python/colcon_distutils_commands:/home/raspi-earth/project_ws/install/processor_unit/lib/python3.11/site-packages:${PYTHONPATH} /usr/bin/python3 -W ignore:setup.py install is deprecated -W ignore:easy_install command is deprecated setup.py egg_info --egg-base ../../build/processor_unit build --build-base /home/raspi-earth/project_ws/build/processor_unit/build install --record /home/raspi-earth/project_ws/build/processor_unit/install.log --single-version-externally-managed install_data
[7.385s] running egg_info
[7.438s] writing ../../build/processor_unit/processor_unit.egg-info/PKG-INFO
[7.440s] writing dependency_links to ../../build/processor_unit/processor_unit.egg-info/dependency_links.txt
[7.441s] writing entry points to ../../build/processor_unit/processor_unit.egg-info/entry_points.txt
[7.442s] writing requirements to ../../build/processor_unit/processor_unit.egg-info/requires.txt
[7.445s] writing top-level names to ../../build/processor_unit/processor_unit.egg-info/top_level.txt
[7.548s] reading manifest file '../../build/processor_unit/processor_unit.egg-info/SOURCES.txt'
[7.549s] adding license file 'LICENSE'
[7.551s] writing manifest file '../../build/processor_unit/processor_unit.egg-info/SOURCES.txt'
[7.551s] running build
[7.551s] running build_py
[7.553s] copying processor_unit/camera_front.py -> /home/raspi-earth/project_ws/build/processor_unit/build/lib/processor_unit
[7.554s] copying processor_unit/camera_back.py -> /home/raspi-earth/project_ws/build/processor_unit/build/lib/processor_unit
[7.555s] running install
[7.569s] running install_lib
[7.627s] copying /home/raspi-earth/project_ws/build/processor_unit/build/lib/processor_unit/camera_front.py -> /home/raspi-earth/project_ws/install/processor_unit/lib/python3.11/site-packages/processor_unit
[7.632s] copying /home/raspi-earth/project_ws/build/processor_unit/build/lib/processor_unit/camera_back.py -> /home/raspi-earth/project_ws/install/processor_unit/lib/python3.11/site-packages/processor_unit
[7.633s] byte-compiling /home/raspi-earth/project_ws/install/processor_unit/lib/python3.11/site-packages/processor_unit/camera_front.py to camera_front.cpython-311.pyc
[7.634s] Sorry: IndentationError: unindent does not match any outer indentation level (camera_front.py, line 88)
[7.635s] byte-compiling /home/raspi-earth/project_ws/install/processor_unit/lib/python3.11/site-packages/processor_unit/camera_back.py to camera_back.cpython-311.pyc
[7.638s] running install_data
[7.639s] running install_egg_info
[7.798s] removing '/home/raspi-earth/project_ws/install/processor_unit/lib/python3.11/site-packages/processor_unit-0.0.0-py3.11.egg-info' (and everything under it)
[7.799s] Copying ../../build/processor_unit/processor_unit.egg-info to /home/raspi-earth/project_ws/install/processor_unit/lib/python3.11/site-packages/processor_unit-0.0.0-py3.11.egg-info
[7.809s] running install_scripts
[8.098s] Installing camera_back script to /home/raspi-earth/project_ws/install/processor_unit/lib/processor_unit
[8.098s] Installing camera_front script to /home/raspi-earth/project_ws/install/processor_unit/lib/processor_unit
[8.099s] Installing esp32_bridge_node script to /home/raspi-earth/project_ws/install/processor_unit/lib/processor_unit
[8.100s] Installing force_receiver_node script to /home/raspi-earth/project_ws/install/processor_unit/lib/processor_unit
[8.100s] Installing main_processor script to /home/raspi-earth/project_ws/install/processor_unit/lib/processor_unit
[8.100s] Installing steam_cam script to /home/raspi-earth/project_ws/install/processor_unit/lib/processor_unit
[8.100s] Installing test script to /home/raspi-earth/project_ws/install/processor_unit/lib/processor_unit
[8.100s] Installing uart_command_and_status_to_pi5 script to /home/raspi-earth/project_ws/install/processor_unit/lib/processor_unit
[8.100s] Installing uart_zero_two_w script to /home/raspi-earth/project_ws/install/processor_unit/lib/processor_unit
[8.101s] writing list of installed files to '/home/raspi-earth/project_ws/build/processor_unit/install.log'
[8.310s] Invoked command in '/home/raspi-earth/project_ws/src/processor_unit' returned '0': PYTHONPATH=/home/raspi-earth/project_ws/build/processor_unit/prefix_override:/usr/lib/python3/dist-packages/colcon_core/task/python/colcon_distutils_commands:/home/raspi-earth/project_ws/install/processor_unit/lib/python3.11/site-packages:${PYTHONPATH} /usr/bin/python3 -W ignore:setup.py install is deprecated -W ignore:easy_install command is deprecated setup.py egg_info --egg-base ../../build/processor_unit build --build-base /home/raspi-earth/project_ws/build/processor_unit/build install --record /home/raspi-earth/project_ws/build/processor_unit/install.log --single-version-externally-managed install_data
