[8.127s] Invoking command in '/home/raspi-earth/project_ws/src/motor_control': PYTHONPATH=/home/raspi-earth/project_ws/build/motor_control/prefix_override:/usr/lib/python3/dist-packages/colcon_core/task/python/colcon_distutils_commands:/home/raspi-earth/project_ws/install/motor_control/lib/python3.11/site-packages:${PYTHONPATH} /usr/bin/python3 -W ignore:setup.py install is deprecated -W ignore:easy_install command is deprecated setup.py egg_info --egg-base ../../build/motor_control build --build-base /home/raspi-earth/project_ws/build/motor_control/build install --record /home/raspi-earth/project_ws/build/motor_control/install.log --single-version-externally-managed install_data
[9.782s] running egg_info
[9.897s] writing ../../build/motor_control/motor_control.egg-info/PKG-INFO
[9.899s] writing dependency_links to ../../build/motor_control/motor_control.egg-info/dependency_links.txt
[9.900s] writing entry points to ../../build/motor_control/motor_control.egg-info/entry_points.txt
[9.900s] writing requirements to ../../build/motor_control/motor_control.egg-info/requires.txt
[9.904s] writing top-level names to ../../build/motor_control/motor_control.egg-info/top_level.txt
[10.083s] reading manifest file '../../build/motor_control/motor_control.egg-info/SOURCES.txt'
[10.083s] adding license file 'LICENSE'
[10.088s] writing manifest file '../../build/motor_control/motor_control.egg-info/SOURCES.txt'
[10.088s] running build
[10.088s] running build_py
[10.088s] copying motor_control/joint3_node.py -> /home/raspi-earth/project_ws/build/motor_control/build/lib/motor_control
[10.088s] copying motor_control/joint1_node.py -> /home/raspi-earth/project_ws/build/motor_control/build/lib/motor_control
[10.088s] copying motor_control/joint2_node.py -> /home/raspi-earth/project_ws/build/motor_control/build/lib/motor_control
[10.088s] running install
[10.103s] running install_lib
[10.206s] copying /home/raspi-earth/project_ws/build/motor_control/build/lib/motor_control/joint3_node.py -> /home/raspi-earth/project_ws/install/motor_control/lib/python3.11/site-packages/motor_control
[10.209s] copying /home/raspi-earth/project_ws/build/motor_control/build/lib/motor_control/joint1_node.py -> /home/raspi-earth/project_ws/install/motor_control/lib/python3.11/site-packages/motor_control
[10.216s] copying /home/raspi-earth/project_ws/build/motor_control/build/lib/motor_control/joint2_node.py -> /home/raspi-earth/project_ws/install/motor_control/lib/python3.11/site-packages/motor_control
[10.216s] byte-compiling /home/raspi-earth/project_ws/install/motor_control/lib/python3.11/site-packages/motor_control/joint3_node.py to joint3_node.cpython-311.pyc
[10.228s] byte-compiling /home/raspi-earth/project_ws/install/motor_control/lib/python3.11/site-packages/motor_control/joint1_node.py to joint1_node.cpython-311.pyc
[10.240s] byte-compiling /home/raspi-earth/project_ws/install/motor_control/lib/python3.11/site-packages/motor_control/joint2_node.py to joint2_node.cpython-311.pyc
[10.249s] running install_data
[10.249s] running install_egg_info
[10.354s] removing '/home/raspi-earth/project_ws/install/motor_control/lib/python3.11/site-packages/motor_control-0.0.0-py3.11.egg-info' (and everything under it)
[10.374s] Copying ../../build/motor_control/motor_control.egg-info to /home/raspi-earth/project_ws/install/motor_control/lib/python3.11/site-packages/motor_control-0.0.0-py3.11.egg-info
[10.374s] running install_scripts
[10.609s] Installing joint1_node script to /home/raspi-earth/project_ws/install/motor_control/lib/motor_control
[10.611s] Installing joint2_node script to /home/raspi-earth/project_ws/install/motor_control/lib/motor_control
[10.612s] Installing joint3_node script to /home/raspi-earth/project_ws/install/motor_control/lib/motor_control
[10.614s] Installing servodrive script to /home/raspi-earth/project_ws/install/motor_control/lib/motor_control
[10.616s] Installing stepmotor1 script to /home/raspi-earth/project_ws/install/motor_control/lib/motor_control
[10.617s] Installing stepmotor2 script to /home/raspi-earth/project_ws/install/motor_control/lib/motor_control
[10.618s] Installing stepmotor3 script to /home/raspi-earth/project_ws/install/motor_control/lib/motor_control
[10.621s] writing list of installed files to '/home/raspi-earth/project_ws/build/motor_control/install.log'
[10.988s] Invoked command in '/home/raspi-earth/project_ws/src/motor_control' returned '0': PYTHONPATH=/home/raspi-earth/project_ws/build/motor_control/prefix_override:/usr/lib/python3/dist-packages/colcon_core/task/python/colcon_distutils_commands:/home/raspi-earth/project_ws/install/motor_control/lib/python3.11/site-packages:${PYTHONPATH} /usr/bin/python3 -W ignore:setup.py install is deprecated -W ignore:easy_install command is deprecated setup.py egg_info --egg-base ../../build/motor_control build --build-base /home/raspi-earth/project_ws/build/motor_control/build install --record /home/raspi-earth/project_ws/build/motor_control/install.log --single-version-externally-managed install_data
