[6.136s] Invoking command in '/home/raspi-earth/project_ws/src/launch_project': PYTHONPATH=/home/raspi-earth/project_ws/build/launch_project/prefix_override:/usr/lib/python3/dist-packages/colcon_core/task/python/colcon_distutils_commands:/home/raspi-earth/project_ws/install/launch_project/lib/python3.11/site-packages:${PYTHONPATH} /usr/bin/python3 -W ignore:setup.py install is deprecated -W ignore:easy_install command is deprecated setup.py egg_info --egg-base ../../build/launch_project build --build-base /home/raspi-earth/project_ws/build/launch_project/build install --record /home/raspi-earth/project_ws/build/launch_project/install.log --single-version-externally-managed install_data
[7.555s] running egg_info
[7.608s] writing ../../build/launch_project/launch_project.egg-info/PKG-INFO
[7.608s] writing dependency_links to ../../build/launch_project/launch_project.egg-info/dependency_links.txt
[7.609s] writing requirements to ../../build/launch_project/launch_project.egg-info/requires.txt
[7.610s] writing top-level names to ../../build/launch_project/launch_project.egg-info/top_level.txt
[7.714s] reading manifest file '../../build/launch_project/launch_project.egg-info/SOURCES.txt'
[7.714s] adding license file 'LICENSE'
[7.715s] writing manifest file '../../build/launch_project/launch_project.egg-info/SOURCES.txt'
[7.715s] running build
[7.716s] running build_py
[7.716s] running install
[7.729s] running install_lib
[7.786s] running install_data
[7.786s] running install_egg_info
[7.925s] removing '/home/raspi-earth/project_ws/install/launch_project/lib/python3.11/site-packages/launch_project-0.0.0-py3.11.egg-info' (and everything under it)
[7.925s] Copying ../../build/launch_project/launch_project.egg-info to /home/raspi-earth/project_ws/install/launch_project/lib/python3.11/site-packages/launch_project-0.0.0-py3.11.egg-info
[7.927s] running install_scripts
[8.163s] writing list of installed files to '/home/raspi-earth/project_ws/build/launch_project/install.log'
[8.345s] Invoked command in '/home/raspi-earth/project_ws/src/launch_project' returned '0': PYTHONPATH=/home/raspi-earth/project_ws/build/launch_project/prefix_override:/usr/lib/python3/dist-packages/colcon_core/task/python/colcon_distutils_commands:/home/raspi-earth/project_ws/install/launch_project/lib/python3.11/site-packages:${PYTHONPATH} /usr/bin/python3 -W ignore:setup.py install is deprecated -W ignore:easy_install command is deprecated setup.py egg_info --egg-base ../../build/launch_project build --build-base /home/raspi-earth/project_ws/build/launch_project/build install --record /home/raspi-earth/project_ws/build/launch_project/install.log --single-version-externally-managed install_data
