[0.533s] Invoking command in '/home/erthirarat/Desktop/Senior_Project-WhitePost-Main_Arm/src/processor_unit': PYTHONPATH=/home/erthirarat/Desktop/Senior_Project-WhitePost-Main_Arm/build/processor_unit/prefix_override:/usr/lib/python3/dist-packages/colcon_core/task/python/colcon_distutils_commands:/home/erthirarat/Desktop/Senior_Project-WhitePost-Main_Arm/install/processor_unit/lib/python3.10/site-packages:${PYTHONPATH} /usr/bin/python3 -W ignore:setup.py install is deprecated -W ignore:easy_install command is deprecated setup.py egg_info --egg-base ../../build/processor_unit build --build-base /home/erthirarat/Desktop/Senior_Project-WhitePost-Main_Arm/build/processor_unit/build install --record /home/erthirarat/Desktop/Senior_Project-WhitePost-Main_Arm/build/processor_unit/install.log --single-version-externally-managed install_data
[0.743s] running egg_info
[0.743s] writing ../../build/processor_unit/processor_unit.egg-info/PKG-INFO
[0.743s] writing dependency_links to ../../build/processor_unit/processor_unit.egg-info/dependency_links.txt
[0.743s] writing entry points to ../../build/processor_unit/processor_unit.egg-info/entry_points.txt
[0.743s] writing requirements to ../../build/processor_unit/processor_unit.egg-info/requires.txt
[0.744s] writing top-level names to ../../build/processor_unit/processor_unit.egg-info/top_level.txt
[0.745s] reading manifest file '../../build/processor_unit/processor_unit.egg-info/SOURCES.txt'
[0.745s] adding license file 'LICENSE'
[0.746s] writing manifest file '../../build/processor_unit/processor_unit.egg-info/SOURCES.txt'
[0.746s] running build
[0.746s] running build_py
[0.746s] running install
[0.747s] running install_lib
[0.748s] running install_data
[0.748s] running install_egg_info
[0.749s] removing '/home/erthirarat/Desktop/Senior_Project-WhitePost-Main_Arm/install/processor_unit/lib/python3.10/site-packages/processor_unit-0.0.0-py3.10.egg-info' (and everything under it)
[0.749s] Copying ../../build/processor_unit/processor_unit.egg-info to /home/erthirarat/Desktop/Senior_Project-WhitePost-Main_Arm/install/processor_unit/lib/python3.10/site-packages/processor_unit-0.0.0-py3.10.egg-info
[0.750s] running install_scripts
[0.767s] Installing esp32_bridge_node script to /home/erthirarat/Desktop/Senior_Project-WhitePost-Main_Arm/install/processor_unit/lib/processor_unit
[0.767s] Installing main_processor script to /home/erthirarat/Desktop/Senior_Project-WhitePost-Main_Arm/install/processor_unit/lib/processor_unit
[0.767s] Installing steam_cam script to /home/erthirarat/Desktop/Senior_Project-WhitePost-Main_Arm/install/processor_unit/lib/processor_unit
[0.768s] Installing test script to /home/erthirarat/Desktop/Senior_Project-WhitePost-Main_Arm/install/processor_unit/lib/processor_unit
[0.768s] Installing test1 script to /home/erthirarat/Desktop/Senior_Project-WhitePost-Main_Arm/install/processor_unit/lib/processor_unit
[0.768s] Installing uart_command_and_status_to_pi5 script to /home/erthirarat/Desktop/Senior_Project-WhitePost-Main_Arm/install/processor_unit/lib/processor_unit
[0.768s] Installing uart_zero_two_w script to /home/erthirarat/Desktop/Senior_Project-WhitePost-Main_Arm/install/processor_unit/lib/processor_unit
[0.768s] writing list of installed files to '/home/erthirarat/Desktop/Senior_Project-WhitePost-Main_Arm/build/processor_unit/install.log'
[0.786s] Invoked command in '/home/erthirarat/Desktop/Senior_Project-WhitePost-Main_Arm/src/processor_unit' returned '0': PYTHONPATH=/home/erthirarat/Desktop/Senior_Project-WhitePost-Main_Arm/build/processor_unit/prefix_override:/usr/lib/python3/dist-packages/colcon_core/task/python/colcon_distutils_commands:/home/erthirarat/Desktop/Senior_Project-WhitePost-Main_Arm/install/processor_unit/lib/python3.10/site-packages:${PYTHONPATH} /usr/bin/python3 -W ignore:setup.py install is deprecated -W ignore:easy_install command is deprecated setup.py egg_info --egg-base ../../build/processor_unit build --build-base /home/erthirarat/Desktop/Senior_Project-WhitePost-Main_Arm/build/processor_unit/build install --record /home/erthirarat/Desktop/Senior_Project-WhitePost-Main_Arm/build/processor_unit/install.log --single-version-externally-managed install_data
